--2021-04-24 18:19:29--  https://releases.ubuntu.com/20.04.2.0/ubuntu-20.04.2.0-desktop-amd64.iso
Resolving releases.ubuntu.com (releases.ubuntu.com)... 2001:67c:1562::28, 2001:67c:1360:8001::34, 2001:67c:1360:8001::33, ...
Connecting to releases.ubuntu.com (releases.ubuntu.com)|2001:67c:1562::28|:443... connected.
HTTP request sent, awaiting response... 200 OK
Length: 2877227008 (2,7G) [application/x-iso9660-image]
Saving to: ‘/dev/null’

     0K ........ ........ ........ ........ ........ ........  0% 2,04M 22m22s
  3072K ........ ........ ........ ........ ........ ........  0% 4,25M 16m32s
  6144K ........ ........ ........ ........ ........ ........  0% 3,95M 14m51s
  9216K ........ ........ ........ ........ ........ ........  0% 5,90M 13m3s
 12288K ........ ........ ........ ........ ........ ........  0% 5,63M 12m3s
 15360K ........ ........ ........ ........ ........ ........  0% 3,70M 12m5s
 18432K ........ ........ ........ ........ ........ ........  0% 10,7M 10m57s
 21504K ........ ........ ........ ........ ........ ........  0% 4,87M 10m44s
 24576K ........ ........ ........ ........ ........ ........  0% 3,87M 10m50s
 27648K ........ ........ ........ ........ ........ ........  1% 8,25M 10m17s
 30720K ........ ........ ........ ........ ........ ........  1% 5,60M 10m4s
 33792K ........ ........ ........ ........ ........ ........  1% 3,58M 10m16s
 36864K ........ ........ ........ ........ ........ ........  1% 3,59M 10m26s
 39936K ........ ........ ........ ........ ........ ........  1% 4,74M 10m22s
 43008K ........ ........ ........ ........ ........ ........  1% 6,62M 10m7s
 46080K ........ ........ ........ ........ ........ ........  1% 4,33M 10m7s
 49152K ........ ........ ........ ........ ........ ........  1% 2,89M 10m26s
 52224K ........ ........ ........ ........ ........ ........  1% 4,91M 10m21s
 55296K ........ ........ ........ ........ ........ ........  2% 4,81M 10m17s
 58368K ........ ........ ........ ........ ........ ........  2% 5,96M 10m8s
 61440K ........ ........ ........ ........ ........ ........  2% 3,23M 10m18s
 64512K ........ ........ ........ ........ ........ ........  2% 5,66M 10m10s
 67584K ........ ........ ........ ........ ........ ........  2% 8,25M 9m57s
 70656K ........ ........ ........ ........ ........ ........  2% 4,58M 9m56s
 73728K ........ ........ ........ ........ ........ ........  2% 5,40M 9m51s
 76800K ........ ........ ........ ........ ........ ........  2% 3,15M 10m1s
 79872K ........ ........ ........ ........ ........ ........  2% 5,72M 9m55s
 82944K ........ ........ ........ ........ ........ ........  3% 8,77M 9m44s
 86016K ........ ........ ........ ........ ........ ........  3% 3,12M 9m52s
 89088K ........ ........ ........ ........ ........ ........  3% 3,26M 9m59s
 92160K ........ ........ ........ ........ ........ ........  3% 6,22M 9m53s
 95232K ........ ........ ........ ........ ........ ........  3% 4,44M 9m52s
 98304K ........ ........ ........ ........ ........ ........  3% 4,34M 9m52s
101376K ........ ........ ........ ........ ........ ........  3% 3,76M 9m55s
104448K ........ ........ ........ ........ ........ ........  3% 2,26M 10m11s
107520K ........ ........ ........ ........ ........ ........  3% 7,24M 10m3s
110592K ........ ........ ........ ........ ........ ........  4% 3,18M 10m8s
113664K ........ ........ ........ ........ ........ ........  4% 4,23M 10m8s
116736K ........ ........ ........ ........ ........ ........  4% 4,55M 10m7s
119808K ........ ........ ........ ........ ........ ........  4% 4,21M 10m6s
122880K ........ ........ ........ ........ ........ ........  4% 3,23M 10m11s
125952K ........ ........ ........ ........ ........ ........  4% 4,03M 10m11s
129024K ........ ........ ........ ........ ........ ........  4% 3,11M 10m16s
132096K ........ ........ ........ ........ ........ ........  4% 4,01M 10m16s
135168K ........ ........ ........ ........ ........ ........  4% 3,96M 10m16s
138240K ........ ........ ........ ........ ........ ........  5% 4,02M 10m16s
141312K ........ ........ ........ ........ ........ ........  5% 3,97M 10m16s
144384K ........ ........ ........ ........ ........ ........  5% 3,76M 10m17s
147456K ........ ........ ........ ........ ........ ........  5% 4,98M 10m14s
150528K ........ ........ ........ ........ ........ ........  5% 4,86M 10m12s
153600K ........ ........ ........ ........ ........ ........  5% 5,30M 10m9s
156672K ........ ........ ........ ........ ........ ........  5% 5,32M 10m6s
159744K ........ ........ ........ ........ ........ ........  5% 4,39M 10m5s
162816K ........ ........ ........ ........ ........ ........  5% 7,64M 9m59s
165888K ........ ........ ........ ........ ........ ........  6% 3,87M 10m0s
168960K ........ ........ ........ ........ ........ ........  6% 9,98M 9m53s
172032K ........ ........ ........ ........ ........ ........  6% 5,58M 9m50s
175104K ........ ........ ........ ........ ........ ........  6% 4,12M 9m50s
178176K ........ ........ ........ ........ ........ ........  6% 5,03M 9m48s
181248K ........ ........ ........ ........ ........ ........  6% 3,45M 9m50s
184320K ........ ........ ........ ........ ........ ........  6% 2,35M 9m57s
187392K ........ ........ ........ ........ ........ ........  6% 12,3M 9m50s
190464K ........ ........ ........ ........ ........ ........  6% 5,57M 9m48s
193536K ........ ........ ........ ........ ........ ........  6% 2,91M 9m51s
196608K ........ ........ ........ ........ ........ ........  7% 8,47M 9m46s
199680K ........ ........ ........ ........ ........ ........  7% 2,80M 9m50s
202752K ........ ........ ........ ........ ........ ........  7% 7,66M 9m46s
205824K ........ ........ ........ ........ ........ ........  7% 3,02M 9m49s
208896K ........ ........ ........ ........ ........ ........  7% 3,89M 9m49s
211968K ........ ........ ........ ........ ........ ........  7% 2,49M 9m55s
215040K ........ ........ ........ ........ ........ ........  7% 2,97M 9m58s
218112K ........ ........ ........ ........ ........ ........  7% 3,27M 9m59s
221184K ........ ........ ........ ........ ........ ........  7% 4,73M 9m58s
224256K ........ ........ ........ ........ ........ ........  8% 4,69M 9m56s
227328K ........ ........ ........ ........ ........ ........  8% 5,14M 9m54s
230400K ........ ........ ........ ........ ........ ........  8% 4,97M 9m52s
233472K ........ ........ ........ ........ ........ ........  8% 4,18M 9m52s
236544K ........ ........ ........ ........ ........ ........  8% 5,57M 9m49s
239616K ........ ........ ........ ........ ........ ........  8% 6,63M 9m46s
242688K ........ ........ ........ ........ ........ ........  8% 5,16M 9m44s
245760K ........ ........ ........ ........ ........ ........  8% 4,16M 9m43s
248832K ........ ........ ........ ........ ........ ........  8% 5,71M 9m41s
251904K ........ ........ ........ ........ ........ ........  9% 3,29M 9m42s
254976K ........ ........ ........ ........ ........ ........  9% 3,38M 9m43s
258048K ........ ........ ........ ........ ........ ........  9% 5,78M 9m41s
261120K ........ ........ ........ ........ ........ ........  9% 3,50M 9m42s
264192K ........ ........ ........ ........ ........ ........  9% 6,79M 9m39s
267264K ........ ........ ........ ........ ........ ........  9% 4,58M 9m38s
270336K ........ ........ ........ ........ ........ ........  9% 4,96M 9m36s
273408K ........ ........ ........ ........ ........ ........  9% 3,65M 9m36s
276480K ........ ........ ........ ........ ........ ........  9% 4,98M 9m35s
279552K ........ ........ ........ ........ ........ ........ 10% 3,67M 9m35s
282624K ........ ........ ........ ........ ........ ........ 10% 6,41M 9m32s
285696K ........ ........ ........ ........ ........ ........ 10% 6,41M 9m30s
288768K ........ ........ ........ ........ ........ ........ 10% 5,28M 9m28s
291840K ........ ........ ........ ........ ........ ........ 10% 3,35M 9m29s
294912K ........ ........ ........ ........ ........ ........ 10% 10,3M 9m25s
297984K ........ ........ ........ ........ ........ ........ 10% 5,52M 9m23s
301056K ........ ........ ........ ........ ........ ........ 10% 4,04M 9m23s
304128K ........ ........ ........ ........ ........ ........ 10% 5,79M 9m21s
307200K ........ ........ ........ ........ ........ ........ 11% 4,76M 9m19s
310272K ........ ........ ........ ........ ........ ........ 11% 3,38M 9m20s
313344K ........ ........ ........ ........ ........ ........ 11% 7,44M 9m17s
316416K ........ ........ ........ ........ ........ ........ 11% 4,03M 9m17s
319488K ........ ........ ........ ........ ........ ........ 11% 5,81M 9m15s
322560K ........ ........ ........ ........ ........ ........ 11% 3,66M 9m16s
325632K ........ ........ ........ ........ ........ ........ 11% 4,70M 9m14s
328704K ........ ........ ........ ........ ........ ........ 11% 6,41M 9m12s
331776K ........ ........ ........ ........ ........ ........ 11% 4,20M 9m12s
334848K ........ ........ ........ ........ ........ ........ 12% 6,17M 9m10s
337920K ........ ........ ........ ........ ........ ........ 12% 5,37M 9m8s
340992K ........ ........ ........ ........ ........ ........ 12% 4,61M 9m7s
344064K ........ ........ ........ ........ ........ ........ 12% 5,03M 9m6s
347136K ........ ........ ........ ........ ........ ........ 12% 4,72M 9m5s
350208K ........ ........ ........ ........ ........ ........ 12% 4,73M 9m4s
353280K ........ ........ ........ ........ ........ ........ 12% 3,26M 9m5s
356352K ........ ........ ........ ........ ........ ........ 12% 6,78M 9m2s
359424K ........ ........ ........ ........ ........ ........ 12% 5,03M 9m1s
362496K ........ ........ ........ ........ ........ ........ 13% 4,61M 9m0s
365568K ........ ........ ........ ........ ........ ........ 13% 5,73M 8m59s
368640K ........ ........ ........ ........ ........ ........ 13% 4,88M 8m58s
371712K ........ ........ ........ ........ ........ ........ 13% 5,26M 8m56s
374784K ........ ........ ........ ........ ........ ........ 13% 5,29M 8m55s
377856K ........ ........ ........ ........ ........ ........ 13% 5,27M 8m53s
380928K ........ ........ ........ ........ ........ ........ 13% 3,67M 8m54s
384000K ........ ........ ........ ........ ........ ........ 13% 8,98M 8m51s
387072K ........ ........ ........ ........ ........ ........ 13% 4,15M 8m50s
390144K ........ ........ ........ ........ ........ ........ 13% 7,14M 8m48s
393216K ........ ........ ........ ........ ........ ........ 14% 4,23M 8m48s
396288K ........ ........ ........ ........ ........ ........ 14% 2,87M 8m49s
399360K ........ ........ ........ ........ ........ ........ 14% 11,9M 8m46s
402432K ........ ........ ........ ........ ........ ........ 14% 5,58M 8m45s
405504K ........ ........ ........ ........ ........ ........ 14% 3,78M 8m45s
408576K ........ ........ ........ ........ ........ ........ 14% 2,93M 8m46s
411648K ........ ........ ........ ........ ........ ........ 14% 6,27M 8m44s
414720K ........ ........ ........ ........ ........ ........ 14% 4,68M 8m43s
417792K ........ ........ ........ ........ ........ ........ 14% 8,16M 8m41s
420864K ........ ........ ........ ........ ........ ........ 15% 4,26M 8m41s
423936K ........ ........ ........ ........ ........ ........ 15% 7,89M 8m38s
427008K ........ ........ ........ ........ ........ ........ 15% 5,56M 8m37s
430080K ........ ........ ........ ........ ........ ........ 15% 5,01M 8m36s
433152K ........ ........ ........ ........ ........ ........ 15% 4,39M 8m35s
436224K ........ ........ ........ ........ ........ ........ 15% 3,97M 8m35s
439296K ........ ........ ........ ........ ........ ........ 15% 4,45M 8m34s
442368K ........ ........ ........ ........ ........ ........ 15% 6,01M 8m33s
445440K ........ ........ ........ ........ ........ ........ 15% 6,57M 8m31s
448512K ........ ........ ........ ........ ........ ........ 16% 5,44M 8m30s
451584K ........ ........ ........ ........ ........ ........ 16% 3,10M 8m31s
454656K ........ ........ ........ ........ ........ ........ 16% 7,54M 8m29s
457728K ........ ........ ........ ........ ........ ........ 16% 3,99M 8m29s
460800K ........ ........ ........ ........ ........ ........ 16% 4,25M 8m28s
463872K ........ ........ ........ ........ ........ ........ 16% 8,64M 8m26s
466944K ........ ........ ........ ........ ........ ........ 16% 5,45M 8m25s
470016K ........ ........ ........ ........ ........ ........ 16% 3,87M 8m24s
473088K ........ ........ ........ ........ ........ ........ 16% 5,63M 8m23s
476160K ........ ........ ........ ........ ........ ........ 17% 8,44M 8m21s
479232K ........ ........ ........ ........ ........ ........ 17% 4,22M 8m21s
482304K ........ ........ ........ ........ ........ ........ 17% 2,87M 8m22s
485376K ........ ........ ........ ........ ........ ........ 17% 2,41M 8m24s
488448K ........ ........ ........ ........ ........ ........ 17% 4,77M 8m23s
491520K ........ ........ ........ ........ ........ ........ 17% 2,76M 8m24s
494592K ........ ........ ........ ........ ........ ........ 17% 2,42M 8m26s
497664K ........ ........ ........ ........ ........ ........ 17% 4,60M 8m26s
500736K ........ ........ ........ ........ ........ ........ 17% 3,55M 8m26s
503808K ........ ........ ........ ........ ........ ........ 18% 2,73M 8m27s
506880K ........ ........ ........ ........ ........ ........ 18% 3,58M 8m27s
509952K ........ ........ ........ ........ ........ ........ 18% 3,30M 8m27s
513024K ........ ........ ........ ........ ........ ........ 18% 2,82M 8m28s
516096K ........ ........ ........ ........ ........ ........ 18% 4,25M 8m28s
519168K ........ ........ ........ ........ ........ ........ 18% 2,66M 8m29s
522240K ........ ........ ........ ........ ........ ........ 18% 2,72M 8m30s
525312K ........ ........ ........ ........ ........ ........ 18% 2,71M 8m31s
528384K ........ ........ ........ ........ ........ ........ 18% 3,56M 8m31s
531456K ........ ........ ........ ........ ........ ........ 19% 2,63M 8m33s
534528K ........ ........ ........ ........ ........ ........ 19% 3,50M 8m33s
537600K ........ ........ ........ ........ ........ ........ 19% 3,21M 8m33s
540672K ........ ........ ........ ........ ........ ........ 19% 4,61M 8m32s
543744K ........ ........ ........ ........ ........ ........ 19% 3,12M 8m32s
546816K ........ ........ ........ ........ ........ ........ 19% 4,57M 8m32s
549888K ........ ........ ........ ........ ........ ........ 19% 5,65M 8m30s
552960K ........ ........ ........ ........ ........ ........ 19% 4,01M 8m30s
556032K ........ ........ ........ ........ ........ ........ 19% 2,22M 8m32s
559104K ........ ........ ........ ........ ........ ........ 20% 2,19M 8m34s
562176K ........ ........ ........ ........ ........ ........ 20% 2,87M 8m34s
565248K ........ ........ ........ ........ ........ ........ 20% 2,20M 8m36s
568320K ........ ........ ........ ........ ........ ........ 20% 3,85M 8m36s
571392K ........ ........ ........ ........ ........ ........ 20% 2,79M 8m37s
574464K ........ ........ ........ ........ ........ ........ 20% 2,80M 8m37s
577536K ........ ........ ........ ........ ........ ........ 20% 2,78M 8m38s
580608K ........ ........ ........ ........ ........ ........ 20% 2,70M 8m39s
583680K ........ ........ ........ ........ ........ ........ 20% 2,80M 8m39s
586752K ........ ........ ........ ........ ........ ........ 20% 2,75M 8m40s
589824K ........ ........ ........ ........ ........ ........ 21% 3,38M 8m40s
592896K ........ ........ ........ ........ ........ ........ 21% 3,90M 8m39s
595968K ........ ........ ........ ........ ........ ........ 21% 4,60M 8m38s
599040K ........ ........ ........ ........ ........ ........ 21% 4,02M 8m38s
602112K ........ ........ ........ ........ ........ ........ 21% 7,54M 8m36s
605184K ........ ........ ........ ........ ........ ........ 21% 5,54M 8m35s
608256K ........ ........ ........ ........ ........ ........ 21% 4,34M 8m34s
611328K ........ ........ ........ ........ ........ ........ 21% 5,59M 8m32s
614400K ........ ........ ........ ........ ........ ........ 21% 2,20M 8m34s
617472K ........ ........ ........ ........ ........ ........ 22% 7,93M 8m32s
620544K ........ ........ ........ ........ ........ ........ 22% 3,49M 8m32s
623616K ........ ........ ........ ........ ........ ........ 22% 6,95M 8m30s
626688K ........ ........ ........ ........ ........ ........ 22% 3,51M 8m30s
629760K ........ ........ ........ ........ ........ ........ 22% 6,12M 8m28s
632832K ........ ........ ........ ........ ........ ........ 22% 4,43M 8m27s
635904K ........ ........ ........ ........ ........ ........ 22% 4,48M 8m27s
638976K ........ ........ ........ ........ ........ ........ 22% 2,59M 8m27s
642048K ........ ........ ........ ........ ........ ........ 22% 5,22M 8m26s
645120K ........ ........ ........ ........ ........ ........ 23% 5,94M 8m25s
648192K ........ ........ ........ ........ ........ ........ 23% 2,57M 8m26s
651264K ........ ........ ........ ........ ........ ........ 23% 6,18M 8m24s
654336K ........ ........ ........ ........ ........ ........ 23% 3,12M 8m24s
657408K ........ ........ ........ ........ ........ ........ 23% 4,18M 8m23s
660480K ........ ........ ........ ........ ........ ........ 23% 7,38M 8m22s
663552K ........ ........ ........ ........ ........ ........ 23% 4,37M 8m21s
666624K ........ ........ ........ ........ ........ ........ 23% 5,91M 8m19s
669696K ........ ........ ........ ........ ........ ........ 23% 2,90M 8m20s
672768K ........ ........ ........ ........ ........ ........ 24% 14,0M 8m17s
675840K ........ ........ ........ ........ ........ ........ 24% 2,80M 8m18s
678912K ........ ........ ........ ........ ........ ........ 24% 12,2M 8m16s
681984K ........ ........ ........ ........ ........ ........ 24% 3,77M 8m15s
685056K ........ ........ ........ ........ ........ ........ 24% 6,39M 8m14s
688128K ........ ........ ........ ........ ........ ........ 24% 2,98M 8m14s
691200K ........ ........ ........ ........ ........ ........ 24% 3,08M 8m14s
694272K ........ ........ ........ ........ ........ ........ 24% 3,03M 8m14s
697344K ........ ........ ........ ........ ........ ........ 24% 10,4M 8m12s
700416K ........ ........ ........ ........ ........ ........ 25% 2,74M 8m12s
703488K ........ ........ ........ ........ ........ ........ 25% 3,65M 8m12s
706560K ........ ........ ........ ........ ........ ........ 25% 2,97M 8m12s
709632K ........ ........ ........ ........ ........ ........ 25% 2,69M 8m13s
712704K ........ ........ ........ ........ ........ ........ 25% 5,77M 8m11s
715776K ........ ........ ........ ........ ........ ........ 25% 2,75M 8m12s
718848K ........ ........ ........ ........ ........ ........ 25% 3,33M 8m11s
721920K ........ ........ ........ ........ ........ ........ 25% 2,64M 8m12s
724992K ........ ........ ........ ........ ........ ........ 25% 5,42M 8m11s
728064K ........ ........ ........ ........ ........ ........ 26% 3,43M 8m10s
731136K ........ ........ ........ ........ ........ ........ 26% 3,48M 8m10s
734208K ........ ........ ........ ........ ........ ........ 26% 2,41M 8m11s
737280K ........ ........ ........ ........ ........ ........ 26% 3,40M 8m10s
740352K ........ ........ ........ ........ ........ ........ 26% 3,68M 8m10s
743424K ........ ........ ........ ........ ........ ........ 26% 4,19M 8m9s
746496K ........ ........ ........ ........ ........ ........ 26% 4,60M 8m8s
749568K ........ ........ ........ ........ ........ ........ 26% 3,23M 8m8s
752640K ........ ........ ........ ........ ........ ........ 26% 7,45M 8m7s
755712K ........ ........ ........ ........ ........ ........ 27% 4,84M 8m5s
758784K ........ ........ ........ ........ ........ ........ 27% 6,35M 8m4s
761856K ........ ........ ........ ........ ........ ........ 27% 4,69M 8m3s
764928K ........ ........ ........ ........ ........ ........ 27% 5,98M 8m2s
768000K ........ ........ ........ ........ ........ ........ 27% 5,55M 8m1s
771072K ........ ........ ........ ........ ........ ........ 27% 4,18M 8m0s
774144K ........ ........ ........ ........ ........ ........ 27% 8,49M 7m58s
777216K ........ ........ ........ ........ ........ ........ 27% 4,46M 7m57s
780288K ........ ........ ........ ........ ........ ........ 27% 2,49M 7m58s
783360K ........ ........ ........ ........ ........ ........ 27% 8,94M 7m56s
786432K ........ ........ ........ ........ ........ ........ 28% 4,40M 7m55s
789504K ........ ........ ........ ........ ........ ........ 28% 3,71M 7m55s
792576K ........ ........ ........ ........ ........ ........ 28% 9,91M 7m53s
795648K ........ ........ ........ ........ ........ ........ 28% 4,85M 7m52s
798720K ........ ........ ........ ........ ........ ........ 28% 3,98M 7m51s
801792K ........ ........ ........ ........ ........ ........ 28% 5,19M 7m50s
804864K ........ ........ ........ ........ ........ ........ 28% 4,10M 7m50s
807936K ........ ........ ........ ........ ........ ........ 28% 6,22M 7m48s
811008K ........ ........ ........ ........ ........ ........ 28% 6,68M 7m47s
814080K ........ ........ ........ ........ ........ ........ 29% 2,29M 7m48s
817152K ........ ........ ........ ........ ........ ........ 29% 2,87M 7m48s
820224K ........ ........ ........ ........ ........ ........ 29% 11,6M 7m46s
823296K ........ ........ ........ ........ ........ ........ 29% 3,62M 7m45s
826368K ........ ........ ........ ........ ........ ........ 29% 3,34M 7m45s
829440K ........ ........ ........ ........ ........ ........ 29% 7,50M 7m44s
832512K ........ ........ ........ ........ ........ ........ 29% 3,68M 7m43s
835584K ........ ........ ........ ........ ........ ........ 29% 5,26M 7m42s
838656K ........ ........ ........ ........ ........ ........ 29% 5,55M 7m41s
841728K ........ ........ ........ ........ ........ ........ 30% 4,45M 7m40s
844800K ........ ........ ........ ........ ........ ........ 30% 3,56M 7m40s
847872K ........ ........ ........ ........ ........ ........ 30% 6,27M 7m38s
850944K ........ ........ ........ ........ ........ ........ 30% 6,42M 7m37s
854016K ........ ........ ........ ........ ........ ........ 30% 5,60M 7m36s
857088K ........ ........ ........ ........ ........ ........ 30% 3,86M 7m35s
860160K ........ ........ ........ ........ ........ ........ 30% 6,39M 7m34s
863232K ........ ........ ........ ........ ........ ........ 30% 2,40M 7m35s
866304K ........ ........ ........ ........ ........ ........ 30% 6,21M 7m33s
869376K ........ ........ ........ ........ ........ ........ 31% 5,03M 7m32s
872448K ........ ........ ........ ........ ........ ........ 31% 2,86M 7m32s
875520K ........ ........ ........ ........ ........ ........ 31% 13,7M 7m31s
878592K ........ ........ ........ ........ ........ ........ 31% 3,45M 7m30s
881664K ........ ........ ........ ........ ........ ........ 31% 5,21M 7m29s
884736K ........ ........ ........ ........ ........ ........ 31% 3,49M 7m29s
887808K ........ ........ ........ ........ ........ ........ 31% 5,07M 7m28s
890880K ........ ........ ........ ........ ........ ........ 31% 3,35M 7m27s
893952K ........ ........ ........ ........ ........ ........ 31% 10,7M 7m26s
897024K ........ ........ ........ ........ ........ ........ 32% 5,36M 7m25s
900096K ........ ........ ........ ........ ........ ........ 32% 3,75M 7m24s
903168K ........ ........ ........ ........ ........ ........ 32% 3,22M 7m24s
906240K ........ ........ ........ ........ ........ ........ 32% 8,62M 7m22s
909312K ........ ........ ........ ........ ........ ........ 32% 3,73M 7m22s
912384K ........ ........ ........ ........ ........ ........ 32% 2,11M 7m23s
915456K ........ ........ ........ ........ ........ ........ 32% 4,75M 7m22s
918528K ........ ........ ........ ........ ........ ........ 32% 5,70M 7m21s
921600K ........ ........ ........ ........ ........ ........ 32% 3,06M 7m20s
924672K ........ ........ ........ ........ ........ ........ 33% 7,91M 7m19s
927744K ........ ........ ........ ........ ........ ........ 33% 2,95M 7m19s
930816K ........ ........ ........ ........ ........ ........ 33% 7,78M 7m18s
933888K ........ ........ ........ ........ ........ ........ 33% 3,28M 7m17s
936960K ........ ........ ........ ........ ........ ........ 33% 8,41M 7m16s
940032K ........ ........ ........ ........ ........ ........ 33% 3,85M 7m15s
943104K ........ ........ ........ ........ ........ ........ 33% 5,87M 7m14s
946176K ........ ........ ........ ........ ........ ........ 33% 3,27M 7m14s
949248K ........ ........ ........ ........ ........ ........ 33% 7,99M 7m12s
952320K ........ ........ ........ ........ ........ ........ 34% 4,23M 7m12s
955392K ........ ........ ........ ........ ........ ........ 34% 7,58M 7m10s
958464K ........ ........ ........ ........ ........ ........ 34% 4,13M 7m10s
961536K ........ ........ ........ ........ ........ ........ 34% 7,27M 7m8s
964608K ........ ........ ........ ........ ........ ........ 34% 4,65M 7m7s
967680K ........ ........ ........ ........ ........ ........ 34% 5,02M 7m7s
970752K ........ ........ ........ ........ ........ ........ 34% 4,84M 7m6s
973824K ........ ........ ........ ........ ........ ........ 34% 4,79M 7m5s
976896K ........ ........ ........ ........ ........ ........ 34% 5,12M 7m4s
979968K ........ ........ ........ ........ ........ ........ 34% 3,29M 7m4s
983040K ........ ........ ........ ........ ........ ........ 35% 8,95M 7m2s
986112K ........ ........ ........ ........ ........ ........ 35% 5,22M 7m1s
989184K ........ ........ ........ ........ ........ ........ 35% 4,12M 7m0s
992256K ........ ........ ........ ........ ........ ........ 35% 7,87M 6m59s
995328K ........ ........ ........ ........ ........ ........ 35% 5,60M 6m58s
998400K ........ ........ ........ ........ ........ ........ 35% 4,37M 6m57s
1001472K ........ ........ ........ ........ ........ ........ 35% 3,93M 6m57s
1004544K ........ ........ ........ ........ ........ ........ 35% 8,83M 6m55s
1007616K ........ ........ ........ ........ ........ ........ 35% 4,54M 6m55s
1010688K ........ ........ ........ ........ ........ ........ 36% 5,16M 6m54s
1013760K ........ ........ ........ ........ ........ ........ 36% 7,26M 6m52s
1016832K ........ ........ ........ ........ ........ ........ 36% 5,56M 6m51s
1019904K ........ ........ ........ ........ ........ ........ 36% 3,71M 6m51s
1022976K ........ ........ ........ ........ ........ ........ 36% 7,00M 6m50s
1026048K ........ ........ ........ ........ ........ ........ 36% 3,26M 6m49s
1029120K ........ ........ ........ ........ ........ ........ 36% 4,08M 6m49s
1032192K ........ ........ ........ ........ ........ ........ 36% 5,85M 6m48s
1035264K ........ ........ ........ ........ ........ ........ 36% 4,10M 6m47s
1038336K ........ ........ ........ ........ ........ ........ 37% 8,74M 6m46s
1041408K ........ ........ ........ ........ ........ ........ 37% 5,03M 6m45s
1044480K ........ ........ ........ ........ ........ ........ 37% 4,23M 6m44s
1047552K ........ ........ ........ ........ ........ ........ 37% 3,31M 6m44s
1050624K ........ ........ ........ ........ ........ ........ 37% 8,04M 6m43s
1053696K ........ ........ ........ ........ ........ ........ 37% 5,39M 6m42s
1056768K ........ ........ ........ ........ ........ ........ 37% 3,81M 6m41s
1059840K ........ ........ ........ ........ ........ ........ 37% 5,38M 6m40s
1062912K ........ ........ ........ ........ ........ ........ 37% 5,60M 6m39s
1065984K ........ ........ ........ ........ ........ ........ 38% 5,07M 6m38s
1069056K ........ ........ ........ ........ ........ ........ 38% 5,44M 6m37s
1072128K ........ ........ ........ ........ ........ ........ 38% 4,45M 6m36s
1075200K ........ ........ ........ ........ ........ ........ 38% 2,84M 6m36s
1078272K ........ ........ ........ ........ ........ ........ 38% 8,03M 6m35s
1081344K ........ ........ ........ ........ ........ ........ 38% 3,97M 6m35s
1084416K ........ ........ ........ ........ ........ ........ 38% 5,14M 6m34s
1087488K ........ ........ ........ ........ ........ ........ 38% 10,2M 6m32s
1090560K ........ ........ ........ ........ ........ ........ 38% 3,83M 6m32s
1093632K ........ ........ ........ ........ ........ ........ 39% 7,74M 6m31s
1096704K ........ ........ ........ ........ ........ ........ 39% 4,47M 6m30s
1099776K ........ ........ ........ ........ ........ ........ 39% 6,61M 6m29s
1102848K ........ ........ ........ ........ ........ ........ 39% 5,60M 6m28s
1105920K ........ ........ ........ ........ ........ ........ 39% 3,06M 6m27s
1108992K ........ ........ ........ ........ ........ ........ 39% 10,1M 6m26s
1112064K ........ ........ ........ ........ ........ ........ 39% 5,29M 6m25s
1115136K ........ ........ ........ ........ ........ ........ 39% 3,10M 6m25s
1118208K ........ ........ ........ ........ ........ ........ 39% 7,70M 6m24s
1121280K ........ ........ ........ ........ ........ ........ 40% 4,18M 6m23s
1124352K ........ ........ ........ ........ ........ ........ 40% 6,98M 6m22s
1127424K ........ ........ ........ ........ ........ ........ 40% 3,51M 6m22s
1130496K ........ ........ ........ ........ ........ ........ 40% 4,83M 6m21s
1133568K ........ ........ ........ ........ ........ ........ 40% 4,65M 6m20s
1136640K ........ ........ ........ ........ ........ ........ 40% 6,40M 6m19s
1139712K ........ ........ ........ ........ ........ ........ 40% 4,15M 6m18s
1142784K ........ ........ ........ ........ ........ ........ 40% 2,29M 6m18s
1145856K ........ ........ ........ ........ ........ ........ 40% 3,24M 6m18s
1148928K ........ ........ ........ ........ ........ ........ 40% 8,92M 6m17s
1152000K ........ ........ ........ ........ ........ ........ 41% 2,94M 6m17s
1155072K ........ ........ ........ ........ ........ ........ 41% 12,4M 6m15s
1158144K ........ ........ ........ ........ ........ ........ 41% 5,40M 6m14s
1161216K ........ ........ ........ ........ ........ ........ 41% 3,81M 6m14s
1164288K ........ ........ ........ ........ ........ ........ 41% 8,92M 6m13s
1167360K ........ ........ ........ ........ ........ ........ 41% 4,48M 6m12s
1170432K ........ ........ ........ ........ ........ ........ 41% 7,26M 6m11s
1173504K ........ ........ ........ ........ ........ ........ 41% 4,35M 6m10s
1176576K ........ ........ ........ ........ ........ ........ 41% 7,69M 6m9s
1179648K ........ ........ ........ ........ ........ ........ 42% 4,44M 6m8s
1182720K ........ ........ ........ ........ ........ ........ 42% 3,32M 6m8s
1185792K ........ ........ ........ ........ ........ ........ 42% 5,14M 6m7s
1188864K ........ ........ ........ ........ ........ ........ 42% 9,42M 6m6s
1191936K ........ ........ ........ ........ ........ ........ 42% 2,94M 6m6s
1195008K ........ ........ ........ ........ ........ ........ 42% 8,52M 6m4s
1198080K ........ ........ ........ ........ ........ ........ 42% 3,90M 6m4s
1201152K ........ ........ ........ ........ ........ ........ 42% 3,68M 6m3s
1204224K ........ ........ ........ ........ ........ ........ 42% 3,10M 6m3s
1207296K ........ ........ ........ ........ ........ ........ 43% 4,75M 6m2s
1210368K ........ ........ ........ ........ ........ ........ 43% 9,34M 6m1s
1213440K ........ ........ ........ ........ ........ ........ 43% 4,65M 6m0s
1216512K ........ ........ ........ ........ ........ ........ 43% 3,89M 6m0s
1219584K ........ ........ ........ ........ ........ ........ 43% 5,96M 5m59s
1222656K ........ ........ ........ ........ ........ ........ 43% 3,60M 5m58s
1225728K ........ ........ ........ ........ ........ ........ 43% 2,17M 5m58s
1228800K ........ ........ ........ ........ ........ ........ 43% 8,05M 5m57s
1231872K ........ ........ ........ ........ ........ ........ 43% 5,59M 5m56s
1234944K ........ ........ ........ ........ ........ ........ 44% 3,25M 5m56s
1238016K ........ ........ ........ ........ ........ ........ 44% 9,34M 5m55s
1241088K ........ ........ ........ ........ ........ ........ 44% 3,04M 5m54s
1244160K ........ ........ ........ ........ ........ ........ 44% 6,45M 5m53s
1247232K ........ ........ ........ ........ ........ ........ 44% 7,66M 5m52s
1250304K ........ ........ ........ ........ ........ ........ 44% 4,11M 5m52s
1253376K ........ ........ ........ ........ ........ ........ 44% 5,98M 5m51s
1256448K ........ ........ ........ ........ ........ ........ 44% 6,87M 5m50s
1259520K ........ ........ ........ ........ ........ ........ 44% 3,44M 5m49s
1262592K ........ ........ ........ ........ ........ ........ 45% 6,36M 5m48s
1265664K ........ ........ ........ ........ ........ ........ 45% 3,22M 5m48s
1268736K ........ ........ ........ ........ ........ ........ 45% 9,08M 5m47s
1271808K ........ ........ ........ ........ ........ ........ 45% 2,06M 5m47s
1274880K ........ ........ ........ ........ ........ ........ 45% 4,24M 5m46s
1277952K ........ ........ ........ ........ ........ ........ 45% 2,74M 5m46s
1281024K ........ ........ ........ ........ ........ ........ 45% 9,81M 5m45s
1284096K ........ ........ ........ ........ ........ ........ 45% 3,62M 5m44s
1287168K ........ ........ ........ ........ ........ ........ 45% 7,98M 5m43s
1290240K ........ ........ ........ ........ ........ ........ 46% 3,75M 5m43s
1293312K ........ ........ ........ ........ ........ ........ 46% 4,50M 5m42s
1296384K ........ ........ ........ ........ ........ ........ 46% 3,60M 5m42s
1299456K ........ ........ ........ ........ .....