--2021-04-25 00:33:17--  http://www.lange.net.br/carregar_link2
Resolving www.lange.net.br (www.lange.net.br)... 213.136.80.111
Connecting to www.lange.net.br (www.lange.net.br)|213.136.80.111|:80... connected.
HTTP request sent, awaiting response... 302 Found
Location: https://www.lange.net.br/carregar_link2 [following]
--2021-04-25 00:33:18--  https://www.lange.net.br/carregar_link2
Connecting to www.lange.net.br (www.lange.net.br)|213.136.80.111|:443... connected.
HTTP request sent, awaiting response... 200 OK
Length: 3972317184 (3.7G)
Saving to: '/dev/null'

     0K ........ ........ ........ ........ ........ ........  0% 1.91M 32m59s
  3072K ........ ........ ........ ........ ........ ........  0% 1.19M 42m59s
  6144K ........ ........ ........ ........ ........ ........  0% 1.91M 39m36s
  9216K ........ ........ ........ ........ ........ ........  0% 13.2M 30m52s
 12288K ........ ........ ........ ........ ........ ........  0% 6.51M 26m36s
 15360K ........ ........ ........ ........ ........ ........  0%  507K 43m18s
 18432K ........ ........ ........ ........ ........ ........  0% 1.68M 42m26s
 21504K ........ ........ ........ ........ ........ ........  0% 12.6M 37m43s
 24576K ........ ........ ........ ........ ........ ........  0% 3.44M 35m32s
 27648K ........ ........ ........ ........ ........ ........  0% 4.53M 33m20s
 30720K ........ ........ ........ ........ ........ ........  0% 1.24M 34m52s
 33792K ........ ........ ........ ........ ........ ........  0% 2.93M 33m43s
 36864K ........ ........ ........ ........ ........ ........  1% 3.94M 32m19s
 39936K ........ ........ ........ ........ ........ ........  1% 3.74M 31m11s
 43008K ........ ........ ........ ........ ........ ........  1% 3.43M 30m18s
 46080K ........ ........ ........ ........ ........ ........  1% 4.44M 29m15s
 49152K ........ ........ ........ ........ ........ ........  1% 3.95M 28m26s
 52224K ........ ........ ........ ........ ........ ........  1% 3.87M 27m44s
 55296K ........ ........ ........ ........ ........ ........  1% 5.37M 26m52s
 58368K ........ ........ ........ ........ ........ ........  1% 4.51M 26m11s
 61440K ........ ........ ........ ........ ........ ........  1% 5.27M 25m29s
 64512K ........ ........ ........ ........ ........ ........  1% 5.45M 24m49s
 67584K ........ ........ ........ ........ ........ ........  1% 5.39M 24m13s
 70656K ........ ........ ........ ........ ........ ........  1% 4.50M 23m46s
 73728K ........ ........ ........ ........ ........ ........  1% 4.57M 23m20s
 76800K ........ ........ ........ ........ ........ ........  2% 2.81M 23m16s
 79872K ........ ........ ........ ........ ........ ........  2% 6.51M 22m44s
 82944K ........ ........ ........ ........ ........ ........  2% 4.53M 22m24s
 86016K ........ ........ ........ ........ ........ ........  2% 6.68M 21m56s
 89088K ........ ........ ........ ........ ........ ........  2% 4.52M 21m38s
 92160K ........ ........ ........ ........ ........ ........  2% 6.67M 21m13s
 95232K ........ ........ ........ ........ ........ ........  2% 6.70M 20m49s
 98304K ........ ........ ........ ........ ........ ........  2% 4.57M 20m35s
101376K ........ ........ ........ ........ ........ ........  2% 6.71M 20m14s
104448K ........ ........ ........ ........ ........ ........  2%  745K 22m3s
107520K ........ ........ ........ ........ ........ ........  2% 3.42M 21m55s
110592K ........ ........ ........ ........ ........ ........  2% 6.56M 21m33s
113664K ........ ........ ........ ........ ........ ........  3% 2.72M 21m34s
116736K ........ ........ ........ ........ ........ ........  3% 4.49M 21m21s
119808K ........ ........ ........ ........ ........ ........  3% 3.35M 21m15s
122880K ........ ........ ........ ........ ........ ........  3%  587K 23m19s
125952K ........ ........ ........ ........ ........ ........  3% 3.35M 23m11s
129024K ........ ........ ........ ........ ........ ........  3% 3.38M 23m2s
132096K ........ ........ ........ ........ ........ ........  3% 3.35M 22m55s
135168K ........ ........ ........ ........ ........ ........  3% 2.73M 22m53s
138240K ........ ........ ........ ........ ........ ........  3%  914K 23m51s
141312K ........ ........ ........ ........ ........ ........  3% 2.25M 23m53s
144384K ........ ........ ........ ........ ........ ........  3% 2.66M 23m51s
147456K ........ ........ ........ ........ ........ ........  3% 2.28M 23m53s
150528K ........ ........ ........ ........ ........ ........  3% 2.70M 23m50s
153600K ........ ........ ........ ........ ........ ........  4% 2.69M 23m48s
156672K ........ ........ ........ ........ ........ ........  4% 2.26M 23m50s
159744K ........ ........ ........ ........ ........ ........  4% 2.69M 23m47s
162816K ........ ........ ........ ........ ........ ........  4% 2.23M 23m50s
165888K ........ ........ ........ ........ ........ ........  4% 2.24M 23m52s
168960K ........ ........ ........ ........ ........ ........  4% 1.93M 23m59s
172032K ........ ........ ........ ........ ........ ........  4% 1.92M 24m5s
175104K ........ ........ ........ ........ ........ ........  4% 1.94M 24m11s
178176K ........ ........ ........ ........ ........ ........  4% 1.94M 24m17s
181248K ........ ........ ........ ........ ........ ........  4% 2.23M 24m19s
184320K ........ ........ ........ ........ ........ ........  4% 1.95M 24m24s
187392K ........ ........ ........ ........ ........ ........  4% 2.21M 24m25s
190464K ........ ........ ........ ........ ........ ........  4% 2.27M 24m26s
193536K ........ ........ ........ ........ ........ ........  5% 2.68M 24m23s
196608K ........ ........ ........ ........ ........ ........  5% 2.78M 24m19s
199680K ........ ........ ........ ........ ........ ........  5% 3.39M 24m12s
202752K ........ ........ ........ ........ ........ ........  5% 4.31M 24m1s
205824K ........ ........ ........ ........ ........ ........  5% 3.90M 23m53s
208896K ........ ........ ........ ........ ........ ........  5% 5.34M 23m40s
211968K ........ ........ ........ ........ ........ ........  5% 3.87M 23m32s
215040K ........ ........ ........ ........ ........ ........  5% 3.11M 23m27s
218112K ........ ........ ........ ........ ........ ........  5% 4.44M 23m18s
221184K ........ ........ ........ ........ ........ ........  5% 4.51M 23m8s
224256K ........ ........ ........ ........ ........ ........  5% 4.56M 22m59s
227328K ........ ........ ........ ........ ........ ........  5% 4.50M 22m50s
230400K ........ ........ ........ ........ ........ ........  6% 4.51M 22m41s
233472K ........ ........ ........ ........ ........ ........  6% 3.34M 22m36s
236544K ........ ........ ........ ........ ........ ........  6% 6.60M 22m24s
239616K ........ ........ ........ ........ ........ ........  6% 2.26M 22m26s
242688K ........ ........ ........ ........ ........ ........  6% 3.34M 22m22s
245760K ........ ........ ........ ........ ........ ........  6% 2.71M 22m20s
248832K ........ ........ ........ ........ ........ ........  6% 3.38M 22m15s
251904K ........ ........ ........ ........ ........ ........  6% 2.71M 22m14s
254976K ........ ........ ........ ........ ........ ........  6% 3.31M 22m10s
258048K ........ ........ ........ ........ ........ ........  6% 2.77M 22m8s
261120K ........ ........ ........ ........ ........ ........  6% 3.35M 22m4s
264192K ........ ........ ........ ........ ........ ........  6% 2.74M 22m2s
267264K ........ ........ ........ ........ ........ ........  6% 3.36M 21m58s
270336K ........ ........ ........ ........ ........ ........  7% 3.36M 21m54s
273408K ........ ........ ........ ........ ........ ........  7% 2.72M 21m52s
276480K ........ ........ ........ ........ ........ ........  7% 2.69M 21m51s
279552K ........ ........ ........ ........ ........ ........  7% 3.27M 21m48s
282624K ........ ........ ........ ........ ........ ........  7% 2.74M 21m46s
285696K ........ ........ ........ ........ ........ ........  7% 3.35M 21m42s
288768K ........ ........ ........ ........ ........ ........  7% 2.98M 21m40s
291840K ........ ........ ........ ........ ........ ........  7% 2.99M 21m37s
294912K ........ ........ ........ ........ ........ ........  7%  997K 22m0s
297984K ........ ........ ........ ........ ........ ........  7% 2.69M 21m59s
301056K ........ ........ ........ ........ ........ ........  7% 2.72M 21m57s
304128K ........ ........ ........ ........ ........ ........  7% 2.69M 21m56s
307200K ........ ........ ........ ........ ........ ........  7% 2.26M 21m57s
310272K ........ ........ ........ ........ ........ ........  8% 2.70M 21m56s
313344K ........ ........ ........ ........ ........ ........  8% 2.71M 21m54s
316416K ........ ........ ........ ........ ........ ........  8% 2.71M 21m53s
319488K ........ ........ ........ ........ ........ ........  8% 2.71M 21m51s
322560K ........ ........ ........ ........ ........ ........  8% 2.71M 21m50s
325632K ........ ........ ........ ........ ........ ........  8% 3.35M 21m46s
328704K ........ ........ ........ ........ ........ ........  8% 2.70M 21m45s
331776K ........ ........ ........ ........ ........ ........  8% 2.72M 21m43s
334848K ........ ........ ........ ........ ........ ........  8% 2.68M 21m42s
337920K ........ ........ ........ ........ ........ ........  8% 2.28M 21m43s
340992K ........ ........ ........ ........ ........ ........  8% 2.68M 21m42s
344064K ........ ........ ........ ........ ........ ........  8% 2.73M 21m40s
347136K ........ ........ ........ ........ ........ ........  9% 3.31M 21m37s
350208K ........ ........ ........ ........ ........ ........  9% 2.73M 21m35s
353280K ........ ........ ........ ........ ........ ........  9% 3.34M 21m32s
356352K ........ ........ ........ ........ ........ ........  9% 2.74M 21m31s
359424K ........ ........ ........ ........ ........ ........  9% 3.35M 21m27s
362496K ........ ........ ........ ........ ........ ........  9% 2.72M 21m26s
365568K ........ ........ ........ ........ ........ ........  9% 2.33M 21m26s
368640K ........ ........ ........ ........ ........ ........  9% 2.61M 21m25s
371712K ........ ........ ........ ........ ........ ........  9% 3.34M 21m22s
374784K ........ ........ ........ ........ ........ ........  9% 2.73M 21m21s
377856K ........ ........ ........ ........ ........ ........  9% 3.36M 21m18s
380928K ........ ........ ........ ........ ........ ........  9% 2.71M 21m16s
384000K ........ ........ ........ ........ ........ ........  9% 2.34M 21m17s
387072K ........ ........ ........ ........ ........ ........ 10% 2.59M 21m16s
390144K ........ ........ ........ ........ ........ ........ 10% 2.69M 21m15s
393216K ........ ........ ........ ........ ........ ........ 10% 2.71M 21m13s
396288K ........ ........ ........ ........ ........ ........ 10% 2.25M 21m14s
399360K ........ ........ ........ ........ ........ ........ 10% 2.36M 21m14s
402432K ........ ........ ........ ........ ........ ........ 10% 2.54M 21m14s
405504K ........ ........ ........ ........ ........ ........ 10%  704K 21m40s
408576K ........ ........ ........ ........ ........ ........ 10% 2.23M 21m40s
411648K ........ ........ ........ ........ ........ ........ 10% 1.68M 21m45s
414720K ........ ........ ........ ........ ........ ........ 10% 1.68M 21m49s
417792K ........ ........ ........ ........ ........ ........ 10% 1.92M 21m51s
420864K ........ ........ ........ ........ ........ ........ 10% 1.93M 21m53s
423936K ........ ........ ........ ........ ........ ........ 11% 1.93M 21m55s
427008K ........ ........ ........ ........ ........ ........ 11% 1.92M 21m57s
430080K ........ ........ ........ ........ ........ ........ 11% 1.94M 21m58s
433152K ........ ........ ........ ........ ........ ........ 11% 2.24M 21m59s
436224K ........ ........ ........ ........ ........ ........ 11% 1.91M 22m0s
439296K ........ ........ ........ ........ ........ ........ 11% 1.93M 22m2s
442368K ........ ........ ........ ........ ........ ........ 11% 2.25M 22m2s
445440K ........ ........ ........ ........ ........ ........ 11% 2.26M 22m2s
448512K ........ ........ ........ ........ ........ ........ 11% 1.95M 22m4s
451584K ........ ........ ........ ........ ........ ........ 11% 1.93M 22m5s
454656K ........ ........ ........ ........ ........ ........ 11% 2.24M 22m5s
457728K ........ ........ ........ ........ ........ ........ 11% 2.24M 22m5s
460800K ........ ........ ........ ........ ........ ........ 11% 2.23M 22m5s
463872K ........ ........ ........ ........ ........ ........ 12% 1.92M 22m7s
466944K ........ ........ ........ ........ ........ ........ 12% 1.95M 22m8s
470016K ........ ........ ........ ........ ........ ........ 12% 2.26M 22m8s
473088K ........ ........ ........ ........ ........ ........ 12% 2.67M 22m6s
476160K ........ ........ ........ ........ ........ ........ 12% 2.27M 22m6s
479232K ........ ........ ........ ........ ........ ........ 12% 2.25M 22m5s
482304K ........ ........ ........ ........ ........ ........ 12% 2.26M 22m5s
485376K ........ ........ ........ ........ ........ ........ 12% 2.68M 22m3s
488448K ........ ........ ........ ........ ........ ........ 12% 2.67M 22m2s
491520K ........ ........ ........ ........ ........ ........ 12% 2.74M 22m0s
494592K ........ ........ ........ ........ ........ ........ 12% 2.76M 21m58s
497664K ........ ........ ........ ........ ........ ........ 12% 3.52M 21m54s
500736K ........ ........ ........ ........ ........ ........ 12% 4.21M 21m50s
503808K ........ ........ ........ ........ ........ ........ 13% 4.50M 21m45s
506880K ........ ........ ........ ........ ........ ........ 13% 4.51M 21m40s
509952K ........ ........ ........ ........ ........ ........ 13% 4.56M 21m36s
513024K ........ ........ ........ ........ ........ ........ 13% 4.52M 21m31s
516096K ........ ........ ........ ........ ........ ........ 13% 4.45M 21m27s
519168K ........ ........ ........ ........ ........ ........ 13% 4.53M 21m22s
522240K ........ ........ ........ ........ ........ ........ 13% 4.54M 21m18s
525312K ........ ........ ........ ........ ........ ........ 13% 6.53M 21m12s
528384K ........ ........ ........ ........ ........ ........ 13% 4.51M 21m8s
531456K ........ ........ ........ ........ ........ ........ 13% 4.59M 21m4s
534528K ........ ........ ........ ........ ........ ........ 13% 6.54M 20m58s
537600K ........ ........ ........ ........ ........ ........ 13% 4.60M 20m54s
540672K ........ ........ ........ ........ ........ ........ 14% 4.13M 20m50s
543744K ........ ........ ........ ........ ........ ........ 14% 4.65M 20m46s
546816K ........ ........ ........ ........ ........ ........ 14% 6.48M 20m40s
549888K ........ ........ ........ ........ ........ ........ 14% 3.46M 20m38s
552960K ........ ........ ........ ........ ........ ........ 14% 4.48M 20m34s
556032K ........ ........ ........ ........ ........ ........ 14% 4.49M 20m30s
559104K ........ ........ ........ ........ ........ ........ 14% 4.52M 20m26s
562176K ........ ........ ........ ........ ........ ........ 14% 4.50M 20m22s
565248K ........ ........ ........ ........ ........ ........ 14% 4.53M 20m18s
568320K ........ ........ ........ ........ ........ ........ 14% 4.51M 20m14s
571392K ........ ........ ........ ........ ........ ........ 14% 3.39M 20m12s
574464K ........ ........ ........ ........ ........ ........ 14% 3.42M 20m9s
577536K ........ ........ ........ ........ ........ ........ 14% 4.45M 20m5s
580608K ........ ........ ........ ........ ........ ........ 15% 3.43M 20m3s
583680K ........ ........ ........ ........ ........ ........ 15% 4.45M 19m59s
586752K ........ ........ ........ ........ ........ ........ 15% 3.41M 19m57s
589824K ........ ........ ........ ........ ........ ........ 15% 4.48M 19m53s
592896K ........ ........ ........ ........ ........ ........ 15% 3.25M 19m51s
595968K ........ ........ ........ ........ ........ ........ 15% 2.33M 19m51s
599040K ........ ........ ........ ........ ........ ........ 15% 2.61M 19m50s
602112K ........ ........ ........ ........ ........ ........ 15% 2.33M 19m50s
605184K ........ ........ ........ ........ ........ ........ 15% 2.65M 19m49s
608256K ........ ........ ........ ........ ........ ........ 15% 2.67M 19m48s
611328K ........ ........ ........ ........ ........ ........ 15% 2.33M 19m47s
614400K ........ ........ ........ ........ ........ ........ 15% 2.18M 19m48s
617472K ........ ........ ........ ........ ........ ........ 15% 2.26M 19m48s
620544K ........ ........ ........ ........ ........ ........ 16% 2.31M 19m47s
623616K ........ ........ ........ ........ ........ ........ 16% 2.22M 19m48s
626688K ........ ........ ........ ........ ........ ........ 16% 1.96M 19m49s
629760K ........ ........ ........ ........ ........ ........ 16% 1.82M 19m50s
632832K ........ ........ ........ ........ ........ ........ 16% 1.71M 19m52s
635904K ........ ........ ........ ........ ........ ........ 16% 1.74M 19m54s
638976K ........ ........ ........ ........ ........ ........ 16% 1.86M 19m55s
642048K ........ ........ ........ ........ ........ ........ 16% 1.76M 19m57s
645120K ........ ........ ........ ........ ........ ........ 16% 1.52M 20m0s
648192K ........ ........ ........ ........ ........ ........ 16% 1.68M 20m2s
651264K ........ ........ ........ ........ ........ ........ 16% 1.93M 20m3s
654336K ........ ........ ........ ........ ........ ........ 16% 1.86M 20m4s
657408K ........ ........ ........ ........ ........ ........ 17% 1.77M 20m6s
660480K ........ ........ ........ ........ ........ ........ 17% 1.93M 20m7s
663552K ........ ........ ........ ........ ........ ........ 17% 2.06M 20m7s
666624K ........ ........ ........ ........ ........ ........ 17% 2.20M 20m7s
669696K ........ ........ ........ ........ ........ ........ 17% 2.52M 20m6s
672768K ........ ........ ........ ........ ........ ........ 17% 2.23M 20m6s
675840K ........ ........ ........ ........ ........ ........ 17% 2.29M 20m5s
678912K ........ ........ ........ ........ ........ ........ 17% 2.70M 20m4s
681984K ........ ........ ........ ........ ........ ........ 17% 2.60M 20m3s
685056K ........ ........ ........ ........ ........ ........ 17% 2.70M 20m1s
688128K ........ ........ ........ ........ ........ ........ 17% 2.71M 20m0s
691200K ........ ........ ........ ........ ........ ........ 17% 2.71M 19m58s
694272K ........ ........ ........ ........ ........ ........ 17% 2.70M 19m57s
697344K ........ ........ ........ ........ ........ ........ 18% 2.82M 19m55s
700416K ........ ........ ........ ........ ........ ........ 18% 2.71M 19m54s
703488K ........ ........ ........ ........ ........ ........ 18% 2.74M 19m53s
706560K ........ ........ ........ ........ ........ ........ 18% 3.31M 19m50s
709632K ........ ........ ........ ........ ........ ........ 18% 2.68M 19m49s
712704K ........ ........ ........ ........ ........ ........ 18% 2.71M 19m48s
715776K ........ ........ ........ ........ ........ ........ 18% 2.76M 19m46s
718848K ........ ........ ........ ........ ........ ........ 18% 3.32M 19m44s
721920K ........ ........ ........ ........ ........ ........ 18% 3.38M 19m42s
724992K ........ ........ ........ ........ ........ ........ 18% 2.71M 19m40s
728064K ........ ........ ........ ........ ........ ........ 18% 2.68M 19m39s
731136K ........ ........ ........ ........ ........ ........ 18% 2.70M 19m38s
734208K ........ ........ ........ ........ ........ ........ 19% 2.28M 19m37s
737280K ........ ........ ........ ........ ........ ........ 19% 2.22M 19m37s
740352K ........ ........ ........ ........ ........ ........ 19% 1.93M 19m38s
743424K ........ ........ ........ ........ ........ ........ 19% 1.94M 19m38s
746496K ........ ........ ........ ........ ........ ........ 19% 1.88M 19m39s
749568K ........ ........ ........ ........ ........ ........ 19% 1.44M 19m41s
752640K ........ ........ ........ ........ ........ ........ 19% 1.60M 19m43s
755712K ........ ........ ........ ........ ........ ........ 19% 1.69M 19m45s
758784K ........ ........ ........ ........ ........ ........ 19% 1.63M 19m46s
761856K ........ ........ ........ ........ ........ ........ 19% 1.75M 19m47s
764928K ........ ........ ........ ........ ........ ........ 19% 1.95M 19m48s
768000K ........ ........ ........ ........ ........ ........ 19% 2.25M 19m47s
771072K ........ ........ ........ ........ ........ ........ 19% 2.71M 19m46s
774144K ........ ........ ........ ........ ........ ........ 20% 3.37M 19m43s
777216K ........ ........ ........ ........ ........ ........ 20% 3.47M 19m41s
780288K ........ ........ ........ ........ ........ ........ 20% 4.40M 19m38s
783360K ........ ........ ........ ........ ........ ........ 20% 4.67M 19m35s
786432K ........ ........ ........ ........ ........ ........ 20% 6.26M 19m31s
789504K ........ ........ ........ ........ ........ ........ 20% 4.80M 19m27s
792576K ........ ........ ........ ........ ........ ........ 20% 5.65M 19m24s
795648K ........ ........ ........ ........ ........ ........ 20% 5.62M 19m20s
798720K ........ ........ ........ ........ ........ ........ 20% 5.67M 19m17s
801792K ........ ........ ........ ........ ........ ........ 20% 4.64M 19m14s
804864K ........ ........ ........ ........ ........ ........ 20% 5.46M 19m10s
807936K ........ ........ ........ ........ ........ ........ 20% 5.62M 19m7s
811008K ........ ........ ........ ........ ........ ........ 20% 6.32M 19m3s
814080K ........ ........ ........ ........ ........ ........ 21% 4.40M 19m0s
817152K ........ ........ ........ ........ ........ ........ 21% 4.51M 18m57s
820224K ........ ........ ........ ........ ........ ........ 21% 4.04M 18m55s
823296K ........ ........ ........ ........ ........ ........ 21% 3.39M 18m53s
826368K ........ ........ ........ ........ ........ ........ 21% 3.69M 18m50s
829440K ........ ........ ........ ........ ........ ........ 21% 3.55M 18m48s
832512K ........ ........ ........ ........ ........ ........ 21% 3.85M 18m46s
835584K ........ ........ ........ ........ ........ ........ 21% 3.85M 18m43s
838656K ........ ........ ........ ........ ........ ........ 21% 4.31M 18m40s
841728K ........ ........ ........ ........ ........ ........ 21% 3.52M 18m38s
844800K ........ ........ ........ ........ ........ ........ 21% 4.45M 18m35s
847872K ........ ........ ........ ........ ........ ........ 21% 3.94M 18m33s
850944K ........ ........ ........ ........ ........ ........ 22% 3.83M 18m31s
854016K ........ ........ ........ ........ ........ ........ 22% 3.92M 18m28s
857088K ........ ........ ........ ........ ........ ........ 22% 3.88M 18m26s
860160K ........ ........ ........ ........ ........ ........ 22% 4.46M 18m23s
863232K ........ ........ ........ ........ ........ ........ 22% 3.91M 18m21s
866304K ........ ........ ........ ........ ........ ........ 22% 3.83M 18m19s
869376K ........ ........ ........ ........ ........ ........ 22% 4.50M 18m16s
872448K ........ ........ ........ ........ ........ ........ 22% 4.50M 18m13s
875520K ........ ........ ........ ........ ........ ........ 22% 4.52M 18m10s
878592K ........ ........ ........ ........ ........ ........ 22% 5.58M 18m7s
881664K ........ ........ ........ ........ ........ ........ 22% 5.11M 18m5s
884736K ........ ........ ........ ........ ........ ........ 22% 4.61M 18m2s
887808K ........ ........ ........ ........ ........ ........ 22% 6.63M 17m59s
890880K ........ ........ ........ ........ ........ ........ 23% 2.46M 17m58s
893952K ........ ........ ........ ........ ........ ........ 23% 4.53M 17m55s
897024K ........ ........ ........ ........ ........ ........ 23% 4.47M 17m53s
900096K ........ ........ ........ ........ ........ ........ 23% 2.74M 17m52s
903168K ........ ........ ........ ........ ........ ........ 23% 3.38M 17m50s
906240K ........ ........ ........ ........ ........ ........ 23% 3.40M 17m48s
909312K ........ ........ ........ ........ ........ ........ 23% 4.39M 17m45s
912384K ........ ........ ........ ........ ........ ........ 23% 3.38M 17m44s
915456K ........ ........ ........ ........ ........ ........ 23% 2.75M 17m42s
918528K ........ ........ ........ ........ ........ ........ 23% 3.38M 17m41s
921600K ........ ........ ........ ........ ........ ........ 23% 2.65M 17m40s
924672K ........ ........ ........ ........ ........ ........ 23% 2.25M 17m39s
927744K ........ ........ ........ ........ ........ ........ 23% 2.29M 17m39s
930816K ........ ........ ........ ........ ........ ........ 24% 2.26M 17m38s
933888K ........ ........ ........ ........ ........ ........ 24% 2.69M 17m37s
936960K ........ ........ ........ ........ ........ ........ 24% 2.65M 17m36s
940032K ........ ........ ........ ........ ........ ........ 24% 2.31M 17m36s
943104K ........ ........ ........ ........ ........ ........ 24% 2.68M 17m35s
946176K ........ ........ ........ ........ ........ ........ 24% 2.65M 17m34s
949248K ........ ........ ........ ........ ........ ........ 24% 2.69M 17m33s
952320K ........ ........ ........ ........ ........ ........ 24% 2.78M 17m32s
955392K ........ ........ ........ ........ ........ ........ 24% 2.61M 17m31s
958464K ........ ........ ........ ........ ........ ........ 24% 2.72M 17m29s
961536K ........ ........ ........ ........ ........ ........ 24% 2.77M 17m28s
964608K ........ ........ ........ ........ ........ ........ 24% 3.28M 17m27s
967680K ........ ........ ........ ........ ........ ........ 25% 3.35M 17m25s
970752K ........ ........ ........ ........ ........ ........ 25% 2.82M 17m24s
973824K ........ ........ ........ ........ ........ ........ 25% 2.72M 17m23s
976896K ........ ........ ........ ........ ........ ........ 25% 2.70M 17m21s
979968K ........ ........ ........ ........ ........ ........ 25% 2.63M 17m20s
983040K ........ ........ ........ ........ ........ ........ 25% 1.94M 17m21s
986112K ........ ........ ........ ........ ........ ........ 25% 1.35M 17m23s
989184K ........ ........ ........ ........ ........ ........ 25% 1.05M 17m27s
992256K ........ ........ ........ ........ ........ ........ 25%  769K 17m34s
995328K ........ ........ ........ ........ ........ ........ 25%  768K 17m41s
998400K ........ ........ ........ ........ ........ ........ 25%  988K 17m46s
1001472K ........ ........ ........ ........ ........ ........ 25% 1.45M 17m47s
1004544K ........ ........ ........ ........ ........ ........ 25% 2.06M 17m47s
1007616K ........ ........ ........ ........ ........ ........ 26% 2.72M 17m46s
1010688K ........ ........ ........ ........ ........ ........ 26% 3.73M 17m44s
1013760K ........ ........ ........ ........ ........ ........ 26% 4.02M 17m41s
1016832K ........ ........ ........ ........ ........ ........ 26% 4.48M 17m39s
1019904K ........ ........ ........ ........ ........ ........ 26% 6.54M 17m36s
1022976K ........ ........ ........ ........ ........ ........ 26% 6.52M 17m33s
1026048K ........ ........ ........ ........ ........ ........ 26% 6.76M 17m30s
1029120K ........ ........ ........ ........ ........ ........ 26% 7.07M 17m27s
1032192K ........ ........ ........ ........ ........ ........ 26% 6.96M 17m24s
1035264K ........ ........ ........ ........ ........ ........ 26% 11.6M 17m20s
1038336K ........ ........ ........ ........ ........ ........ 26% 7.42M 17m17s
1041408K ........ ........ ........ ........ ........ ........ 26% 7.74M 17m14s
1044480K ........ ........ ........ ........ ........ ........ 27% 6.79M 17m11s
1047552K ........ ........ ........ ........ ........ ........ 27% 6.78M 17m8s
1050624K ........ ........ ........ ........ ........ ........ 27% 6.65M 17m5s
1053696K ........ ........ ........ ........ ........ ........ 27% 5.24M 17m3s
1056768K ........ ........ ........ ........ ........ ........ 27% 5.63M 17m0s
1059840K ........ ........ ........ ........ ........ ........ 27% 6.02M 16m57s
1062912K ........ ........ ........ ........ ........ ........ 27% 4.93M 16m55s
1065984K ........ ........ ........ ........ ........ ........ 27% 6.04M 16m52s
1069056K ........ ........ ........ ........ ........ ........ 27% 4.54M 16m50s
1072128K ........ ........ ........ ........ ........ ........ 27% 4.40M 16m48s
1075200K ........ ........ ........ ........ ........ ........ 27% 4.52M 16m45s
1078272K ........ ........ ........ ........ ........ ........ 27% 4.63M 16m43s
1081344K ........ ........ ........ ........ ........ ........ 27% 4.54M 16m41s
1084416K ........ ........ ........ ........ ........ ........ 28% 4.87M 16m39s
1087488K ........ ........ ........ ........ ........ ........ 28% 4.57M 16m36s
1090560K ........ ........ ........ ........ ........ ........ 28% 5.86M 16m34s
1093632K ........ ........ ........ ........ ........ ........ 28% 4.61M 16m31s
1096704K ........ ........ ........ ........ ........ ........ 28% 4.90M 16m29s
1099776K ........ ........ ........ ........ ........ ........ 28% 4.55M 16m27s
1102848K ........ ........ ........ ........ ........ ........ 28% 5.91M 16m24s
1105920K ........ ........ ........ ........ ........ ........ 28% 4.90M 16m22s
1108992K ........ ........ ........ ........ ........ ........ 28% 3.42M 16m21s
1112064K ........ ........ ........ ........ ........ ........ 28% 4.47M 16m18s
1115136K ........ ........ ........ ........ ........ ........ 28% 3.36M 16m17s
1118208K ........ ........ ........ ........ ........ ........ 28% 2.71M 16m16s
1121280K ........ ........ ........ ........ ........ ........ 28% 2.75M 16m15s
1124352K ........ ........ ........ ........ ........ ........ 29% 3.35M 16m13s
1127424K ........ ........ ........ ........ ........ ........ 29% 3.21M 16m12s
1130496K ........ ........ ........ ........ ........ ........ 29% 2.85M 16m11s
1133568K ........ ........ ........ ........ ........ ........ 29% 3.17M 16m9s
1136640K ........ ........ ........ ........ ........ ........ 29% 2.68M 16m8s
1139712K ........ ........ ........ ........ ........ ........ 29% 2.36M 16m7s
1142784K ........ ........ ........ ........ ........ ........ 29% 2.69M 16m6s
1145856K ........ ........ ........ ........ ........ ........ 29% 3.14M 16m5s
1148928K ........ ........ ........ ........ ........ ........ 29% 2.80M 16m4s
1152000K ........ ........ ........ ........ ........ ........ 29% 3.27M 16m2s
1155072K ........ ........ ........ ........ ........ ........ 29% 2.91M 16m1s
1158144K ........ ........ ........ ........ ........ ........ 29% 3.19M 16m0s
1161216K ........ ........ ........ ........ ........ ........ 30% 3.28M 15m58s
1164288K ........ ........ ........ ........ ........ ........ 30% 2.83M 15m57s
1167360K ........ ........ ........ ........ ........ ........ 30% 3.33M 15m56s
1170432K ........ ........ ........ ........ ........ ........ 30% 3.21M 15m54s
1173504K ........ ........ ........ ........ ........ ........ 30% 2.35M 15m54s
1176576K ........ ........ ........ ........ ........ ........ 30% 2.71M 15m53s
1179648K ........ ........ ........ ........ ........ ........ 30% 3.20M 15m51s
1182720K ........ ........ ........ ........ ........ ........ 30% 2.85M 15m50s
1185792K ........ .