--2021-04-25 23:26:56--  https://mirror.globo.com/centos/8/isos/x86_64/CentOS-8.3.2011-x86_64-dvd1.iso
Resolving mirror.globo.com (mirror.globo.com)... 131.0.25.51
Connecting to mirror.globo.com (mirror.globo.com)|131.0.25.51|:443... connected.
HTTP request sent, awaiting response... 200 OK
Length: 9264168960 (8.6G) [application/octet-stream]
Saving to: ‘/dev/null’

     0K ........ ........ ........ ........ ........ ........  0% 28.0M 5m16s
  3072K ........ ........ ........ ........ ........ ........  0% 54.9M 3m58s
  6144K ........ ........ ........ ........ ........ ........  0% 51.4M 3m36s
  9216K ........ ........ ........ ........ ........ ........  0% 36.2M 3m43s
 12288K ........ ........ ........ ........ ........ ........  0% 32.7M 3m52s
 15360K ........ ........ ........ ........ ........ ........  0% 27.8M 4m6s
 18432K ........ ........ ........ ........ ........ ........  0% 27.7M 4m17s
 21504K ........ ........ ........ ........ ........ ........  0% 28.2M 4m23s
 24576K ........ ........ ........ ........ ........ ........  0% 28.9M 4m28s
 27648K ........ ........ ........ ........ ........ ........  0% 30.6M 4m30s
 30720K ........ ........ ........ ........ ........ ........  0% 29.4M 4m32s
 33792K ........ ........ ........ ........ ........ ........  0% 31.0M 4m33s
 36864K ........ ........ ........ ........ ........ ........  0% 32.4M 4m33s
 39936K ........ ........ ........ ........ ........ ........  0% 34.6M 4m32s
 43008K ........ ........ ........ ........ ........ ........  0% 33.6M 4m31s
 46080K ........ ........ ........ ........ ........ ........  0% 34.2M 4m30s
 49152K ........ ........ ........ ........ ........ ........  0% 35.4M 4m29s
 52224K ........ ........ ........ ........ ........ ........  0% 35.2M 4m27s
 55296K ........ ........ ........ ........ ........ ........  0% 36.9M 4m26s
 58368K ........ ........ ........ ........ ........ ........  0% 34.8M 4m25s
 61440K ........ ........ ........ ........ ........ ........  0% 36.4M 4m24s
 64512K ........ ........ ........ ........ ........ ........  0% 36.6M 4m23s
 67584K ........ ........ ........ ........ ........ ........  0% 40.9M 4m20s
 70656K ........ ........ ........ ........ ........ ........  0% 40.5M 4m19s
 73728K ........ ........ ........ ........ ........ ........  0% 41.3M 4m17s
 76800K ........ ........ ........ ........ ........ ........  0% 41.0M 4m15s
 79872K ........ ........ ........ ........ ........ ........  0% 41.2M 4m13s
 82944K ........ ........ ........ ........ ........ ........  0% 43.1M 4m11s
 86016K ........ ........ ........ ........ ........ ........  0% 42.4M 4m10s
 89088K ........ ........ ........ ........ ........ ........  1% 42.1M 4m8s
 92160K ........ ........ ........ ........ ........ ........  1% 42.8M 4m7s
 95232K ........ ........ ........ ........ ........ ........  1% 44.3M 4m5s
 98304K ........ ........ ........ ........ ........ ........  1% 44.7M 4m3s
101376K ........ ........ ........ ........ ........ ........  1% 46.2M 4m2s
104448K ........ ........ ........ ........ ........ ........  1% 47.9M 4m0s
107520K ........ ........ ........ ........ ........ ........  1% 47.6M 3m58s
110592K ........ ........ ........ ........ ........ ........  1% 48.2M 3m57s
113664K ........ ........ ........ ........ ........ ........  1% 47.2M 3m55s
116736K ........ ........ ........ ........ ........ ........  1% 47.3M 3m54s
119808K ........ ........ ........ ........ ........ ........  1% 47.8M 3m53s
122880K ........ ........ ........ ........ ........ ........  1% 48.3M 3m51s
125952K ........ ........ ........ ........ ........ ........  1% 48.3M 3m50s
129024K ........ ........ ........ ........ ........ ........  1% 43.1M 3m49s
132096K ........ ........ ........ ........ ........ ........  1% 34.7M 3m50s
135168K ........ ........ ........ ........ ........ ........  1% 34.0M 3m50s
138240K ........ ........ ........ ........ ........ ........  1% 26.6M 3m52s
141312K ........ ........ ........ ........ ........ ........  1% 24.5M 3m55s
144384K ........ ........ ........ ........ ........ ........  1% 20.1M 3m59s
147456K ........ ........ ........ ........ ........ ........  1% 20.4M 4m2s
150528K ........ ........ ........ ........ ........ ........  1% 21.6M 4m6s
153600K ........ ........ ........ ........ ........ ........  1% 22.6M 4m8s
156672K ........ ........ ........ ........ ........ ........  1% 23.8M 4m10s
159744K ........ ........ ........ ........ ........ ........  1% 24.6M 4m12s
162816K ........ ........ ........ ........ ........ ........  1% 25.9M 4m14s
165888K ........ ........ ........ ........ ........ ........  1% 26.5M 4m15s
168960K ........ ........ ........ ........ ........ ........  1% 27.5M 4m16s
172032K ........ ........ ........ ........ ........ ........  1% 26.6M 4m17s
175104K ........ ........ ........ ........ ........ ........  1% 27.4M 4m18s
178176K ........ ........ ........ ........ ........ ........  2% 22.2M 4m20s
181248K ........ ........ ........ ........ ........ ........  2% 21.4M 4m22s
184320K ........ ........ ........ ........ ........ ........  2% 22.9M 4m24s
187392K ........ ........ ........ ........ ........ ........  2% 23.2M 4m26s
190464K ........ ........ ........ ........ ........ ........  2% 24.8M 4m27s
193536K ........ ........ ........ ........ ........ ........  2% 25.6M 4m28s
196608K ........ ........ ........ ........ ........ ........  2% 27.5M 4m29s
199680K ........ ........ ........ ........ ........ ........  2% 27.5M 4m29s
202752K ........ ........ ........ ........ ........ ........  2% 28.8M 4m30s
205824K ........ ........ ........ ........ ........ ........  2% 28.8M 4m30s
208896K ........ ........ ........ ........ ........ ........  2% 14.3M 4m35s
211968K ........ ........ ........ ........ ........ ........  2% 6.86M 4m49s
215040K ........ ........ ........ ........ ........ ........  2% 9.34M 4m58s
218112K ........ ........ ........ ........ ........ ........  2% 7.55M 5m9s
221184K ........ ........ ........ ........ ........ ........  2% 9.11M 5m18s
224256K ........ ........ ........ ........ ........ ........  2% 8.35M 5m27s
227328K ........ ........ ........ ........ ........ ........  2% 6.81M 5m40s
230400K ........ ........ ........ ........ ........ ........  2% 8.27M 5m49s
233472K ........ ........ ........ ........ ........ ........  2% 8.45M 5m57s
236544K ........ ........ ........ ........ ........ ........  2% 7.11M 6m8s
239616K ........ ........ ........ ........ ........ ........  2% 10.4M 6m14s
242688K ........ ........ ........ ........ ........ ........  2% 6.66M 6m25s
245760K ........ ........ ........ ........ ........ ........  2% 9.64M 6m31s
248832K ........ ........ ........ ........ ........ ........  2% 7.54M 6m40s
251904K ........ ........ ........ ........ ........ ........  2% 7.69M 6m49s
254976K ........ ........ ........ ........ ........ ........  2% 10.5M 6m54s
258048K ........ ........ ........ ........ ........ ........  2% 6.61M 7m4s
261120K ........ ........ ........ ........ ........ ........  2% 7.46M 7m12s
264192K ........ ........ ........ ........ ........ ........  2% 10.9M 7m16s
267264K ........ ........ ........ ........ ........ ........  2% 6.98M 7m25s
270336K ........ ........ ........ ........ ........ ........  3% 10.5M 7m29s
273408K ........ ........ ........ ........ ........ ........  3% 6.32M 7m39s
276480K ........ ........ ........ ........ ........ ........  3% 11.6M 7m42s
279552K ........ ........ ........ ........ ........ ........  3% 6.62M 7m51s
282624K ........ ........ ........ ........ ........ ........  3% 7.13M 7m58s
285696K ........ ........ ........ ........ ........ ........  3% 10.5M 8m2s
288768K ........ ........ ........ ........ ........ ........  3% 6.60M 8m10s
291840K ........ ........ ........ ........ ........ ........  3% 8.77M 8m15s
294912K ........ ........ ........ ........ ........ ........  3% 8.20M 8m20s
297984K ........ ........ ........ ........ ........ ........  3% 6.96M 8m28s
301056K ........ ........ ........ ........ ........ ........  3% 10.6M 8m31s
304128K ........ ........ ........ ........ ........ ........  3% 6.60M 8m38s
307200K ........ ........ ........ ........ ........ ........  3% 9.96M 8m41s
310272K ........ ........ ........ ........ ........ ........  3% 7.43M 8m47s
313344K ........ ........ ........ ........ ........ ........  3% 7.07M 8m54s
316416K ........ ........ ........ ........ ........ ........  3% 10.2M 8m56s
319488K ........ ........ ........ ........ ........ ........  3% 6.74M 9m3s
322560K ........ ........ ........ ........ ........ ........  3% 9.06M 9m7s
325632K ........ ........ ........ ........ ........ ........  3% 7.81M 9m12s
328704K ........ ........ ........ ........ ........ ........  3% 7.09M 9m17s
331776K ........ ........ ........ ........ ........ ........  3% 10.2M 9m20s
334848K ........ ........ ........ ........ ........ ........  3% 6.73M 9m26s
337920K ........ ........ ........ ........ ........ ........  3% 9.31M 9m29s
340992K ........ ........ ........ ........ ........ ........  3% 7.81M 9m33s
344064K ........ ........ ........ ........ ........ ........  3% 6.98M 9m39s
347136K ........ ........ ........ ........ ........ ........  3% 9.82M 9m41s
350208K ........ ........ ........ ........ ........ ........  3% 6.80M 9m47s
353280K ........ ........ ........ ........ ........ ........  3% 9.10M 9m49s
356352K ........ ........ ........ ........ ........ ........  3% 6.90M 9m55s
359424K ........ ........ ........ ........ ........ ........  4% 6.67M 10m0s
362496K ........ ........ ........ ........ ........ ........  4% 12.2M 10m1s
365568K ........ ........ ........ ........ ........ ........  4% 7.76M 10m5s
368640K ........ ........ ........ ........ ........ ........  4% 7.23M 10m9s
371712K ........ ........ ........ ........ ........ ........  4% 6.71M 10m14s
374784K ........ ........ ........ ........ ........ ........  4% 9.13M 10m17s
377856K ........ ........ ........ ........ ........ ........  4% 6.45M 10m22s
380928K ........ ........ ........ ........ ........ ........  4% 8.11M 10m25s
384000K ........ ........ ........ ........ ........ ........  4% 7.07M 10m29s
387072K ........ ........ ........ ........ ........ ........  4% 7.23M 10m34s
390144K ........ ........ ........ ........ ........ ........  4% 5.99M 10m39s
393216K ........ ........ ........ ........ ........ ........  4% 4.22M 10m50s
396288K ........ ........ ........ ........ ........ ........  4% 4.28M 11m0s
399360K ........ ........ ........ ........ ........ ........  4% 5.43M 11m6s
402432K ........ ........ ........ ........ ........ ........  4% 6.79M 11m10s
405504K ........ ........ ........ ........ ........ ........  4% 6.60M 11m15s
408576K ........ ........ ........ ........ ........ ........  4% 11.3M 11m15s
411648K ........ ........ ........ ........ ........ ........  4% 3.18M 11m29s
414720K ........ ........ ........ ........ ........ ........  4% 3.70M 11m41s
417792K ........ ........ ........ ........ ........ ........  4% 2.40M 12m1s
420864K ........ ........ ........ ........ ........ ........  4% 5.81M 12m6s
423936K ........ ........ ........ ........ ........ ........  4% 6.67M 12m10s
427008K ........ ........ ........ ........ ........ ........  4% 10.9M 12m10s
430080K ........ ........ ........ ........ ........ ........  4% 6.82M 12m13s
433152K ........ ........ ........ ........ ........ ........  4% 7.73M 12m15s
436224K ........ ........ ........ ........ ........ ........  4% 10.6M 12m16s
439296K ........ ........ ........ ........ ........ ........  4% 6.26M 12m19s
442368K ........ ........ ........ ........ ........ ........  4% 8.06M 12m21s
445440K ........ ........ ........ ........ ........ ........  4% 6.63M 12m25s
448512K ........ ........ ........ ........ ........ ........  4% 8.40M 12m26s
451584K ........ ........ ........ ........ ........ ........  5% 8.63M 12m27s
454656K ........ ........ ........ ........ ........ ........  5% 7.90M 12m29s
457728K ........ ........ ........ ........ ........ ........  5% 9.52M 12m30s
460800K ........ ........ ........ ........ ........ ........  5% 6.97M 12m33s
463872K ........ ........ ........ ........ ........ ........  5% 8.92M 12m34s
466944K ........ ........ ........ ........ ........ ........  5% 6.14M 12m37s
470016K ........ ........ ........ ........ ........ ........  5% 12.1M 12m37s
473088K ........ ........ ........ ........ ........ ........  5% 7.30M 12m39s
476160K ........ ........ ........ ........ ........ ........  5% 6.98M 12m41s
479232K ........ ........ ........ ........ ........ ........  5% 7.92M 12m43s
482304K ........ ........ ........ ........ ........ ........  5% 6.77M 12m46s
485376K ........ ........ ........ ........ ........ ........  5% 9.98M 12m46s
488448K ........ ........ ........ ........ ........ ........  5% 4.87M 12m52s
491520K ........ ........ ........ ........ ........ ........  5% 8.29M 12m53s
494592K ........ ........ ........ ........ ........ ........  5% 8.51M 12m54s
497664K ........ ........ ........ ........ ........ ........  5% 6.48M 12m57s
500736K ........ ........ ........ ........ ........ ........  5% 9.66M 12m57s
503808K ........ ........ ........ ........ ........ ........  5% 7.70M 12m58s
506880K ........ ........ ........ ........ ........ ........  5% 6.65M 13m1s
509952K ........ ........ ........ ........ ........ ........  5% 8.75M 13m2s
513024K ........ ........ ........ ........ ........ ........  5% 7.83M 13m3s
516096K ........ ........ ........ ........ ........ ........  5% 8.82M 13m4s
519168K ........ ........ ........ ........ ........ ........  5% 6.87M 13m6s
522240K ........ ........ ........ ........ ........ ........  5% 7.67M 13m8s
525312K ........ ........ ........ ........ ........ ........  5% 9.53M 13m8s
528384K ........ ........ ........ ........ ........ ........  5% 6.60M 13m10s
531456K ........ ........ ........ ........ ........ ........  5% 11.6M 13m9s
534528K ........ ........ ........ ........ ........ ........  5% 6.46M 13m12s
537600K ........ ........ ........ ........ ........ ........  5% 9.61M 13m12s
540672K ........ ........ ........ ........ ........ ........  6% 10.1M 13m12s
543744K ........ ........ ........ ........ ........ ........  6% 7.97M 13m13s
546816K ........ ........ ........ ........ ........ ........  6% 7.69M 13m14s
549888K ........ ........ ........ ........ ........ ........  6% 7.88M 13m16s
552960K ........ ........ ........ ........ ........ ........  6% 6.95M 13m18s
556032K ........ ........ ........ ........ ........ ........  6% 8.46M 13m18s
559104K ........ ........ ........ ........ ........ ........  6% 6.91M 13m20s
562176K ........ ........ ........ ........ ........ ........  6% 11.3M 13m19s
565248K ........ ........ ........ ........ ........ ........  6% 8.03M 13m20s
568320K ........ ........ ........ ........ ........ ........  6% 7.84M 13m22s
571392K ........ ........ ........ ........ ........ ........  6% 8.06M 13m22s
574464K ........ ........ ........ ........ ........ ........  6% 7.33M 13m24s
577536K ........ ........ ........ ........ ........ ........  6% 6.64M 13m26s
580608K ........ ........ ........ ........ ........ ........  6% 10.6M 13m26s
583680K ........ ........ ........ ........ ........ ........  6% 6.99M 13m27s
586752K ........ ........ ........ ........ ........ ........  6% 8.15M 13m28s
589824K ........ ........ ........ ........ ........ ........  6% 9.23M 13m28s
592896K ........ ........ ........ ........ ........ ........  6% 6.50M 13m30s
595968K ........ ........ ........ ........ ........ ........  6% 11.3M 13m30s
599040K ........ ........ ........ ........ ........ ........  6% 6.69M 13m31s
602112K ........ ........ ........ ........ ........ ........  6% 7.69M 13m32s
605184K ........ ........ ........ ........ ........ ........  6% 9.24M 13m33s
608256K ........ ........ ........ ........ ........ ........  6% 6.67M 13m34s
611328K ........ ........ ........ ........ ........ ........  6% 13.4M 13m33s
614400K ........ ........ ........ ........ ........ ........  6% 5.47M 13m36s
617472K ........ ........ ........ ........ ........ ........  6% 7.35M 13m37s
620544K ........ ........ ........ ........ ........ ........  6% 10.2M 13m37s
623616K ........ ........ ........ ........ ........ ........  6% 6.51M 13m39s
626688K ........ ........ ........ ........ ........ ........  6% 9.87M 13m39s
629760K ........ ........ ........ ........ ........ ........  6% 6.65M 13m40s
632832K ........ ........ ........ ........ ........ ........  7% 7.33M 13m42s
635904K ........ ........ ........ ........ ........ ........  7% 9.87M 13m41s
638976K ........ ........ ........ ........ ........ ........  7% 7.13M 13m43s
642048K ........ ........ ........ ........ ........ ........  7% 10.2M 13m42s
645120K ........ ........ ........ ........ ........ ........  7% 6.24M 13m44s
648192K ........ ........ ........ ........ ........ ........  7% 7.51M 13m45s
651264K ........ ........ ........ ........ ........ ........  7% 8.48M 13m46s
654336K ........ ........ ........ ........ ........ ........  7% 6.49M 13m47s
657408K ........ ........ ........ ........ ........ ........  7% 12.8M 13m46s
660480K ........ ........ ........ ........ ........ ........  7% 6.40M 13m48s
663552K ........ ........ ........ ........ ........ ........  7% 7.14M 13m49s
666624K ........ ........ ........ ........ ........ ........  7% 8.62M 13m49s
669696K ........ ........ ........ ........ ........ ........  7% 6.24M 13m51s
672768K ........ ........ ........ ........ ........ ........  7% 11.0M 13m51s
675840K ........ ........ ........ ........ ........ ........  7% 5.52M 13m53s
678912K ........ ........ ........ ........ ........ ........  7% 7.13M 13m54s
681984K ........ ........ ........ ........ ........ ........  7% 7.62M 13m55s
685056K ........ ........ ........ ........ ........ ........  7% 7.47M 13m56s
688128K ........ ........ ........ ........ ........ ........  7% 6.89M 13m57s
691200K ........ ........ ........ ........ ........ ........  7% 6.63M 13m59s
694272K ........ ........ ........ ........ ........ ........  7% 8.52M 13m59s
697344K ........ ........ ........ ........ ........ ........  7% 10.0M 13m58s
700416K ........ ........ ........ ........ ........ ........  7% 7.31M 13m59s
703488K ........ ........ ........ ........ ........ ........  7% 6.08M 14m1s
706560K ........ ........ ........ ........ ........ ........  7% 9.32M 14m1s
709632K ........ ........ ........ ........ ........ ........  7% 7.85M 14m2s
712704K ........ ........ ........ ........ ........ ........  7% 9.58M 14m1s
715776K ........ ........ ........ ........ ........ ........  7% 7.34M 14m2s
718848K ........ ........ ........ ........ ........ ........  7% 6.83M 14m3s
721920K ........ ........ ........ ........ ........ ........  8% 7.48M 14m4s
724992K ........ ........ ........ ........ ........ ........  8% 9.58M 14m4s
728064K ........ ........ ........ ........ ........ ........  8% 7.25M 14m5s
731136K ........ ........ ........ ........ ........ ........  8% 11.1M 14m4s
734208K ........ ........ ........ ........ ........ ........  8% 6.51M 14m5s
737280K ........ ........ ........ ........ ........ ........  8% 8.80M 14m5s
740352K ........ ........ ........ ........ ........ ........  8% 8.26M 14m5s
743424K ........ ........ ........ ........ ........ ........  8% 7.05M 14m6s
746496K ........ ........ ........ ........ ........ ........  8% 10.4M 14m6s
749568K ........ ........ ........ ........ ........ ........  8% 6.63M 14m7s
752640K ........ ........ ........ ........ ........ ........  8% 7.66M 14m8s
755712K ........ ........ ........ ........ ........ ........  8% 9.28M 14m7s
758784K ........ ........ ........ ........ ........ ........  8% 7.07M 14m8s
761856K ........ ........ ........ ........ ........ ........  8% 10.8M 14m7s
764928K ........ ........ ........ ........ ........ ........  8% 5.35M 14m10s
768000K ........ ........ ........ ........ ........ ........  8% 8.31M 14m10s
771072K ........ ........ ........ ........ ........ ........  8% 6.56M 14m11s
774144K ........ ........ ........ ........ ........ ........  8% 10.6M 14m11s
777216K ........ ........ ........ ........ ........ ........  8% 6.78M 14m12s
780288K ........ ........ ........ ........ ........ ........  8% 10.3M 14m11s
783360K ........ ........ ........ ........ ........ ........  8% 3.91M 14m15s
786432K ........ ........ ........ ........ ........ ........  8% 4.45M 14m19s
789504K ........ ........ ........ ........ ........ ........  8% 4.05M 14m23s
792576K ........ ........ ........ ........ ........ ........  8% 4.06M 14m27s
795648K ........ ........ ........ ........ ........ ........  8% 7.89M 14m27s
798720K ........ ........ ........ ........ ........ ........  8% 8.11M 14m27s
801792K ........ ........ ........ ........ ........ ........  8% 7.90M 14m28s
804864K ........ ........ ........ ........ ........ ........  8% 8.11M 14m28s
807936K ........ ........ ........ ........ ........ ........  8% 7.90M 14m28s
811008K ........ ........ ........ ........ ........ ........  8% 8.11M 14m28s
814080K ........ ........ ........ ........ ........ ........  9% 7.89M 14m28s
817152K ........ ........ ........ ........ ........ ........  9% 8.11M 14m28s
820224K ........ ........ ........ ........ ........ ........  9% 7.89M 14m29s
823296K ........ ........ ........ ........ ........ ........  9% 8.11M 14m29s
826368K ........ ........ ........ ........ ........ ........  9% 7.89M 14m29s
829440K ........ ........ ........ ........ ........ ........  9% 8.11M 14m29s
832512K ........ ........ ........ ........ ........ ........  9% 7.89M 14m29s
835584K ........ ........ ........ ........ ........ ........  9% 8.11M 14m30s
838656K ........ ........ ........ ........ ........ ........  9% 7.90M 14m30s
841728K ........ ........ ........ ........ ........ ........  9% 8.09M 14m30s
844800K ........ ........ ........ ........ ........ ........  9% 7.89M 14m30s
847872K ........ ........ ........ ........ ........ ........  9% 8.11M 14m30s
850944K ........ ........ ........ ........ ........ ........  9% 7.87M 14m30s
854016K ........ ........ ........ ........ ........ ........  9% 8.13M 14m30s
857088K ........ ........ ........ ........ ........ ........  9% 7.58M 14m31s
860160K ........ ........ ........ ........ ........ ........  9% 7.69M 14m31s
863232K ........ ........ ........ ........ ........ ........  9% 4.34M 14m34s
866304K ........ ........ ........ ........ ........ ........  9% 5.58M 14m36s
869376K ........ ........ ........ ........ ........ ........  9% 4.00M 14m39s
872448K ........ ........ ........ ........ ........ ........  9% 4.23M 14m43s
875520K ........ ........ ........ ........ ........ ........  9% 3.98M 14m46s
878592K ........ ........ ........ ........ ........ ........  9% 5.23M 14m48s
881664K ........ ........ ........ ........ ........ ........  9% 4.34M 14m51s
884736K ........ ........ ........ ........ ........ ........  9% 6.49M 14m52s
887808K ........ ........ ........ ........ ........ ........  9% 11.4M 14m51s
890880K ........ ........ ........ ........ ........ ........  9% 7.15M 14m51s
893952K ........ ........ ........ ........ ........ ........  9% 7.52M 14m52s
897024K ........ ........ ........ ........ ........ ........  9% 9.52M 14m51s
900096K ........ ........ ........ ........ ........ ........  9% 7.11M 14m51s
903168K ........ ........ ........ ........ ........ ........ 10% 9.59M 14m51s
906240K ........ ........ ........ ........ ........ ........ 10% 6.47M 14m52s
909312K ........ ........ ........ ........ ........ ........ 10% 9.57M 14m51s
912384K ........ ........ ........ ........ ........ ........ 10% 7.83M 14m51s
915456K ........ ........ ........ ........ ........ ........ 10% 8.44M 14m51s
918528K ........ ........ ........ ........ ........ ........ 10% 9.03M 14m51s
921600K ........ ........ ........ ........ ........ ........ 10% 8.20M 14m51s
924672K ........ ........ ........ ........ ........ ........ 10% 7.95M 14m51s
927744K ........ ........ ........ ........ ........ ........ 10% 8.09M 14m51s
930816K ........ ........ ........ ........ ........ ........ 10% 7.92M 14m51s
933888K ........ ........ ........ ........ ........ ........ 10% 8.08M 14m51s
936960K ........ ........ ........ ........ ........ ........ 10% 7.92M 14m51s
940032K ........ ........ ........ ........ ........ ........ 10% 7.89M 14m51s
943104K ........ ........ ........ ........ ........ ........ 10% 7.43M 14m51s
946176K ........ ........ ........ ........ ........ ........ 10% 7.40M 14m51s
949248K ........ ........ ........ ........ ........ ........ 10% 9.48M 14m51s
952320K ........ ........ ........ ........ ........ ........ 10% 7.14M 14m51s
955392K ........ ........ ........ ........ ........ ........ 10% 6.86M 14m51s
958464K ........ ........ ........ ........ ........ ........ 10% 10.5M 14m51s
961536K ........ ........ ........ ........ ........ ........ 10% 4.78M 14m53s
964608K ........ ........ ........ ........ ........ ........ 10% 5.41M 14m54s
967680K ........ ........ ........ ........ ........ ........ 10% 3.85M 14m57s
970752K ........ ........ ........ ........ ........ ........ 10% 4.36M 15m0s
973824K ........ ........ ........ ........ ........ ........ 10% 5.44M 15m1s
976896K ........ ........ ........ ........ ........ ........ 10% 7.71M 15m1s
979968K ........ ........ ........ ........ ........ ........ 10% 6.65M 15m2s
983040K ........ ........ ........ ........ ........ ........ 10% 10.3M 15m1s
986112K ........ ........ ........ ........ ........ ........ 10% 7.11M 15m2s
989184K ........ ........ ........ ........ ........ ........ 10% 8.22M 15m1s
992256K ........ ........ ........ ........ ........ ........ 11% 8.57M 15m1s
995328K ........ ........ ........ ........ ........ ........ 11% 6.61M 15m2s
998400K ........ ........ ........ ........ ........ ........ 11% 11.1M 15m1s
1001472K ........ ........ ........ ........ ........ ........ 11% 8.11M 15m1s
1004544K ........ ........ ........ ........ ........ ........ 11% 6.37M 15m1s
1007616K ........ ........ ........ ........ ........ ........ 11% 10.6M 15m0s
1010688K ........ ........ ........ ........ ........ ........ 11% 8.11M 15m0s
1013760K ........ ........ ........ ........ ........ ........ 11% 7.86M 15m0s
1016832K ........ ........ ........ ........ ........ ........ 11% 8.11M 15m0s
1019904K ........ ........ ........ ........ ........ ........ 11% 7.92M 15m0s
1022976K ........ ........ ........ ........ ........ ........ 11% 8.11M 15m0s
1026048K ........ ........ ........ ........ ........ ........ 11% 7.88M 15m0s
1029120K ........ ........ ........ ........ ........ ........ 11% 6.56M 15m0s
1032192K ........ ........ ........ ........ ........ ........ 11% 7.36M 15m0s
1035264K ........ ........ ........ ........ ........ ........ 11% 11.4M 14m59s
1038336K ........ ........ ........ ........ ........ ........ 11% 7.57M 14m59s
1041408K ........ ........ ........ ........ ........ ........ 11% 8.46M 14m59s
1044480K ........ ........ ........ ........ ........ ........ 11% 6.74M 15m0s
1047552K ........ ........ ........ ........ ........ ........ 11% 7.17M 15m0s
1050624K ........ ........ ........ ........ ........ ........ 11% 10.1M 14m59s
1053696K ........ ........ ........ ........ ........ ........ 11% 6.64M 15m0s
1056768K ........ ........ ........ ........ ........ ........ 11% 11.4M 14m59s
1059840K ........ ........ ........ ........ ........ ........ 11% 8.03M 14m58s
1062912K ........ ........ ........ ........ ........ ........ 11% 5.82M 14m59s
1065984K ........ ........ ........ ........ ........ ........ 11% 8.72M 14m59s
1069056K ........ ........ ........ ........ ........ ........ 11% 10.4M 14m58s
1072128K ........ ........ ........ ........ ........ ........ 11% 6.66M 14m59s
1075200K ........ ........ ........ ........ ........ ........ 11% 8.28M 14m58s
1078272K ........ ........ ........ ........ ........ ........ 11% 9.49M 14m58s
1081344K ........ ........ ........ ........ ........ ........ 11% 6.76M 14m58s
1084416K ........ ........ ........ ........ ........ ........ 12% 10.7M 14m57s
1087488K ........ ........ ........ ........ ........ ........ 12% 7.12M 14m58s
1090560K ........ ........ ........ ........ ........ ........ 12% 7.64M 14m58s
1093632K ........ ........ ........ ........ ........ ........ 12% 9.02M 14m57s
1096704K ........ ........ ........ ........ ........ ........ 12% 11.4M 14m56s
1099776K ........ ........ ........ ........ ........ ........ 12% 7.49M 14m56s
1102848K ........ ........ ........ ........ ........ ........ 12% 6.51M 14m57s
1105920K ........ ........ ........ ........ ........ ........ 12% 8.99M 14m56s
1108992K ........ ........ ........ ........ ........ ........ 12% 8.08M 14m56s
1112064K ........ ........ ........ ........ ........ ........ 12% 7.04M 14m56s
1115136K ........ ........ ........ ........ ........ ........ 12% 10.4M 14m56s
1118208K ........ ........ ........ ........ ........ ........ 12% 6.67M 14m56s
1121280K ........ ........ ........ ........ ........ ........ 12% 8.27M 14m56s
1124352K ........ ........ ........ ........ ........ ........ 12% 9.21M 14m55s
1127424K ........ ........ ........ ........ ........ ........ 12% 7.21M 14m55s
1130496K ........ ........ ........ ........ ........ ........ 12% 10.3M 14m55s
1133568K ........ ........ ........ ........ ........ ........ 12% 8.17M 14m54s
1136640K ........ ........ ........ ........ ........ ........ 12% 8.07M 14m54s
1139712K ........ ........ ........ ........ ........ ........ 12% 8.49M 14m54s
1142784K ........ ........ ........ ........ ........ ........ 12% 7.06M 14m54s
1145856K ........ ........ ........ ........ ........ ........ 12% 10.8M 14m53s
1148928K ........ ........ ........ ........ ........ ........ 12% 6.52M 14m54s
1152000K ........ ........ ........ ........ ........ ........ 12% 10.7M 14m53s
1155072K ........ ........ ........ ........ ........ ........ 12% 7.65M 14m53s
1158144K ........ ........ ........ ........ ........ ........ 12% 7.03M 14m53s
1161216K ........ ........ ........ ........ ........ ........ 12% 10.4M 14m52s
1164288K ........ ........ ........ ........ ........ ........ 12% 6.66M 14m53s
1167360K ........ ........ ........ ........ ........ ........ 12% 8.28M 14m52s
1170432K ........ ........ ........ ........ ........ ........ 12% 8.54M 14m52s
1173504K ........ ........ ........ ........ ........ ........ 13% 7.97M 14m52s
1176576K ........ ........ ........ ........ ........ ........ 13% 9.96M 14m51s
1179648K ........ ........ ........ ........ ........ ........ 13% 6.66M 14m52s
1182720K ........ ........ ........ ........ ........ ........ 13% 9.95M 14m51s
1185792K ........ ........ ........ ........ ........ ........ 13% 7.29M 14m51s
1188864K ........ ........ ........ ........ ........ ........ 13% 7.04M 14m51s
1191936K ........ ........ ........ ........ ........ ........ 13% 10.4M 14m50s
1195008K ........ ........ ........ ........ ........ ........ 13% 6.64M 14m51s
1198080K ........ ........ ........ ........ ........ ........ 13% 8.54M 14m50s
1201152K ........ ........ ........ ........ ........ ........ 13% 8.46M 14m50s
1204224K ........ ........ ........ ........ ........ ........ 13% 7.02M 14m50s
1207296K ........ ........ ........ ........ ........ ........ 13% 10.4M 14m49s
1210368K ........ ........ ........ ........ ........ ........ 13% 6.66M 14m50s
1213440K ........ ........ ........ ........ ........ ........ 13% 8.28M 14m50s
1216512K ........ ........ ........ ........ ........ ........ 13% 8.54M 14m49s
1219584K ........ ........ ........ ........ ........ ........ 13% 7.06M 14m49s
1222656K ........ ........ ........ ........ ........ ........ 13% 10.7M 14m49s
1225728K ........ ........ ........ ........ ........ ........ 13% 6.60M 14m49s
1228800K ........ ........ ........ ........ ........ ........ 13% 9.65M 14m48s
1231872K ........ ........ ........ ........ ........ ........ 13% 7.47M 14m48s
1234944K ........ ........ ........ ........ ........ ........ 13% 7.02M 14m48s
1238016K ........ ........ ........ ........ ........ ........ 13% 10.4M 14m48s
1241088K ........ ........ ........ ........ ........ ........ 13% 6.66M 14m48s
1244160K ........ ........ ........ ........ ........ ........ 13% 7.64M 14m48s
1247232K ........ ........ ........ ........ ........ ........ 13% 9.31M 14m47s
1250304K ........ ........ ........ ........ ........ ........ 13% 7.06M 14m47s
1253376K ........ ........ ........ ........ ........ ........ 13% 10.8M 14m47s
1256448K ........ ........ ........ ........ ........ ........ 13% 6.89M 14m47s
1259520K ........ ........ ........ ........ ........ ........ 13% 9.43M 14m46s
1262592K ........ ........ ........ ........ ........ ........ 13% 7.83M 14m46s
1265664K ........ ........ ........ ........ ........ ........ 14% 7.10M 14m46s
1268736K ........ ........ ........ ........ ........ ........ 14% 10.6M 14m45s
1271808K ........ ........ ........ ........ ........ ........ 14% 6.54M 14m46s
1274880K ........ ........ ........ ........ ........ ........ 14% 7.69M 14m46s
1277952K ........ ........ ........ ........ ........ ........ 14% 9.49M 14m45s
1281024K ........ ........ ........ ........ ........ ........ 14% 9.39M 14m45s
1284096K ........ ........ ........ ........ ........ ........ 14% 8.01M 14m44s
1287168K ........ ........ ........ ........ ........ ........ 14% 6.68M 14m45s
1290240K ........ ........ ........ ........ ........ ........ 14% 8.57M 14m44s
1293312K ........ ........ ........ ........ ........ ........ 14% 8.37M 14m44s
1296384K ........ ........ ........ ........ ........ ........ 14% 7.10M 14m44s
1299456K ........ ........ ........ ........ ........ ........ 14% 10.5M 14m43s
1302528K ........ ........ ........ ........ ........ ........ 14% 6.57M 14m44s
1305600K ........ ........ ........ ........ ........ ........ 14% 7.68M 14m43s
1308672K ........ ........ ........ ........ ........ ........ 14% 9.49M 14m43s
1311744K ........ ........ ........ ........ ........ ........ 14% 6.93M 14m43s
1314816K ........ ........ ........ ........ ........ ........ 14% 7.35M 14m43s
1317888K ........ ........ ........ ........ ........ ........ 14% 13.2M 14m42s
1320960K ........ ........ ........ ........ ........ ........ 14% 6.55M 14m42s
1324032K ........ ........ ........ ........ ........ ........ 14% 8.14M 14m42s
1327104K ........ ........ ........ ........ ........ ........ 14% 8.93M 14m42s
1330176K ........ ........ ........ ........ ........ ........ 14% 6.66M 14m42s
1333248K ........ ........ ........ ........ ........ ........ 14% 11.4M 14m41s
1336320K ........ ........ ........ ........ ........ ........ 14% 6.65M 14m41s
1339392K ........ ........ ........ ........ ........ ........ 14% 7.54M 14m41s
1342464K ........ ........ ........ ........ ........ ........ 14% 9.51M 14m40s
1345536K ........ ........ ........ ........ ........ ........ 14% 6.80M 14m41s
1348608K ........ ........ ........ ........ ........ ........ 14% 11.0M 14m40s
1351680K ........ ........ ........ ........ ........ ........ 14% 6.69M 14m40s
1354752K ........ ........ ........ ........ ........ ........ 15% 7.16M 14m40s
1357824K ........ ........ ........ ........ ........ ........ 15% 10.5M 14m39s
1360896K ........ ........ ........ ........ ........ ........ 15% 6.67M 14m40s
1363968K ........ ........ ........ ........ ........ ........ 15% 10.2M 14m39s
1367040K ........ ........ ........ ........ ........ ........ 15% 6.99M 14m39s
1370112K ........ ........ ........ ........ ........ ........ 15% 7.35M 14m39s
1373184K ........ ........ ........ ........ ........ ........ 15% 10.2M 14m38s
1376256K ........ ........ ........ ........ ........ ........ 15% 6.65M 14m38s
1379328K ........ ........ ........ ........ ........ ........ 15% 11.4M 14m38s
1382400K ........ ........ ........ ........ ........ ........ 15% 6.67M 14m38s
1385472K ........ ........ ........ ........ ........ ........ 15% 8.14M 14m38s
1388544K ........ ........ ........ ........ ........ ........ 15% 8.67M 14m37s
1391616K ........ ........ ........ ........ ........ ........ 15% 6.66M 14m37s
1394688K ........ ........ ........ ........ ........ ........ 15% 9.22M 14m37s
1397760K ........ ........ ........ ........ ........ ........ 15% 7.01M 14m37s
1400832K ........ ........ ........ ........ ........ ........ 15% 7.01M 14m37s
1403904K ........ ........ ........ ........ ........ ........ 15% 10.1M 14m36s
1406976K ........ ........ ........ ........ ........ ........ 15% 6.64M 14m37s
1410048K ........ ........ ........ ........ ........ ........ 15% 11.4M 14m36s
1413120K ........ ........ ........ ........ ........ ........ 15% 6.68M 14m36s
1416192K ........ ........ ........ ........ ........ ........ 15% 7.70M 14m36s
1419264K ........ ........ ........ ........ ........ ........ 15% 9.21M 14m35s
1422336K ........ ........ ........ ........ ........ ........ 15% 6.48M 14m35s
1425408K ........ ........ ........ ........ ........ ........ 15% 14.5M 14m34s
1428480K ........ ........ ........ ........ ........ ........ 15% 6.53M 14m35s
1431552K ........ ........ ........ ........ ........ ........ 15% 7.35M 14m34s
1434624K ........ ........ ........ ........ ........ ........ 15% 10.1M 14m34s
1437696K ........ ........ ........ ........ ........ ........ 15% 6.66M 14m34s
1440768K ........ ........ ........ ........ ........ ........ 15% 11.4M 14m33s
1443840K ........ ........ ........ ........ ........ ........ 15% 6.68M 14m33s
1446912K ........ ........ ........ ........ ........ ........ 16% 7.51M 14m33s
1449984K ........ ........ ........ ........ ........ ........ 16% 9.54M 14m33s
1453056K ........ ........ ........ ........ ........ ........ 16% 6.65M 14m33s
1456128K ........ ........ ........ ........ ........ ........ 16% 10.1M 14m32s
1459200K ........ ........ ........ ........ ........ ........ 16% 7.18M 14m32s
1462272K ........ ........ ........ ........ ........ ........ 16% 7.92M 14m32s
1465344K ........ ........ ........ ........ ........ ........ 16% 9.15M 14m31s
1468416K ........ ........ ........ ........ ........ ........ 16% 6.67M 14m32s
1471488K ........ ........ ........ ........ ........ ........ 16% 10.2M 14m31s
1474560K ........ ........ ........ ........ ........ ........ 16% 6.99M 14m31s
1477632K ........ ........ ........ ........ ........ ........ 16% 7.35M 14m31s
1480704K ........ ........ ........ ........ ........ ........ 16% 10.1M 14m30s
1483776K ........ ........ ........ ........ ........ ........ 16% 6.65M 14m30s
1486848K ........ ........ ........ ........ ........ ........ 16% 11.4M 14m30s
1489920K ........ ........ ........ ........ ........ ........ 16% 6.67M 14m30s
1492992K ........ ........ ........ ........ ........ ........ 16% 7.35M 14m30s
1496064K ........ ........ ........ ........ ........ ........ 16% 9.85M 14m29s
1499136K ........ ........ ........ ........ ........ ........ 16% 6.79M 14m29s
1502208K ........ ........ ........ ........ ........ ........ 16% 12.8M 14m28s
1505280K ........ ........ ........ ........ ........ ........ 16% 6.53M 14m28s
1508352K ........ ........ ........ ........ ........ ........ 16% 7.36M 14m28s
1511424K ........ ........ ........ ........ ........ ........ 16% 10.1M 14m28s
1514496K ........ ........ ........ ........ ........ ........ 16% 6.65M 14m28s
1517568K ........ ........ ........ ........ ........ ........ 16% 11.4M 14m27s
1520640K ........ ........ ........ ........ ........ ........ 16% 6.65M 14m27s
1523712K ........ ........ ........ ........ ........ ........ 16% 7.34M 14m27s
1526784K ........ ........ ........ ........ ........ ........ 16% 9.84M 14m26s
1529856K ........ ........ ........ ........ ........ ........ 16% 6.79M 14m26s
1532928K ........ ........ ........ ........ ........ ........ 16% 11.1M 14m26s
1536000K ........ ........ ........ ........ ........ ........ 17% 6.64M 14m26s
1539072K ........ ........ ........ ........ ........ ........ 17% 7.35M 14m26s
1542144K ........ ........ ........ ........ ........ ........ 17% 10.1M 14m25s
1545216K ........ ........ ........ ........ ........ ........ 17% 6.67M 14m25s
1548288K ........ ........ ........ ........ ........ ........ 17% 10.2M 14m25s
1551360K ........ ........ ........ ........ ........ ........ 17% 7.14M 14m24s
1554432K ........ ........ ........ ........ ........ ........ 17% 7.35M 14m24s
1557504K ........ ........ ........ ........ ........ ........ 17% 9.86M 14m24s
1560576K ........ ........ ........ ........ ........ ........ 17% 6.64M 14m24s
1563648K ........ ........ ........ ........ ........ ........ 17% 11.4M 14m23s
1566720K ........ ........ ........ ........ ........ ........ 17% 6.66M 14m23s
1569792K ........ ........ ........ ........ ........ ........ 17% 7.52M 14m23s
1572864K ........ ........ ........ ........ ........ ........ 17% 9.52M 14m23s
1575936K ........ ........ ........ ........ ........ ........ 17% 6.79M 14m23s
1579008K ........ ........ ........ ........ ........ ........ 17% 12.8M 14m22s
1582080K ........ ........ ........ ........ ........ ........ 17% 6.53M 14m22s
1585152K ........ ........ ........ ........ ........ ........ 17% 7.50M 14m22s
1588224K ........ ........ ........ ........ ........ ........ 17% 9.85M 14m21s
1591296K ........ ........ ........ ........ ........ ........ 17% 6.65M 14m21s
1594368K ........ ........ ........ ........ ........ ........ 17% 11.5M 14m20s
1597440K ........ ........ ........ ........ ........ ........ 17% 6.55M 14m21s
1600512K ........ ........ ........ ........ ........ ........ 17% 6.78M 14m21s
1603584K ........ ........ ........ ........ ........ ........ 17% 11.5M 14m20s
1606656K ........ ........ ........ ........ ........ ........ 17% 6.70M 14m20s
1609728K ........ ........ ........ ........ ........ ........ 17% 11.4M 14m19s
1612800K ........ ........ ........ ........ ........ ........ 17% 6.64M 14m19s
1615872K ........ ........ ........ ........ ........ ........ 17% 7.93M 14m19s
1618944K ........ ........ ........ ........ ........ ........ 17% 8.96M 14m18s
1622016K ........ ........ ........ ........ ........ ........ 17% 6.64M 14m19s
1625088K ........ ........ ........ ........ ........ ........ 17% 11.4M 14m18s
1628160K ........ ........ ........ ........ ........ ........ 18% 6.66M 14m18s
1631232K ........ ........ ........ ........ ........ ........ 18% 8.12M 14m18s
1634304K ........ ........ ........ ........ ........ ........ 18% 9.24M 14m17s
1637376K ........ ........ ........ ........ ........ ........ 18% 6.36M 14m17s
1640448K ........ ........ ........ ........ ........ ........ 18% 10.6M 14m17s
1643520K ........ ........ ........ ........ ........ ........ 18% 6.66M 14m17s
1646592K ........ ........ ........ ........ ........ ........ 18% 7.34M 14m16s
1649664K ........ ........ ........ ........ ........ ........ 18% 9.84M 14m16s
1652736K ........ ........ ........ ........ ........ ........ 18% 6.79M 14m16s
1655808K ........ ........ ........ ........ ........ ........ 18% 11.0M 14m15s
1658880K ........ ........ ........ ........ ........ ........ 18% 6.67M 14m15s
1661952K ........ ........ ........ ........ ........ ........ 18% 7.35M 14m15s
1665024K ........ ........ ........ ........ ........ ........ 18% 9.81M 14m15s
1668096K ........ ........ ........ ........ ........ ........ 18% 6.81M 14m15s
1671168K ........ ........ ........ ........ ........ ........ 18% 9.90M 14m14s
1674240K ........ ........ ........ ........ ........ ........ 18% 7.16M 14m14s
1677312K ........ ........ ........ ........ ........ ........ 18% 7.94M 14m14s
1680384K ........ ........ ........ ........ ........ ........ 18% 9.20M 14m13s
1683456K ........ ........ ........ ........ ........ ........ 18% 6.50M 14m13s
1686528K ........ ........ ........ ........ ........ ........ 18% 11.4M 14m13s
1689600K ........ ........ ........ ........ ........ ........ 18% 6.67M 14m13s
1692672K ........ ........ ........ ........ ........ ........ 18% 8.75M 14m12s
1695744K ........ ........ ........ ........ ........ ........ 18% 8.20M 14m12s
1698816K ........ ........ ........ ........ ........ ........ 18% 6.66M 14m12s
1701888K ........ ........ ........ ........ ........ ........ 18% 11.4M 14m11s
1704960K ........ ........ ........ ........ ........ ........ 18% 6.65M 14m11s
1708032K ........ ........ ........ ........ ........ ........ 18% 7.35M 14m11s
1711104K ........ ........ ........ ........ ........ ........ 18% 9.84M 14m10s
1714176K ........ ........ ........ ........ ........ ........ 18% 6.65M 14m11s
1717248K ........ ........ ........ ........ ........ ........ 19% 11.4M 14m10s
1720320K ........ ........ ........ ........ ........ ........ 19% 6.68M 14m10s
1723392K ........ ........ ........ ........ ........ ........ 19% 7.32M 14m10s
1726464K ........ ........ ........ ........ ........ ........ 19% 9.81M 14m9s
1729536K ........ ........ ........ ........ ........ ........ 19% 6.80M 14m9s
1732608K ........ ........ ........ ........ ........ ........ 19% 11.3M 14m8s
1735680K ........ ........ ........ ........ ........ ........ 19% 7.16M 14m8s
1738752K ........ ........ ........ ........ ........ ........ 19% 7.33M 14m8s
1741824K ........ ........ ........ ........ ........ ........ 19% 9.81M 14m8s
1744896K ........ ........ ........ ........ ........ ........ 19% 6.49M 14m8s
1747968K ........ ........ ........ ........ ........ ........ 19% 11.4M 14m7s
1751040K ........ ........ ........ ........ ........ ........ 19% 6.66M 14m7s
1754112K ........ ........ ........ ........ ........ ........ 19% 7.02M 14m7s
1757184K ........ ........ ........ ........ ........ ........ 19% 10.5M 14m6s
1760256K ........ ........ ........ ........ ........ ........ 19% 6.78M 14m6s
1763328K ........ ........ ........ ........ ........ ........ 19% 11.4M 14m5s
1766400K ........ ........ ........ ........ ........ ........ 19% 6.52M 14m6s
1769472K ........ ........ ........ ........ ........ ........ 19% 7.36M 14m5s
1772544K ........ ........ ........ ........ ........ ........ 19% 10.1M 14m5s
1775616K ........ ........ ........ ........ ........ ........ 19% 6.64M 14m5s
1778688K ........ ........ ........ ........ ........ ........ 19% 7.24M 14m5s
1781760K ........ ........ ........ ........ ........ ........ 19% 4.18M 14m6s
1784832K ........ ........ ........ ........ ........ ........ 19% 3.90M 14m7s
1787904K ........ ........ ........ ........ ........ ........ 19% 6.33M 14m7s
1790976K ........ ........ ........ ........ ........ ........ 19% 4.10M 14m8s
1794048K ........ ........ ........ ........ ........ ........ 19% 3.53M 14m10s
1797120K ........ ........ ........ ........ ........ ........ 19% 5.44M 14m10s
1800192K ........ ........ ........ ........ ........ ........ 19% 4.87M 14m11s
1803264K ........ ........ ........ ........ ........ ........ 19% 4.25M 14m12s
1806336K ........ ........ ........ ........ ........ ........ 20% 3.34M 14m14s
1809408K ........ ........ ........ ........ ........ ........ 20% 7.58M 14m14s
1812480K ........ ........ ........ ........ ........ ........ 20% 6.85M 14m14s
1815552K ........ ........ ........ ........ ........ ........ 20% 8.35M 14m13s
1818624K ........ ........ ........ ........ ........ ........ 20% 7.98M 14m13s
1821696K ........ ........ ........ ........ ........ ........ 20% 7.59M 14m13s
1824768K ........ ........ ........ ........ ........ ........ 20% 10.4M 14m12s
1827840K ........ ........ ........ ........ ........ ........ 20% 7.98M 14m12s
1830912K ........ ........ ........ ........ ........ ........ 20% 6.89M 14m12s
1833984K ........ ........ ........ ........ ........ ........ 20% 7.05M 14m11s
1837056K ........ ........ ........ ........ ........ ........ 20% 10.4M 14m11s
1840128K ........ ........ ........ ........ ........ ........ 20% 7.29M 14m11s
1843200K ........ ........ ........ ........ ........ ........ 20% 9.03M 14m10s
1846272K ........ ........ ........ ........ ........ ........ 20% 8.29M 14m10s
1849344K ........ ........ ........ ........ ........ ........ 20% 7.43M 14m10s
1852416K ........ ........ ........ ........ ........ ........ 20% 6.65M 14m10s
1855488K ........ ........ ........ ........ ........ ........ 20% 11.6M 14m9s
1858560K ........ ........ ........ ........ ........ ........ 20% 6.53M 14m9s
1861632K ........ ........ ........ ........ ........ ........ 20% 7.36M 14m9s
1864704K ........ ........ ........ ........ ........ ........ 20% 10.2M 14m8s
1867776K ........ ........ ........ ........ ........ ........ 20% 6.64M 14m8s
1870848K ........ ........ ........ ........ ........ ........ 20% 12.9M 14m7s
1873920K ........ ........ ........ ........ ........ ........ 20% 6.66M 14m7s
1876992K ........ ........ ........ ........ ........ ........ 20% 7.34M 14m7s
1880064K ........ ........ ........ ........ ........ ........ 20% 9.84M 14m6s
1883136K ........ ........ ........ ........ ........ ........ 20% 6.65M 14m6s
1886208K ........ ........ ........ ........ ........ ........ 20% 11.7M 14m6s
1889280K ........ ........ ........ ........ ........ ........ 20% 6.54M 14m6s
1892352K ........ ........ ........ ........ ........ ........ 20% 7.73M 14m5s
1895424K ........ ........ ........ ........ ........ ........ 20% 9.52M 14m5s
1898496K ........ ........ ........ ........ ........ ........ 21% 6.65M 14m5s
1901568K ........ ........ ........ ........ ........ ........ 21% 11.4M 14m4s
1904640K ........ ........ ........ ........ ........ ........ 21% 6.64M 14m4s
1907712K ........ ........ ........ ........ ........ ........ 21% 7.94M 14m4s
1910784K ........ ........ ........ ........ ........ ........ 21% 8.97M 14m3s
1913856K ........ ........ ........ ........ ........ ........ 21% 6.64M 14m3s
1916928K ........ ........ ........ ........ ........ ........ 21% 11.4M 14m2s
1920000K ........ ........ ........ ........ ........ ........ 21% 6.66M 14m2s
1923072K ........ ........ ........ ........ ........ ........ 21% 7.09M 14m2s
1926144K ........ ........ ........ ........ ........ ........ 21% 10.3M 14m2s
1929216K ........ ........ ........ ........ ........ ........ 21% 6.81M 14m1s
1932288K ........ ........ ........ ........ ........ ........ 21% 11.3M 14m1s
1935360K ........ ........ ........ ........ ........ ........ 21% 6.53M 14m1s
1938432K ........ ........ ........ ........ ........ ........ 21% 7.35M 14m1s
1941504K ........ ........ ........ ........ ........ ........ 21% 10.2M 14m0s
1944576K ........ ........ ........ ........ ........ ........ 21% 6.64M 14m0s
1947648K ........ ........ ........ ........ ........ ........ 21% 11.4M 13m59s
1950720K ........ ........ ........ ........ ........ ........ 21% 6.65M 13m59s
1953792K ........ ........ ........ ........ ........ ........ 21% 7.62M 13m59s
1956864K ........ ........ ........ ........ ........ ........ 21% 9.29M 13m58s
1959936K ........ ........ ........ ........ ........ ........ 21% 6.79M 13m58s
1963008K ........ ........ ........ ........ ........ ........ 21% 11.4M 13m58s
1966080K ........ ........ ........ ........ ........ ........ 21% 6.64M 13m58s
1969152K ........ ........ ........ ........ ........ ........ 21% 7.30M 13m57s
1972224K ........ ........ ........ ........ ........ ........ 21% 9.98M 13m57s
1975296K ........ ........ ........ ........ ........ ........ 21% 6.63M 13m57s
1978368K ........ ........ ........ ........ ........ ........ 21% 11.4M 13m56s
1981440K ........ ........ ........ ........ ........ ........ 21% 7.28M 13m56s
1984512K ........ ........ ........ ........ ........ ........ 21% 7.35M 13m56s
1987584K ........ ........ ........ ........ ........ ........ 22% 9.47M 13m55s
1990656K ........ ........ ........ ........ ........ ........ 22% 6.65M 13m55s
1993728K ........ ........ ........ ........ ........ ........ 22% 7.26M 13m55s
1996800K ........ ........ ........ ........ ........ ........ 22% 9.96M 13m54s
1999872K ........ ........ ........ ........ ........ ........ 22% 7.94M 13m54s
2002944K ........ ........ ........ ........ ........ ........ 22% 8.96M 13m53s
2006016K ........ ........ ........ ........ ........ ........ 22% 6.65M 13m53s
2009088K ........ ........ ........ ........ ........ ........ 22% 11.6M 13m53s
2012160K ........ ........ ........ ........ ........ ........ 22% 6.55M 13m53s
2015232K ........ ........ ........ ........ ........ ........ 22% 7.34M 13m52s
2018304K ........ ........ ........ ........ ........ ........ 22% 10.2M 13m52s
2021376K ........ ........ ........ ........ ........ ........ 22% 6.65M 13m52s
2024448K ........ ........ ........ ........ ........ ........ 22% 10.2M 13m51s
2027520K ........ ........ ........ ........ ........ ........ 22% 7.13M 13m51s
2030592K ........ ........ ........ ........ ........ ........ 22% 7.32M 13m51s
2033664K ........ ........ ........ ........ ........ ........ 22% 9.91M 13m50s
2036736K ........ ........ ........ ........ ........ ........ 22% 6.64M 13m50s
2039808K ........ ........ ........ ........ ........ ........ 22% 11.4M 13m49s
2042880K ........ ........ ........ ........ ........ ........ 22% 6.67M 13m49s
2045952K ........ ........ ........ ........ ........ ........ 22% 7.72M 13m49s
2049024K ........ ........ ........ ........ ........ ........ 22% 9.21M 13m49s
2052096K ........ ........ ........ ........ ........ ........ 22% 6.80M 13m48s
2055168K ........ ........ ........ ........ ........ ........ 22% 11.4M 13m48s
2058240K ........ ........ ........ ........ ........ ........ 22% 6.53M 13m48s
2061312K ........ ........ ........ ........ ........ ........ 22% 7.13M 13m48s
2064384K ........ ........ ........ ........ ........ ........ 22% 10.6M 13m47s
2067456K ........ ........ ........ ........ ........ ........ 22% 6.64M 13m47s
2070528K ........ ........ ........ ........ ........ ........ 22% 11.4M 13m46s
2073600K ........ ........ ........ ........ ........ ........ 22% 6.69M 13m46s
2076672K ........ ........ ........ ........ ........ ........ 22% 7.33M 13m46s
2079744K ........ ........ ........ ........ ........ ........ 23% 9.82M 13m45s
2082816K ........ ........ ........ ........ ........ ........ 23% 6.75M 13m45s
2085888K ........ ........ ........ ........ ........ ........ 23% 11.4M 13m44s
2088960K ........ ........ ........ ........ ........ ........ 23% 6.52M 13m44s
2092032K ........ ........ ........ ........ ........ ........ 23% 8.16M 13m44s
2095104K ........ ........ ........ ........ ........ ........ 23% 8.95M 13m44s
2098176K ........ ........ ........ ........ ........ ........ 23% 6.63M 13m44s
2101248K ........ ........ ........ ........ ........ ........ 23% 11.4M 13m43s
2104320K ........ ........ ........ ........ ........ ........ 23% 7.16M 13m43s
2107392K ........ ........ ........ ........ ........ ........ 23% 7.15M 13m43s
2110464K ........ ........ ........ ........ ........ ........ 23% 9.20M 13m42s
2113536K ........ ........ ........ ........ ........ ........ 23% 6.95M 13m42s
2116608K ........ ........ ........ ........ ........ ........ 23% 11.7M 13m41s
2119680K ........ ........ ........ ........ ........ ........ 23% 6.27M 13m41s
2122752K ........ ........ ........ ........ ........ ........ 23% 7.72M 13m41s
2125824K ........ ........ ........ ........ ........ ........ 23% 10.3M 13m40s
2128896K ........ ........ ........ ........ ........ ........ 23% 6.24M 13m40s
2131968K ........ ........ ........ ........ ........ ........ 23% 10.9M 13m40s
2135040K ........ ........ ........ ........ ........ ........ 23% 6.81M 13m40s
2138112K ........ ........ ........ ........ ........ ........ 23% 6.86M 13m39s
2141184K ........ ........ ........ ........ ........ ........ 23% 12.0M 13m39s
2144256K ........ ........ ........ ........ ........ ........ 23% 7.99M 13m38s
2147328K ........ ........ ........ ........ ........ ........ 23% 6.24M 13m38s
2150400K ........ ........ ........ ........ ........ ........ 23% 8.54M 13m38s
2153472K ........ ........ ........ ........ ........ ........ 23% 9.05M 13m37s
2156544K ........ ........ ........ ........ ........ ........ 23% 7.04M 13m37s
2159616K ........ ........ ........ ........ ........ ........ 23% 10.7M 13m37s
2162688K ........ ........ ........ ........ ........ ........ 23% 6.57M 13m37s
2165760K ........ ........ ........ ........ ........ ........ 23% 8.51M 13m36s
2168832K ........ ........ ........ ........ ........ ........ 24% 5.53M 13m36s
2171904K ........ ........ ........ ........ ........ ........ 24% 6.32M 13m36s
2174976K ........ ........ ........ ........ ........ ........ 24% 9.72M 13m36s
2178048K ........ ........ ........ ........ ........ ........ 24% 6.66M 13m36s
2181120K ........ ........ ........ ........ ........ ........ 24% 7.65M 13m35s
2184192K ........ ........ ........ ........ ........ ........ 24% 9.34M 13m35s
2187264K ........ ........ ........ ........ ........ ........ 24% 7.07M 13m35s
2190336K ........ ........ ........ ........ ........ ........ 24% 10.7M 13m34s
2193408K ........ ........ ........ ........ ........ ........ 24% 6.50M 13m34s
2196480K ........ ........ ........ ........ ........ ........ 24% 7.87M 13m34s
2199552K ........ ........ ........ ........ ........ ........ 24% 9.30M 13m33s
2202624K ........ ........ ........ ........ ........ ........ 24% 6.91M 13m33s
2205696K ........ ........ ........ ........ ........ ........ 24% 10.8M 13m32s
2208768K ........ ........ ........ ........ ........ ........ 24% 6.62M 13m32s
2211840K ........ ........ ........ ........ ........ ........ 24% 9.06M 13m32s
2214912K ........ ........ ........ ........ ........ ........ 24% 7.86M 13m32s
2217984K ........ ........ ........ ........ ........ ........ 24% 7.06M 13m31s
2221056K ........ ........ ........ ........ ........ ........ 24% 10.4M 13m31s
2224128K ........ ........ ........ ........ ........ ........ 24% 6.67M 13m31s
2227200K ........ ........ ........ ........ ........ ........ 24% 9.05M 13m30s
2230272K ........ ........ ........ ........ ........ ........ 24% 7.85M 13m30s
2233344K ........ ........ ........ ........ ........ ........ 24% 7.08M 13m30s
2236416K ........ ........ ........ ........ ........ ........ 24% 10.7M 13m29s
2239488K ........ ........ ........ ........ ........ ........ 24% 6.48M 13m29s
2242560K ........ ........ ........ ........ ........ ........ 24% 10.2M 13m28s
2245632K ........ ........ ........ ........ ........ ........ 24% 7.28M 13m28s
2248704K ........ ........ ........ ........ ........ ........ 24% 7.06M 13m28s
2251776K ........ ........ ........ ........ ........ ........ 24% 10.4M 13m27s
2254848K ........ ........ ........ ........ ........ ........ 24% 6.67M 13m27s
2257920K ........ ........ ........ ........ ........ ........ 24% 9.33M 13m27s
2260992K ........ ........ ........ ........ ........ ........ 25% 7.65M 13m27s
2264064K ........ ........ ........ ........ ........ ........ 25% 7.07M 13m26s
2267136K ........ ........ ........ ........ ........ ........ 25% 10.6M 13m26s
2270208K ........ ........ ........ ........ ........ ........ 25% 6.57M 13m26s
2273280K ........ ........ ........ ........ ........ ........ 25% 8.80M 13m25s
2276352K ........ ........ ........ ........ ........ ........ 25% 8.25M 13m25s
2279424K ........ ........ ........ ........ ........ ........ 25% 7.06M 13m25s
2282496K ........ ........ ........ ........ ........ ........ 25% 10.4M 13m24s
2285568K ........ ........ ........ ........ ........ ........ 25% 7.33M 13m24s
2288640K ........ ........ ........ ........ ........ ........ 25% 9.65M 13m23s
2291712K ........ ........ ........ ........ ........ ........ 25% 7.43M 13m23s
2294784K ........ ........ ........ ........ ........ ........ 25% 7.07M 13m23s
2297856K ........ ........ ........ ........ ........ ........ 25% 10.6M 13m22s
2300928K ........ ........ ........ ........ ........ ........ 25% 6.54M 13m22s
2304000K ........ ........ ........ ........ ........ ........ 25% 8.55M 13m22s
2307072K ........ ........ ........ ........ ........ ........ 25% 8.45M 13m21s
2310144K ........ ........ ........ ........ ........ ........ 25% 6.93M 13m21s
2313216K ........ ........ ........ ........ ........ ........ 25% 10.7M 13m21s
2316288K ........ ........ ........ ........ ........ ........ 25% 6.63M 13m20s
2319360K ........ ........ ........ ........ ........ ........ 25% 9.02M 13m20s
2322432K ........ ........ ........ ........ ........ ........ 25% 7.85M 13m20s
2325504K ........ ........ ........ ........ ........ ........ 25% 7.06M 13m20s
2328576K ........ ........ ........ ........ ........ ........ 25% 10.4M 13m19s
2331648K ........ ........ ........ ........ ........ ........ 25% 6.66M 13m19s
2334720K ........ ........ ........ ........ ........ ........ 25% 7.65M 13m19s
2337792K ........ ........ ........ ........ ........ ........ 25% 9.52M 13m18s
2340864K ........ ........ ........ ........ ........ ........ 25% 6.93M 13m18s
2343936K ........ ........ ........ ........ ........ ........ 25% 10.8M 13m17s
2347008K ........ ........ ........ ........ ........ ........ 25% 5.54M 13m17s
2350080K ........ ........ ........ ........ ........ ........ 26% 9.31M 13m17s
2353152K ........ ........ ........ ........ ........ ........ 26% 8.59M 13m16s
2356224K ........ ........ ........ ........ ........ ........ 26% 6.19M 13m16s
2359296K ........ ........ ........ ........ ........ ........ 26% 7.52M 13m16s
2362368K ........ ........ ........ ........ ........ ........ 26% 4.20M 13m17s
2365440K ........ ........ ........ ........ ........ ........ 26% 4.76M 13m17s
2368512K ........ ........ ........ ........ ........ ........ 26% 6.78M 13m17s
2371584K ........ ........ ........ ........ ........ ........ 26% 7.60M 13m17s
2374656K ........ ........ ........ ........ ........ ........ 26% 7.44M 13m16s
2377728K ........ ........ ........ ........ ........ ........ 26% 7.71M 13m16s
2380800K ........ ........ ........ ........ ........ ........ 26% 7.89M 13m16s
2383872K ........ ........ ........ ........ ........ ........ 26% 7.76M 13m15s
2386944K ........ ........ ........ ........ ........ ........ 26% 9.40M 13m15s
2390016K ........ ........ ........ ........ ........ ........ 26% 7.19M 13m15s
2393088K ........ ........ ........ ........ ........ ........ 26% 10.1M 13m14s
2396160K ........ ........ ........ ........ ........ ........ 26% 6.35M 13m14s
2399232K ........ ........ ........ ........ ........ ........ 26% 9.27M 13m14s
2402304K ........ ........ ........ ........ ........ ........ 26% 8.74M 13m13s
2405376K ........ ........ ........ ........ ........ ........ 26% 4.50M 13m14s
2408448K ........ ........ ........ ........ ........ ........ 26% 7.29M 13m13s
2411520K ........ ........ ........ ........ ........ ........ 26% 11.8M 13m13s
2414592K ........ ........ ........ ........ ........ ........ 26% 8.12M 13m12s
2417664K ........ ........ ........ ........ ........ ........ 26% 6.10M 13m12s
2420736K ........ ........ ........ ........ ........ ........ 26% 8.03M 13m12s
2423808K ........ ........ ........ ........ ........ ........ 26% 7.78M 13m12s
2426880K ........ ........ ........ ........ ........ ........ 26% 7.76M 13m11s
2429952K ........ ........ ........ ........ ........ ........ 26% 9.49M 13m11s
2433024K ........ ........ ........ ........ ........ ........ 26% 8.09M 13m11s
2436096K ........ ........ ........ ........ ........ ........ 26% 6.82M 13m10s
2439168K ........ ........ ........ ........ ........ ........ 26% 9.25M 13m10s
2442240K ........ ........ ........ ........ ........ ........ 27% 8.23M 13m9s
2445312K ........ ........ ........ ........ ........ ........ 27% 7.48M 13m9s
2448384K ........ ........ ........ ........ ........ ........ 27% 8.12M 13m9s
2451456K ........ ........ ........ ........ ........ ........ 27% 7.90M 13m9s
2454528K ........ ........ ........ ........ ........ ........ 27% 8.11M 13m8s
2457600K ........ ........ ........ ........ ........ ........ 27% 7.89M 13m8s
2460672K ........ ........ ........ ........ ........ ........ 27% 8.11M 13m7s
2463744K ........ ........ ........ ........ ........ ........ 27% 7.89M 13m7s
2466816K ........ ........ ........ ........ ........ ........ 27% 8.11M 13m7s
2469888K ........ ........ ........ ........ ........ ........ 27% 7.89M 13m6s
2472960K ........ ........ ........ ........ ........ ........ 27% 8.11M 13m6s
2476032K ........ ........ ........ ........ ........ ........ 27% 7.89M 13m6s
2479104K ........ ........ ........ ........ ........ ........ 27% 8.11M 13m5s
2482176K ........ ........ ........ ........ ........ ........ 27% 7.90M 13m5s
2485248K ........ ........ ........ ........ ........ ........ 27% 8.10M 13m5s
2488320K ........ ........ ........ ........ ........ ........ 27% 7.88M 13m4s
2491392K ........ ........ ........ ........ ........ ........ 27% 8.10M 13m4s
2494464K ........ ........ ........ ........ ........ ........ 27% 7.91M 13m4s
2497536K ........ ........ ........ ........ ........ ........ 27% 8.11M 13m3s
2500608K ........ ........ ........ ........ ........ ........ 27% 7.86M 13m3s
2503680K ........ ........ ........ ........ ........ ........ 27% 8.15M 13m3s
2506752K ........ ........ ........ ........ ........ ........ 27% 7.89M 13m2s
2509824K ........ ........ ........ ........ ........ ........ 27% 8.11M 13m2s
2512896K ........ ........ ........ ........ ........ ........ 27% 7.89M 13m2s
2515968K ........ ........ ........ ........ ........ ........ 27% 6.31M 13m1s
2519040K ........ ........ ........ ........ ........ ........ 27% 9.34M 13m1s
2522112K ........ ........ ........ ........ ........ ........ 27% 7.54M 13m1s
2525184K ........ ........ ........ ........ ........ ........ 27% 7.52M 13m0s
2528256K ........ ........ ........ ........ ........ ........ 27% 9.62M 13m0s
2531328K ........ ........ ........ ........ ........ ........ 28% 6.69M 13m0s
2534400K ........ ........ ........ ........ ........ ........ 28% 8.33M 12m59s
2537472K ........ ........ ........ ........ ........ ........ 28% 8.86M 12m59s
2540544K ........ ........ ........ ........ ........ ........ 28% 4.38M 12m59s
2543616K ........ ........ ........ ........ ........ ........ 28% 5.06M 13m0s
2546688K ........ ........ ........ ........ ........ ........ 28% 4.06M 13m0s
2549760K ........ ........ ........ ........ ........ ........ 28% 5.09M 13m0s
2552832K ........ ........ ........ ........ ........ ........ 28% 4.00M 13m1s
2555904K ........ ........ ........ ........ ........ ........ 28% 4.34M 13m1s
2558976K ........ ........ ........ ........ ........ ........ 28% 3.57M 13m2s
2562048K ........ ........ ........ ........ ........ ........ 28% 4.80M 13m2s
2565120K ........ ........ ........ ........ ........ ........ 28% 4.74M 13m3s
2568192K ........ ........ ........ ........ ........ ........ 28% 4.44M 13m3s
2571264K ........ ........ ........ ........ ........ ........ 28% 3.75M 13m4s
2574336K ........ ........ ........ ........ ........ ........ 28% 5.15M 13m4s
2577408K ........ ........ ........ ........ ........ ........ 28% 5.07M 13m4s
2580480K ........ ........ ........ ........ ........ ........ 28% 6.45M 13m4s
2583552K ........ ........ ........ ........ ........ ........ 28% 7.89M 13m4s
2586624K ........ ........ ........ ........ ........ ........ 28% 4.26M 13m4s
2589696K ........ ........ ........ ........ ........ ........ 28% 4.15M 13m5s
2592768K ........ ........ ........ ........ ........ ........ 28% 3.82M 13m5s
2595840K ........ ........ ........ ........ ........ ........ 28% 3.27M 13m6s
2598912K ........ ........ ........ ........ ........ ........ 28% 4.04M 13m7s
2601984K ........ ........ ........ ........ ........ ........ 28% 5.24M 13m7s
2605056K ........ ........ ........ ........ ........ ........ 28% 2.95M 13m8s
2608128K ........ ........ ........ ........ ........ ........ 28% 7.97M 13m8s
2611200K ........ ........ ........ ........ ........ ........ 28% 10.3M 13m7s
2614272K ........ ........ ........ ........ ........ ........ 28% 6.70M 13m7s
2617344K ........ ........ ........ ........ ........ ........ 28% 10.9M 13m6s
2620416K ........ ........ ........ ........ ........ ........ 28% 7.23M 13m6s
2623488K ........ ........ ........ ........ ........ ........ 29% 8.67M 13m6s
2626560K ........ ........ ........ ........ ........ ........ 29% 8.32M 13m5s
2629632K ........ ........ ........ ........ ........ ........ 29% 8.32M 13m5s
2632704K ........ ........ ........ ........ ........ ........ 29% 8.09M 13m4s
2635776K ........ ........ ........ ........ ........ ........ 29% 7.92M 13m4s
2638848K ........ ........ ........ ........ ........ ........ 29% 8.10M 13m4s
2641920K ........ ........ ........ ........ ........ ........ 29% 7.89M 13m3s
2644992K ........ ........ ........ ........ ........ ........ 29% 8.11M 13m3s
2648064K ........ ........ ........ ........ ........ ........ 29% 6.91M 13m3s
2651136K ........ ........ ........ ........ ........ ........ 29% 7.39M 13m2s
2654208K ........ ........ ........ ........ ........ ........ 29% 11.3M 13m2s
2657280K ........ ........ ........ ........ ........ ........ 29% 6.70M 13m1s
2660352K ........ ........ ........ ........ ........ ........ 29% 7.39M 13m1s
2663424K ........ ........ ........ ........ ........ ........ 29% 9.75M 13m1s
2666496K ........ ........ ........ ........ ........ ........ 29% 6.72M 13m0s
2669568K ........ ........ ........ ........ ........ ........ 29% 11.1M 13m0s
2672640K ........ ........ ........ ........ ........ ........ 29% 6.74M 13m0s
2675712K ........ ........ ........ ........ ........ ........ 29% 7.35M 12m59s
2678784K ........ ........ ........ ........ ........ ........ 29% 9.69M 12m59s
2681856K ........ ........ ........ ........ ........ ........ 29% 6.86M 12m59s
2684928K ........ ........ ........ ........ ........ ........ 29% 11.2M 12m58s
2688000K ........ ........ ........ ........ ........ ........ 29% 6.57M 12m58s
2691072K ........ ........ ........ ........ ........ ........ 29% 7.95M 12m57s
2694144K ........ ........ ........ ........ ........ ........ 29% 10.1M 12m57s
2697216K ........ ........ ........ ........ ........ ........ 29% 6.68M 12m57s
2700288K ........ ........ ........ ........ ........ ........ 29% 11.0M 12m56s
2703360K ........ ........ ........ ........ ........ ........ 29% 6.68M 12m56s
2706432K ........ ........ ........ ........ ........ ........ 29% 7.37M 12m55s
2709504K ........ ........ ........ ........ ........ ........ 29% 9.96M 12m55s
2712576K ........ ........ ........ ........ ........ ........ 30% 6.72M 12m55s
2715648K ........ ........ ........ ........ ........ ........ 30% 8.26M 12m54s
2718720K ........ ........ ........ ........ ........ ........ 30% 8.49M 12m54s
2721792K ........ ........ ........ ........ ........ ........ 30% 7.39M 12m54s
2724864K ........ ........ ........ ........ ........ ........ 30% 9.78M 12m53s
2727936K ........ ........ ........ ........ ........ ........ 30% 6.68M 12m53s
2731008K ........ ........ ........ ........ ........ ........ 30% 13.3M 12m52s
2734080K ........ ........ ........ ........ ........ ........ 30% 4.85M 12m52s
2737152K ........ ........ ........ ........ ........ ........ 30% 9.49M 12m52s
2740224K ........ ........ ........ ........ ........ ........ 30% 6.80M 12m52s
2743296K ........ ........ ........ ........ ........ ........ 30% 10.7M 12m51s
2746368K ........ ........ ........ ........ ........ ........ 30% 6.69M 12m51s
2749440K ........ ........ ........ ........ ........ ........ 30% 9.63M 12m50s
2752512K ........ ........ ........ ........ ........ ........ 30% 7.46M 12m50s
2755584K ........ ........ ........ ........ ........ ........ 30% 7.05M 12m50s
2758656K ........ ........ ........ ........ ........ ........ 30% 10.3M 12m49s
2761728K ........ ........ ........ ........ ........ ........ 30% 6.68M 12m49s
2764800K ........ ........ ........ ........ ........ ........ 30% 8.52M 12m48s
2767872K ........ ........ ........ ........ ........ ........ 30% 8.23M 12m48s
2770944K ........ ........ ........ ........ ........ ........ 30% 7.09M 12m48s
2774016K ........ ........ ........ ........ ........ ........ 30% 10.6M 12m47s
2777088K ........ ........ ........ ........ ........ ........ 30% 6.67M 12m47s
2780160K ........ ........ ........ ........ ........ ........ 30% 8.05M 12m47s
2783232K ........ ........ ........ ........ ........ ........ 30% 8.76M 12m46s
2786304K ........ ........ ........ ........ ........ ........ 30% 7.09M 12m46s
2789376K ........ ........ ........ ........ ........ ........ 30% 10.6M 12m45s
2792448K ........ ........ ........ ........ ........ ........ 30% 6.56M 12m45s
2795520K ........ ........ ........ ........ ........ ........ 30% 7.51M 12m45s
2798592K ........ ........ ........ ........ ........ ........ 30% 9.79M 12m44s
2801664K ........ ........ ........ ........ ........ ........ 31% 6.93M 12m44s
2804736K ........ ........ ........ ........ ........ ........ 31% 10.7M 12m43s
2807808K ........ ........ ........ ........ ........ ........ 31% 6.65M 12m43s
2810880K ........ ........ ........ ........ ........ ........ 31% 7.25M 12m43s
2813952K ........ ........ ........ ........ ........ ........ 31% 9.97M 12m42s
2817024K ........ ........ ........ ........ ........ ........ 31% 7.06M 12m42s
2820096K ........ ........ ........ ........ ........ ........ 31% 10.3M 12m42s
2823168K ........ ........ ........ ........ ........ ........ 31% 6.71M 12m41s
2826240K ........ ........ ........ ........ ........ ........ 31% 7.50M 12m41s
2829312K ........ ........ ........ ........ ........ ........ 31% 9.49M 12m40s
2832384K ........ ........ ........ ........ ........ ........ 31% 7.08M 12m40s
2835456K ........ ........ ........ ........ ........ ........ 31% 10.8M 12m40s
2838528K ........ ........ ........ ........ ........ ........ 31% 6.51M 12m39s
2841600K ........ ........ ........ ........ ........ ........ 31% 9.92M 12m39s
2844672K ........ ........ ........ ........ ........ ........ 31% 7.45M 12m39s
2847744K ........ ........ ........ ........ ........ ........ 31% 7.05M 12m38s
2850816K ........ ........ ........ ........ ........ ........ 31% 10.4M 12m38s
2853888K ........ ........ ........ ........ ........ ........ 31% 6.68M 12m37s
2856960K ........ ........ ........ ........ ........ ........ 31% 8.27M 12m37s
2860032K ........ ........ ........ ........ ........ ........ 31% 8.51M 12m37s
2863104K ........ ........ ........ ........ ........ ........ 31% 7.08M 12m36s
2866176K ........ ........ ........ ........ ........ ........ 31% 10.7M 12m36s
2869248K ........ ........ ........ ........ ........ ........ 31% 6.53M 12m36s
2872320K ........ ........ ........ ........ ........ ........ 31% 7.66M 12m35s
2875392K ........ ........ ........ ........ ........ ........ 31% 8.96M 12m35s
2878464K ........ ........ ........ ........ ........ ........ 31% 7.25M 12m35s
2881536K ........ ........ ........ ........ ........ ........ 31% 10.6M 12m34s
2884608K ........ ........ ........ ........ ........ ........ 31% 6.72M 12m34s
2887680K ........ ........ ........ ........ ........ ........ 31% 9.66M 12m33s
2890752K ........ ........ ........ ........ ........ ........ 31% 7.43M 12m33s
2893824K ........ ........ ........ ........ ........ ........ 32% 7.08M 12m33s
2896896K ........ ........ ........ ........ ........ ........ 32% 10.3M 12m32s
2899968K ........ ........ ........ ........ ........ ........ 32% 6.73M 12m32s
2903040K ........ ........ ........ ........ ........ ........ 32% 8.29M 12m31s
2906112K ........ ........ ........ ........ ........ ........ 32% 8.48M 12m31s
2909184K ........ ........ ........ ........ ........ ........ 32% 7.11M 12m31s
2912256K ........ ........ ........ ........ ........ ........ 32% 10.5M 12m30s
2915328K ........ ........ ........ ........ ........ ........ 32% 6.59M 12m30s
2918400K ........ ........ ........ ........ ........ ........ 32% 7.69M 12m30s
2921472K ........ ........ ........ ........ ........ ........ 32% 9.44M 12m29s
2924544K ........ ........ ........ ........ ........ ........ 32% 6.95M 12m29s
2927616K ........ ........ ........ ........ ........ ........ 32% 10.7M 12m28s
2930688K ........ ........ ........ ........ ........ ........ 32% 6.69M 12m28s
2933760K ........ ........ ........ ........ ........ ........ 32% 8.82M 12m28s
2936832K ........ ........ ........ ........ ........ ........ 32% 8.02M 12m27s
2939904K ........ ........ ........ ........ ........ ........ 32% 7.06M 12m27s
2942976K ........ ........ ........ ........ ........ ........ 32% 10.3M 12m26s
2946048K ........ ........ ........ ........ ........ ........ 32% 6.72M 12m26s
2949120K ........ ........ ........ ........ ........ ........ 32% 9.04M 12m26s
2952192K ........ ........ ........ ........ ........ ........ 32% 7.83M 12m25s
2955264K ........ ........ ........ ........ ........ ........ 32% 6.77M 12m25s
2958336K ........ ........ ........ ........ ........ ........ 32% 13.5M 12m24s
2961408K ........ ........ ........ ........ ........ ........ 32% 6.55M 12m24s
2964480K ........ ........ ........ ........ ........ ........ 32% 9.02M 12m24s
2967552K ........ ........ ........ ........ ........ ........ 32% 7.83M 12m23s
2970624K ........ ........ ........ ........ ........ ........ 32% 7.08M 12m23s
2973696K ........ ........ ........ ........ ........ ........ 32% 10.6M 12m23s
2976768K ........ ........ ........ ........ ........ ........ 32% 6.58M 12m22s
2979840K ........ ........ ........ ........ ........ ........ 32% 8.54M 12m22s
2982912K ........ ........ ........ ........ ........ ........ 33% 8.24M 12m21s
2985984K ........ ........ ........ ........ ........ ........ 33% 5.52M 12m21s
2989056K ........ ........ ........ ........ ........ ........ 33% 5.46M 12m21s
2992128K ........ ........ ........ ........ ........ ........ 33% 4.61M 12m22s
2995200K ........ ........ ........ ........ ........ ........ 33% 5.18M 12m22s
2998272K ........ ........ ........ ........ ........ ........ 33% 6.94M 12m21s
3001344K ........ ........ ........ ........ ........ ........ 33% 9.77M 12m21s
3004416K ........ ........ ........ ........ ........ ........ 33% 6.64M 12m21s
3007488K ........ ........ ........ ........ ........ ........ 33% 12.2M 12m20s
3010560K ........ ........ ........ ........ ........ ........ 33% 7.88M 12m20s
3013632K ........ ........ ........ ........ ........ ........ 33% 8.09M 12m19s
3016704K ........ ........ ........ ........ ........ ........ 33% 7.90M 12m19s
3019776K ........ ........ ........ ........ ........ ........ 33% 8.11M 12m18s
3022848K ........ ........ ........ ........ ........ ........ 33% 7.89M 12m18s
3025920K ........ ........ ........ ........ ........ ........ 33% 8.09M 12m18s
3028992K ........ ........ ........ ........ ........ ........ 33% 7.89M 12m17s
3032064K ........ ........ ........ ........ ........ ........ 33% 8.11M 12m17s
3035136K ........ ........ ........ ........ ........ ........ 33% 7.90M 12m17s
3038208K ........ ........ ........ ........ ........ ........ 33% 8.11M 12m16s
3041280K ........ ........ ........ ........ ........ ........ 33% 7.87M 12m16s
3044352K ........ ........ ........ ........ ........ ........ 33% 6.93M 12m16s
3047424K ........ ........ ........ ........ ........ ........ 33% 8.02M 12m15s
3050496K ........ ........ ........ ........ ........ ........ 33% 9.01M 12m15s
3053568K ........ ........ ........ ........ ........ ........ 33% 7.96M 12m14s
3056640K ........ ........ ........ ........ ........ ........ 33% 6.53M 12m14s
3059712K ........ ........ ........ ........ ........ ........ 33% 7.33M 12m14s
3062784K ........ ........ ........ ........ ........ ........ 33% 11.4M 12m13s
3065856K ........ ........ ........ ........ ........ ........ 33% 6.25M 12m13s
3068928K ........ ........ ........ ........ ........ ........ 33% 11.2M 12m12s
3072000K ........ ........ ........ ........ ........ ........ 33% 6.67M 12m12s
3075072K ........ ........ ........ ........ ........ ........ 34% 7.33M 12m12s
3078144K ........ ........ ........ ........ ........ ........ 34% 7.63M 12m12s
3081216K ........ ........ ........ ........ ........ ........ 34% 11.3M 12m11s
3084288K ........ ........ ........ ........ ........ ........ 34% 7.13M 12m11s
3087360K ........ ........ ........ ........ ........ ........ 34% 8.78M 12m10s
3090432K ........ ........ ........ ........ ........ ........ 34% 6.23M 12m10s
3093504K ........ ........ ........ ........ ........ ........ 34% 4.06M 12m10s
3096576K ........ ........ ........ ........ ........ ........ 34% 5.58M 12m10s
3099648K ........ ........ ........ ........ ........ ........ 34% 4.53M 12m10s
3102720K ........ ........ ........ ........ ........ ........ 34% 6.31M 12m10s
3105792K ........ ........ ........ ........ ........ ........ 34% 7.67M 12m10s
3108864K ........ ........ ........ ........ ........ ........ 34% 6.60M 12m10s
3111936K ........ ........ ........ ........ ........ ........ 34% 11.6M 12m9s
3115008K ........ ........ ........ ........ ........ ........ 34% 7.51M 12m9s
3118080K ........ ........ ........ ........ ........ ........ 34% 6.22M 12m9s
3121152K ........ ........ ........ ........ ........ ........ 34% 14.1M 12m8s
3124224K ........ ........ ........ ........ ........ ........ 34% 6.04M 12m8s
3127296K ........ ........ ........ ........ ........ ........ 34% 10.8M 12m7s
3130368K ........ ........ ........ ........ ........ ........ 34% 7.14M 12m7s
3133440K ........ ........ ........ ........ ........ ........ 34% 8.21M 12m6s
3136512K ........ ........ ........ ........ ........ ........ 34% 9.50M 12m6s
3139584K ........ ........ ........ ........ ........ ........ 34% 8.08M 12m6s
3142656K ........ ........ ........ ........ ........ ........ 34% 7.33M 12m5s
3145728K ........ ........ ........ ........ ........ ........ 34% 6.69M 12m5s
3148800K ........ ........ ........ ........ ........ ........ 34% 9.33M 12m5s
3151872K ........ ........ ........ ........ ........ ........ 34% 7.83M 12m4s
3154944K ........ ........ ........ ........ ........ ........ 34% 7.24M 12m4s
3158016K ........ ........ ........ ........ ........ ........ 34% 10.6M 12m3s
3161088K ........ ........ ........ ........ ........ ........ 34% 7.48M 12m3s
3164160K ........ ........ ........ ........ ........ ........ 35% 6.97M 12m3s
3167232K ........ ........ ........ ........ ........ ........ 35% 7.18M 12m2s
3170304K ........ ........ ........ ........ ........ ........ 35% 11.9M 12m2s
3173376K ........ ........ ........ ........ ........ ........ 35% 7.63M 12m1s
3176448K ........ ........ ........ ........ ........ ........ 35% 9.29M 12m1s
3179520K ........ ........ ........ ........ ........ ........ 35% 6.77M 12m1s
3182592K ........ ........ ........ ........ ........ ........ 35% 7.72M 12m0s
3185664K ........ ........ ........ ........ ........ ........ 35% 9.86M 12m0s
3188736K ........ ........ ........ ........ ........ ........ 35% 8.37M 11m59s
3191808K ........ ........ ........ ........ ........ ........ 35% 7.32M 11m59s
3194880K ........ ........ ........ ........ ........ ........ 35% 7.89M 11m59s
3197952K ........ ........ ........ ........ ........ ........ 35% 7.50M 11m58s
3201024K ........ ........ ........ ........ ........ ........ 35% 8.11M 11m58s
3204096K ........ ........ ........ ........ ........ ........ 35% 7.90M 11m58s
3207168K ........ ........ ........ ........ ........ ........ 35% 8.11M 11m57s
3210240K ........ ........ ........ ........ ........ ........ 35% 8.81M 11m57s
3213312K ........ ........ ........ ........ ........ ........ 35% 7.32M 11m56s
3216384K ........ ........ ........ ........ ........ ........ 35% 8.11M 11m56s
3219456K ........ ........ ........ ........ ........ ........ 35% 7.89M 11m56s
3222528K ........ ........ ........ ........ ........ ........ 35% 8.11M 11m55s
3225600K ........ ........ ........ ........ ........ ........ 35% 7.89M 11m55s
3228672K ........ ........ ........ ........ ........ ........ 35% 8.11M 11m55s
3231744K ........ ........ ........ ........ ........ ........ 35% 7.89M 11m54s
3234816K ........ ........ ........ ........ ........ ........ 35% 8.54M 11m54s
3237888K ........ ........ ........ ........ ........ ........ 35% 7.93M 11m53s
3240960K ........ ........ ........ ........ ........ ........ 35% 8.05M 11m53s
3244032K ........ ........ ........ ........ ........ ........ 35% 7.93M 11m53s
3247104K ........ ........ ........ ........ ........ ........ 35% 7.22M 11m52s
3250176K ........ ........ ........ ........ ........ ........ 35% 6.63M 11m52s
3253248K ........ ........ ........ ........ ........ ........ 35% 11.4M 11m51s
3256320K ........ ........ ........ ........ ........ ........ 36% 6.66M 11m51s
3259392K ........ ........ ........ ........ ........ ........ 36% 7.71M 11m51s
3262464K ........ ........ ........ ........ ........ ........ 36% 9.95M 11m50s
3265536K ........ ........ ........ ........ ........ ........ 36% 6.42M 11m50s
3268608K ........ ........ ........ ........ ........ ........ 36% 11.4M 11m50s
3271680K ........ ........ ........ ........ ........ ........ 36% 8.01M 11m49s
3274752K ........ ........ ........ ........ ........ ........ 36% 6.89M 11m49s
3277824K ........ ........ ........ ........ ........ ........ 36% 8.23M 11m49s
3280896K ........ ........ ........ ........ ........ ........ 36% 10.0M 11m48s
3283968K ........ ........ ........ ........ ........ ........ 36% 7.29M 11m48s
3287040K ........ ........ ........ ........ ........ ........ 36% 9.01M 11m47s
3290112K ........ ........ ........ ........ ........ ........ 36% 8.32M 11m47s
3293184K ........ ........ ........ ........ ........ ........ 36% 6.72M 11m47s
3296256K ........ ........ ........ ........ ........ ........ 36% 11.5M 11m46s
3299328K ........ ........ ........ ........ ........ ........ 36% 7.55M 11m46s
3302400K ........ ........ ........ ........ ........ ........ 36% 8.93M 11m45s
3305472K ........ ........ ........ ........ ........ ........ 36% 6.55M 11m45s
3308544K ........ ........ ........ ........ ........ ........ 36% 9.93M 11m44s
3311616K ........ ........ ........ ........ ........ ........ 36% 8.11M 11m44s
3314688K ........ ........ ........ ........ ........ ........ 36% 7.89M 11m44s
3317760K ........ ........ ........ ........ ........ ........ 36% 7.27M 11m43s
3320832K ........ ........ ........ ........ ........ ........ 36% 7.64M 11m43s
3323904K ........ ........ ........ ........ ........ ........ 36% 7.07M 11m43s
3326976K ........ ........ ........ ........ ........ ........ 36% 10.4M 11m42s
3330048K ........ ........ ........ ........ ........ ........ 36% 6.95M 11m42s
3333120K ........ ........ ........ ........ ........ ........ 36% 8.30M 11m42s
3336192K ........ ........ ........ ........ ........ ........ 36% 9.04M 11m41s
3339264K ........ ........ ........ ........ ........ ........ 36% 6.45M 11m41s
3342336K ........ ........ ........ ........ ........ ........ 36% 9.75M 11m40s
3345408K ........ ........ ........ ........ ........ ........ 37% 7.49M 11m40s
3348480K ........ ........ ........ ........ ........ ........ 37% 9.02M 11m40s
3351552K ........ ........ ........ ........ ........ ........ 37% 6.96M 11m39s
3354624K ........ ........ ........ ........ ........ ........ 37% 6.90M 11m39s
3357696K ........ ........ ........ ........ ........ ........ 37% 10.8M 11m38s
3360768K ........ ........ ........ ........ ........ ........ 37% 8.56M 11m38s
3363840K ........ ........ ........ ........ ........ ........ 37% 6.53M 11m38s
3366912K ........ ........ ........ ........ ........ ........ 37% 7.70M 11m37s
3369984K ........ ........ ........ ........ ........ ........ 37% 10.3M 11m37s
3373056K ........ ........ ........ ........ ........ ........ 37% 8.21M 11m36s
3376128K ........ ........ ........ ........ ........ ........ 37% 7.90M 11m36s
3379200K ........ ........ ........ ........ ........ ........ 37% 7.52M 11m36s
3382272K ........ ........ ........ ........ ........ ........ 37% 7.20M 11m35s
3385344K ........ ........ ........ ........ ........ ........ 37% 7.07M 11m35s
3388416K ........ ........ ........ ........ ........ ........ 37% 11.3M 11m35s
3391488K ........ ........ ........ ........ ........ ........ 37% 7.56M 11m34s
3394560K ........ ........ ........ ........ ........ ........ 37% 8.22M 11m34s
3397632K ........ ........ ........ ........ ........ ........ 37% 7.58M 11m34s
3400704K ........ ........ ........ ........ ........ ........ 37% 6.31M 11m33s
3403776K ........ ........ ........ ........ ........ ........ 37% 11.5M 11m33s
3406848K ........ ........ ........ ........ ........ ........ 37% 7.50M 11m32s
3409920K ........ ........ ........ ........ ........ ........ 37% 8.10M 11m32s
3412992K ........ ........ ........ ........ ........ ........ 37% 7.90M 11m32s
3416064K ........ ........ ........ ........ ........ ........ 37% 8.11M 11m31s