--2021-04-25 20:03:52--  https://www.lange.net.br/carregar_link2
Resolving www.lange.net.br (www.lange.net.br)... 213.136.80.111
Connecting to www.lange.net.br (www.lange.net.br)|213.136.80.111|:443... connected.
HTTP request sent, awaiting response... 200 OK
Length: 3972317184 (3.7G)
Saving to: '/dev/null'

     0K ........ ........ ........ ........ ........ ........  0% 1.94M 32m27s
  3072K ........ ........ ........ ........ ........ ........  0% 6.64M 20m58s
  6144K ........ ........ ........ ........ ........ ........  0% 4.66M 18m28s
  9216K ........ ........ ........ ........ ........ ........  0% 2.71M 19m38s
 12288K ........ ........ ........ ........ ........ ........  0% 4.58M 18m27s
 15360K ........ ........ ........ ........ ........ ........  0% 3.42M 18m25s
 18432K ........ ........ ........ ........ ........ ........  0% 2.73M 19m3s
 21504K ........ ........ ........ ........ ........ ........  0% 2.29M 20m5s
 24576K ........ ........ ........ ........ ........ ........  0% 2.26M 20m55s
 27648K ........ ........ ........ ........ ........ ........  0% 2.28M 21m34s
 30720K ........ ........ ........ ........ ........ ........  0% 1.72M 22m54s
 33792K ........ ........ ........ ........ ........ ........  0% 1.96M 23m38s
 36864K ........ ........ ........ ........ ........ ........  1% 1.96M 24m14s
 39936K ........ ........ ........ ........ ........ ........  1% 1.97M 24m46s
 43008K ........ ........ ........ ........ ........ ........  1% 1.71M 25m31s
 46080K ........ ........ ........ ........ ........ ........  1% 1.95M 25m55s
 49152K ........ ........ ........ ........ ........ ........  1% 1.94M 26m15s
 52224K ........ ........ ........ ........ ........ ........  1% 1.98M 26m31s
 55296K ........ ........ ........ ........ ........ ........  1% 1.72M 27m1s
 58368K ........ ........ ........ ........ ........ ........  1% 1.38M 27m53s
 61440K ........ ........ ........ ........ ........ ........  1% 1.51M 28m29s
 64512K ........ ........ ........ ........ ........ ........  1% 1.53M 29m1s
 67584K ........ ........ ........ ........ ........ ........  1% 1.38M 29m42s
 70656K ........ ........ ........ ........ ........ ........  1% 1.15M 30m41s
 73728K ........ ........ ........ ........ ........ ........  1% 1.14M 31m36s
 76800K ........ ........ ........ ........ ........ ........  2% 1.14M 32m26s
 79872K ........ ........ ........ ........ ........ ........  2% 1.15M 33m12s
 82944K ........ ........ ........ ........ ........ ........  2% 1.52M 33m26s
 86016K ........ ........ ........ ........ ........ ........  2% 2.15M 33m15s
 89088K ........ ........ ........ ........ ........ ........  2% 1.86M 33m13s
 92160K ........ ........ ........ ........ ........ ........  2% 2.18M 33m2s
 95232K ........ ........ ........ ........ ........ ........  2% 2.27M 32m49s
 98304K ........ ........ ........ ........ ........ ........  2% 1.72M 32m53s
101376K ........ ........ ........ ........ ........ ........  2% 1.66M 32m59s
104448K ........ ........ ........ ........ ........ ........  2% 1.65M 33m4s
107520K ........ ........ ........ ........ ........ ........  2% 1.11M 33m39s
110592K ........ ........ ........ ........ ........ ........  2% 1.12M 34m12s
113664K ........ ........ ........ ........ ........ ........  3% 1.08M 34m46s
116736K ........ ........ ........ ........ ........ ........  3% 1.31M 35m3s
119808K ........ ........ ........ ........ ........ ........  3% 1.61M 35m5s
122880K ........ ........ ........ ........ ........ ........  3% 2.26M 34m52s
125952K ........ ........ ........ ........ ........ ........  3% 2.73M 34m32s
129024K ........ ........ ........ ........ ........ ........  3% 3.42M 34m8s
132096K ........ ........ ........ ........ ........ ........  3% 3.29M 33m45s
135168K ........ ........ ........ ........ ........ ........  3% 2.84M 33m27s
138240K ........ ........ ........ ........ ........ ........  3% 2.32M 33m16s
141312K ........ ........ ........ ........ ........ ........  3% 2.73M 33m0s
144384K ........ ........ ........ ........ ........ ........  3% 2.74M 32m45s
147456K ........ ........ ........ ........ ........ ........  3% 2.74M 32m30s
150528K ........ ........ ........ ........ ........ ........  3% 2.75M 32m16s
153600K ........ ........ ........ ........ ........ ........  4% 2.58M 32m4s
156672K ........ ........ ........ ........ ........ ........  4% 2.06M 32m0s
159744K ........ ........ ........ ........ ........ ........  4% 1.87M 31m58s
162816K ........ ........ ........ ........ ........ ........  4% 1.89M 31m57s
165888K ........ ........ ........ ........ ........ ........  4% 2.05M 31m53s
168960K ........ ........ ........ ........ ........ ........  4% 2.03M 31m49s
172032K ........ ........ ........ ........ ........ ........  4% 1.99M 31m46s
175104K ........ ........ ........ ........ ........ ........  4% 1.96M 31m43s
178176K ........ ........ ........ ........ ........ ........  4% 2.29M 31m36s
181248K ........ ........ ........ ........ ........ ........  4% 2.39M 31m28s
184320K ........ ........ ........ ........ ........ ........  4% 2.20M 31m22s
187392K ........ ........ ........ ........ ........ ........  4% 2.27M 31m16s
190464K ........ ........ ........ ........ ........ ........  4% 2.71M 31m6s
193536K ........ ........ ........ ........ ........ ........  5% 2.43M 30m58s
196608K ........ ........ ........ ........ ........ ........  5% 2.64M 30m49s
199680K ........ ........ ........ ........ ........ ........  5% 2.72M 30m39s
202752K ........ ........ ........ ........ ........ ........  5% 2.74M 30m30s
205824K ........ ........ ........ ........ ........ ........  5% 2.75M 30m21s
208896K ........ ........ ........ ........ ........ ........  5% 2.75M 30m12s
211968K ........ ........ ........ ........ ........ ........  5% 2.75M 30m3s
215040K ........ ........ ........ ........ ........ ........  5% 2.93M 29m53s
218112K ........ ........ ........ ........ ........ ........  5% 3.09M 29m43s
221184K ........ ........ ........ ........ ........ ........  5% 2.72M 29m35s
224256K ........ ........ ........ ........ ........ ........  5% 2.70M 29m27s
227328K ........ ........ ........ ........ ........ ........  5% 3.10M 29m18s
230400K ........ ........ ........ ........ ........ ........  6% 2.98M 29m9s
233472K ........ ........ ........ ........ ........ ........  6% 2.31M 29m5s
236544K ........ ........ ........ ........ ........ ........  6% 2.73M 28m58s
239616K ........ ........ ........ ........ ........ ........  6% 2.54M 28m52s
242688K ........ ........ ........ ........ ........ ........  6% 2.08M 28m50s
245760K ........ ........ ........ ........ ........ ........  6% 1.52M 28m56s
248832K ........ ........ ........ ........ ........ ........  6% 1.71M 28m59s
251904K ........ ........ ........ ........ ........ ........  6% 1.52M 29m4s
254976K ........ ........ ........ ........ ........ ........  6% 1.38M 29m13s
258048K ........ ........ ........ ........ ........ ........  6% 1.70M 29m15s
261120K ........ ........ ........ ........ ........ ........  6% 1.71M 29m17s
264192K ........ ........ ........ ........ ........ ........  6% 1.68M 29m20s
267264K ........ ........ ........ ........ ........ ........  6% 1.71M 29m22s
270336K ........ ........ ........ ........ ........ ........  7% 1.96M 29m20s
273408K ........ ........ ........ ........ ........ ........  7% 2.19M 29m17s
276480K ........ ........ ........ ........ ........ ........  7% 2.55M 29m12s
279552K ........ ........ ........ ........ ........ ........  7% 3.19M 29m3s
282624K ........ ........ ........ ........ ........ ........  7% 3.06M 28m55s
285696K ........ ........ ........ ........ ........ ........  7% 2.48M 28m50s
288768K ........ ........ ........ ........ ........ ........  7% 2.41M 28m46s
291840K ........ ........ ........ ........ ........ ........  7% 2.50M 28m41s
294912K ........ ........ ........ ........ ........ ........  7% 2.36M 28m37s
297984K ........ ........ ........ ........ ........ ........  7% 2.72M 28m31s
301056K ........ ........ ........ ........ ........ ........  7% 2.52M 28m27s
304128K ........ ........ ........ ........ ........ ........  7% 2.48M 28m22s
307200K ........ ........ ........ ........ ........ ........  7% 2.28M 28m19s
310272K ........ ........ ........ ........ ........ ........  8% 2.21M 28m16s
313344K ........ ........ ........ ........ ........ ........  8% 2.34M 28m13s
316416K ........ ........ ........ ........ ........ ........  8% 2.36M 28m9s
319488K ........ ........ ........ ........ ........ ........  8% 2.64M 28m4s
322560K ........ ........ ........ ........ ........ ........  8% 2.62M 27m59s
325632K ........ ........ ........ ........ ........ ........  8% 2.46M 27m56s
328704K ........ ........ ........ ........ ........ ........  8% 2.74M 27m50s
331776K ........ ........ ........ ........ ........ ........  8% 3.11M 27m44s
334848K ........ ........ ........ ........ ........ ........  8% 2.36M 27m40s
337920K ........ ........ ........ ........ ........ ........  8% 2.69M 27m36s
340992K ........ ........ ........ ........ ........ ........  8% 2.77M 27m31s
344064K ........ ........ ........ ........ ........ ........  8% 2.77M 27m26s
347136K ........ ........ ........ ........ ........ ........  9% 3.24M 27m19s
350208K ........ ........ ........ ........ ........ ........  9% 2.87M 27m14s
353280K ........ ........ ........ ........ ........ ........  9% 3.27M 27m7s
356352K ........ ........ ........ ........ ........ ........  9% 2.52M 27m4s
359424K ........ ........ ........ ........ ........ ........  9% 1.98M 27m3s
362496K ........ ........ ........ ........ ........ ........  9% 1.89M 27m3s
365568K ........ ........ ........ ........ ........ ........  9% 2.14M 27m2s
368640K ........ ........ ........ ........ ........ ........  9% 1.98M 27m1s
371712K ........ ........ ........ ........ ........ ........  9% 2.10M 27m0s
374784K ........ ........ ........ ........ ........ ........  9% 2.11M 26m59s
377856K ........ ........ ........ ........ ........ ........  9% 2.18M 26m57s
380928K ........ ........ ........ ........ ........ ........  9% 2.40M 26m54s
384000K ........ ........ ........ ........ ........ ........  9% 2.53M 26m50s
387072K ........ ........ ........ ........ ........ ........ 10% 2.97M 26m45s
390144K ........ ........ ........ ........ ........ ........ 10% 3.34M 26m39s
393216K ........ ........ ........ ........ ........ ........ 10% 2.59M 26m36s
396288K ........ ........ ........ ........ ........ ........ 10% 2.98M 26m31s
399360K ........ ........ ........ ........ ........ ........ 10% 3.22M 26m25s
402432K ........ ........ ........ ........ ........ ........ 10% 3.32M 26m20s
405504K ........ ........ ........ ........ ........ ........ 10% 3.43M 26m14s
408576K ........ ........ ........ ........ ........ ........ 10% 3.54M 26m8s
411648K ........ ........ ........ ........ ........ ........ 10% 2.66M 26m4s
414720K ........ ........ ........ ........ ........ ........ 10% 3.38M 25m59s
417792K ........ ........ ........ ........ ........ ........ 10% 2.78M 25m55s
420864K ........ ........ ........ ........ ........ ........ 10% 2.27M 25m53s
423936K ........ ........ ........ ........ ........ ........ 11% 2.49M 25m50s
427008K ........ ........ ........ ........ ........ ........ 11% 2.10M 25m49s
430080K ........ ........ ........ ........ ........ ........ 11% 2.29M 25m47s
433152K ........ ........ ........ ........ ........ ........ 11% 2.18M 25m46s
436224K ........ ........ ........ ........ ........ ........ 11% 2.07M 25m45s
439296K ........ ........ ........ ........ ........ ........ 11% 2.25M 25m43s
442368K ........ ........ ........ ........ ........ ........ 11% 2.20M 25m42s
445440K ........ ........ ........ ........ ........ ........ 11% 1.76M 25m43s
448512K ........ ........ ........ ........ ........ ........ 11% 1.97M 25m43s
451584K ........ ........ ........ ........ ........ ........ 11% 2.20M 25m41s
454656K ........ ........ ........ ........ ........ ........ 11% 2.14M 25m40s
457728K ........ ........ ........ ........ ........ ........ 11% 2.16M 25m38s
460800K ........ ........ ........ ........ ........ ........ 11% 2.27M 25m37s
463872K ........ ........ ........ ........ ........ ........ 12% 2.29M 25m35s
466944K ........ ........ ........ ........ ........ ........ 12% 1.89M 25m35s
470016K ........ ........ ........ ........ ........ ........ 12% 2.03M 25m34s
473088K ........ ........ ........ ........ ........ ........ 12% 2.14M 25m33s
476160K ........ ........ ........ ........ ........ ........ 12% 1.75M 25m34s
479232K ........ ........ ........ ........ ........ ........ 12% 1.81M 25m34s
482304K ........ ........ ........ ........ ........ ........ 12% 1.92M 25m34s
485376K ........ ........ ........ ........ ........ ........ 12% 1.95M 25m34s
488448K ........ ........ ........ ........ ........ ........ 12% 1.96M 25m33s
491520K ........ ........ ........ ........ ........ ........ 12% 2.02M 25m33s
494592K ........ ........ ........ ........ ........ ........ 12% 2.21M 25m31s
497664K ........ ........ ........ ........ ........ ........ 12% 2.69M 25m28s
500736K ........ ........ ........ ........ ........ ........ 12% 2.79M 25m24s
503808K ........ ........ ........ ........ ........ ........ 13% 2.53M 25m22s
506880K ........ ........ ........ ........ ........ ........ 13% 2.28M 25m20s
509952K ........ ........ ........ ........ ........ ........ 13% 2.08M 25m19s
513024K ........ ........ ........ ........ ........ ........ 13% 2.14M 25m17s
516096K ........ ........ ........ ........ ........ ........ 13% 2.28M 25m16s
519168K ........ ........ ........ ........ ........ ........ 13% 2.17M 25m14s
522240K ........ ........ ........ ........ ........ ........ 13% 2.26M 25m12s
525312K ........ ........ ........ ........ ........ ........ 13% 1.90M 25m12s
528384K ........ ........ ........ ........ ........ ........ 13% 1.97M 25m12s
531456K ........ ........ ........ ........ ........ ........ 13% 2.28M 25m10s
534528K ........ ........ ........ ........ ........ ........ 13% 2.28M 25m8s
537600K ........ ........ ........ ........ ........ ........ 13% 1.96M 25m8s
540672K ........ ........ ........ ........ ........ ........ 14% 1.64M 25m9s
543744K ........ ........ ........ ........ ........ ........ 14% 1.80M 25m9s
546816K ........ ........ ........ ........ ........ ........ 14% 1.37M 25m13s
549888K ........ ........ ........ ........ ........ ........ 14% 1.38M 25m16s
552960K ........ ........ ........ ........ ........ ........ 14% 1.51M 25m18s
556032K ........ ........ ........ ........ ........ ........ 14% 1.38M 25m21s
559104K ........ ........ ........ ........ ........ ........ 14% 1.25M 25m26s
562176K ........ ........ ........ ........ ........ ........ 14% 1.50M 25m28s
565248K ........ ........ ........ ........ ........ ........ 14% 1.52M 25m30s
568320K ........ ........ ........ ........ ........ ........ 14% 1.52M 25m31s
571392K ........ ........ ........ ........ ........ ........ 14% 1.54M 25m33s
574464K ........ ........ ........ ........ ........ ........ 14% 1.93M 25m32s
577536K ........ ........ ........ ........ ........ ........ 14% 2.28M 25m30s
580608K ........ ........ ........ ........ ........ ........ 15% 2.72M 25m27s
583680K ........ ........ ........ ........ ........ ........ 15% 3.41M 25m22s
586752K ........ ........ ........ ........ ........ ........ 15% 3.31M 25m18s
589824K ........ ........ ........ ........ ........ ........ 15% 2.83M 25m15s
592896K ........ ........ ........ ........ ........ ........ 15% 3.37M 25m10s
595968K ........ ........ ........ ........ ........ ........ 15% 2.78M 25m7s
599040K ........ ........ ........ ........ ........ ........ 15% 2.66M 25m4s
602112K ........ ........ ........ ........ ........ ........ 15% 2.82M 25m1s
605184K ........ ........ ........ ........ ........ ........ 15% 2.77M 24m58s
608256K ........ ........ ........ ........ ........ ........ 15% 2.78M 24m55s
611328K ........ ........ ........ ........ ........ ........ 15% 3.09M 24m51s
614400K ........ ........ ........ ........ ........ ........ 15% 2.96M 24m47s
617472K ........ ........ ........ ........ ........ ........ 15% 2.28M 24m46s
620544K ........ ........ ........ ........ ........ ........ 16% 1.96M 24m45s
623616K ........ ........ ........ ........ ........ ........ 16% 1.93M 24m44s
626688K ........ ........ ........ ........ ........ ........ 16% 2.00M 24m43s
629760K ........ ........ ........ ........ ........ ........ 16% 2.04M 24m42s
632832K ........ ........ ........ ........ ........ ........ 16% 2.10M 24m41s
635904K ........ ........ ........ ........ ........ ........ 16% 2.03M 24m40s
638976K ........ ........ ........ ........ ........ ........ 16% 2.27M 24m38s
642048K ........ ........ ........ ........ ........ ........ 16% 2.30M 24m36s
645120K ........ ........ ........ ........ ........ ........ 16% 2.40M 24m34s
648192K ........ ........ ........ ........ ........ ........ 16% 2.18M 24m33s
651264K ........ ........ ........ ........ ........ ........ 16% 2.40M 24m30s
654336K ........ ........ ........ ........ ........ ........ 16% 2.39M 24m28s
657408K ........ ........ ........ ........ ........ ........ 17% 1.88M 24m28s
660480K ........ ........ ........ ........ ........ ........ 17% 1.62M 24m29s
663552K ........ ........ ........ ........ ........ ........ 17% 1.75M 24m29s
666624K ........ ........ ........ ........ ........ ........ 17% 1.41M 24m31s
669696K ........ ........ ........ ........ ........ ........ 17% 1.64M 24m31s
672768K ........ ........ ........ ........ ........ ........ 17% 1.52M 24m33s
675840K ........ ........ ........ ........ ........ ........ 17% 1.57M 24m34s
678912K ........ ........ ........ ........ ........ ........ 17% 1.66M 24m34s
681984K ........ ........ ........ ........ ........ ........ 17% 1.71M 24m34s
685056K ........ ........ ........ ........ ........ ........ 17% 1.77M 24m34s
688128K ........ ........ ........ ........ ........ ........ 17% 1.82M 24m34s
691200K ........ ........ ........ ........ ........ ........ 17% 1.80M 24m33s
694272K ........ ........ ........ ........ ........ ........ 17% 2.15M 24m32s
697344K ........ ........ ........ ........ ........ ........ 18% 1.91M 24m31s
700416K ........ ........ ........ ........ ........ ........ 18% 2.10M 24m30s
703488K ........ ........ ........ ........ ........ ........ 18% 2.12M 24m28s
706560K ........ ........ ........ ........ ........ ........ 18% 2.34M 24m26s
709632K ........ ........ ........ ........ ........ ........ 18% 2.40M 24m24s
712704K ........ ........ ........ ........ ........ ........ 18% 2.29M 24m22s
715776K ........ ........ ........ ........ ........ ........ 18% 2.29M 24m20s
718848K ........ ........ ........ ........ ........ ........ 18% 2.38M 24m18s
721920K ........ ........ ........ ........ ........ ........ 18% 2.23M 24m16s
724992K ........ ........ ........ ........ ........ ........ 18% 2.00M 24m15s
728064K ........ ........ ........ ........ ........ ........ 18% 1.66M 24m16s
731136K ........ ........ ........ ........ ........ ........ 18% 1.81M 24m15s
734208K ........ ........ ........ ........ ........ ........ 19% 1.85M 24m15s
737280K ........ ........ ........ ........ ........ ........ 19% 1.56M 24m15s
740352K ........ ........ ........ ........ ........ ........ 19% 1.67M 24m15s
743424K ........ ........ ........ ........ ........ ........ 19% 1.84M 24m15s
746496K ........ ........ ........ ........ ........ ........ 19% 1.82M 24m14s
749568K ........ ........ ........ ........ ........ ........ 19% 1.90M 24m14s
752640K ........ ........ ........ ........ ........ ........ 19% 1.58M 24m14s
755712K ........ ........ ........ ........ ........ ........ 19% 1.69M 24m14s
758784K ........ ........ ........ ........ ........ ........ 19% 1.81M 24m14s
761856K ........ ........ ........ ........ ........ ........ 19% 1.85M 24m13s
764928K ........ ........ ........ ........ ........ ........ 19% 1.52M 24m14s
768000K ........ ........ ........ ........ ........ ........ 19% 1.76M 24m13s
771072K ........ ........ ........ ........ ........ ........ 19% 1.90M 24m12s
774144K ........ ........ ........ ........ ........ ........ 20% 1.87M 24m12s
777216K ........ ........ ........ ........ ........ ........ 20% 1.89M 24m11s
780288K ........ ........ ........ ........ ........ ........ 20% 1.96M 24m10s
783360K ........ ........ ........ ........ ........ ........ 20% 2.11M 24m8s
786432K ........ ........ ........ ........ ........ ........ 20% 2.31M 24m6s
789504K ........ ........ ........ ........ ........ ........ 20% 2.31M 24m4s
792576K ........ ........ ........ ........ ........ ........ 20% 2.63M 24m2s
795648K ........ ........ ........ ........ ........ ........ 20% 2.62M 23m59s
798720K ........ ........ ........ ........ ........ ........ 20% 2.74M 23m56s
801792K ........ ........ ........ ........ ........ ........ 20% 2.38M 23m54s
804864K ........ ........ ........ ........ ........ ........ 20% 1.89M 23m53s
807936K ........ ........ ........ ........ ........ ........ 20% 1.75M 23m53s
811008K ........ ........ ........ ........ ........ ........ 20% 1.62M 23m53s
814080K ........ ........ ........ ........ ........ ........ 21% 1.48M 23m54s
817152K ........ ........ ........ ........ ........ ........ 21% 1.62M 23m54s
820224K ........ ........ ........ ........ ........ ........ 21% 1.56M 23m54s
823296K ........ ........ ........ ........ ........ ........ 21% 1.62M 23m55s
826368K ........ ........ ........ ........ ........ ........ 21% 1.81M 23m54s
829440K ........ ........ ........ ........ ........ ........ 21% 2.01M 23m53s
832512K ........ ........ ........ ........ ........ ........ 21% 2.52M 23m50s
835584K ........ ........ ........ ........ ........ ........ 21% 2.91M 23m47s
838656K ........ ........ ........ ........ ........ ........ 21% 3.43M 23m44s
841728K ........ ........ ........ ........ ........ ........ 21% 3.05M 23m41s
844800K ........ ........ ........ ........ ........ ........ 21% 3.02M 23m38s
847872K ........ ........ ........ ........ ........ ........ 21% 3.41M 23m34s
850944K ........ ........ ........ ........ ........ ........ 22% 2.82M 23m32s
854016K ........ ........ ........ ........ ........ ........ 22% 2.67M 23m29s
857088K ........ ........ ........ ........ ........ ........ 22% 2.83M 23m26s
860160K ........ ........ ........ ........ ........ ........ 22% 2.97M 23m23s
863232K ........ ........ ........ ........ ........ ........ 22% 1.81M 23m23s
866304K ........ ........ ........ ........ ........ ........ 22% 1.52M 23m23s
869376K ........ ........ ........ ........ ........ ........ 22% 1.40M 23m24s
872448K ........ ........ ........ ........ ........ ........ 22% 1.50M 23m25s
875520K ........ ........ ........ ........ ........ ........ 22% 1.52M 23m25s
878592K ........ ........ ........ ........ ........ ........ 22% 1.56M 23m25s
881664K ........ ........ ........ ........ ........ ........ 22% 1.84M 23m25s
884736K ........ ........ ........ ........ ........ ........ 22% 2.07M 23m23s
887808K ........ ........ ........ ........ ........ ........ 22% 2.64M 23m21s
890880K ........ ........ ........ ........ ........ ........ 23% 2.47M 23m18s
893952K ..