Adding local address: 172.25.2.250
Adding local address: 2804:d59:5102:2502:2c6f:8af6:2046:d00c
Adding local address: fe80::c435:ff80:c2d8:35d6
Ethernet link detected

Refreshing:
unknown TCP/0/0	0	0

Refreshing:
sshd: alange@pts/0/667047/1000	0.0128906	0.0199219
unknown TCP/0/0	0	0

Refreshing:
wget/673930/1000	1.19473	25.0863
sshd: alange@pts/0/667047/1000	0.0671875	0.065625
unknown TCP/0/0	0	0

Refreshing:
wget/673930/1000	80.2703	4332.72
sshd: alange@pts/0/667047/1000	0.29375	0.235547
unknown TCP/0/0	0	0

Refreshing:
wget/673930/1000	81.7766	4112.75
sshd: alange@pts/0/667047/1000	0.237891	0.328125
unknown TCP/0/0	0	0

Refreshing:
wget/673930/1000	61.6117	4038.23
sshd: alange@pts/0/667047/1000	5.14531	2.85703
unknown TCP/0/0	0	0

Refreshing:
wget/673930/1000	73.8352	3743.15
sshd: alange@pts/0/667047/1000	4.31641	2.60391
unknown TCP/0/0	0	0

Refreshing:
wget/673930/1000	65.2059	3270.14
sshd: alange@pts/0/667047/1000	5.08398	3.04219
unknown TCP/0/0	0	0

Refreshing:
wget/673930/1000	65.4465	3145.95
sshd: alange@pts/0/667047/1000	3.90547	2.26875
unknown TCP/0/0	0	0

Refreshing:
wget/673930/1000	73.1066	3674.11
sshd: alange@pts/0/667047/1000	5.26953	3.08789
unknown TCP/0/0	0	0

Refreshing:
wget/673930/1000	91.8988	4709.98
sshd: alange@pts/0/667047/1000	7.0043	4.125
unknown TCP/0/0	0	0

Refreshing:
wget/673930/1000	71.2555	3563.79
sshd: alange@pts/0/667047/1000	5.14219	2.81016
unknown TCP/0/0	0	0

Refreshing:
wget/673930/1000	61.2059	2779.48
sshd: alange@pts/0/667047/1000	3.85938	2.15273
unknown TCP/0/0	0	0

Refreshing:
wget/673930/1000	97.8191	4439.71
sshd: alange@pts/0/667047/1000	6.64336	3.53906
unknown TCP/0/0	0	0

Refreshing:
wget/673930/1000	65.5734	3531.42
sshd: alange@pts/0/667047/1000	5.73945	3.13242
unknown TCP/0/0	0	0

Refreshing:
wget/673930/1000	59.1637	4061.17
sshd: alange@pts/0/667047/1000	5.03203	2.97773
unknown TCP/0/0	0	0

Refreshing:
wget/673930/1000	98.9281	5436.25
sshd: alange@pts/0/667047/1000	7.16406	3.99609
unknown TCP/0/0	0	0

Refreshing:
wget/673930/1000	73.6965	4073.17
sshd: alange@pts/0/667047/1000	6.19531	3.46758
unknown TCP/0/0	0	0

Refreshing:
wget/673930/1000	79.9117	4184.53
sshd: alange@pts/0/667047/1000	6.00352	3.5707
unknown TCP/0/0	0	0

Refreshing:
wget/673930/1000	70.8512	4511.07
sshd: alange@pts/0/667047/1000	6.39687	3.68672
unknown TCP/0/0	0	0

Refreshing:
wget/673930/1000	64.9617	3666.37
sshd: alange@pts/0/667047/1000	4.7875	2.8043
unknown TCP/0/0	0	0

Refreshing:
wget/673930/1000	95.8625	4522.29
sshd: alange@pts/0/667047/1000	7.00469	4.13789
unknown TCP/0/0	0	0

Refreshing:
wget/673930/1000	76.7582	4246.46
sshd: alange@pts/0/667047/1000	5.94531	3.36445
unknown TCP/0/0	0	0

Refreshing:
wget/673930/1000	58.041	3717.23
sshd: alange@pts/0/667047/1000	5.30156	3.1582
unknown TCP/0/0	0	0

Refreshing:
wget/673930/1000	66.0855	2566.24
sshd: alange@pts/0/667047/1000	3.4793	1.94648
unknown TCP/0/0	0	0

Refreshing:
wget/673930/1000	73.2969	2878.78
sshd: alange@pts/0/667047/1000	3.58516	2.28164
unknown TCP/0/0	0	0

Refreshing:
wget/673930/1000	61.0789	2513.96
sshd: alange@pts/0/667047/1000	2.6793	1.49531
unknown TCP/0/0	0	0

Refreshing:
wget/673930/1000	72.1359	3659.31
sshd: alange@pts/0/667047/1000	4.54297	2.71992
unknown TCP/0/0	0	0

Refreshing:
wget/673930/1000	55.2656	1948.26
sshd: alange@pts/0/667047/1000	2.55352	1.63711
unknown TCP/0/0	0	0

Refreshing:
wget/673930/1000	63.4371	2461.32
sshd: alange@pts/0/667047/1000	3.47617	1.82461
unknown TCP/0/0	0	0

Refreshing:
wget/673930/1000	73.6512	2937.07
sshd: alange@pts/0/667047/1000	4.36953	2.78437
unknown TCP/0/0	0	0

Refreshing:
wget/673930/1000	95.4363	3884.45
sshd: alange@pts/0/667047/1000	5.62344	3.41602
unknown TCP/0/0	0	0

Refreshing:
wget/673930/1000	66.568	3517.12
sshd: alange@pts/0/667047/1000	5.05977	2.99062
unknown TCP/0/0	0	0

Refreshing:
wget/673930/1000	71.766	3611.52
sshd: alange@pts/0/667047/1000	4.99727	2.72695
unknown TCP/0/0	0	0

Refreshing:
wget/673930/1000	83.8715	4112.67
sshd: alange@pts/0/667047/1000	5.68633	3.50625
unknown TCP/0/0	0	0

Refreshing:
wget/673930/1000	68.3055	3001.44
sshd: alange@pts/0/667047/1000	4.34258	2.3332
unknown TCP/0/0	0	0

Refreshing:
wget/673930/1000	75.4094	2809.93
sshd: alange@pts/0/667047/1000	3.69688	2.21719
unknown TCP/0/0	0	0

Refreshing:
wget/673930/1000	67.9082	2762.6
sshd: alange@pts/0/667047/1000	4.1582	2.50078
unknown TCP/0/0	0	0

Refreshing:
wget/673930/1000	93.3871	4278.31
sshd: alange@pts/0/667047/1000	5.84336	3.70664
unknown TCP/0/0	0	0

Refreshing:
wget/673930/1000	78.9473	4081.86
sshd: alange@pts/0/667047/1000	5.68477	3.26133
unknown TCP/0/0	0	0

Refreshing:
wget/673930/1000	72.0633	4394.73
sshd: alange@pts/0/667047/1000	6.51914	3.94453
unknown TCP/0/0	0	0

Refreshing:
wget/673930/1000	65.7602	3591.67
sshd: alange@pts/0/667047/1000	5.75	3.19102
unknown TCP/0/0	0	0

Refreshing:
wget/673930/1000	77.6758	4361.05
sshd: alange@pts/0/667047/1000	6.27344	3.72539
unknown TCP/0/0	0	0

Refreshing:
wget/673930/1000	83.45	3690.3
sshd: alange@pts/0/667047/1000	4.78203	2.99062
unknown TCP/0/0	0	0

Refreshing:
wget/673930/1000	90.8934	4983.67
sshd: alange@pts/0/667047/1000	6.34727	3.80273
unknown TCP/0/0	0	0

Refreshing:
wget/673930/1000	69.6348	3266.89
sshd: alange@pts/0/667047/1000	4.7168	2.44336
unknown TCP/0/0	0	0

Refreshing:
wget/673930/1000	73.057	3909.49
sshd: alange@pts/0/667047/1000	5.1625	2.97773
unknown TCP/0/0	0	0

Refreshing:
wget/673930/1000	93.7059	4513.71
sshd: alange@pts/0/667047/1000	6.33477	3.78984
unknown TCP/0/0	0	0

Refreshing:
wget/673930/1000	88.4668	4520.88
sshd: alange@pts/0/667047/1000	6.53398	3.88008
unknown TCP/0/0	0	0

Refreshing:
wget/673930/1000	99.4742	4830.63
sshd: alange@pts/0/667047/1000	6.33086	3.61641
unknown TCP/0/0	0	0

Refreshing:
wget/673930/1000	85.7398	4507.18
sshd: alange@pts/0/667047/1000	5.67734	3.31289
unknown TCP/0/0	0	0

Refreshing:
wget/673930/1000	89.5672	4424.94
sshd: alange@pts/0/667047/1000	2.00508	1.23164
unknown TCP/0/0	0	0

Refreshing:
wget/673930/1000	75.7359	4384.19
sshd: alange@pts/0/667047/1000	0.0328125	0.0328125
unknown TCP/0/0	0	0
