--2021-04-25 23:11:46--  https://releases.ubuntu.com/20.04.2.0/ubuntu-20.04.2.0-desktop-amd64.iso
Resolving releases.ubuntu.com (releases.ubuntu.com)... 91.189.91.123, 91.189.91.124, 91.189.88.247, ...
Connecting to releases.ubuntu.com (releases.ubuntu.com)|91.189.91.123|:443... connected.
HTTP request sent, awaiting response... 200 OK
Length: 2877227008 (2.7G) [application/x-iso9660-image]
Saving to: ‘/dev/null’

     0K ........ ........ ........ ........ ........ ........  0% 2.96M 15m26s
  3072K ........ ........ ........ ........ ........ ........  0% 12.5M 9m32s
  6144K ........ ........ ........ ........ ........ ........  0% 12.5M 7m34s
  9216K ........ ........ ........ ........ ........ ........  0% 12.2M 6m36s
 12288K ........ ........ ........ ........ ........ ........  0% 12.6M 6m0s
 15360K ........ ........ ........ ........ ........ ........  0% 12.6M 5m35s
 18432K ........ ........ ........ ........ ........ ........  0% 12.6M 5m18s
 21504K ........ ........ ........ ........ ........ ........  0% 12.6M 5m5s
 24576K ........ ........ ........ ........ ........ ........  0% 12.6M 4m55s
 27648K ........ ........ ........ ........ ........ ........  1% 12.6M 4m46s
 30720K ........ ........ ........ ........ ........ ........  1% 12.6M 4m40s
 33792K ........ ........ ........ ........ ........ ........  1% 12.6M 4m34s
 36864K ........ ........ ........ ........ ........ ........  1% 12.6M 4m29s
 39936K ........ ........ ........ ........ ........ ........  1% 12.6M 4m25s
 43008K ........ ........ ........ ........ ........ ........  1% 12.6M 4m21s
 46080K ........ ........ ........ ........ ........ ........  1% 12.6M 4m18s
 49152K ........ ........ ........ ........ ........ ........  1% 12.6M 4m15s
 52224K ........ ........ ........ ........ ........ ........  1% 12.6M 4m13s
 55296K ........ ........ ........ ........ ........ ........  2% 12.6M 4m10s
 58368K ........ ........ ........ ........ ........ ........  2% 12.6M 4m8s
 61440K ........ ........ ........ ........ ........ ........  2% 12.5M 4m6s
 64512K ........ ........ ........ ........ ........ ........  2% 12.6M 4m4s
 67584K ........ ........ ........ ........ ........ ........  2% 12.6M 4m3s
 70656K ........ ........ ........ ........ ........ ........  2% 12.6M 4m1s
 73728K ........ ........ ........ ........ ........ ........  2% 12.7M 4m0s
 76800K ........ ........ ........ ........ ........ ........  2% 12.5M 3m58s
 79872K ........ ........ ........ ........ ........ ........  2% 12.6M 3m57s
 82944K ........ ........ ........ ........ ........ ........  3% 12.7M 3m56s
 86016K ........ ........ ........ ........ ........ ........  3% 12.6M 3m55s
 89088K ........ ........ ........ ........ ........ ........  3% 12.6M 3m54s
 92160K ........ ........ ........ ........ ........ ........  3% 12.5M 3m53s
 95232K ........ ........ ........ ........ ........ ........  3% 12.7M 3m52s
 98304K ........ ........ ........ ........ ........ ........  3% 12.6M 3m51s
101376K ........ ........ ........ ........ ........ ........  3% 12.6M 3m50s
104448K ........ ........ ........ ........ ........ ........  3% 12.6M 3m49s
107520K ........ ........ ........ ........ ........ ........  3% 12.6M 3m48s
110592K ........ ........ ........ ........ ........ ........  4% 12.6M 3m47s
113664K ........ ........ ........ ........ ........ ........  4% 12.7M 3m47s
116736K ........ ........ ........ ........ ........ ........  4% 12.5M 3m46s
119808K ........ ........ ........ ........ ........ ........  4% 12.7M 3m45s
122880K ........ ........ ........ ........ ........ ........  4% 12.6M 3m45s
125952K ........ ........ ........ ........ ........ ........  4% 12.6M 3m44s
129024K ........ ........ ........ ........ ........ ........  4% 12.6M 3m43s
132096K ........ ........ ........ ........ ........ ........  4% 12.6M 3m43s
135168K ........ ........ ........ ........ ........ ........  4% 12.5M 3m42s
138240K ........ ........ ........ ........ ........ ........  5% 12.7M 3m42s
141312K ........ ........ ........ ........ ........ ........  5% 12.6M 3m41s
144384K ........ ........ ........ ........ ........ ........  5% 12.6M 3m40s
147456K ........ ........ ........ ........ ........ ........  5% 12.7M 3m40s
150528K ........ ........ ........ ........ ........ ........  5% 12.5M 3m39s
153600K ........ ........ ........ ........ ........ ........  5% 5.10M 3m45s
156672K ........ ........ ........ ........ ........ ........  5% 12.6M 3m44s
159744K ........ ........ ........ ........ ........ ........  5% 12.6M 3m44s
162816K ........ ........ ........ ........ ........ ........  5% 12.7M 3m43s
165888K ........ ........ ........ ........ ........ ........  6% 12.5M 3m42s
168960K ........ ........ ........ ........ ........ ........  6% 12.6M 3m42s
172032K ........ ........ ........ ........ ........ ........  6% 12.6M 3m41s
175104K ........ ........ ........ ........ ........ ........  6% 12.6M 3m41s
178176K ........ ........ ........ ........ ........ ........  6% 12.6M 3m40s
181248K ........ ........ ........ ........ ........ ........  6% 12.6M 3m40s
184320K ........ ........ ........ ........ ........ ........  6% 12.7M 3m39s
187392K ........ ........ ........ ........ ........ ........  6% 12.7M 3m39s
190464K ........ ........ ........ ........ ........ ........  6% 12.7M 3m38s
193536K ........ ........ ........ ........ ........ ........  6% 12.4M 3m38s
196608K ........ ........ ........ ........ ........ ........  7% 12.7M 3m37s
199680K ........ ........ ........ ........ ........ ........  7% 12.7M 3m37s
202752K ........ ........ ........ ........ ........ ........  7% 12.6M 3m36s
205824K ........ ........ ........ ........ ........ ........  7% 12.6M 3m36s
208896K ........ ........ ........ ........ ........ ........  7% 12.6M 3m35s
211968K ........ ........ ........ ........ ........ ........  7% 12.5M 3m35s
215040K ........ ........ ........ ........ ........ ........  7% 12.7M 3m34s
218112K ........ ........ ........ ........ ........ ........  7% 12.5M 3m34s
221184K ........ ........ ........ ........ ........ ........  7% 12.7M 3m33s
224256K ........ ........ ........ ........ ........ ........  8% 12.6M 3m33s
227328K ........ ........ ........ ........ ........ ........  8% 12.7M 3m33s
230400K ........ ........ ........ ........ ........ ........  8% 12.7M 3m32s
233472K ........ ........ ........ ........ ........ ........  8% 12.6M 3m32s
236544K ........ ........ ........ ........ ........ ........  8% 12.5M 3m31s
239616K ........ ........ ........ ........ ........ ........  8% 12.6M 3m31s
242688K ........ ........ ........ ........ ........ ........  8% 12.7M 3m30s
245760K ........ ........ ........ ........ ........ ........  8% 12.6M 3m30s
248832K ........ ........ ........ ........ ........ ........  8% 12.6M 3m30s
251904K ........ ........ ........ ........ ........ ........  9% 12.6M 3m29s
254976K ........ ........ ........ ........ ........ ........  9% 12.6M 3m29s
258048K ........ ........ ........ ........ ........ ........  9% 12.7M 3m29s
261120K ........ ........ ........ ........ ........ ........  9% 12.5M 3m28s
264192K ........ ........ ........ ........ ........ ........  9% 12.6M 3m28s
267264K ........ ........ ........ ........ ........ ........  9% 12.6M 3m27s
270336K ........ ........ ........ ........ ........ ........  9% 12.6M 3m27s
273408K ........ ........ ........ ........ ........ ........  9% 12.6M 3m27s
276480K ........ ........ ........ ........ ........ ........  9% 12.6M 3m26s
279552K ........ ........ ........ ........ ........ ........ 10% 12.7M 3m26s
282624K ........ ........ ........ ........ ........ ........ 10% 12.6M 3m26s
285696K ........ ........ ........ ........ ........ ........ 10% 12.6M 3m25s
288768K ........ ........ ........ ........ ........ ........ 10% 12.6M 3m25s
291840K ........ ........ ........ ........ ........ ........ 10% 12.6M 3m25s
294912K ........ ........ ........ ........ ........ ........ 10% 12.6M 3m24s
297984K ........ ........ ........ ........ ........ ........ 10% 12.7M 3m24s
301056K ........ ........ ........ ........ ........ ........ 10% 12.4M 3m23s
304128K ........ ........ ........ ........ ........ ........ 10% 12.7M 3m23s
307200K ........ ........ ........ ........ ........ ........ 11% 12.7M 3m23s
310272K ........ ........ ........ ........ ........ ........ 11% 12.6M 3m22s
313344K ........ ........ ........ ........ ........ ........ 11% 12.6M 3m22s
316416K ........ ........ ........ ........ ........ ........ 11% 12.7M 3m22s
319488K ........ ........ ........ ........ ........ ........ 11% 12.5M 3m21s
322560K ........ ........ ........ ........ ........ ........ 11% 12.6M 3m21s
325632K ........ ........ ........ ........ ........ ........ 11% 12.6M 3m21s
328704K ........ ........ ........ ........ ........ ........ 11% 12.6M 3m20s
331776K ........ ........ ........ ........ ........ ........ 11% 12.7M 3m20s
334848K ........ ........ ........ ........ ........ ........ 12% 12.6M 3m20s
337920K ........ ........ ........ ........ ........ ........ 12% 12.7M 3m19s
340992K ........ ........ ........ ........ ........ ........ 12% 12.3M 3m19s
344064K ........ ........ ........ ........ ........ ........ 12% 12.6M 3m19s
347136K ........ ........ ........ ........ ........ ........ 12% 12.7M 3m19s
350208K ........ ........ ........ ........ ........ ........ 12% 12.6M 3m18s
353280K ........ ........ ........ ........ ........ ........ 12% 12.5M 3m18s
356352K ........ ........ ........ ........ ........ ........ 12% 12.7M 3m18s
359424K ........ ........ ........ ........ ........ ........ 12% 12.6M 3m17s
362496K ........ ........ ........ ........ ........ ........ 13% 12.6M 3m17s
365568K ........ ........ ........ ........ ........ ........ 13% 12.6M 3m17s
368640K ........ ........ ........ ........ ........ ........ 13% 12.6M 3m16s
371712K ........ ........ ........ ........ ........ ........ 13% 12.6M 3m16s
374784K ........ ........ ........ ........ ........ ........ 13% 12.6M 3m16s
377856K ........ ........ ........ ........ ........ ........ 13% 12.6M 3m15s
380928K ........ ........ ........ ........ ........ ........ 13% 12.7M 3m15s
384000K ........ ........ ........ ........ ........ ........ 13% 12.6M 3m15s
387072K ........ ........ ........ ........ ........ ........ 13% 12.5M 3m15s
390144K ........ ........ ........ ........ ........ ........ 13% 12.6M 3m14s
393216K ........ ........ ........ ........ ........ ........ 14% 12.6M 3m14s
396288K ........ ........ ........ ........ ........ ........ 14% 12.6M 3m14s
399360K ........ ........ ........ ........ ........ ........ 14% 12.6M 3m13s
402432K ........ ........ ........ ........ ........ ........ 14% 12.5M 3m13s
405504K ........ ........ ........ ........ ........ ........ 14% 12.6M 3m13s
408576K ........ ........ ........ ........ ........ ........ 14% 12.7M 3m12s
411648K ........ ........ ........ ........ ........ ........ 14% 12.6M 3m12s
414720K ........ ........ ........ ........ ........ ........ 14% 12.7M 3m12s
417792K ........ ........ ........ ........ ........ ........ 14% 12.6M 3m12s
420864K ........ ........ ........ ........ ........ ........ 15% 12.4M 3m11s
423936K ........ ........ ........ ........ ........ ........ 15% 12.6M 3m11s
427008K ........ ........ ........ ........ ........ ........ 15% 12.6M 3m11s
430080K ........ ........ ........ ........ ........ ........ 15% 12.6M 3m10s
433152K ........ ........ ........ ........ ........ ........ 15% 12.6M 3m10s
436224K ........ ........ ........ ........ ........ ........ 15% 12.6M 3m10s
439296K ........ ........ ........ ........ ........ ........ 15% 12.7M 3m9s
442368K ........ ........ ........ ........ ........ ........ 15% 12.6M 3m9s
445440K ........ ........ ........ ........ ........ ........ 15% 12.6M 3m9s
448512K ........ ........ ........ ........ ........ ........ 16% 12.6M 3m9s
451584K ........ ........ ........ ........ ........ ........ 16% 12.6M 3m8s
454656K ........ ........ ........ ........ ........ ........ 16% 12.6M 3m8s
457728K ........ ........ ........ ........ ........ ........ 16% 12.7M 3m8s
460800K ........ ........ ........ ........ ........ ........ 16% 12.6M 3m7s
463872K ........ ........ ........ ........ ........ ........ 16% 12.7M 3m7s
466944K ........ ........ ........ ........ ........ ........ 16% 12.7M 3m7s
470016K ........ ........ ........ ........ ........ ........ 16% 12.6M 3m7s
473088K ........ ........ ........ ........ ........ ........ 16% 5.11M 3m8s
476160K ........ ........ ........ ........ ........ ........ 17% 12.5M 3m8s
479232K ........ ........ ........ ........ ........ ........ 17% 12.5M 3m7s
482304K ........ ........ ........ ........ ........ ........ 17% 12.7M 3m7s
485376K ........ ........ ........ ........ ........ ........ 17% 12.6M 3m7s
488448K ........ ........ ........ ........ ........ ........ 17% 12.6M 3m7s
491520K ........ ........ ........ ........ ........ ........ 17% 12.7M 3m6s
494592K ........ ........ ........ ........ ........ ........ 17% 12.5M 3m6s
497664K ........ ........ ........ ........ ........ ........ 17% 12.6M 3m6s
500736K ........ ........ ........ ........ ........ ........ 17% 12.7M 3m5s
503808K ........ ........ ........ ........ ........ ........ 18% 12.6M 3m5s
506880K ........ ........ ........ ........ ........ ........ 18% 12.6M 3m5s
509952K ........ ........ ........ ........ ........ ........ 18% 12.6M 3m5s
513024K ........ ........ ........ ........ ........ ........ 18% 12.6M 3m4s
516096K ........ ........ ........ ........ ........ ........ 18% 12.6M 3m4s
519168K ........ ........ ........ ........ ........ ........ 18% 12.6M 3m4s
522240K ........ ........ ........ ........ ........ ........ 18% 12.5M 3m3s
525312K ........ ........ ........ ........ ........ ........ 18% 12.7M 3m3s
528384K ........ ........ ........ ........ ........ ........ 18% 12.6M 3m3s
531456K ........ ........ ........ ........ ........ ........ 19% 12.6M 3m3s
534528K ........ ........ ........ ........ ........ ........ 19% 12.6M 3m2s
537600K ........ ........ ........ ........ ........ ........ 19% 12.6M 3m2s
540672K ........ ........ ........ ........ ........ ........ 19% 12.6M 3m2s
543744K ........ ........ ........ ........ ........ ........ 19% 12.5M 3m1s
546816K ........ ........ ........ ........ ........ ........ 19% 12.6M 3m1s
549888K ........ ........ ........ ........ ........ ........ 19% 12.6M 3m1s
552960K ........ ........ ........ ........ ........ ........ 19% 12.6M 3m1s
556032K ........ ........ ........ ........ ........ ........ 19% 12.6M 3m0s
559104K ........ ........ ........ ........ ........ ........ 20% 12.6M 3m0s
562176K ........ ........ ........ ........ ........ ........ 20% 12.6M 3m0s
565248K ........ ........ ........ ........ ........ ........ 20% 12.6M 2m59s
568320K ........ ........ ........ ........ ........ ........ 20% 12.7M 2m59s
571392K ........ ........ ........ ........ ........ ........ 20% 12.5M 2m59s
574464K ........ ........ ........ ........ ........ ........ 20% 12.7M 2m59s
577536K ........ ........ ........ ........ ........ ........ 20% 12.6M 2m58s
580608K ........ ........ ........ ........ ........ ........ 20% 12.6M 2m58s
583680K ........ ........ ........ ........ ........ ........ 20% 12.6M 2m58s
586752K ........ ........ ........ ........ ........ ........ 20% 12.7M 2m58s
589824K ........ ........ ........ ........ ........ ........ 21% 12.6M 2m57s
592896K ........ ........ ........ ........ ........ ........ 21% 12.3M 2m57s
595968K ........ ........ ........ ........ ........ ........ 21% 12.7M 2m57s
599040K ........ ........ ........ ........ ........ ........ 21% 12.6M 2m56s
602112K ........ ........ ........ ........ ........ ........ 21% 12.6M 2m56s
605184K ........ ........ ........ ........ ........ ........ 21% 12.6M 2m56s
608256K ........ ........ ........ ........ ........ ........ 21% 12.6M 2m56s
611328K ........ ........ ........ ........ ........ ........ 21% 12.6M 2m55s
614400K ........ ........ ........ ........ ........ ........ 21% 12.6M 2m55s
617472K ........ ........ ........ ........ ........ ........ 22% 5.15M 2m56s
620544K ........ ........ ........ ........ ........ ........ 22% 12.5M 2m56s
623616K ........ ........ ........ ........ ........ ........ 22% 12.6M 2m55s
626688K ........ ........ ........ ........ ........ ........ 22% 12.6M 2m55s
629760K ........ ........ ........ ........ ........ ........ 22% 12.6M 2m55s
632832K ........ ........ ........ ........ ........ ........ 22% 12.6M 2m55s
635904K ........ ........ ........ ........ ........ ........ 22% 12.4M 2m54s
638976K ........ ........ ........ ........ ........ ........ 22% 12.6M 2m54s
642048K ........ ........ ........ ........ ........ ........ 22% 12.7M 2m54s
645120K ........ ........ ........ ........ ........ ........ 23% 12.6M 2m54s
648192K ........ ........ ........ ........ ........ ........ 23% 12.6M 2m53s
651264K ........ ........ ........ ........ ........ ........ 23% 12.6M 2m53s
654336K ........ ........ ........ ........ ........ ........ 23% 12.6M 2m53s
657408K ........ ........ ........ ........ ........ ........ 23% 12.7M 2m52s
660480K ........ ........ ........ ........ ........ ........ 23% 12.6M 2m52s
663552K ........ ........ ........ ........ ........ ........ 23% 12.6M 2m52s
666624K ........ ........ ........ ........ ........ ........ 23% 12.6M 2m52s
669696K ........ ........ ........ ........ ........ ........ 23% 12.6M 2m51s
672768K ........ ........ ........ ........ ........ ........ 24% 12.6M 2m51s
675840K ........ ........ ........ ........ ........ ........ 24% 12.6M 2m51s
678912K ........ ........ ........ ........ ........ ........ 24% 12.5M 2m51s
681984K ........ ........ ........ ........ ........ ........ 24% 12.7M 2m50s
685056K ........ ........ ........ ........ ........ ........ 24% 12.6M 2m50s
688128K ........ ........ ........ ........ ........ ........ 24% 12.0M 2m50s
691200K ........ ........ ........ ........ ........ ........ 24% 12.6M 2m49s
694272K ........ ........ ........ ........ ........ ........ 24% 12.6M 2m49s
697344K ........ ........ ........ ........ ........ ........ 24% 12.6M 2m49s
700416K ........ ........ ........ ........ ........ ........ 25% 12.6M 2m49s
703488K ........ ........ ........ ........ ........ ........ 25% 12.6M 2m48s
706560K ........ ........ ........ ........ ........ ........ 25% 12.6M 2m48s
709632K ........ ........ ........ ........ ........ ........ 25% 12.7M 2m48s
712704K ........ ........ ........ ........ ........ ........ 25% 12.6M 2m48s
715776K ........ ........ ........ ........ ........ ........ 25% 12.6M 2m47s
718848K ........ ........ ........ ........ ........ ........ 25% 12.6M 2m47s
721920K ........ ........ ........ ........ ........ ........ 25% 12.7M 2m47s
724992K ........ ........ ........ ........ ........ ........ 25% 12.6M 2m47s
728064K ........ ........ ........ ........ ........ ........ 26% 12.6M 2m46s
731136K ........ ........ ........ ........ ........ ........ 26% 12.7M 2m46s
734208K ........ ........ ........ ........ ........ ........ 26% 12.6M 2m46s
737280K ........ ........ ........ ........ ........ ........ 26% 12.6M 2m45s
740352K ........ ........ ........ ........ ........ ........ 26% 12.6M 2m45s
743424K ........ ........ ........ ........ ........ ........ 26% 12.7M 2m45s
746496K ........ ........ ........ ........ ........ ........ 26% 12.6M 2m45s
749568K ........ ........ ........ ........ ........ ........ 26% 12.6M 2m44s
752640K ........ ........ ........ ........ ........ ........ 26% 4.59M 2m45s
755712K ........ ........ ........ ........ ........ ........ 27% 12.6M 2m45s
758784K ........ ........ ........ ........ ........ ........ 27% 12.7M 2m45s
761856K ........ ........ ........ ........ ........ ........ 27% 12.7M 2m44s
764928K ........ ........ ........ ........ ........ ........ 27% 12.6M 2m44s
768000K ........ ........ ........ ........ ........ ........ 27% 12.6M 2m44s
771072K ........ ........ ........ ........ ........ ........ 27% 12.5M 2m44s
774144K ........ ........ ........ ........ ........ ........ 27% 12.7M 2m43s
777216K ........ ........ ........ ........ ........ ........ 27% 12.6M 2m43s
780288K ........ ........ ........ ........ ........ ........ 27% 12.6M 2m43s
783360K ........ ........ ........ ........ ........ ........ 27% 12.7M 2m43s
786432K ........ ........ ........ ........ ........ ........ 28% 12.6M 2m42s
789504K ........ ........ ........ ........ ........ ........ 28% 12.7M 2m42s
792576K ........ ........ ........ ........ ........ ........ 28% 12.5M 2m42s
795648K ........ ........ ........ ........ ........ ........ 28% 12.6M 2m41s
798720K ........ ........ ........ ........ ........ ........ 28% 12.5M 2m41s
801792K ........ ........ ........ ........ ........ ........ 28% 12.6M 2m41s
804864K ........ ........ ........ ........ ........ ........ 28% 12.6M 2m41s
807936K ........ ........ ........ ........ ........ ........ 28% 12.7M 2m40s
811008K ........ ........ ........ ........ ........ ........ 28% 12.6M 2m40s
814080K ........ ........ ........ ........ ........ ........ 29% 12.6M 2m40s
817152K ........ ........ ........ ........ ........ ........ 29% 12.6M 2m40s
820224K ........ ........ ........ ........ ........ ........ 29% 12.6M 2m39s
823296K ........ ........ ........ ........ ........ ........ 29% 12.6M 2m39s
826368K ........ ........ ........ ........ ........ ........ 29% 12.7M 2m39s
829440K ........ ........ ........ ........ ........ ........ 29% 12.6M 2m38s
832512K ........ ........ ........ ........ ........ ........ 29% 12.6M 2m38s
835584K ........ ........ ........ ........ ........ ........ 29% 12.6M 2m38s
838656K ........ ........ ........ ........ ........ ........ 29% 12.6M 2m38s
841728K ........ ........ ........ ........ ........ ........ 30% 12.6M 2m37s
844800K ........ ........ ........ ........ ........ ........ 30% 12.6M 2m37s
847872K ........ ........ ........ ........ ........ ........ 30% 12.6M 2m37s
850944K ........ ........ ........ ........ ........ ........ 30% 12.7M 2m37s
854016K ........ ........ ........ ........ ........ ........ 30% 12.6M 2m36s
857088K ........ ........ ........ ........ ........ ........ 30% 12.7M 2m36s
860160K ........ ........ ........ ........ ........ ........ 30% 12.6M 2m36s
863232K ........ ........ ........ ........ ........ ........ 30% 12.6M 2m36s
866304K ........ ........ ........ ........ ........ ........ 30% 12.6M 2m35s
869376K ........ ........ ........ ........ ........ ........ 31% 12.6M 2m35s
872448K ........ ........ ........ ........ ........ ........ 31% 12.5M 2m35s
875520K ........ ........ ........ ........ ........ ........ 31% 12.7M 2m35s
878592K ........ ........ ........ ........ ........ ........ 31% 12.6M 2m34s
881664K ........ ........ ........ ........ ........ ........ 31% 12.6M 2m34s
884736K ........ ........ ........ ........ ........ ........ 31% 12.6M 2m34s
887808K ........ ........ ........ ........ ........ ........ 31% 12.6M 2m33s
890880K ........ ........ ........ ........ ........ ........ 31% 12.6M 2m33s
893952K ........ ........ ........ ........ ........ ........ 31% 12.6M 2m33s
897024K ........ ........ ........ ........ ........ ........ 32% 12.6M 2m33s
900096K ........ ........ ........ ........ ........ ........ 32% 12.7M 2m32s
903168K ........ ........ ........ ........ ........ ........ 32% 12.6M 2m32s
906240K ........ ........ ........ ........ ........ ........ 32% 12.7M 2m32s
909312K ........ ........ ........ ........ ........ ........ 32% 5.05M 2m32s
912384K ........ ........ ........ ........ ........ ........ 32% 12.6M 2m32s
915456K ........ ........ ........ ........ ........ ........ 32% 12.7M 2m32s
918528K ........ ........ ........ ........ ........ ........ 32% 12.6M 2m32s
921600K ........ ........ ........ ........ ........ ........ 32% 12.5M 2m31s
924672K ........ ........ ........ ........ ........ ........ 33% 12.6M 2m31s
927744K ........ ........ ........ ........ ........ ........ 33% 12.7M 2m31s
930816K ........ ........ ........ ........ ........ ........ 33% 12.6M 2m31s
933888K ........ ........ ........ ........ ........ ........ 33% 12.6M 2m30s
936960K ........ ........ ........ ........ ........ ........ 33% 12.6M 2m30s
940032K ........ ........ ........ ........ ........ ........ 33% 12.6M 2m30s
943104K ........ ........ ........ ........ ........ ........ 33% 12.6M 2m29s
946176K ........ ........ ........ ........ ........ ........ 33% 12.5M 2m29s
949248K ........ ........ ........ ........ ........ ........ 33% 12.7M 2m29s
952320K ........ ........ ........ ........ ........ ........ 34% 12.6M 2m29s
955392K ........ ........ ........ ........ ........ ........ 34% 12.6M 2m28s
958464K ........ ........ ........ ........ ........ ........ 34% 12.6M 2m28s
961536K ........ ........ ........ ........ ........ ........ 34% 12.5M 2m28s
964608K ........ ........ ........ ........ ........ ........ 34% 12.7M 2m28s
967680K ........ ........ ........ ........ ........ ........ 34% 12.6M 2m27s
970752K ........ ........ ........ ........ ........ ........ 34% 12.6M 2m27s
973824K ........ ........ ........ ........ ........ ........ 34% 12.5M 2m27s
976896K ........ ........ ........ ........ ........ ........ 34% 12.7M 2m27s
979968K ........ ........ ........ ........ ........ ........ 34% 12.6M 2m26s
983040K ........ ........ ........ ........ ........ ........ 35% 12.6M 2m26s
986112K ........ ........ ........ ........ ........ ........ 35% 12.6M 2m26s
989184K ........ ........ ........ ........ ........ ........ 35% 12.6M 2m26s
992256K ........ ........ ........ ........ ........ ........ 35% 12.6M 2m25s
995328K ........ ........ ........ ........ ........ ........ 35% 12.6M 2m25s
998400K ........ ........ ........ ........ ........ ........ 35% 12.7M 2m25s
1001472K ........ ........ ........ ........ ........ ........ 35% 12.7M 2m24s
1004544K ........ ........ ........ ........ ........ ........ 35% 12.6M 2m24s
1007616K ........ ........ ........ ........ ........ ........ 35% 12.6M 2m24s
1010688K ........ ........ ........ ........ ........ ........ 36% 12.6M 2m24s
1013760K ........ ........ ........ ........ ........ ........ 36% 12.6M 2m23s
1016832K ........ ........ ........ ........ ........ ........ 36% 12.6M 2m23s
1019904K ........ ........ ........ ........ ........ ........ 36% 12.7M 2m23s
1022976K ........ ........ ........ ........ ........ ........ 36% 12.6M 2m23s
1026048K ........ ........ ........ ........ ........ ........ 36% 12.4M 2m22s
1029120K ........ ........ ........ ........ ........ ........ 36% 12.5M 2m22s
1032192K ........ ........ ........ ........ ........ ........ 36% 12.6M 2m22s
1035264K ........ ........ ........ ........ ........ ........ 36% 12.6M 2m22s
1038336K ........ ........ ........ ........ ........ ........ 37% 12.6M 2m21s
1041408K ........ ........ ........ ........ ........ ........ 37% 12.6M 2m21s
1044480K ........ ........ ........ ........ ........ ........ 37% 12.7M 2m21s
1047552K ........ ........ ........ ........ ........ ........ 37% 12.6M 2m21s
1050624K ........ ........ ........ ........ ........ ........ 37% 12.6M 2m20s
1053696K ........ ........ ........ ........ ........ ........ 37% 12.6M 2m20s
1056768K ........ ........ ........ ........ ........ ........ 37% 12.6M 2m20s
1059840K ........ ........ ........ ........ ........ ........ 37% 12.6M 2m20s
1062912K ........ ........ ........ ........ ........ ........ 37% 12.6M 2m19s
1065984K ........ ........ ........ ........ ........ ........ 38% 12.6M 2m19s
1069056K ........ ........ ........ ........ ........ ........ 38% 12.6M 2m19s
1072128K ........ ........ ........ ........ ........ ........ 38% 12.6M 2m19s
1075200K ........ ........ ........ ........ ........ ........ 38% 12.7M 2m18s
1078272K ........ ........ ........ ........ ........ ........ 38% 12.6M 2m18s
1081344K ........ ........ ........ ........ ........ ........ 38% 12.5M 2m18s
1084416K ........ ........ ........ ........ ........ ........ 38% 12.7M 2m18s
1087488K ........ ........ ........ ........ ........ ........ 38% 12.6M 2m17s
1090560K ........ ........ ........ ........ ........ ........ 38% 12.6M 2m17s
1093632K ........ ........ ........ ........ ........ ........ 39% 12.4M 2m17s
1096704K ........ ........ ........ ........ ........ ........ 39% 12.6M 2m16s
1099776K ........ ........ ........ ........ ........ ........ 39% 12.6M 2m16s
1102848K ........ ........ ........ ........ ........ ........ 39% 12.7M 2m16s
1105920K ........ ........ ........ ........ ........ ........ 39% 12.6M 2m16s
1108992K ........ ........ ........ ........ ........ ........ 39% 12.7M 2m15s
1112064K ........ ........ ........ ........ ........ ........ 39% 12.6M 2m15s
1115136K ........ ........ ........ ........ ........ ........ 39% 12.7M 2m15s
1118208K ........ ........ ........ ........ ........ ........ 39% 12.6M 2m15s
1121280K ........ ........ ........ ........ ........ ........ 40% 12.6M 2m14s
1124352K ........ ........ ........ ........ ........ ........ 40% 12.6M 2m14s
1127424K ........ ........ ........ ........ ........ ........ 40% 12.7M 2m14s
1130496K ........ ........ ........ ........ ........ ........ 40% 12.6M 2m14s
1133568K ........ ........ ........ ........ ........ ........ 40% 12.7M 2m13s
1136640K ........ ........ ........ ........ ........ ........ 40% 12.6M 2m13s
1139712K ........ ........ ........ ........ ........ ........ 40% 12.6M 2m13s
1142784K ........ ........ ........ ........ ........ ........ 40% 12.7M 2m13s
1145856K ........ ........ ........ ........ ........ ........ 40% 12.6M 2m12s
1148928K ........ ........ ........ ........ ........ ........ 40% 12.6M 2m12s
1152000K ........ ........ ........ ........ ........ ........ 41% 12.6M 2m12s
1155072K ........ ........ ........ ........ ........ ........ 41% 12.6M 2m12s
1158144K ........ ........ ........ ........ ........ ........ 41% 12.6M 2m11s
1161216K ........ ........ ........ ........ ........ ........ 41% 12.6M 2m11s
1164288K ........ ........ ........ ........ ........ ........ 41% 12.5M 2m11s
1167360K ........ ........ ........ ........ ........ ........ 41% 12.7M 2m11s
1170432K ........ ........ ........ ........ ........ ........ 41% 12.7M 2m10s
1173504K ........ ........ ........ ........ ........ ........ 41% 12.5M 2m10s
1176576K ........ ........ ........ ........ ........ ........ 41% 12.7M 2m10s
1179648K ........ ........ ........ ........ ........ ........ 42% 12.5M 2m10s
1182720K ........ ........ ........ ........ ........ ........ 42% 12.7M 2m9s
1185792K ........ ........ ........ ........ ........ ........ 42% 12.6M 2m9s
1188864K ........ ........ ........ ........ ........ ........ 42% 12.6M 2m9s
1191936K ........ ........ ........ ........ ........ ........ 42% 12.6M 2m9s
1195008K ........ ........ ........ ........ ........ ........ 42% 12.6M 2m8s
1198080K ........ ........ ........ ........ ........ ........ 42% 12.6M 2m8s
1201152K ........ ........ ........ ........ ........ ........ 42% 12.6M 2m8s
1204224K ........ ........ ........ ........ ........ ........ 42% 12.6M 2m8s
1207296K ........ ........ ........ ........ ........ ........ 43% 12.6M 2m7s
1210368K ........ ........ ........ ........ ........ ........ 43% 12.6M 2m7s
1213440K ........ ........ ........ ........ ........ ........ 43% 12.5M 2m7s
1216512K ........ ........ ........ ........ ........ ........ 43% 12.6M 2m7s
1219584K ........ ........ ........ ........ ........ ........ 43% 12.6M 2m6s
1222656K ........ ........ ........ ........ ........ ........ 43% 12.5M 2m6s
1225728K ........ ........ ........ ........ ........ ........ 43% 12.6M 2m6s
1228800K ........ ........ ........ ........ ........ ........ 43% 12.6M 2m6s
1231872K ........ ........ ........ ........ ........ ........ 43% 12.6M 2m5s
1234944K ........ ........ ........ ........ ........ ........ 44% 12.6M 2m5s
1238016K ........ ........ ........ ........ ........ ........ 44% 12.6M 2m5s
1241088K ........ ........ ........ ........ ........ ........ 44% 12.6M 2m5s
1244160K ........ ........ ........ ........ ........ ........ 44% 12.6M 2m4s
1247232K ........ ........ ........ ........ ........ ........ 44% 12.6M 2m4s
1250304K ........ ........ ........ ........ ........ ........ 44% 12.7M 2m4s
1253376K ........ ........ ........ ........ ........ ........ 44% 12.6M 2m4s
1256448K ........ ........ ........ ........ ........ ........ 44% 12.6M 2m3s
1259520K ........ ........ ........ ........ ........ ........ 44% 12.6M 2m3s
1262592K ........ ........ ........ ........ ........ ........ 45% 12.6M 2m3s
1265664K ........ ........ ........ ........ ........ ........ 45% 12.6M 2m3s
1268736K ........ ........ ........ ........ ........ ........ 45% 12.6M 2m2s
1271808K ........ ........ ........ ........ ........ ........ 45% 12.6M 2m2s
1274880K ........ ........ ........ ........ ........ ........ 45% 12.6M 2m2s
1277952K ........ ........ ........ ........ ........ ........ 45% 12.6M 2m1s
1281024K ........ ........ ........ ........ ........ ........ 45% 12.6M 2m1s
1284096K ........ ........ ........ ........ ........ ........ 45% 12.6M 2m1s
1287168K ........ ........ ........ ........ ........ ........ 45% 12.6M 2m1s
1290240K ........ ........ ........ ........ ........ ........ 46% 12.6M 2m0s
1293312K ........ ........ ........ ........ ........ ........ 46% 12.6M 2m0s
1296384K ........ ........ ........ ........ ........ ........ 46% 12.6M 2m0s
1299456K ........ ........ ........ ........ ........ ........ 46% 12.6M 2m0s
1302528K ........ ........ ........ ........ ........ ........ 46% 5.04M 2m0s
1305600K ........ ........ ........ ........ ........ ........ 46% 12.6M 2m0s
1308672K ........ ........ ........ ........ ........ ........ 46% 12.6M 1m59s
1311744K ........ ........ ........ ........ ........ ........ 46% 12.6M 1m59s
1314816K ........ ........ ........ ........ ........ ........ 46% 12.6M 1m59s
1317888K ........ ........ ........ ........ ........ ........ 47% 12.7M 1m59s
1320960K ........ ........ ........ ........ ........ ........ 47% 12.6M 1m58s
1324032K ........ ........ ........ ........ ........ ........ 47% 12.6M 1m58s
1327104K ........ ........ ........ ........ ........ ........ 47% 12.7M 1m58s
1330176K ........ ........ ........ ........ ........ ........ 47% 12.6M 1m58s
1333248K ........ ........ ........ ........ ........ ........ 47% 12.6M 1m57s
1336320K ........ ........ ........ ........ ........ ........ 47% 12.6M 1m57s
1339392K ........ ........ ........ ........ ........ ........ 47% 12.5M 1m57s
1342464K ........ ........ ........ ........ ........ ........ 47% 12.7M 1m57s
1345536K ........ ........ ........ ........ ........ ........ 47% 12.5M 1m56s
1348608K ........ ........ ........ ........ ........ ........ 48% 12.5M 1m56s
1351680K ........ ........ ........ ........ ........ ........ 48% 12.7M 1m56s
1354752K ........ ........ ........ ........ ........ ........ 48% 12.6M 1m56s
1357824K ........ ........ ........ ........ ........ ........ 48% 12.6M 1m55s
1360896K ........ ........ ........ ........ ........ ........ 48% 12.6M 1m55s
1363968K ........ ........ ........ ........ ........ ........ 48% 12.6M 1m55s
1367040K ........ ........ ........ ........ ........ ........ 48% 12.6M 1m55s
1370112K ........ ........ ........ ........ ........ ........ 48% 12.7M 1m54s
1373184K ........ ........ ........ ........ ........ ........ 48% 12.6M 1m54s
1376256K ........ ........ ........ ........ ........ ........ 49% 12.6M 1m54s
1379328K ........ ........ ........ ........ ........ ........ 49% 12.6M 1m54s
1382400K ........ ........ ........ ........ ........ ........ 49% 12.6M 1m53s
1385472K ........ ........ ........ ........ ........ ........ 49% 12.7M 1m53s
1388544K ........ ........ ........ ........ ........ ........ 49% 12.6M 1m53s
1391616K ........ ........ ........ ........ ........ ........ 49% 12.7M 1m53s
1394688K ........ ........ ........ ........ ........ ........ 49% 12.3M 1m52s
1397760K ........ ........ ........ ........ ........ ........ 49% 12.5M 1m52s
1400832K ........ ........ ........ ........ ........ ........ 49% 12.6M 1m52s
1403904K ........ ........ ........ ........ ........ ........ 50% 12.6M 1m52s
1406976K ........ ........ ........ ........ ........ ........ 50% 12.6M 1m51s
1410048K ........ ........ ........ ........ ........ ........ 50% 12.7M 1m51s
1413120K ........ ........ ........ ........ ........ ........ 50% 12.6M 1m51s
1416192K ........ ........ ........ ........ ........ ........ 50% 12.6M 1m51s
1419264K ........ ........ ........ ........ ........ ........ 50% 12.7M 1m50s
1422336K ........ ........ ........ ........ ........ ........ 50% 12.6M 1m50s
1425408K ........ ........ ........ ........ ........ ........ 50% 12.6M 1m50s
1428480K ........ ........ ........ ........ ........ ........ 50% 12.6M 1m50s
1431552K ........ ........ ........ ........ ........ ........ 51% 12.6M 1m49s
1434624K ........ ........ ........ ........ ........ ........ 51% 12.6M 1m49s
1437696K ........ ........ ........ ........ ........ ........ 51% 12.6M 1m49s
1440768K ........ ........ ........ ........ ........ ........ 51% 12.6M 1m49s
1443840K ........ ........ ........ ........ ........ ........ 51% 12.6M 1m48s
1446912K ........ ........ ........ ........ ........ ........ 51% 12.6M 1m48s
1449984K ........ ........ ........ ........ ........ ........ 51% 12.6M 1m48s
1453056K ........ ........ ........ ........ ........ ........ 51% 12.7M 1m48s
1456128K ........ ........ ........ ........ ........ ........ 51% 12.6M 1m47s
1459200K ........ ........ ........ ........ ........ ........ 52% 12.6M 1m47s
1462272K ........ ........ ........ ........ ........ ........ 52% 12.6M 1m47s
1465344K ........ ........ ........ ........ ........ ........ 52% 5.16M 1m47s
1468416K ........ ........ ........ ........ ........ ........ 52% 12.5M 1m47s
1471488K ........ ........ ........ ........ ........ ........ 52% 12.6M 1m46s
1474560K ........ ........ ........ ........ ........ ........ 52% 12.6M 1m46s
1477632K ........ ........ ........ ........ ........ ........ 52% 12.7M 1m46s
1480704K ........ ........ ........ ........ ........ ........ 52% 12.6M 1m46s
1483776K ........ ........ ........ ........ ........ ........ 52% 12.7M 1m45s
1486848K ........ ........ ........ ........ ........ ........ 53% 12.6M 1m45s
1489920K ........ ........ ........ ........ ........ ........ 53% 12.5M 1m45s
1492992K ........ ........ ........ ........ ........ ........ 53% 12.6M 1m45s
1496064K ........ ........ ........ ........ ........ ........ 53% 12.7M 1m44s
1499136K ........ ........ ........ ........ ........ ........ 53% 12.6M 1m44s
1502208K ........ ........ ........ ........ ........ ........ 53% 12.6M 1m44s
1505280K ........ ........ ........ ........ ........ ........ 53% 12.5M 1m44s
1508352K ........ ........ ........ ........ ........ ........ 53% 12.6M 1m43s
1511424K ........ ........ ........ ........ ........ ........ 53% 12.7M 1m43s
1514496K ........ ........ ........ ........ ........ ........ 54% 12.2M 1m43s
1517568K ........ ........ ........ ........ ........ ........ 54% 12.7M 1m43s
1520640K ........ ........ ........ ........ ........ ........ 54% 12.6M 1m42s
1523712K ........ ........ ........ ........ ........ ........ 54% 12.6M 1m42s
1526784K ........ ........ ........ ........ ........ ........ 54% 12.7M 1m42s
1529856K ........ ........ ........ ........ ........ ........ 54% 12.6M 1m42s
1532928K ........ ........ ........ ........ ........ ........ 54% 12.6M 1m41s
1536000K ........ ........ ........ ........ ........ ........ 54% 12.6M 1m41s
1539072K ........ ........ ........ ........ ........ ........ 54% 12.6M 1m41s
1542144K ........ ........ ........ ........ ........ ........ 54% 12.7M 1m41s
1545216K ........ ........ ........ ........ ........ ........ 55% 12.6M 1m40s
1548288K ........ ........ ........ ........ ........ ........ 55% 12.6M 1m40s
1551360K ........ ........ ........ ........ ........ ........ 55% 12.6M 1m40s
1554432K ........ ........ ........ ........ ........ ........ 55% 12.7M 1m40s
1557504K ........ ........ ........ ........ ........ ........ 55% 12.6M 99s
1560576K ........ ........ ........ ........ ........ ........ 55% 12.6M 99s
1563648K ........ ........ ........ ........ ........ ........ 55% 12.6M 99s
1566720K ........ ........ ........ ........ ........ ........ 55% 12.6M 99s
1569792K ........ ........ ........ ........ ........ ........ 55% 12.7M 98s
1572864K ........ ........ ........ ........ ........ ........ 56% 12.5M 98s
1575936K ........ ........ ........ ........ ........ ........ 56% 12.7M 98s
1579008K ........ ........ ........ ........ ........ ........ 56% 12.6M 98s
1582080K ........ ........ ........ ........ ........ ........ 56% 12.6M 97s
1585152K ........ ........ ........ ........ ........ ........ 56% 12.6M 97s
1588224K ........ ........ ........ ........ ........ ........ 56% 12.6M 97s
1591296K ........ ........ ........ ........ ........ ........ 56% 12.6M 97s
1594368K ........ ........ ........ ........ ........ ........ 56% 12.5M 96s
1597440K ........ ........ ........ ........ ........ ........ 56% 12.6M 96s
1600512K ........ ........ ........ ........ ........ ........ 57% 12.7M 96s
1603584K ........ ........ ........ ........ ........ ........ 57% 12.6M 96s
1606656K ........ ........ ........ ........ ........ ........ 57% 12.6M 95s
1609728K ........ ........ ........ ........ ........ ........ 57% 12.6M 95s
1612800K ........ ........ ........ ........ ........ ........ 57% 12.6M 95s
1615872K ........ ........ ........ ........ ........ ........ 57% 12.6M 95s
1618944K ........ ........ ........ ........ ........ ........ 57% 12.6M 94s
1622016K ........ ........ ........ ........ ........ ........ 57% 12.5M 94s
1625088K ........ ........ ........ ........ ........ ........ 57% 12.5M 94s
1628160K ........ ........ ........ ........ ........ ........ 58% 12.7M 94s
1631232K ........ ........ ........ ........ ........ ........ 58% 12.6M 93s
1634304K ........ ........ ........ ........ ........ ........ 58% 12.6M 93s
1637376K ........ ........ ........ ........ ........ ........ 58% 12.6M 93s
1640448K ........ ........ ........ ........ ........ ........ 58% 12.6M 93s
1643520K ........ ........ ........ ........ ........ ........ 58% 12.5M 92s
1646592K ........ ........ ........ ........ ........ ........ 58% 12.7M 92s
1649664K ........ ........ ........ ........ ........ ........ 58% 12.6M 92s
1652736K ........ ........ ........ ........ ........ ........ 58% 5.41M 92s
1655808K ........ ........ ........ ........ ........ ........ 59% 12.5M 92s
1658880K ........ ........ ........ ........ ........ ........ 59% 12.4M 91s
1661952K ........ ........ ........ ........ ........ ........ 59% 12.5M 91s
1665024K ........ ........ ........ ........ ........ ........ 59% 12.6M 91s
1668096K ........ ........ ........ ........ ........ ........ 59% 12.6M 91s
1671168K ........ ........ ........ ........ ........ ........ 59% 12.5M 90s
1674240K ........ ........ ........ ........ ........ ........ 59% 12.6M 90s
1677312K ........ ........ ........ ........ ........ ........ 59% 12.5M 90s
1680384K ........ ........ ........ ........ ........ ........ 59% 12.6M 90s
1683456K ........ ........ ........ ........ ........ ........ 60% 12.5M 89s
1686528K ........ ........ ........ ........ ........ ........ 60% 12.5M 89s
1689600K ........ ........ ........ ........ ........ ........ 60% 12.6M 89s
1692672K ........ ........ ........ ........ ........ ........ 60% 12.6M 89s
1695744K ........ ........ ........ ........ ........ ........ 60% 12.6M 88s
1698816K ........ ........ ........ ........ ........ ........ 60% 12.5M 88s
1701888K ........ ........ ........ ........ ........ ........ 60% 12.7M 88s
1704960K ........ ........ ........ ........ ........ ........ 60% 12.6M 88s
1708032K ........ ........ ........ ........ ........ ........ 60% 12.6M 87s
1711104K ........ ........ ........ ........ ........ ........ 61% 12.6M 87s
1714176K ........ ........ ........ ........ ........ ........ 61% 12.6M 87s
1717248K ........ ........ ........ ........ ........ ........ 61% 12.4M 87s
1720320K ........ ........ ........ ........ ........ ........ 61% 12.6M 86s
1723392K ........ ........ ........ ........ ........ ........ 61% 12.6M 86s
1726464K ........ ........ ........ ........ ........ ........ 61% 12.6M 86s
1729536K ........ ........ ........ ........ ........ ........ 61% 12.6M 86s
1732608K ........ ........ ........ ........ ........ ........ 61% 12.5M 85s
1735680K ........ ........ ........ ........ ........ ........ 61% 12.5M 85s
1738752K ........ ........ ........ ........ ........ ........ 61% 12.6M 85s
1741824K ........ ........ ........ ........ ........ ........ 62% 12.4M 85s
1744896K ........ ........ ........ ........ ........ ........ 62% 12.6M 84s
1747968K ........ ........ ........ ........ ........ ........ 62% 12.6M 84s
1751040K ........ ........ ........ ........ ........ ........ 62% 12.1M 84s
1754112K ........ ........ ........ ........ ........ ........ 62% 12.6M 84s
1757184K ........ ........ ........ ........ ........ ........ 62% 12.6M 83s
1760256K ........ ........ ........ ........ ........ ........ 62% 12.6M 83s
1763328K ........ ........ ........ ........ ........ ........ 62% 12.6M 83s
1766400K ........ ........ ........ ........ ........ ........ 62% 12.6M 83s
1769472K ........ ........ ........ ........ ........ ........ 63% 12.6M 82s
1772544K ........ ........ ........ ........ ........ ........ 63% 12.6M 82s
1775616K ........ ........ ........ ........ ........ ........ 63% 12.6M 82s
1778688K ........ ........ ........ ........ ........ ........ 63% 12.7M 82s
1781760K ........ ........ ........ ........ ........ ........ 63% 12.5M 81s
1784832K ........ ........ ........ ........ ........ ........ 63% 12.6M 81s
1787904K ........ ........ ........ ........ ........ ........ 63% 12.7M 81s
1790976K ........ ........ ........ ........ ........ ........ 63% 12.6M 81s
1794048K ........ ........ ........ ........ ........ ........ 63% 12.6M 80s
1797120K ........ ........ ........ ........ ........ ........ 64% 12.6M 80s
1800192K ........ ........ ........ ........ ........ ........ 64% 12.6M 80s
1803264K ........ ........ ........ ........ ........ ........ 64% 12.6M 80s
1806336K ........ ........ ........ ........ ........ ........ 64% 12.6M 79s
1809408K ........ ........ ........ ........ ........ ........ 64% 12.6M 79s
1812480K ........ ........ ........ ........ ........ ........ 64% 12.6M 79s
1815552K ........ ........ ........ ........ ........ ........ 64% 12.4M 79s
1818624K ........ ........ ........ ........ ........ ........ 64% 12.6M 79s
1821696K ........ ........ ........ ........ ........ ........ 64% 12.6M 78s
1824768K ........ ........ ........ ........ ........ ........ 65% 12.6M 78s
1827840K ........ ........ ........ ........ ........ ........ 65% 12.6M 78s
1830912K ........ ........ ........ ........ ........ ........ 65% 12.6M 78s
1833984K ........ ........ ........ ........ ........ ........ 65% 12.6M 77s
1837056K ........ ........ ........ ........ ........ ........ 65% 12.6M 77s
1840128K ........ ........ ........ ........ ........ ........ 65% 12.6M 77s
1843200K ........ ........ ........ ........ ........ ........ 65% 12.6M 77s
1846272K ........ ........ ........ ........ ........ ........ 65% 12.6M 76s
1849344K ........ ........ ........ ........ ........ ........ 65% 12.6M 76s
1852416K ........ ........ ........ ........ ........ ........ 66% 12.5M 76s
1855488K ........ ........ ........ ........ ........ ........ 66% 12.6M 76s
1858560K ........ ........ ........ ........ ........ ........ 66% 12.6M 75s
1861632K ........ ........ ........ ........ ........ ........ 66% 12.7M 75s
1864704K ........ ........ ........ ........ ........ ........ 66% 12.7M 75s
1867776K ........ ........ ........ ........ ........ ........ 66% 12.6M 75s
1870848K ........ ........ ........ ........ ........ ........ 66% 12.6M 74s
1873920K ........ ........ ........ ........ ........ ........ 66% 12.6M 74s
1876992K ........ ........ ........ ........ ........ ........ 66% 12.6M 74s
1880064K ........ ........ ........ ........ ........ ........ 67% 12.6M 74s
1883136K ........ ........ ........ ........ ........ ........ 67% 12.3M 73s
1886208K ........ ........ ........ ........ ........ ........ 67% 12.6M 73s
1889280K ........ ........ ........ ........ ........ ........ 67% 12.7M 73s
1892352K ........ ........ ........ ........ ........ ........ 67% 12.6M 73s
1895424K ........ ........ ........ ........ ........ ........ 67% 12.7M 72s
1898496K ........ ........ ........ ........ ........ ........ 67% 12.6M 72s
1901568K ........ ........ ........ ........ ........ ........ 67% 12.6M 72s
1904640K ........ ........ ........ ........ ........ ........ 67% 12.6M 72s
1907712K ........ ........ ........ ........ ........ ........ 68% 12.6M 71s
1910784K ........ ........ ........ ........ ........ ........ 68% 12.6M 71s
1913856K ........ ........ ........ ........ ........ ........ 68% 12.6M 71s
1916928K ........ ........ ........ ........ ........ ........ 68% 12.6M 71s
1920000K ........ ........ ........ ........ ........ ........ 68% 12.6M 70s
1923072K ........ ........ ........ ........ ........ ........ 68% 12.6M 70s
1926144K ........ ........ ........ ........ ........ ........ 68% 12.6M 70s
1929216K ........ ........ ........ ........ ........ ........ 68% 12.6M 70s
1932288K ........ ........ ........ ........ ........ ........ 68% 12.6M 69s
1935360K ........ ........ ........ ........ ........ ........ 68% 12.6M 69s
1938432K ........ ........ ........ ........ ........ ........ 69% 12.7M 69s
1941504K ........ ........ ........ ........ ........ ........ 69% 12.6M 69s
1944576K ........ ........ ........ ........ ........ ........ 69% 12.6M 68s
1947648K ........ ........ ........ ........ ........ ........ 69% 12.7M 68s
1950720K ........ ........ ........ ........ ........ ........ 69% 12.6M 68s
1953792K ........ ........ ........ ........ ........ ........ 69% 12.6M 68s
1956864K ........ ........ ........ ........ ........ ........ 69% 12.7M 67s
1959936K ........ ........ ........ ........ ........ ........ 69% 12.6M 67s
1963008K ........ ........ ........ ........ ........ ........ 69% 12.6M 67s
1966080K ........ ........ ........ ........ ........ ........ 70% 12.6M 67s
1969152K ........ ........ ........ ........ ........ ........ 70% 12.7M 66s
1972224K ........ ........ ........ ........ ........ ........ 70% 12.6M 66s
1975296K ........ ........ ........ ........ ........ ........ 70% 12.6M 66s
1978368K ........ ........ ........ ........ ........ ........ 70% 12.6M 66s
1981440K ........ ........ ........ ........ ........ ........ 70% 12.7M 65s
1984512K ........ ........ ........ ........ ........ ........ 70% 12.6M 65s
1987584K ........ ........ ........ ........ ........ ........ 70% 12.6M 65s
1990656K ........ ........ ........ ........ ........ ........ 70% 12.6M 65s
1993728K ........ ........ ........ ........ ........ ........ 71% 12.6M 64s
1996800K ........ ........ ........ ........ ........ ........ 71% 12.4M 64s
1999872K ........ ........ ........ ........ ........ ........ 71% 12.6M 64s
2002944K ........ ........ ........ ........ ........ ........ 71% 12.6M 64s
2006016K ........ ........ ........ ........ ........ ........ 71% 12.5M 63s
2009088K ........ ........ ........ ........ ........ ........ 71% 12.4M 63s
2012160K ........ ........ ........ ........ ........ ........ 71% 12.5M 63s
2015232K ........ ........ ........ ........ ........ ........ 71% 12.7M 63s
2018304K ........ ........ ........ ........ ........ ........ 71% 12.6M 62s
2021376K ........ ........ ........ ........ ........ ........ 72% 12.6M 62s
2024448K ........ ........ ........ ........ ........ ........ 72% 12.6M 62s
2027520K ........ ........ ........ ........ ........ ........ 72% 12.7M 62s
2030592K ........ ........ ........ ........ ........ ........ 72% 12.6M 62s
2033664K ........ ........ ........ ........ ........ ........ 72% 12.6M 61s
2036736K ........ ........ ........ ........ ........ ........ 72% 12.7M 61s
2039808K ........ ........ ........ ........ ........ ........ 72% 12.6M 61s
2042880K ........ ........ ........ ........ ........ ........ 72% 12.6M 61s
2045952K ........ ........ ........ ........ ........ ........ 72% 12.5M 60s
2049024K ........ ........ ........ ........ ........ ........ 73% 12.5M 60s
2052096K ........ ........ ........ ........ ........ ........ 73% 12.7M 60s
2055168K ........ ........ ........ ........ ........ ........ 73% 12.6M 60s
2058240K ........ ........ ........ ........ ........ ........ 73% 12.7M 59s
2061312K ........ ........ ........ ........ ........ ........ 73% 12.6M 59s
2064384K ........ ........ ........ ........ ........ ........ 73% 12.7M 59s
2067456K ........ ........ ........ ........ ........ ........ 73% 12.6M 59s
2070528K ........ ........ ........ ........ ........ ........ 73% 12.6M 58s
2073600K ........ ........ ........ ........ ........ ........ 73% 12.7M 58s
2076672K ........ ........ ........ ........ ........ ........ 74% 12.6M 58s
2079744K ........ ........ ........ ........ ........ ........ 74% 12.5M 58s
2082816K ........ ........ ........ ........ ........ ........ 74% 12.4M 57s
2085888K ........ ........ ........ ........ ........ ........ 74% 12.7M 57s
2088960K ........ ........ ........ ........ ........ ........ 74% 12.6M 57s
2092032K ........ ........ ........ ........ ........ ........ 74% 12.6M 57s
2095104K ........ ........ ........ ........ ........ ........ 74% 12.7M 56s
2098176K ........ ........ ........ ........ ........ ........ 74% 12.6M 56s
2101248K ........ ........ ........ ........ ........ ........ 74% 12.6M 56s
2104320K ........ ........ ........ ........ ........ ........ 75% 12.7M 56s
2107392K ........ ........ ........ ........ ........ ........ 75% 12.7M 55s
2110464K ........ ........ ........ ........ ........ ........ 75% 12.6M 55s
2113536K ........ ........ ........ ........ ........ ........ 75% 12.6M 55s
2116608K ........ ........ ........ ........ ........ ........ 75% 12.6M 55s
2119680K ........ ........ ........ ........ ........ ........ 75% 12.7M 54s
2122752K ........ ........ ........ ........ ........ ........ 75% 12.6M 54s
2125824K ........ ........ ........ ........ ........ ........ 75% 12.6M 54s
2128896K ........ ........ ........ ........ ........ ........ 75% 12.6M 54s
2131968K ........ ........ ........ ........ ........ ........ 75% 12.7M 53s
2135040K ........ ........ ........ ........ ........ ........ 76% 12.5M 53s
2138112K ........ ........ ........ ........ ........ ........ 76% 12.7M 53s
2141184K ........ ........ ........ ........ ........ ........ 76% 12.6M 53s
2144256K ........ ........ ........ ........ ........ ........ 76% 12.6M 52s
2147328K ........ ........ ........ ........ ........ ........ 76% 12.7M 52s
2150400K ........ ........ ........ ........ ........ ........ 76% 12.6M 52s
2153472K ........ ........ ........ ........ ........ ........ 76% 12.6M 52s
2156544K ........ ........ ........ ........ ........ ........ 76% 12.6M 51s
2159616K ........ ........ ........ ........ ........ ........ 76% 12.6M 51s
2162688K ........ ........ ........ ........ ........ ........ 77% 12.7M 51s
2165760K ........ ........ ........ ........ ........ ........ 77% 12.7M 51s
2168832K ........ ........ ........ ........ ........ ........ 77% 12.5M 50s
2171904K ........ ........ ........ ........ ........ ........ 77% 12.7M 50s
2174976K ........ ........ ........ ........ ........ ........ 77% 5.08M 50s
2178048K ........ ........ ........ ........ ........ ........ 77% 12.7M 50s
2181120K ........ ........ ........ ........ ........ ........ 77% 12.6M 50s
2184192K ........ ........ ........ ........ ........ ........ 77% 12.7M 49s
2187264K ........ ........ ........ ........ ........ ........ 77% 12.6M 49s
2190336K ........ ........ ........ ........ ........ ........ 78% 12.6M 49s
2193408K ........ ........ ........ ........ ........ ........ 78% 12.6M 49s
2196480K ........ ........ ........ ........ ........ ........ 78% 12.6M 48s
2199552K ........ ........ ........ ........ ........ ........ 78% 12.4M 48s
2202624K ........ ........ ........ ........ ........ ........ 78% 12.6M 48s
2205696K ........ ........ ........ ........ ........ ........ 78% 12.6M 48s
2208768K ........ ........ ........ ........ ........ ........ 78% 12.6M 47s
2211840K ........ ........ ........ ........ ........ ........ 78% 12.7M 47s
2214912K ........ ........ ........ ........ ........ ........ 78% 12.6M 47s
2217984K ........ ........ ........ ........ ........ ........ 79% 12.6M 47s
2221056K ........ ........ ........ ........ ........ ........ 79% 12.6M 46s
2224128K ........ ........ ........ ........ ........ ........ 79% 12.6M 46s
2227200K ........ ........ ........ ........ ........ ........ 79% 12.5M 46s
2230272K ........ ........ ........ ........ ........ ........ 79% 12.5M 46s
2233344K ........ ........ ........ ........ ........ ........ 79% 12.6M 45s
2236416K ........ ........ ........ ........ ........ ........ 79% 12.6M 45s
2239488K ........ ........ ........ ........ ........ ........ 79% 12.7M 45s
2242560K ........ ........ ........ ........ ........ ........ 79% 12.6M 45s
2245632K ........ ........ ........ ........ ........ ........ 80% 12.6M 44s
2248704K ........ ........ ........ ........ ........ ........ 80% 12.6M 44s
2251776K ........ ........ ........ ........ ........ ........ 80% 12.6M 44s
2254848K ........ ........ ........ ........ ........ ........ 80% 12.7M 44s
2257920K ........ ........ ........ ........ ........ ........ 80% 12.6M 43s
2260992K ........ ........ ........ ........ ........ ........ 80% 12.6M 43s
2264064K ........ ........ ........ ........ ........ ........ 80% 12.6M 43s
2267136K ........ ........ ........ ........ ........ ........ 80% 12.6M 43s
2270208K ........ ........ ........ ........ ........ ........ 80% 12.6M 42s
2273280K ........ ........ ........ ........ ........ ........ 81% 12.7M 42s
2276352K ........ ........ ........ ........ ........ ........ 81% 12.6M 42s
2279424K ........ ........ ........ ........ ........ ........ 81% 12.6M 42s
2282496K ........ ........ ........ ........ ........ ........ 81% 12.6M 42s
2285568K ........ ........ ........ ........ ........ ........ 81% 12.6M 41s
2288640K ........ ........ ........ ........ ........ ........ 81% 12.4M 41s
2291712K ........ ........ ........ ........ ........ ........ 81% 12.6M 41s
2294784K ........ ........ ........ ........ ........ ........ 81% 12.6M 41s
2297856K ........ ........ ........ ........ ........ ........ 81% 12.6M 40s
2300928K ........ ........ ........ ........ ........ ........ 81% 12.6M 40s
2304000K ........ ........ ........ ........ ........ ........ 82% 12.7M 40s
2307072K ........ ........ ........ ........ ........ ........ 82% 12.6M 40s
2310144K ........ ........ ........ ........ ........ ........ 82% 12.6M 39s
2313216K ........ ........ ........ ........ ........ ........ 82% 12.6M 39s
2316288K ........ ........ ........ ........ ........ ........ 82% 12.6M 39s
2319360K ........ ........ ........ ........ ........ ........ 82% 12.4M 39s
2322432K ........ ........ ........ ........ ........ ........ 82% 12.6M 38s
2325504K ........ ........ ........ ........ ........ ........ 82% 12.5M 38s
2328576K ........ ........ ........ ........ ........ ........ 82% 12.7M 38s
2331648K ........ ........ ........ ........ ........ ........ 83% 12.7M 38s
2334720K ........ ........ ........ ........ ........ ........ 83% 12.6M 37s
2337792K ........ ........ ........ ........ ........ ........ 83% 12.6M 37s
2340864K ........ ........ ........ ........ ........ ........ 83% 12.6M 37s
2343936K ........ ........ ........ ........ ........ ........ 83% 12.6M 37s
2347008K ........ ........ ........ ........ ........ ........ 83% 12.6M 36s
2350080K ........ ........ ........ ........ ........ ........ 83% 12.6M 36s
2353152K ........ ........ ........ ........ ........ ........ 83% 12.5M 36s
2356224K ........ ........ ........ ........ ........ ........ 83% 12.6M 36s
2359296K ........ ........ ........ ........ ........ ........ 84% 12.5M 35s
2362368K ........ ........ ........ ........ ........ ........ 84% 12.7M 35s
2365440K ........ ........ ........ ........ ........ ........ 84% 12.7M 35s
2368512K ........ ........ ........ ........ ........ ........ 84% 12.6M 35s
2371584K ........ ........ ........ ........ ........ ........ 84% 12.6M 34s
2374656K ........ ........ ........ ........ ........ ........ 84% 12.6M 34s
2377728K ........ ........ ........ ........ ........ ........ 84% 5.07M 34s
2380800K ........ ........ ........ ........ ........ ........ 84% 12.5M 34s
2383872K ........ ........ ........ ........ ........ ........ 84% 12.5M 34s
2386944K ........ ........ ........ ........ ........ ........ 85% 12.6M 33s
2390016K ........ ........ ........ ........ ........ ........ 85% 12.5M 33s
2393088K ........ ........ ........ ........ ........ ........ 85% 12.7M 33s
2396160K ........ ........ ........ ........ ........ ........ 85% 12.5M 33s
2399232K ........ ........ ........ ........ ........ ........ 85% 12.6M 32s
2402304K ........ ........ ........ ........ ........ ........ 85% 12.6M 32s
2405376K ........ ........ ........ ........ ........ ........ 85% 12.7M 32s
2408448K ........ ........ ........ ........ ........ ........ 85% 12.6M 32s
2411520K ........ ........ ........ ........ ........ ........ 85% 12.6M 31s
2414592K ........ ........ ........ ........ ........ ........ 86% 12.6M 31s
2417664K ........ ........ ........ ........ ........ ........ 86% 12.6M 31s
2420736K ........ ........ ........ ........ ........ ........ 86% 12.7M 31s
2423808K ........ ........ ........ ........ ........ ........ 86% 12.7M 30s
2426880K ........ ........ ........ ........ ........ ........ 86% 12.4M 30s
2429952K ........ ........ ........ ........ ........ ........ 86% 12.6M 30s
2433024K ........ ........ ........ ........ ........ ........ 86% 12.7M 30s
2436096K ........ ........ ........ ........ ........ ........ 86% 12.6M 29s
2439168K ........ ........ ........ ........ ........ ........ 86% 12.6M 29s
2442240K ........ ........ ........ ........ ........ ........ 87% 12.6M 29s
2445312K ........ ........ ........ ........ ........ ........ 87% 12.6M 29s
2448384K ........ ........ ........ ........ ........ ........ 87% 12.6M 28s
2451456K ........ ........ ........ ........ ........ ........ 87% 12.5M 28s
2454528K ........ ........ ........ ........ ........ ........ 87% 12.6M 28s
2457600K ........ ........ ........ ........ ........ ........ 87% 12.6M 28s
2460672K ........ ........ ........ ........ ........ ........ 87% 12.6M 27s
2463744K ........ ........ ........ ........ ........ ........ 87% 12.6M 27s
2466816K ........ ........ ........ ........ ........ ........ 87% 12.6M 27s
2469888K ........ ........ ........ ........ ........ ........ 88% 12.6M 27s
2472960K ........ ........ ........ ........ ........ ........ 88% 12.7M 26s
2476032K ........ ........ ........ ........ ........ ........ 88% 12.6M 26s
2479104K ........ ........ ........ ........ ........ ........ 88% 12.6M 26s
2482176K ........ ........ ........ ........ ........ ........ 88% 12.6M 26s
2485248K ........ ........ ........ ........ ........ ........ 88% 12.6M 25s
2488320K ........ ........ ........ ........ ........ ........ 88% 12.6M 25s
2491392K ........ ........ ........ ........ ........ ........ 88% 12.6M 25s
2494464K ........ ........ ........ ........ ........ ........ 88% 12.5M 25s
2497536K ........ ........ ........ ........ ........ ........ 88% 12.4M 24s
2500608K ........ ........ ........ ........ ........ ........ 89% 12.7M 24s
2503680K ........ ........ ........ ........ ........ ........ 89% 12.4M 24s
2506752K ........ ........ ........ ........ ........ ........ 89% 12.5M 24s
2509824K ........ ........ ........ ........ ........ ........ 89% 12.6M 24s
2512896K ........ ........ ........ ........ ........ ........ 89% 12.6M 23s
2515968K ........ ........ ........ ........ ........ ........ 89% 12.6M 23s
2519040K ........ ........ ........ ........ ........ ........ 89% 5.08M 23s
2522112K ........ ........ ........ ........ ........ ........ 89% 12.6M 23s
2525184K ........ ........ ........ ........ ........ ........ 89% 12.6M 22s
2528256K ........ ........ ........ ........ ........ ........ 90% 12.5M 22s
2531328K ........ ........ ........ ........ ........ ........ 90% 12.6M 22s
2534400K ........ ........ ........ ........ ........ ........ 90% 12.6M 22s
2537472K ........ ........ ........ ........ ........ ........ 90% 12.6M 21s
2540544K ........ ........ ........ ........ ........ ........ 90% 12.7M 21s
2543616K ........ ........ ........ ........ ........ ........ 90% 12.6M 21s
2546688K ........ ........ ........ ........ ........ ........ 90% 12.6M 21s
2549760K ........ ........ ........ ........ ........ ........ 90% 12.6M 20s
2552832K ........ ........ ........ ........ ........ ........ 90% 12.6M 20s
2555904K ........ ........ ........ ........ ........ ........ 91% 12.6M 20s
2558976K ........ ........ ........ ........ ........ ........ 91% 12.6M 20s
2562048K ........ ........ ........ ........ ........ ........ 91% 12.6M 19s
2565120K ........ ........ ........ ........ ........ ........ 91% 12.6M 19s
2568192K ........ ........ ........ ........ ........ ........ 91% 12.6M 19s
2571264K ........ ........ ........ ........ ........ ........ 91% 12.6M 19s
2574336K ........ ........ ........ ........ ........ ........ 91% 12.7M 18s
2577408K ........ ........ ........ ........ ........ ........ 91% 12.6M 18s
2580480K ........ ........ ........ ........ ........ ........ 91% 12.6M 18s
2583552K ........ ........ ........ ........ ........ ........ 92% 12.6M 18s
2586624K ........ ........ ........ ........ ........ ........ 92% 12.6M 17s
2589696K ........ ........ ........ ........ ........ ........ 92% 12.7M 17s
2592768K ........ ........ ........ ........ ........ ........ 92% 12.6M 17s
2595840K ........ ........ ........ ........ ........ ........ 92% 12.6M 17s
2598912K ........ ........ ........ ........ ........ ........ 92% 12.6M 16s
2601984K ........ ........ ........ ........ ........ ........ 92% 12.5M 16s
2605056K ........ ........ ........ ........ ........ ........ 92% 12.7M 16s
2608128K ........ ........ ........ ........ ........ ........ 92% 12.7M 16s
2611200K ........ ........ ........ ........ ........ ........ 93% 12.6M 15s
2614272K ........ ........ ........ ........ ........ ........ 93% 12.6M 15s
2617344K ........ ........ ........ ........ ........ ........ 93% 12.6M 15s
2620416K ........ ........ ........ ........ ........ ........ 93% 12.6M 15s
2623488K ........ ........ ........ ........ ........ ........ 93% 12.6M 15s
2626560K ........ ........ ........ ........ ........ ........ 93% 12.6M 14s
2629632K ........ ........ ........ ........ ........ ........ 93% 12.6M 14s
2632704K ........ ........ ........ ........ ........ ........ 93% 12.6M 14s
2635776K ........ ........ ........ ........ ........ ........ 93% 12.4M 14s
2638848K ........ ........ ........ ........ ........ ........ 94% 12.7M 13s
2641920K ........ ........ ........ ........ ........ ........ 94% 12.5M 13s
2644992K ........ ........ ........ ........ ........ ........ 94% 12.7M 13s
2648064K ........ ........ ........ ........ ........ ........ 94% 12.6M 13s
2651136K ........ ........ ........ ........ ........ ........ 94% 12.6M 12s
2654208K ........ ........ ........ ........ ........ ........ 94% 12.6M 12s
2657280K ........ ........ ........ ........ ........ ........ 94% 12.6M 12s
2660352K ........ ........ ........ ........ ........ ........ 94% 12.5M 12s
2663424K ........ ........ ........ ........ ........ ........ 94% 12.7M 11s
2666496K ........ ........ ........ ........ ........ ........ 95% 12.6M 11s
2669568K ........ ........ ........ ........ ........ ........ 95% 12.7M 11s
2672640K ........ ........ ........ ........ ........ ........ 95% 12.5M 11s
2675712K ........ ........ ........ ........ ........ ........ 95% 12.7M 10s
2678784K ........ ........ ........ ........ ........ ........ 95% 12.6M 10s
2681856K ........ ........ ........ ........ ........ ........ 95% 12.5M 10s
2684928K ........ ........ ........ ........ ........ ........ 95% 12.6M 10s
2688000K ........ ........ ........ ........ ........ ........ 95% 12.7M 9s
2691072K ........ ........ ........ ........ ........ ........ 95% 12.6M 9s
2694144K ........ ........ ........ ........ ........ ........ 95% 12.6M 9s
2697216K ........ ........ ........ ........ ........ ........ 96% 12.7M 9s
2700288K ........ ........ ........ ........ ........ ........ 96% 12.6M 8s
2703360K ........ ........ ........ ........ ........ ........ 96% 12.6M 8s
2706432K ........ ........ ........ ........ ........ ........ 96% 12.6M 8s
2709504K ........ ........ ........ ........ ........ ........ 96% 12.6M 8s
2712576K ........ ........ ........ ........ ........ ........ 96% 12.7M 7s
2715648K ........ ........ ........ ........ ........ ........ 96% 12.6M 7s
2718720K ........ ........ ........ ........ ........ ........ 96% 12.6M 7s
2721792K ........ ........ ........ ........ ........ ........ 96% 12.6M 7s
2724864K ........ ........ ........ ........ ........ ........ 97% 12.6M 6s
2727936K ........ ........ ........ ........ ........ ........ 97% 12.6M 6s
2731008K ........ ........ ........ ........ ........ ........ 97% 12.6M 6s
2734080K ........ ........ ........ ........ ........ ........ 97% 12.7M 6s
2737152K ........ ........ ........ ........ ........ ........ 97% 12.6M 6s
2740224K ........ ........ ........ ........ ........ ........ 97% 12.7M 5s
2743296K ........ ........ ........ ........ ........ ........ 97% 12.6M 5s
2746368K ........ ........ ........ ........ ........ ........ 97% 12.5M 5s
2749440K ........ ........ ........ ........ ........ ........ 97% 12.7M 5s
2752512K ........ ........ ........ ........ ........ ........ 98% 12.3M 4s
2755584K ........ ........ ........ ........ ........ ........ 98% 12.7M 4s
2758656K ........ ........ ........ ........ ........ ........ 98% 12.6M 4s
2761728K ........ ........ ........ ........ ........ ........ 98% 12.6M 4s
2764800K ........ ........ ........ ........ ........ ........ 98% 12.6M 3s
2767872K ........ ........ ........ ........ ........ ........ 98% 12.6M 3s
2770944K ........ ........ ........ ........ ........ ........ 98% 12.6M 3s
2774016K ........ ........ ........ ........ ........ ........ 98% 12.6M 3s
2777088K ........ ........ ........ ........ ........ ........ 98% 12.6M 2s
2780160K ........ ........ ........ ........ ........ ........ 99% 12.6M 2s
2783232K ........ ........ ........ ........ ........ ........ 99% 12.6M 2s
2786304K ........ ........ ........ ........ ........ ........ 99% 12.6M 2s
2789376K ........ ........ ........ ........ ........ ........ 99% 12.6M 1s
2792448K ........ ........ ........ ........ ........ ........ 99% 12.7M 1s
2795520K ........ ........ ........ ........ ........ ........ 99% 12.5M 1s
2798592K ........ ........ ........ ........ ........ ........ 99% 12.7M 1s
2801664K ........ ........ ........ ........ ........ ........ 99% 12.6M 0s
2804736K ........ ........ ........ ........ ........ ........ 99% 12.7M 0s
2807808K ........ ........ ........ .......                   100% 12.9M=3m42s

2021-04-25 23:15:29 (12.3 MB/s) - ‘/dev/null’ saved [2877227008/2877227008]

