--2021-04-25 22:36:13--  https://releases.ubuntu.com/20.04.2.0/ubuntu-20.04.2.0-desktop-amd64.iso
Resolving releases.ubuntu.com (releases.ubuntu.com)... 91.189.91.123, 91.189.91.124, 91.189.88.248, ...
Connecting to releases.ubuntu.com (releases.ubuntu.com)|91.189.91.123|:443... connected.
HTTP request sent, awaiting response... 200 OK
Length: 2877227008 (2.7G) [application/x-iso9660-image]
Saving to: '/dev/null'

     0K ........ ........ ........ ........ ........ ........  0% 3.16M 14m27s
  3072K ........ ........ ........ ........ ........ ........  0% 23.2M 8m12s
  6144K ........ ........ ........ ........ ........ ........  0% 23.6M 6m6s
  9216K ........ ........ ........ ........ ........ ........  0% 23.4M 5m4s
 12288K ........ ........ ........ ........ ........ ........  0% 23.6M 4m26s
 15360K ........ ........ ........ ........ ........ ........  0% 23.1M 4m1s
 18432K ........ ........ ........ ........ ........ ........  0% 23.0M 3m43s
 21504K ........ ........ ........ ........ ........ ........  0% 17.1M 3m35s
 24576K ........ ........ ........ ........ ........ ........  0% 22.3M 3m24s
 27648K ........ ........ ........ ........ ........ ........  1% 23.0M 3m16s
 30720K ........ ........ ........ ........ ........ ........  1% 23.0M 3m8s
 33792K ........ ........ ........ ........ ........ ........  1% 23.1M 3m2s
 36864K ........ ........ ........ ........ ........ ........  1% 23.9M 2m57s
 39936K ........ ........ ........ ........ ........ ........  1% 23.0M 2m52s
 43008K ........ ........ ........ ........ ........ ........  1% 23.0M 2m48s
 46080K ........ ........ ........ ........ ........ ........  1% 22.3M 2m45s
 49152K ........ ........ ........ ........ ........ ........  1% 23.0M 2m42s
 52224K ........ ........ ........ ........ ........ ........  1% 23.0M 2m40s
 55296K ........ ........ ........ ........ ........ ........  2% 22.9M 2m37s
 58368K ........ ........ ........ ........ ........ ........  2% 23.0M 2m35s
 61440K ........ ........ ........ ........ ........ ........  2% 23.2M 2m33s
 64512K ........ ........ ........ ........ ........ ........  2% 23.0M 2m31s
 67584K ........ ........ ........ ........ ........ ........  2% 23.0M 2m29s
 70656K ........ ........ ........ ........ ........ ........  2% 23.0M 2m28s
 73728K ........ ........ ........ ........ ........ ........  2% 23.1M 2m26s
 76800K ........ ........ ........ ........ ........ ........  2% 23.0M 2m25s
 79872K ........ ........ ........ ........ ........ ........  2% 17.7M 2m25s
 82944K ........ ........ ........ ........ ........ ........  3% 23.2M 2m24s
 86016K ........ ........ ........ ........ ........ ........  3% 23.0M 2m23s
 89088K ........ ........ ........ ........ ........ ........  3% 23.0M 2m22s
 92160K ........ ........ ........ ........ ........ ........  3% 23.0M 2m21s
 95232K ........ ........ ........ ........ ........ ........  3% 23.0M 2m20s
 98304K ........ ........ ........ ........ ........ ........  3% 23.0M 2m19s
101376K ........ ........ ........ ........ ........ ........  3% 23.1M 2m18s
104448K ........ ........ ........ ........ ........ ........  3% 23.0M 2m17s
107520K ........ ........ ........ ........ ........ ........  3% 23.0M 2m16s
110592K ........ ........ ........ ........ ........ ........  4% 16.8M 2m17s
113664K ........ ........ ........ ........ ........ ........  4% 23.1M 2m16s
116736K ........ ........ ........ ........ ........ ........  4% 23.0M 2m15s
119808K ........ ........ ........ ........ ........ ........  4% 23.0M 2m15s
122880K ........ ........ ........ ........ ........ ........  4% 23.0M 2m14s
125952K ........ ........ ........ ........ ........ ........  4% 23.0M 2m13s
129024K ........ ........ ........ ........ ........ ........  4% 23.0M 2m13s
132096K ........ ........ ........ ........ ........ ........  4% 23.0M 2m12s
135168K ........ ........ ........ ........ ........ ........  4% 23.1M 2m12s
138240K ........ ........ ........ ........ ........ ........  5% 23.0M 2m11s
141312K ........ ........ ........ ........ ........ ........  5% 22.9M 2m10s
144384K ........ ........ ........ ........ ........ ........  5% 23.0M 2m10s
147456K ........ ........ ........ ........ ........ ........  5% 17.7M 2m10s
150528K ........ ........ ........ ........ ........ ........  5% 23.0M 2m10s
153600K ........ ........ ........ ........ ........ ........  5% 23.0M 2m9s
156672K ........ ........ ........ ........ ........ ........  5% 22.9M 2m9s
159744K ........ ........ ........ ........ ........ ........  5% 23.0M 2m8s
162816K ........ ........ ........ ........ ........ ........  5% 23.1M 2m8s
165888K ........ ........ ........ ........ ........ ........  6% 23.0M 2m7s
168960K ........ ........ ........ ........ ........ ........  6% 23.0M 2m7s
172032K ........ ........ ........ ........ ........ ........  6% 23.1M 2m7s
175104K ........ ........ ........ ........ ........ ........  6% 16.8M 2m7s
178176K ........ ........ ........ ........ ........ ........  6% 23.1M 2m6s
181248K ........ ........ ........ ........ ........ ........  6% 23.1M 2m6s
184320K ........ ........ ........ ........ ........ ........  6% 23.0M 2m6s
187392K ........ ........ ........ ........ ........ ........  6% 23.0M 2m5s
190464K ........ ........ ........ ........ ........ ........  6% 23.0M 2m5s
193536K ........ ........ ........ ........ ........ ........  6% 23.0M 2m5s
196608K ........ ........ ........ ........ ........ ........  7% 23.0M 2m4s
199680K ........ ........ ........ ........ ........ ........  7% 23.1M 2m4s
202752K ........ ........ ........ ........ ........ ........  7% 23.0M 2m3s
205824K ........ ........ ........ ........ ........ ........  7% 17.6M 2m4s
208896K ........ ........ ........ ........ ........ ........  7% 23.2M 2m3s
211968K ........ ........ ........ ........ ........ ........  7% 23.0M 2m3s
215040K ........ ........ ........ ........ ........ ........  7% 23.0M 2m3s
218112K ........ ........ ........ ........ ........ ........  7% 23.0M 2m2s
221184K ........ ........ ........ ........ ........ ........  7% 23.0M 2m2s
224256K ........ ........ ........ ........ ........ ........  8% 23.0M 2m2s
227328K ........ ........ ........ ........ ........ ........  8% 23.0M 2m1s
230400K ........ ........ ........ ........ ........ ........  8% 23.0M 2m1s
233472K ........ ........ ........ ........ ........ ........  8% 23.0M 2m1s
236544K ........ ........ ........ ........ ........ ........  8% 16.8M 2m1s
239616K ........ ........ ........ ........ ........ ........  8% 23.2M 2m1s
242688K ........ ........ ........ ........ ........ ........  8% 23.0M 2m0s
245760K ........ ........ ........ ........ ........ ........  8% 23.0M 2m0s
248832K ........ ........ ........ ........ ........ ........  8% 23.0M 2m0s
251904K ........ ........ ........ ........ ........ ........  9% 23.0M 2m0s
254976K ........ ........ ........ ........ ........ ........  9% 23.1M 1m59s
258048K ........ ........ ........ ........ ........ ........  9% 23.0M 1m59s
261120K ........ ........ ........ ........ ........ ........  9% 23.0M 1m59s
264192K ........ ........ ........ ........ ........ ........  9% 22.9M 1m58s
267264K ........ ........ ........ ........ ........ ........  9% 23.0M 1m58s
270336K ........ ........ ........ ........ ........ ........  9% 23.0M 1m58s
273408K ........ ........ ........ ........ ........ ........  9% 23.2M 1m58s
276480K ........ ........ ........ ........ ........ ........  9% 23.0M 1m57s
279552K ........ ........ ........ ........ ........ ........ 10% 6.47M 2m0s
282624K ........ ........ ........ ........ ........ ........ 10% 23.1M 2m0s
285696K ........ ........ ........ ........ ........ ........ 10% 23.0M 2m0s
288768K ........ ........ ........ ........ ........ ........ 10% 23.0M 1m59s
291840K ........ ........ ........ ........ ........ ........ 10% 23.0M 1m59s
294912K ........ ........ ........ ........ ........ ........ 10% 23.1M 1m59s
297984K ........ ........ ........ ........ ........ ........ 10% 23.0M 1m58s
301056K ........ ........ ........ ........ ........ ........ 10% 23.0M 1m58s
304128K ........ ........ ........ ........ ........ ........ 10% 23.0M 1m58s
307200K ........ ........ ........ ........ ........ ........ 11% 23.2M 1m58s
310272K ........ ........ ........ ........ ........ ........ 11% 23.0M 1m57s
313344K ........ ........ ........ ........ ........ ........ 11% 23.0M 1m57s
316416K ........ ........ ........ ........ ........ ........ 11% 23.1M 1m57s
319488K ........ ........ ........ ........ ........ ........ 11% 23.0M 1m57s
322560K ........ ........ ........ ........ ........ ........ 11% 23.0M 1m56s
325632K ........ ........ ........ ........ ........ ........ 11% 23.0M 1m56s
328704K ........ ........ ........ ........ ........ ........ 11% 23.0M 1m56s
331776K ........ ........ ........ ........ ........ ........ 11% 23.0M 1m56s
334848K ........ ........ ........ ........ ........ ........ 12% 22.3M 1m55s
337920K ........ ........ ........ ........ ........ ........ 12% 23.1M 1m55s
340992K ........ ........ ........ ........ ........ ........ 12% 23.0M 1m55s
344064K ........ ........ ........ ........ ........ ........ 12% 22.9M 1m55s
347136K ........ ........ ........ ........ ........ ........ 12% 23.1M 1m55s
350208K ........ ........ ........ ........ ........ ........ 12% 23.0M 1m54s
353280K ........ ........ ........ ........ ........ ........ 12% 23.0M 1m54s
356352K ........ ........ ........ ........ ........ ........ 12% 23.0M 1m54s
359424K ........ ........ ........ ........ ........ ........ 12% 23.0M 1m54s
362496K ........ ........ ........ ........ ........ ........ 13% 23.0M 1m53s
365568K ........ ........ ........ ........ ........ ........ 13% 23.0M 1m53s
368640K ........ ........ ........ ........ ........ ........ 13% 23.0M 1m53s
371712K ........ ........ ........ ........ ........ ........ 13% 14.1M 1m53s
374784K ........ ........ ........ ........ ........ ........ 13% 23.1M 1m53s
377856K ........ ........ ........ ........ ........ ........ 13% 22.9M 1m53s
380928K ........ ........ ........ ........ ........ ........ 13% 23.0M 1m53s
384000K ........ ........ ........ ........ ........ ........ 13% 23.0M 1m52s
387072K ........ ........ ........ ........ ........ ........ 13% 23.1M 1m52s
390144K ........ ........ ........ ........ ........ ........ 13% 23.0M 1m52s
393216K ........ ........ ........ ........ ........ ........ 14% 23.0M 1m52s
396288K ........ ........ ........ ........ ........ ........ 14% 23.1M 1m52s
399360K ........ ........ ........ ........ ........ ........ 14% 23.0M 1m51s
402432K ........ ........ ........ ........ ........ ........ 14% 23.0M 1m51s
405504K ........ ........ ........ ........ ........ ........ 14% 23.0M 1m51s
408576K ........ ........ ........ ........ ........ ........ 14% 23.0M 1m51s
411648K ........ ........ ........ ........ ........ ........ 14% 22.2M 1m50s
414720K ........ ........ ........ ........ ........ ........ 14% 23.1M 1m50s
417792K ........ ........ ........ ........ ........ ........ 14% 23.0M 1m50s
420864K ........ ........ ........ ........ ........ ........ 15% 23.0M 1m50s
423936K ........ ........ ........ ........ ........ ........ 15% 22.9M 1m50s
427008K ........ ........ ........ ........ ........ ........ 15% 23.0M 1m49s
430080K ........ ........ ........ ........ ........ ........ 15% 23.0M 1m49s
433152K ........ ........ ........ ........ ........ ........ 15% 23.0M 1m49s
436224K ........ ........ ........ ........ ........ ........ 15% 23.1M 1m49s
439296K ........ ........ ........ ........ ........ ........ 15% 23.0M 1m49s
442368K ........ ........ ........ ........ ........ ........ 15% 14.1M 1m49s
445440K ........ ........ ........ ........ ........ ........ 15% 23.0M 1m49s
448512K ........ ........ ........ ........ ........ ........ 16% 23.0M 1m48s
451584K ........ ........ ........ ........ ........ ........ 16% 23.0M 1m48s
454656K ........ ........ ........ ........ ........ ........ 16% 23.0M 1m48s
457728K ........ ........ ........ ........ ........ ........ 16% 23.0M 1m48s
460800K ........ ........ ........ ........ ........ ........ 16% 23.0M 1m48s
463872K ........ ........ ........ ........ ........ ........ 16% 23.0M 1m48s
466944K ........ ........ ........ ........ ........ ........ 16% 22.3M 1m47s
470016K ........ ........ ........ ........ ........ ........ 16% 23.0M 1m47s
473088K ........ ........ ........ ........ ........ ........ 16% 23.1M 1m47s
476160K ........ ........ ........ ........ ........ ........ 17% 23.0M 1m47s
479232K ........ ........ ........ ........ ........ ........ 17% 23.0M 1m47s
482304K ........ ........ ........ ........ ........ ........ 17% 23.1M 1m46s
485376K ........ ........ ........ ........ ........ ........ 17% 23.0M 1m46s
488448K ........ ........ ........ ........ ........ ........ 17% 23.0M 1m46s
491520K ........ ........ ........ ........ ........ ........ 17% 23.0M 1m46s
494592K ........ ........ ........ ........ ........ ........ 17% 23.0M 1m46s
497664K ........ ........ ........ ........ ........ ........ 17% 23.0M 1m45s
500736K ........ ........ ........ ........ ........ ........ 17% 23.0M 1m45s
503808K ........ ........ ........ ........ ........ ........ 18% 23.0M 1m45s
506880K ........ ........ ........ ........ ........ ........ 18% 23.0M 1m45s
509952K ........ ........ ........ ........ ........ ........ 18% 23.2M 1m45s
513024K ........ ........ ........ ........ ........ ........ 18% 22.9M 1m45s
516096K ........ ........ ........ ........ ........ ........ 18% 23.1M 1m44s
519168K ........ ........ ........ ........ ........ ........ 18% 14.0M 1m45s
522240K ........ ........ ........ ........ ........ ........ 18% 23.2M 1m44s
525312K ........ ........ ........ ........ ........ ........ 18% 7.09M 1m45s
528384K ........ ........ ........ ........ ........ ........ 18% 23.1M 1m45s
531456K ........ ........ ........ ........ ........ ........ 19% 23.0M 1m45s
534528K ........ ........ ........ ........ ........ ........ 19% 23.0M 1m45s
537600K ........ ........ ........ ........ ........ ........ 19% 23.0M 1m45s
540672K ........ ........ ........ ........ ........ ........ 19% 23.0M 1m44s
543744K ........ ........ ........ ........ ........ ........ 19% 22.9M 1m44s
546816K ........ ........ ........ ........ ........ ........ 19% 23.0M 1m44s
549888K ........ ........ ........ ........ ........ ........ 19% 23.2M 1m44s
552960K ........ ........ ........ ........ ........ ........ 19% 22.9M 1m44s
556032K ........ ........ ........ ........ ........ ........ 19% 23.0M 1m44s
559104K ........ ........ ........ ........ ........ ........ 20% 23.0M 1m43s
562176K ........ ........ ........ ........ ........ ........ 20% 23.0M 1m43s
565248K ........ ........ ........ ........ ........ ........ 20% 23.0M 1m43s
568320K ........ ........ ........ ........ ........ ........ 20% 23.0M 1m43s
571392K ........ ........ ........ ........ ........ ........ 20% 23.0M 1m43s
574464K ........ ........ ........ ........ ........ ........ 20% 23.0M 1m42s
577536K ........ ........ ........ ........ ........ ........ 20% 23.0M 1m42s
580608K ........ ........ ........ ........ ........ ........ 20% 23.0M 1m42s
583680K ........ ........ ........ ........ ........ ........ 20% 23.0M 1m42s
586752K ........ ........ ........ ........ ........ ........ 20% 23.0M 1m42s
589824K ........ ........ ........ ........ ........ ........ 21% 23.0M 1m42s
592896K ........ ........ ........ ........ ........ ........ 21% 23.2M 1m41s
595968K ........ ........ ........ ........ ........ ........ 21% 23.0M 1m41s
599040K ........ ........ ........ ........ ........ ........ 21% 23.0M 1m41s
602112K ........ ........ ........ ........ ........ ........ 21% 22.6M 1m41s
605184K ........ ........ ........ ........ ........ ........ 21% 23.1M 1m41s
608256K ........ ........ ........ ........ ........ ........ 21% 23.1M 1m40s
611328K ........ ........ ........ ........ ........ ........ 21% 22.9M 1m40s
614400K ........ ........ ........ ........ ........ ........ 21% 23.1M 1m40s
617472K ........ ........ ........ ........ ........ ........ 22% 22.9M 1m40s
620544K ........ ........ ........ ........ ........ ........ 22% 23.0M 1m40s
623616K ........ ........ ........ ........ ........ ........ 22% 23.0M 1m40s
626688K ........ ........ ........ ........ ........ ........ 22% 23.0M 99s
629760K ........ ........ ........ ........ ........ ........ 22% 23.0M 99s
632832K ........ ........ ........ ........ ........ ........ 22% 23.0M 99s
635904K ........ ........ ........ ........ ........ ........ 22% 22.9M 99s
638976K ........ ........ ........ ........ ........ ........ 22% 23.0M 99s
642048K ........ ........ ........ ........ ........ ........ 22% 13.7M 99s
645120K ........ ........ ........ ........ ........ ........ 23% 23.2M 99s
648192K ........ ........ ........ ........ ........ ........ 23% 23.0M 98s
651264K ........ ........ ........ ........ ........ ........ 23% 23.0M 98s
654336K ........ ........ ........ ........ ........ ........ 23% 23.0M 98s
657408K ........ ........ ........ ........ ........ ........ 23% 23.0M 98s
660480K ........ ........ ........ ........ ........ ........ 23% 23.0M 98s
663552K ........ ........ ........ ........ ........ ........ 23% 23.0M 98s
666624K ........ ........ ........ ........ ........ ........ 23% 23.0M 97s
669696K ........ ........ ........ ........ ........ ........ 23% 23.0M 97s
672768K ........ ........ ........ ........ ........ ........ 24% 23.0M 97s
675840K ........ ........ ........ ........ ........ ........ 24% 23.0M 97s
678912K ........ ........ ........ ........ ........ ........ 24% 23.0M 97s
681984K ........ ........ ........ ........ ........ ........ 24% 22.9M 97s
685056K ........ ........ ........ ........ ........ ........ 24% 23.1M 96s
688128K ........ ........ ........ ........ ........ ........ 24% 23.0M 96s
691200K ........ ........ ........ ........ ........ ........ 24% 23.0M 96s
694272K ........ ........ ........ ........ ........ ........ 24% 23.2M 96s
697344K ........ ........ ........ ........ ........ ........ 24% 23.0M 96s
700416K ........ ........ ........ ........ ........ ........ 25% 23.0M 96s
703488K ........ ........ ........ ........ ........ ........ 25% 22.9M 95s
706560K ........ ........ ........ ........ ........ ........ 25% 22.9M 95s
709632K ........ ........ ........ ........ ........ ........ 25% 23.0M 95s
712704K ........ ........ ........ ........ ........ ........ 25% 23.0M 95s
715776K ........ ........ ........ ........ ........ ........ 25% 23.0M 95s
718848K ........ ........ ........ ........ ........ ........ 25% 23.2M 95s
721920K ........ ........ ........ ........ ........ ........ 25% 22.9M 94s
724992K ........ ........ ........ ........ ........ ........ 25% 23.0M 94s
728064K ........ ........ ........ ........ ........ ........ 26% 23.0M 94s
731136K ........ ........ ........ ........ ........ ........ 26% 23.1M 94s
734208K ........ ........ ........ ........ ........ ........ 26% 23.0M 94s
737280K ........ ........ ........ ........ ........ ........ 26% 23.0M 94s
740352K ........ ........ ........ ........ ........ ........ 26% 23.0M 93s
743424K ........ ........ ........ ........ ........ ........ 26% 22.9M 93s
746496K ........ ........ ........ ........ ........ ........ 26% 23.2M 93s
749568K ........ ........ ........ ........ ........ ........ 26% 22.9M 93s
752640K ........ ........ ........ ........ ........ ........ 26% 23.0M 93s
755712K ........ ........ ........ ........ ........ ........ 27% 23.0M 93s
758784K ........ ........ ........ ........ ........ ........ 27% 23.0M 92s
761856K ........ ........ ........ ........ ........ ........ 27% 23.1M 92s
764928K ........ ........ ........ ........ ........ ........ 27% 22.9M 92s
768000K ........ ........ ........ ........ ........ ........ 27% 22.7M 92s
771072K ........ ........ ........ ........ ........ ........ 27% 23.1M 92s
774144K ........ ........ ........ ........ ........ ........ 27% 22.9M 92s
777216K ........ ........ ........ ........ ........ ........ 27% 23.0M 92s
780288K ........ ........ ........ ........ ........ ........ 27% 23.0M 91s
783360K ........ ........ ........ ........ ........ ........ 27% 23.0M 91s
786432K ........ ........ ........ ........ ........ ........ 28% 23.0M 91s
789504K ........ ........ ........ ........ ........ ........ 28% 23.1M 91s
792576K ........ ........ ........ ........ ........ ........ 28% 22.9M 91s
795648K ........ ........ ........ ........ ........ ........ 28% 23.1M 91s
798720K ........ ........ ........ ........ ........ ........ 28% 23.0M 90s
801792K ........ ........ ........ ........ ........ ........ 28% 23.0M 90s
804864K ........ ........ ........ ........ ........ ........ 28% 23.0M 90s
807936K ........ ........ ........ ........ ........ ........ 28% 23.0M 90s
811008K ........ ........ ........ ........ ........ ........ 28% 23.0M 90s
814080K ........ ........ ........ ........ ........ ........ 29% 23.0M 90s
817152K ........ ........ ........ ........ ........ ........ 29% 23.0M 89s
820224K ........ ........ ........ ........ ........ ........ 29% 23.0M 89s
823296K ........ ........ ........ ........ ........ ........ 29% 23.0M 89s
826368K ........ ........ ........ ........ ........ ........ 29% 23.0M 89s
829440K ........ ........ ........ ........ ........ ........ 29% 23.0M 89s
832512K ........ ........ ........ ........ ........ ........ 29% 23.0M 89s
835584K ........ ........ ........ ........ ........ ........ 29% 13.8M 89s
838656K ........ ........ ........ ........ ........ ........ 29% 23.0M 89s
841728K ........ ........ ........ ........ ........ ........ 30% 23.1M 88s
844800K ........ ........ ........ ........ ........ ........ 30% 23.0M 88s
847872K ........ ........ ........ ........ ........ ........ 30% 23.0M 88s
850944K ........ ........ ........ ........ ........ ........ 30% 23.1M 88s
854016K ........ ........ ........ ........ ........ ........ 30% 22.9M 88s
857088K ........ ........ ........ ........ ........ ........ 30% 23.0M 88s
860160K ........ ........ ........ ........ ........ ........ 30% 23.0M 87s
863232K ........ ........ ........ ........ ........ ........ 30% 23.0M 87s
866304K ........ ........ ........ ........ ........ ........ 30% 22.9M 87s
869376K ........ ........ ........ ........ ........ ........ 31% 23.0M 87s
872448K ........ ........ ........ ........ ........ ........ 31% 23.0M 87s
875520K ........ ........ ........ ........ ........ ........ 31% 23.0M 87s
878592K ........ ........ ........ ........ ........ ........ 31% 22.9M 87s
881664K ........ ........ ........ ........ ........ ........ 31% 23.0M 86s
884736K ........ ........ ........ ........ ........ ........ 31% 22.9M 86s
887808K ........ ........ ........ ........ ........ ........ 31% 23.0M 86s
890880K ........ ........ ........ ........ ........ ........ 31% 23.0M 86s
893952K ........ ........ ........ ........ ........ ........ 31% 23.0M 86s
897024K ........ ........ ........ ........ ........ ........ 32% 23.3M 86s
900096K ........ ........ ........ ........ ........ ........ 32% 22.9M 85s
903168K ........ ........ ........ ........ ........ ........ 32% 23.0M 85s
906240K ........ ........ ........ ........ ........ ........ 32% 23.0M 85s
909312K ........ ........ ........ ........ ........ ........ 32% 23.0M 85s
912384K ........ ........ ........ ........ ........ ........ 32% 13.8M 85s
915456K ........ ........ ........ ........ ........ ........ 32% 23.1M 85s
918528K ........ ........ ........ ........ ........ ........ 32% 23.0M 85s
921600K ........ ........ ........ ........ ........ ........ 32% 23.0M 85s
924672K ........ ........ ........ ........ ........ ........ 33% 22.9M 84s
927744K ........ ........ ........ ........ ........ ........ 33% 23.0M 84s
930816K ........ ........ ........ ........ ........ ........ 33% 23.0M 84s
933888K ........ ........ ........ ........ ........ ........ 33% 23.0M 84s
936960K ........ ........ ........ ........ ........ ........ 33% 23.0M 84s
940032K ........ ........ ........ ........ ........ ........ 33% 23.0M 84s
943104K ........ ........ ........ ........ ........ ........ 33% 23.0M 84s
946176K ........ ........ ........ ........ ........ ........ 33% 23.0M 83s
949248K ........ ........ ........ ........ ........ ........ 33% 23.0M 83s
952320K ........ ........ ........ ........ ........ ........ 34% 23.1M 83s
955392K ........ ........ ........ ........ ........ ........ 34% 23.0M 83s
958464K ........ ........ ........ ........ ........ ........ 34% 23.0M 83s
961536K ........ ........ ........ ........ ........ ........ 34% 23.0M 83s
964608K ........ ........ ........ ........ ........ ........ 34% 23.0M 82s
967680K ........ ........ ........ ........ ........ ........ 34% 23.0M 82s
970752K ........ ........ ........ ........ ........ ........ 34% 23.0M 82s
973824K ........ ........ ........ ........ ........ ........ 34% 23.0M 82s
976896K ........ ........ ........ ........ ........ ........ 34% 23.0M 82s
979968K ........ ........ ........ ........ ........ ........ 34% 23.0M 82s
983040K ........ ........ ........ ........ ........ ........ 35% 22.9M 82s
986112K ........ ........ ........ ........ ........ ........ 35% 6.96M 82s
989184K ........ ........ ........ ........ ........ ........ 35% 23.2M 82s
992256K ........ ........ ........ ........ ........ ........ 35% 22.9M 82s
995328K ........ ........ ........ ........ ........ ........ 35% 23.0M 82s
998400K ........ ........ ........ ........ ........ ........ 35% 23.0M 81s
1001472K ........ ........ ........ ........ ........ ........ 35% 23.0M 81s
1004544K ........ ........ ........ ........ ........ ........ 35% 23.0M 81s
1007616K ........ ........ ........ ........ ........ ........ 35% 23.0M 81s
1010688K ........ ........ ........ ........ ........ ........ 36% 23.0M 81s
1013760K ........ ........ ........ ........ ........ ........ 36% 23.0M 81s
1016832K ........ ........ ........ ........ ........ ........ 36% 23.0M 80s
1019904K ........ ........ ........ ........ ........ ........ 36% 23.0M 80s
1022976K ........ ........ ........ ........ ........ ........ 36% 23.0M 80s
1026048K ........ ........ ........ ........ ........ ........ 36% 23.0M 80s
1029120K ........ ........ ........ ........ ........ ........ 36% 22.7M 80s
1032192K ........ ........ ........ ........ ........ ........ 36% 23.2M 80s
1035264K ........ ........ ........ ........ ........ ........ 36% 23.0M 80s
1038336K ........ ........ ........ ........ ........ ........ 37% 23.0M 79s
1041408K ........ ........ ........ ........ ........ ........ 37% 23.0M 79s
1044480K ........ ........ ........ ........ ........ ........ 37% 23.0M 79s
1047552K ........ ........ ........ ........ ........ ........ 37% 23.2M 79s
1050624K ........ ........ ........ ........ ........ ........ 37% 23.0M 79s
1053696K ........ ........ ........ ........ ........ ........ 37% 23.0M 79s
1056768K ........ ........ ........ ........ ........ ........ 37% 23.0M 78s
1059840K ........ ........ ........ ........ ........ ........ 37% 23.0M 78s
1062912K ........ ........ ........ ........ ........ ........ 37% 23.0M 78s
1065984K ........ ........ ........ ........ ........ ........ 38% 23.0M 78s
1069056K ........ ........ ........ ........ ........ ........ 38% 23.0M 78s
1072128K ........ ........ ........ ........ ........ ........ 38% 22.9M 78s
1075200K ........ ........ ........ ........ ........ ........ 38% 23.1M 78s
1078272K ........ ........ ........ ........ ........ ........ 38% 23.0M 77s
1081344K ........ ........ ........ ........ ........ ........ 38% 23.0M 77s
1084416K ........ ........ ........ ........ ........ ........ 38% 23.0M 77s
1087488K ........ ........ ........ ........ ........ ........ 38% 23.0M 77s
1090560K ........ ........ ........ ........ ........ ........ 38% 23.0M 77s
1093632K ........ ........ ........ ........ ........ ........ 39% 23.0M 77s
1096704K ........ ........ ........ ........ ........ ........ 39% 23.0M 77s
1099776K ........ ........ ........ ........ ........ ........ 39% 23.0M 76s
1102848K ........ ........ ........ ........ ........ ........ 39% 22.3M 76s
1105920K ........ ........ ........ ........ ........ ........ 39% 23.8M 76s
1108992K ........ ........ ........ ........ ........ ........ 39% 18.0M 76s
1112064K ........ ........ ........ ........ ........ ........ 39% 19.6M 76s
1115136K ........ ........ ........ ........ ........ ........ 39% 21.0M 76s
1118208K ........ ........ ........ ........ ........ ........ 39% 23.1M 76s
1121280K ........ ........ ........ ........ ........ ........ 40% 20.5M 75s
1124352K ........ ........ ........ ........ ........ ........ 40% 23.1M 75s
1127424K ........ ........ ........ ........ ........ ........ 40% 23.0M 75s
1130496K ........ ........ ........ ........ ........ ........ 40% 23.1M 75s
1133568K ........ ........ ........ ........ ........ ........ 40% 23.1M 75s
1136640K ........ ........ ........ ........ ........ ........ 40% 22.9M 75s
1139712K ........ ........ ........ ........ ........ ........ 40% 23.0M 75s
1142784K ........ ........ ........ ........ ........ ........ 40% 23.0M 74s
1145856K ........ ........ ........ ........ ........ ........ 40% 23.1M 74s
1148928K ........ ........ ........ ........ ........ ........ 40% 23.0M 74s
1152000K ........ ........ ........ ........ ........ ........ 41% 23.0M 74s
1155072K ........ ........ ........ ........ ........ ........ 41% 23.0M 74s
1158144K ........ ........ ........ ........ ........ ........ 41% 23.0M 74s
1161216K ........ ........ ........ ........ ........ ........ 41% 23.0M 74s
1164288K ........ ........ ........ ........ ........ ........ 41% 23.0M 73s
1167360K ........ ........ ........ ........ ........ ........ 41% 23.0M 73s
1170432K ........ ........ ........ ........ ........ ........ 41% 23.0M 73s
1173504K ........ ........ ........ ........ ........ ........ 41% 23.0M 73s
1176576K ........ ........ ........ ........ ........ ........ 41% 23.0M 73s
1179648K ........ ........ ........ ........ ........ ........ 42% 23.0M 73s
1182720K ........ ........ ........ ........ ........ ........ 42% 22.9M 73s
1185792K ........ ........ ........ ........ ........ ........ 42% 23.0M 72s
1188864K ........ ........ ........ ........ ........ ........ 42% 23.0M 72s
1191936K ........ ........ ........ ........ ........ ........ 42% 23.0M 72s
1195008K ........ ........ ........ ........ ........ ........ 42% 23.0M 72s
1198080K ........ ........ ........ ........ ........ ........ 42% 23.0M 72s
1201152K ........ ........ ........ ........ ........ ........ 42% 23.0M 72s
1204224K ........ ........ ........ ........ ........ ........ 42% 23.0M 72s
1207296K ........ ........ ........ ........ ........ ........ 43% 23.1M 71s
1210368K ........ ........ ........ ........ ........ ........ 43% 23.0M 71s
1213440K ........ ........ ........ ........ ........ ........ 43% 23.0M 71s
1216512K ........ ........ ........ ........ ........ ........ 43% 23.0M 71s
1219584K ........ ........ ........ ........ ........ ........ 43% 13.8M 71s
1222656K ........ ........ ........ ........ ........ ........ 43% 23.2M 71s
1225728K ........ ........ ........ ........ ........ ........ 43% 23.1M 71s
1228800K ........ ........ ........ ........ ........ ........ 43% 23.0M 70s
1231872K ........ ........ ........ ........ ........ ........ 43% 23.0M 70s
1234944K ........ ........ ........ ........ ........ ........ 44% 23.0M 70s
1238016K ........ ........ ........ ........ ........ ........ 44% 23.0M 70s
1241088K ........ ........ ........ ........ ........ ........ 44% 23.1M 70s
1244160K ........ ........ ........ ........ ........ ........ 44% 23.0M 70s
1247232K ........ ........ ........ ........ ........ ........ 44% 22.9M 70s
1250304K ........ ........ ........ ........ ........ ........ 44% 23.1M 69s
1253376K ........ ........ ........ ........ ........ ........ 44% 23.0M 69s
1256448K ........ ........ ........ ........ ........ ........ 44% 23.0M 69s
1259520K ........ ........ ........ ........ ........ ........ 44% 23.0M 69s
1262592K ........ ........ ........ ........ ........ ........ 45% 23.1M 69s
1265664K ........ ........ ........ ........ ........ ........ 45% 23.0M 69s
1268736K ........ ........ ........ ........ ........ ........ 45% 23.1M 69s
1271808K ........ ........ ........ ........ ........ ........ 45% 22.8M 68s
1274880K ........ ........ ........ ........ ........ ........ 45% 23.0M 68s
1277952K ........ ........ ........ ........ ........ ........ 45% 23.0M 68s
1281024K ........ ........ ........ ........ ........ ........ 45% 23.0M 68s
1284096K ........ ........ ........ ........ ........ ........ 45% 23.0M 68s
1287168K ........ ........ ........ ........ ........ ........ 45% 13.8M 68s
1290240K ........ ........ ........ ........ ........ ........ 46% 23.0M 68s
1293312K ........ ........ ........ ........ ........ ........ 46% 23.0M 68s
1296384K ........ ........ ........ ........ ........ ........ 46% 22.9M 67s
1299456K ........ ........ ........ ........ ........ ........ 46% 23.2M 67s
1302528K ........ ........ ........ ........ ........ ........ 46% 23.0M 67s
1305600K ........ ........ ........ ........ ........ ........ 46% 23.0M 67s
1308672K ........ ........ ........ ........ ........ ........ 46% 23.0M 67s
1311744K ........ ........ ........ ........ ........ ........ 46% 23.0M 67s
1314816K ........ ........ ........ ........ ........ ........ 46% 23.0M 66s
1317888K ........ ........ ........ ........ ........ ........ 47% 23.0M 66s
1320960K ........ ........ ........ ........ ........ ........ 47% 23.0M 66s
1324032K ........ ........ ........ ........ ........ ........ 47% 23.0M 66s
1327104K ........ ........ ........ ........ ........ ........ 47% 23.0M 66s
1330176K ........ ........ ........ ........ ........ ........ 47% 22.9M 66s
1333248K ........ ........ ........ ........ ........ ........ 47% 23.2M 66s
1336320K ........ ........ ........ ........ ........ ........ 47% 22.9M 65s
1339392K ........ ........ ........ ........ ........ ........ 47% 23.0M 65s
1342464K ........ ........ ........ ........ ........ ........ 47% 23.0M 65s
1345536K ........ ........ ........ ........ ........ ........ 47% 23.0M 65s
1348608K ........ ........ ........ ........ ........ ........ 48% 13.8M 65s
1351680K ........ ........ ........ ........ ........ ........ 48% 23.1M 65s
1354752K ........ ........ ........ ........ ........ ........ 48% 23.1M 65s
1357824K ........ ........ ........ ........ ........ ........ 48% 22.9M 65s
1360896K ........ ........ ........ ........ ........ ........ 48% 23.1M 64s
1363968K ........ ........ ........ ........ ........ ........ 48% 22.9M 64s
1367040K ........ ........ ........ ........ ........ ........ 48% 23.1M 64s
1370112K ........ ........ ........ ........ ........ ........ 48% 23.0M 64s
1373184K ........ ........ ........ ........ ........ ........ 48% 23.0M 64s
1376256K ........ ........ ........ ........ ........ ........ 49% 23.0M 64s
1379328K ........ ........ ........ ........ ........ ........ 49% 23.0M 64s
1382400K ........ ........ ........ ........ ........ ........ 49% 23.0M 63s
1385472K ........ ........ ........ ........ ........ ........ 49% 23.0M 63s
1388544K ........ ........ ........ ........ ........ ........ 49% 23.0M 63s
1391616K ........ ........ ........ ........ ........ ........ 49% 23.1M 63s
1394688K ........ ........ ........ ........ ........ ........ 49% 23.0M 63s
1397760K ........ ........ ........ ........ ........ ........ 49% 23.0M 63s
1400832K ........ ........ ........ ........ ........ ........ 49% 23.0M 63s
1403904K ........ ........ ........ ........ ........ ........ 50% 23.0M 62s
1406976K ........ ........ ........ ........ ........ ........ 50% 23.0M 62s
1410048K ........ ........ ........ ........ ........ ........ 50% 23.0M 62s
1413120K ........ ........ ........ ........ ........ ........ 50% 23.0M 62s
1416192K ........ ........ ........ ........ ........ ........ 50% 23.0M 62s
1419264K ........ ........ ........ ........ ........ ........ 50% 23.0M 62s
1422336K ........ ........ ........ ........ ........ ........ 50% 23.0M 62s
1425408K ........ ........ ........ ........ ........ ........ 50% 23.0M 61s
1428480K ........ ........ ........ ........ ........ ........ 50% 23.0M 61s
1431552K ........ ........ ........ ........ ........ ........ 51% 23.0M 61s
1434624K ........ ........ ........ ........ ........ ........ 51% 23.0M 61s
1437696K ........ ........ ........ ........ ........ ........ 51% 23.0M 61s
1440768K ........ ........ ........ ........ ........ ........ 51% 23.0M 61s
1443840K ........ ........ ........ ........ ........ ........ 51% 23.0M 61s
1446912K ........ ........ ........ ........ ........ ........ 51% 23.0M 60s
1449984K ........ ........ ........ ........ ........ ........ 51% 22.9M 60s
1453056K ........ ........ ........ ........ ........ ........ 51% 23.1M 60s
1456128K ........ ........ ........ ........ ........ ........ 51% 22.9M 60s
1459200K ........ ........ ........ ........ ........ ........ 52% 23.0M 60s
1462272K ........ ........ ........ ........ ........ ........ 52% 23.0M 60s
1465344K ........ ........ ........ ........ ........ ........ 52% 23.0M 60s
1468416K ........ ........ ........ ........ ........ ........ 52% 23.0M 59s
1471488K ........ ........ ........ ........ ........ ........ 52% 23.0M 59s
1474560K ........ ........ ........ ........ ........ ........ 52% 22.9M 59s
1477632K ........ ........ ........ ........ ........ ........ 52% 23.2M 59s
1480704K ........ ........ ........ ........ ........ ........ 52% 7.16M 59s
1483776K ........ ........ ........ ........ ........ ........ 52% 23.0M 59s
1486848K ........ ........ ........ ........ ........ ........ 53% 22.9M 59s
1489920K ........ ........ ........ ........ ........ ........ 53% 23.1M 59s
1492992K ........ ........ ........ ........ ........ ........ 53% 23.1M 59s
1496064K ........ ........ ........ ........ ........ ........ 53% 23.0M 58s
1499136K ........ ........ ........ ........ ........ ........ 53% 23.1M 58s
1502208K ........ ........ ........ ........ ........ ........ 53% 22.9M 58s
1505280K ........ ........ ........ ........ ........ ........ 53% 23.0M 58s
1508352K ........ ........ ........ ........ ........ ........ 53% 23.0M 58s
1511424K ........ ........ ........ ........ ........ ........ 53% 23.0M 58s
1514496K ........ ........ ........ ........ ........ ........ 54% 23.0M 58s
1517568K ........ ........ ........ ........ ........ ........ 54% 23.1M 57s
1520640K ........ ........ ........ ........ ........ ........ 54% 23.0M 57s
1523712K ........ ........ ........ ........ ........ ........ 54% 13.8M 57s
1526784K ........ ........ ........ ........ ........ ........ 54% 23.1M 57s
1529856K ........ ........ ........ ........ ........ ........ 54% 23.0M 57s
1532928K ........ ........ ........ ........ ........ ........ 54% 23.0M 57s
1536000K ........ ........ ........ ........ ........ ........ 54% 23.0M 57s
1539072K ........ ........ ........ ........ ........ ........ 54% 23.1M 56s
1542144K ........ ........ ........ ........ ........ ........ 54% 23.0M 56s
1545216K ........ ........ ........ ........ ........ ........ 55% 23.0M 56s
1548288K ........ ........ ........ ........ ........ ........ 55% 22.9M 56s
1551360K ........ ........ ........ ........ ........ ........ 55% 23.0M 56s
1554432K ........ ........ ........ ........ ........ ........ 55% 23.0M 56s
1557504K ........ ........ ........ ........ ........ ........ 55% 23.0M 56s
1560576K ........ ........ ........ ........ ........ ........ 55% 23.0M 55s
1563648K ........ ........ ........ ........ ........ ........ 55% 23.0M 55s
1566720K ........ ........ ........ ........ ........ ........ 55% 23.0M 55s
1569792K ........ ........ ........ ........ ........ ........ 55% 23.0M 55s
1572864K ........ ........ ........ ........ ........ ........ 56% 23.0M 55s
1575936K ........ ........ ........ ........ ........ ........ 56% 23.0M 55s
1579008K ........ ........ ........ ........ ........ ........ 56% 23.0M 55s
1582080K ........ ........ ........ ........ ........ ........ 56% 23.0M 54s
1585152K ........ ........ ........ ........ ........ ........ 56% 23.0M 54s
1588224K ........ ........ ........ ........ ........ ........ 56% 23.0M 54s
1591296K ........ ........ ........ ........ ........ ........ 56% 22.9M 54s
1594368K ........ ........ ........ ........ ........ ........ 56% 23.1M 54s
1597440K ........ ........ ........ ........ ........ ........ 56% 23.0M 54s
1600512K ........ ........ ........ ........ ........ ........ 57% 22.8M 54s
1603584K ........ ........ ........ ........ ........ ........ 57% 23.3M 54s
1606656K ........ ........ ........ ........ ........ ........ 57% 23.0M 53s
1609728K ........ ........ ........ ........ ........ ........ 57% 23.0M 53s
1612800K ........ ........ ........ ........ ........ ........ 57% 23.0M 53s
1615872K ........ ........ ........ ........ ........ ........ 57% 23.0M 53s
1618944K ........ ........ ........ ........ ........ ........ 57% 23.1M 53s
1622016K ........ ........ ........ ........ ........ ........ 57% 22.9M 53s
1625088K ........ ........ ........ ........ ........ ........ 57% 23.0M 53s
1628160K ........ ........ ........ ........ ........ ........ 58% 23.0M 52s
1631232K ........ ........ ........ ........ ........ ........ 58% 23.0M 52s
1634304K ........ ........ ........ ........ ........ ........ 58% 23.0M 52s
1637376K ........ ........ ........ ........ ........ ........ 58% 23.0M 52s
1640448K ........ ........ ........ ........ ........ ........ 58% 22.8M 52s
1643520K ........ ........ ........ ........ ........ ........ 58% 23.0M 52s
1646592K ........ ........ ........ ........ ........ ........ 58% 23.1M 52s
1649664K ........ ........ ........ ........ ........ ........ 58% 23.1M 51s
1652736K ........ ........ ........ ........ ........ ........ 58% 23.0M 51s
1655808K ........ ........ ........ ........ ........ ........ 59% 23.0M 51s
1658880K ........ ........ ........ ........ ........ ........ 59% 23.0M 51s
1661952K ........ ........ ........ ........ ........ ........ 59% 22.8M 51s
1665024K ........ ........ ........ ........ ........ ........ 59% 23.1M 51s
1668096K ........ ........ ........ ........ ........ ........ 59% 23.0M 51s
1671168K ........ ........ ........ ........ ........ ........ 59% 23.0M 50s
1674240K ........ ........ ........ ........ ........ ........ 59% 23.0M 50s
1677312K ........ ........ ........ ........ ........ ........ 59% 23.0M 50s
1680384K ........ ........ ........ ........ ........ ........ 59% 23.0M 50s
1683456K ........ ........ ........ ........ ........ ........ 60% 23.0M 50s
1686528K ........ ........ ........ ........ ........ ........ 60% 23.0M 50s
1689600K ........ ........ ........ ........ ........ ........ 60% 23.1M 50s
1692672K ........ ........ ........ ........ ........ ........ 60% 23.0M 49s
1695744K ........ ........ ........ ........ ........ ........ 60% 23.0M 49s
1698816K ........ ........ ........ ........ ........ ........ 60% 23.0M 49s
1701888K ........ ........ ........ ........ ........ ........ 60% 23.0M 49s
1704960K ........ ........ ........ ........ ........ ........ 60% 23.0M 49s
1708032K ........ ........ ........ ........ ........ ........ 60% 23.0M 49s
1711104K ........ ........ ........ ........ ........ ........ 61% 23.0M 49s
1714176K ........ ........ ........ ........ ........ ........ 61% 23.0M 48s
1717248K ........ ........ ........ ........ ........ ........ 61% 23.0M 48s
1720320K ........ ........ ........ ........ ........ ........ 61% 23.0M 48s
1723392K ........ ........ ........ ........ ........ ........ 61% 5.94M 48s
1726464K ........ ........ ........ ........ ........ ........ 61% 23.0M 48s
1729536K ........ ........ ........ ........ ........ ........ 61% 22.9M 48s
1732608K ........ ........ ........ ........ ........ ........ 61% 23.1M 48s
1735680K ........ ........ ........ ........ ........ ........ 61% 23.0M 48s
1738752K ........ ........ ........ ........ ........ ........ 61% 22.9M 48s
1741824K ........ ........ ........ ........ ........ ........ 62% 23.1M 47s
1744896K ........ ........ ........ ........ ........ ........ 62% 23.0M 47s
1747968K ........ ........ ........ ........ ........ ........ 62% 23.0M 47s
1751040K ........ ........ ........ ........ ........ ........ 62% 23.0M 47s
1754112K ........ ........ ........ ........ ........ ........ 62% 23.0M 47s
1757184K ........ ........ ........ ........ ........ ........ 62% 23.0M 47s
1760256K ........ ........ ........ ........ ........ ........ 62% 23.0M 47s
1763328K ........ ........ ........ ........ ........ ........ 62% 23.0M 46s
1766400K ........ ........ ........ ........ ........ ........ 62% 23.0M 46s
1769472K ........ ........ ........ ........ ........ ........ 63% 23.0M 46s
1772544K ........ ........ ........ ........ ........ ........ 63% 23.0M 46s
1775616K ........ ........ ........ ........ ........ ........ 63% 23.0M 46s
1778688K ........ ........ ........ ........ ........ ........ 63% 23.0M 46s
1781760K ........ ........ ........ ........ ........ ........ 63% 23.0M 46s
1784832K ........ ........ ........ ........ ........ ........ 63% 23.1M 45s
1787904K ........ ........ ........ ........ ........ ........ 63% 13.8M 45s
1790976K ........ ........ ........ ........ ........ ........ 63% 23.2M 45s
1794048K ........ ........ ........ ........ ........ ........ 63% 22.9M 45s
1797120K ........ ........ ........ ........ ........ ........ 64% 23.0M 45s
1800192K ........ ........ ........ ........ ........ ........ 64% 23.1M 45s
1803264K ........ ........ ........ ........ ........ ........ 64% 23.0M 45s
1806336K ........ ........ ........ ........ ........ ........ 64% 23.0M 45s
1809408K ........ ........ ........ ........ ........ ........ 64% 23.0M 44s
1812480K ........ ........ ........ ........ ........ ........ 64% 23.0M 44s
1815552K ........ ........ ........ ........ ........ ........ 64% 23.1M 44s
1818624K ........ ........ ........ ........ ........ ........ 64% 22.9M 44s
1821696K ........ ........ ........ ........ ........ ........ 64% 23.0M 44s
1824768K ........ ........ ........ ........ ........ ........ 65% 23.0M 44s
1827840K ........ ........ ........ ........ ........ ........ 65% 23.0M 44s
1830912K ........ ........ ........ ........ ........ ........ 65% 23.0M 43s
1833984K ........ ........ ........ ........ ........ ........ 65% 23.0M 43s
1837056K ........ ........ ........ ........ ........ ........ 65% 23.0M 43s
1840128K ........ ........ ........ ........ ........ ........ 65% 23.0M 43s
1843200K ........ ........ ........ ........ ........ ........ 65% 23.0M 43s
1846272K ........ ........ ........ ........ ........ ........ 65% 23.0M 43s
1849344K ........ ........ ........ ........ ........ ........ 65% 23.0M 43s
1852416K ........ ........ ........ ........ ........ ........ 66% 23.2M 42s
1855488K ........ ........ ........ ........ ........ ........ 66% 23.0M 42s
1858560K ........ ........ ........ ........ ........ ........ 66% 23.0M 42s
1861632K ........ ........ ........ ........ ........ ........ 66% 23.0M 42s
1864704K ........ ........ ........ ........ ........ ........ 66% 22.9M 42s
1867776K ........ ........ ........ ........ ........ ........ 66% 23.0M 42s
1870848K ........ ........ ........ ........ ........ ........ 66% 23.1M 42s
1873920K ........ ........ ........ ........ ........ ........ 66% 22.9M 41s
1876992K ........ ........ ........ ........ ........ ........ 66% 23.0M 41s
1880064K ........ ........ ........ ........ ........ ........ 67% 23.0M 41s
1883136K ........ ........ ........ ........ ........ ........ 67% 23.0M 41s
1886208K ........ ........ ........ ........ ........ ........ 67% 23.0M 41s
1889280K ........ ........ ........ ........ ........ ........ 67% 22.9M 41s
1892352K ........ ........ ........ ........ ........ ........ 67% 23.2M 41s
1895424K ........ ........ ........ ........ ........ ........ 67% 23.0M 40s
1898496K ........ ........ ........ ........ ........ ........ 67% 23.0M 40s
1901568K ........ ........ ........ ........ ........ ........ 67% 23.0M 40s
1904640K ........ ........ ........ ........ ........ ........ 67% 23.1M 40s
1907712K ........ ........ ........ ........ ........ ........ 68% 23.0M 40s
1910784K ........ ........ ........ ........ ........ ........ 68% 22.9M 40s
1913856K ........ ........ ........ ........ ........ ........ 68% 23.2M 40s
1916928K ........ ........ ........ ........ ........ ........ 68% 23.0M 39s
1920000K ........ ........ ........ ........ ........ ........ 68% 23.1M 39s
1923072K ........ ........ ........ ........ ........ ........ 68% 23.0M 39s
1926144K ........ ........ ........ ........ ........ ........ 68% 23.0M 39s
1929216K ........ ........ ........ ........ ........ ........ 68% 23.0M 39s
1932288K ........ ........ ........ ........ ........ ........ 68% 23.0M 39s
1935360K ........ ........ ........ ........ ........ ........ 68% 23.0M 39s
1938432K ........ ........ ........ ........ ........ ........ 69% 23.0M 39s
1941504K ........ ........ ........ ........ ........ ........ 69% 23.1M 38s
1944576K ........ ........ ........ ........ ........ ........ 69% 23.0M 38s
1947648K ........ ........ ........ ........ ........ ........ 69% 23.1M 38s
1950720K ........ ........ ........ ........ ........ ........ 69% 23.1M 38s
1953792K ........ ........ ........ ........ ........ ........ 69% 22.9M 38s
1956864K ........ ........ ........ ........ ........ ........ 69% 13.8M 38s
1959936K ........ ........ ........ ........ ........ ........ 69% 23.1M 38s
1963008K ........ ........ ........ ........ ........ ........ 69% 23.1M 37s
1966080K ........ ........ ........ ........ ........ ........ 70% 23.0M 37s
1969152K ........ ........ ........ ........ ........ ........ 70% 23.0M 37s
1972224K ........ ........ ........ ........ ........ ........ 70% 23.0M 37s
1975296K ........ ........ ........ ........ ........ ........ 70% 23.0M 37s
1978368K ........ ........ ........ ........ ........ ........ 70% 23.0M 37s
1981440K ........ ........ ........ ........ ........ ........ 70% 23.0M 37s
1984512K ........ ........ ........ ........ ........ ........ 70% 23.1M 36s
1987584K ........ ........ ........ ........ ........ ........ 70% 23.2M 36s
1990656K ........ ........ ........ ........ ........ ........ 70% 22.9M 36s
1993728K ........ ........ ........ ........ ........ ........ 71% 23.0M 36s
1996800K ........ ........ ........ ........ ........ ........ 71% 23.0M 36s
1999872K ........ ........ ........ ........ ........ ........ 71% 23.2M 36s
2002944K ........ ........ ........ ........ ........ ........ 71% 23.0M 36s
2006016K ........ ........ ........ ........ ........ ........ 71% 23.1M 35s
2009088K ........ ........ ........ ........ ........ ........ 71% 23.0M 35s
2012160K ........ ........ ........ ........ ........ ........ 71% 23.0M 35s
2015232K ........ ........ ........ ........ ........ ........ 71% 23.0M 35s
2018304K ........ ........ ........ ........ ........ ........ 71% 23.0M 35s
2021376K ........ ........ ........ ........ ........ ........ 72% 13.9M 35s
2024448K ........ ........ ........ ........ ........ ........ 72% 23.0M 35s
2027520K ........ ........ ........ ........ ........ ........ 72% 23.2M 35s
2030592K ........ ........ ........ ........ ........ ........ 72% 23.0M 34s
2033664K ........ ........ ........ ........ ........ ........ 72% 23.0M 34s
2036736K ........ ........ ........ ........ ........ ........ 72% 23.0M 34s
2039808K ........ ........ ........ ........ ........ ........ 72% 23.0M 34s
2042880K ........ ........ ........ ........ ........ ........ 72% 23.0M 34s
2045952K ........ ........ ........ ........ ........ ........ 72% 23.0M 34s
2049024K ........ ........ ........ ........ ........ ........ 73% 23.0M 34s
2052096K ........ ........ ........ ........ ........ ........ 73% 23.0M 33s
2055168K ........ ........ ........ ........ ........ ........ 73% 22.6M 33s
2058240K ........ ........ ........ ........ ........ ........ 73% 23.1M 33s
2061312K ........ ........ ........ ........ ........ ........ 73% 7.16M 33s
2064384K ........ ........ ........ ........ ........ ........ 73% 23.0M 33s
2067456K ........ ........ ........ ........ ........ ........ 73% 22.9M 33s
2070528K ........ ........ ........ ........ ........ ........ 73% 23.0M 33s
2073600K ........ ........ ........ ........ ........ ........ 73% 23.1M 33s
2076672K ........ ........ ........ ........ ........ ........ 74% 23.0M 32s
2079744K ........ ........ ........ ........ ........ ........ 74% 23.0M 32s
2082816K ........ ........ ........ ........ ........ ........ 74% 23.0M 32s
2085888K ........ ........ ........ ........ ........ ........ 74% 23.0M 32s
2088960K ........ ........ ........ ........ ........ ........ 74% 23.0M 32s
2092032K ........ ........ ........ ........ ........ ........ 74% 23.0M 32s
2095104K ........ ........ ........ ........ ........ ........ 74% 23.0M 32s
2098176K ........ ........ ........ ........ ........ ........ 74% 23.0M 31s
2101248K ........ ........ ........ ........ ........ ........ 74% 23.0M 31s
2104320K ........ ........ ........ ........ ........ ........ 75% 23.2M 31s
2107392K ........ ........ ........ ........ ........ ........ 75% 23.0M 31s
2110464K ........ ........ ........ ........ ........ ........ 75% 22.9M 31s
2113536K ........ ........ ........ ........ ........ ........ 75% 23.0M 31s
2116608K ........ ........ ........ ........ ........ ........ 75% 23.0M 31s
2119680K ........ ........ ........ ........ ........ ........ 75% 23.1M 31s
2122752K ........ ........ ........ ........ ........ ........ 75% 23.0M 30s
2125824K ........ ........ ........ ........ ........ ........ 75% 23.0M 30s
2128896K ........ ........ ........ ........ ........ ........ 75% 23.0M 30s
2131968K ........ ........ ........ ........ ........ ........ 75% 22.8M 30s
2135040K ........ ........ ........ ........ ........ ........ 76% 23.1M 30s
2138112K ........ ........ ........ ........ ........ ........ 76% 23.1M 30s
2141184K ........ ........ ........ ........ ........ ........ 76% 13.7M 30s
2144256K ........ ........ ........ ........ ........ ........ 76% 23.2M 29s
2147328K ........ ........ ........ ........ ........ ........ 76% 23.0M 29s
2150400K ........ ........ ........ ........ ........ ........ 76% 23.0M 29s
2153472K ........ ........ ........ ........ ........ ........ 76% 23.0M 29s
2156544K ........ ........ ........ ........ ........ ........ 76% 23.0M 29s
2159616K ........ ........ ........ ........ ........ ........ 76% 23.0M 29s
2162688K ........ ........ ........ ........ ........ ........ 77% 23.0M 29s
2165760K ........ ........ ........ ........ ........ ........ 77% 23.0M 28s
2168832K ........ ........ ........ ........ ........ ........ 77% 23.0M 28s
2171904K ........ ........ ........ ........ ........ ........ 77% 23.0M 28s
2174976K ........ ........ ........ ........ ........ ........ 77% 23.1M 28s
2178048K ........ ........ ........ ........ ........ ........ 77% 23.0M 28s
2181120K ........ ........ ........ ........ ........ ........ 77% 23.0M 28s
2184192K ........ ........ ........ ........ ........ ........ 77% 23.0M 28s
2187264K ........ ........ ........ ........ ........ ........ 77% 23.0M 27s
2190336K ........ ........ ........ ........ ........ ........ 78% 23.1M 27s
2193408K ........ ........ ........ ........ ........ ........ 78% 23.0M 27s
2196480K ........ ........ ........ ........ ........ ........ 78% 23.0M 27s
2199552K ........ ........ ........ ........ ........ ........ 78% 23.0M 27s
2202624K ........ ........ ........ ........ ........ ........ 78% 23.1M 27s
2205696K ........ ........ ........ ........ ........ ........ 78% 23.0M 27s
2208768K ........ ........ ........ ........ ........ ........ 78% 23.0M 27s
2211840K ........ ........ ........ ........ ........ ........ 78% 23.0M 26s
2214912K ........ ........ ........ ........ ........ ........ 78% 23.0M 26s
2217984K ........ ........ ........ ........ ........ ........ 79% 23.0M 26s
2221056K ........ ........ ........ ........ ........ ........ 79% 23.0M 26s
2224128K ........ ........ ........ ........ ........ ........ 79% 23.0M 26s
2227200K ........ ........ ........ ........ ........ ........ 79% 23.0M 26s
2230272K ........ ........ ........ ........ ........ ........ 79% 23.0M 26s
2233344K ........ ........ ........ ........ ........ ........ 79% 23.2M 25s
2236416K ........ ........ ........ ........ ........ ........ 79% 22.9M 25s
2239488K ........ ........ ........ ........ ........ ........ 79% 13.8M 25s
2242560K ........ ........ ........ ........ ........ ........ 79% 23.1M 25s
2245632K ........ ........ ........ ........ ........ ........ 80% 23.1M 25s
2248704K ........ ........ ........ ........ ........ ........ 80% 23.0M 25s
2251776K ........ ........ ........ ........ ........ ........ 80% 23.0M 25s
2254848K ........ ........ ........ ........ ........ ........ 80% 23.0M 24s
2257920K ........ ........ ........ ........ ........ ........ 80% 23.0M 24s
2260992K ........ ........ ........ ........ ........ ........ 80% 23.1M 24s
2264064K ........ ........ ........ ........ ........ ........ 80% 23.0M 24s
2267136K ........ ........ ........ ........ ........ ........ 80% 23.0M 24s
2270208K ........ ........ ........ ........ ........ ........ 80% 23.0M 24s
2273280K ........ ........ ........ ........ ........ ........ 81% 23.0M 24s
2276352K ........ ........ ........ ........ ........ ........ 81% 23.0M 24s
2279424K ........ ........ ........ ........ ........ ........ 81% 23.0M 23s
2282496K ........ ........ ........ ........ ........ ........ 81% 23.0M 23s
2285568K ........ ........ ........ ........ ........ ........ 81% 23.1M 23s
2288640K ........ ........ ........ ........ ........ ........ 81% 23.1M 23s
2291712K ........ ........ ........ ........ ........ ........ 81% 23.0M 23s
2294784K ........ ........ ........ ........ ........ ........ 81% 23.0M 23s
2297856K ........ ........ ........ ........ ........ ........ 81% 23.0M 23s
2300928K ........ ........ ........ ........ ........ ........ 81% 23.0M 22s
2304000K ........ ........ ........ ........ ........ ........ 82% 23.0M 22s
2307072K ........ ........ ........ ........ ........ ........ 82% 23.0M 22s
2310144K ........ ........ ........ ........ ........ ........ 82% 23.0M 22s
2313216K ........ ........ ........ ........ ........ ........ 82% 23.0M 22s
2316288K ........ ........ ........ ........ ........ ........ 82% 23.0M 22s
2319360K ........ ........ ........ ........ ........ ........ 82% 23.0M 22s
2322432K ........ ........ ........ ........ ........ ........ 82% 23.1M 21s
2325504K ........ ........ ........ ........ ........ ........ 82% 23.0M 21s
2328576K ........ ........ ........ ........ ........ ........ 82% 23.2M 21s
2331648K ........ ........ ........ ........ ........ ........ 83% 23.0M 21s
2334720K ........ ........ ........ ........ ........ ........ 83% 23.0M 21s
2337792K ........ ........ ........ ........ ........ ........ 83% 22.9M 21s
2340864K ........ ........ ........ ........ ........ ........ 83% 23.0M 21s
2343936K ........ ........ ........ ........ ........ ........ 83% 23.0M 20s
2347008K ........ ........ ........ ........ ........ ........ 83% 23.0M 20s
2350080K ........ ........ ........ ........ ........ ........ 83% 23.0M 20s
2353152K ........ ........ ........ ........ ........ ........ 83% 23.0M 20s
2356224K ........ ........ ........ ........ ........ ........ 83% 23.0M 20s
2359296K ........ ........ ........ ........ ........ ........ 84% 23.0M 20s
2362368K ........ ........ ........ ........ ........ ........ 84% 23.0M 20s
2365440K ........ ........ ........ ........ ........ ........ 84% 22.9M 20s
2368512K ........ ........ ........ ........ ........ ........ 84% 23.0M 19s
2371584K ........ ........ ........ ........ ........ ........ 84% 23.0M 19s
2374656K ........ ........ ........ ........ ........ ........ 84% 23.0M 19s
2377728K ........ ........ ........ ........ ........ ........ 84% 23.0M 19s
2380800K ........ ........ ........ ........ ........ ........ 84% 22.9M 19s
2383872K ........ ........ ........ ........ ........ ........ 84% 23.0M 19s
2386944K ........ ........ ........ ........ ........ ........ 85% 23.0M 19s
2390016K ........ ........ ........ ........ ........ ........ 85% 13.9M 18s
2393088K ........ ........ ........ ........ ........ ........ 85% 23.1M 18s
2396160K ........ ........ ........ ........ ........ ........ 85% 23.0M 18s
2399232K ........ ........ ........ ........ ........ ........ 85% 23.1M 18s
2402304K ........ ........ ........ ........ ........ ........ 85% 23.0M 18s
2405376K ........ ........ ........ ........ ........ ........ 85% 23.0M 18s
2408448K ........ ........ ........ ........ ........ ........ 85% 23.0M 18s
2411520K ........ ........ ........ ........ ........ ........ 85% 23.0M 17s
2414592K ........ ........ ........ ........ ........ ........ 86% 22.6M 17s
2417664K ........ ........ ........ ........ ........ ........ 86% 23.2M 17s
2420736K ........ ........ ........ ........ ........ ........ 86% 23.1M 17s
2423808K ........ ........ ........ ........ ........ ........ 86% 23.0M 17s
2426880K ........ ........ ........ ........ ........ ........ 86% 23.1M 17s
2429952K ........ ........ ........ ........ ........ ........ 86% 23.0M 17s
2433024K ........ ........ ........ ........ ........ ........ 86% 23.0M 17s
2436096K ........ ........ ........ ........ ........ ........ 86% 23.0M 16s
2439168K ........ ........ ........ ........ ........ ........ 86% 23.0M 16s
2442240K ........ ........ ........ ........ ........ ........ 87% 14.0M 16s
2445312K ........ ........ ........ ........ ........ ........ 87% 23.0M 16s
2448384K ........ ........ ........ ........ ........ ........ 87% 23.0M 16s
2451456K ........ ........ ........ ........ ........ ........ 87% 23.0M 16s
2454528K ........ ........ ........ ........ ........ ........ 87% 23.1M 16s
2457600K ........ ........ ........ ........ ........ ........ 87% 23.0M 15s
2460672K ........ ........ ........ ........ ........ ........ 87% 23.0M 15s
2463744K ........ ........ ........ ........ ........ ........ 87% 23.0M 15s
2466816K ........ ........ ........ ........ ........ ........ 87% 23.0M 15s
2469888K ........ ........ ........ ........ ........ ........ 88% 23.0M 15s
2472960K ........ ........ ........ ........ ........ ........ 88% 23.0M 15s
2476032K ........ ........ ........ ........ ........ ........ 88% 23.0M 15s
2479104K ........ ........ ........ ........ ........ ........ 88% 23.1M 15s
2482176K ........ ........ ........ ........ ........ ........ 88% 23.0M 14s
2485248K ........ ........ ........ ........ ........ ........ 88% 22.9M 14s
2488320K ........ ........ ........ ........ ........ ........ 88% 23.0M 14s
2491392K ........ ........ ........ ........ ........ ........ 88% 23.1M 14s
2494464K ........ ........ ........ ........ ........ ........ 88% 22.3M 14s
2497536K ........ ........ ........ ........ ........ ........ 88% 23.1M 14s
2500608K ........ ........ ........ ........ ........ ........ 89% 23.0M 14s
2503680K ........ ........ ........ ........ ........ ........ 89% 23.0M 13s
2506752K ........ ........ ........ ........ ........ ........ 89% 23.0M 13s
2509824K ........ ........ ........ ........ ........ ........ 89% 23.0M 13s
2512896K ........ ........ ........ ........ ........ ........ 89% 23.1M 13s
2515968K ........ ........ ........ ........ ........ ........ 89% 23.0M 13s
2519040K ........ ........ ........ ........ ........ ........ 89% 23.1M 13s
2522112K ........ ........ ........ ........ ........ ........ 89% 23.1M 13s
2525184K ........ ........ ........ ........ ........ ........ 89% 23.0M 12s
2528256K ........ ........ ........ ........ ........ ........ 90% 23.1M 12s
2531328K ........ ........ ........ ........ ........ ........ 90% 23.0M 12s
2534400K ........ ........ ........ ........ ........ ........ 90% 23.0M 12s
2537472K ........ ........ ........ ........ ........ ........ 90% 23.0M 12s
2540544K ........ ........ ........ ........ ........ ........ 90% 23.0M 12s
2543616K ........ ........ ........ ........ ........ ........ 90% 23.0M 12s
2546688K ........ ........ ........ ........ ........ ........ 90% 23.0M 11s
2549760K ........ ........ ........ ........ ........ ........ 90% 23.0M 11s
2552832K ........ ........ ........ ........ ........ ........ 90% 23.0M 11s
2555904K ........ ........ ........ ........ ........ ........ 91% 23.0M 11s
2558976K ........ ........ ........ ........ ........ ........ 91% 23.0M 11s
2562048K ........ ........ ........ ........ ........ ........ 91% 22.9M 11s
2565120K ........ ........ ........ ........ ........ ........ 91% 23.1M 11s
2568192K ........ ........ ........ ........ ........ ........ 91% 23.0M 11s
2571264K ........ ........ ........ ........ ........ ........ 91% 14.0M 10s
2574336K ........ ........ ........ ........ ........ ........ 91% 23.1M 10s
2577408K ........ ........ ........ ........ ........ ........ 91% 23.1M 10s
2580480K ........ ........ ........ ........ ........ ........ 91% 7.10M 10s
2583552K ........ ........ ........ ........ ........ ........ 92% 23.0M 10s
2586624K ........ ........ ........ ........ ........ ........ 92% 23.0M 10s
2589696K ........ ........ ........ ........ ........ ........ 92% 23.0M 10s
2592768K ........ ........ ........ ........ ........ ........ 92% 23.0M 9s
2595840K ........ ........ ........ ........ ........ ........ 92% 23.1M 9s
2598912K ........ ........ ........ ........ ........ ........ 92% 23.1M 9s
2601984K ........ ........ ........ ........ ........ ........ 92% 22.9M 9s
2605056K ........ ........ ........ ........ ........ ........ 92% 23.0M 9s
2608128K ........ ........ ........ ........ ........ ........ 92% 23.0M 9s
2611200K ........ ........ ........ ........ ........ ........ 93% 23.0M 9s
2614272K ........ ........ ........ ........ ........ ........ 93% 23.0M 9s
2617344K ........ ........ ........ ........ ........ ........ 93% 23.1M 8s
2620416K ........ ........ ........ ........ ........ ........ 93% 23.0M 8s
2623488K ........ ........ ........ ........ ........ ........ 93% 23.0M 8s
2626560K ........ ........ ........ ........ ........ ........ 93% 23.0M 8s
2629632K ........ ........ ........ ........ ........ ........ 93% 23.0M 8s
2632704K ........ ........ ........ ........ ........ ........ 93% 23.1M 8s
2635776K ........ ........ ........ ........ ........ ........ 93% 23.0M 8s
2638848K ........ ........ ........ ........ ........ ........ 94% 23.0M 7s
2641920K ........ ........ ........ ........ ........ ........ 94% 23.0M 7s
2644992K ........ ........ ........ ........ ........ ........ 94% 23.0M 7s
2648064K ........ ........ ........ ........ ........ ........ 94% 23.0M 7s
2651136K ........ ........ ........ ........ ........ ........ 94% 23.0M 7s
2654208K ........ ........ ........ ........ ........ ........ 94% 23.0M 7s
2657280K ........ ........ ........ ........ ........ ........ 94% 22.8M 7s
2660352K ........ ........ ........ ........ ........ ........ 94% 23.0M 6s
2663424K ........ ........ ........ ........ ........ ........ 94% 23.2M 6s
2666496K ........ ........ ........ ........ ........ ........ 95% 23.0M 6s
2669568K ........ ........ ........ ........ ........ ........ 95% 23.0M 6s
2672640K ........ ........ ........ ........ ........ ........ 95% 22.9M 6s
2675712K ........ ........ ........ ........ ........ ........ 95% 23.0M 6s
2678784K ........ ........ ........ ........ ........ ........ 95% 23.0M 6s
2681856K ........ ........ ........ ........ ........ ........ 95% 23.0M 6s
2684928K ........ ........ ........ ........ ........ ........ 95% 23.0M 5s
2688000K ........ ........ ........ ........ ........ ........ 95% 23.0M 5s
2691072K ........ ........ ........ ........ ........ ........ 95% 23.0M 5s
2694144K ........ ........ ........ ........ ........ ........ 95% 23.0M 5s
2697216K ........ ........ ........ ........ ........ ........ 96% 23.0M 5s
2700288K ........ ........ ........ ........ ........ ........ 96% 23.0M 5s
2703360K ........ ........ ........ ........ ........ ........ 96% 23.0M 5s
2706432K ........ ........ ........ ........ ........ ........ 96% 23.0M 4s
2709504K ........ ........ ........ ........ ........ ........ 96% 23.0M 4s
2712576K ........ ........ ........ ........ ........ ........ 96% 23.0M 4s
2715648K ........ ........ ........ ........ ........ ........ 96% 23.0M 4s
2718720K ........ ........ ........ ........ ........ ........ 96% 23.0M 4s
2721792K ........ ........ ........ ........ ........ ........ 96% 23.0M 4s
2724864K ........ ........ ........ ........ ........ ........ 97% 23.0M 4s
2727936K ........ ........ ........ ........ ........ ........ 97% 23.1M 3s
2731008K ........ ........ ........ ........ ........ ........ 97% 23.0M 3s
2734080K ........ ........ ........ ........ ........ ........ 97% 23.0M 3s
2737152K ........ ........ ........ ........ ........ ........ 97% 23.0M 3s
2740224K ........ ........ ........ ........ ........ ........ 97% 13.8M 3s
2743296K ........ ........ ........ ........ ........ ........ 97% 23.2M 3s
2746368K ........ ........ ........ ........ ........ ........ 97% 23.0M 3s
2749440K ........ ........ ........ ........ ........ ........ 97% 23.1M 3s
2752512K ........ ........ ........ ........ ........ ........ 98% 23.0M 2s
2755584K ........ ........ ........ ........ ........ ........ 98% 23.0M 2s
2758656K ........ ........ ........ ........ ........ ........ 98% 23.0M 2s
2761728K ........ ........ ........ ........ ........ ........ 98% 23.0M 2s
2764800K ........ ........ ........ ........ ........ ........ 98% 23.0M 2s
2767872K ........ ........ ........ ........ ........ ........ 98% 23.0M 2s
2770944K ........ ........ ........ ........ ........ ........ 98% 23.0M 2s
2774016K ........ ........ ........ ........ ........ ........ 98% 23.0M 1s
2777088K ........ ........ ........ ........ ........ ........ 98% 23.0M 1s
2780160K ........ ........ ........ ........ ........ ........ 99% 23.0M 1s
2783232K ........ ........ ........ ........ ........ ........ 99% 23.0M 1s
2786304K ........ ........ ........ ........ ........ ........ 99% 23.0M 1s
2789376K ........ ........ ........ ........ ........ ........ 99% 23.0M 1s
2792448K ........ ........ ........ ........ ........ ........ 99% 23.0M 1s
2795520K ........ ........ ........ ........ ........ ........ 99% 23.0M 0s
2798592K ........ ........ ........ ........ ........ ........ 99% 23.0M 0s
2801664K ........ ........ ........ ........ ........ ........ 99% 23.0M 0s
2804736K ........ ........ ........ ........ ........ ........ 99% 22.9M 0s
2807808K ........ ........ ........ .......                   100% 16.9M=2m4s

2021-04-25 22:38:18 (22.1 MB/s) - '/dev/null' saved [2877227008/2877227008]

