--2021-04-24 20:21:06--  http://debian.c3sl.ufpr.br/debian-cd/current/amd64/iso-dvd/debian-10.9.0-amd64-DVD-1.iso
Resolving debian.c3sl.ufpr.br (debian.c3sl.ufpr.br)... 200.236.31.3
Connecting to debian.c3sl.ufpr.br (debian.c3sl.ufpr.br)|200.236.31.3|:80... connected.
HTTP request sent, awaiting response... 200 OK
Length: 3972317184 (3,7G) [application/x-iso9660-image]
Saving to: ‘/dev/null’

     0K ........ ........ ........ ........ ........ ........  0% 4,52M 13m58s
  3072K ........ ........ ........ ........ ........ ........  0% 4,11M 14m39s
  6144K ........ ........ ........ ........ ........ ........  0% 1,82M 21m16s
  9216K ........ ........ ........ ........ ........ ........  0% 1,20M 29m1s
 12288K ........ ........ ........ ........ ........ ........  0%  586K 45m12s
 15360K ........ ........ ........ ........ ........ ........  0% 1,11M 47m5s
 18432K ........ ........ ........ ........ ........ ........  0%  758K 52m27s
 21504K ........ ........ ........ ........ ........ ........  0% 1,02M 53m34s
 24576K ........ ........ ........ ........ ........ ........  0%  577K 59m56s
 27648K ........ ........ ........ ........ ........ ........  0% 1,04M 59m56s
 30720K ........ ........ ........ ........ ........ ........  0% 1,03M 59m57s
 33792K ........ ........ ........ ........ ........ ........  0% 1,04M 59m55s
 36864K ........ ........ ........ ........ ........ ........  1%  653K 62m49s
 39936K ........ ........ ........ ........ ........ ........  1%  723K 64m36s
 43008K ........ ........ ........ ........ ........ ........  1% 1,05M 64m13s
 46080K ........ ........ ........ ........ ........ ........  1%  920K 64m29s
 49152K ........ ........ ........ ........ ........ ........  1%  550K 67m28s
 52224K ........ ........ ........ ........ ........ ........  1%  654K 69m5s
 55296K ........ ........ ........ ........ ........ ........  1%  973K 68m50s
 58368K ........ ........ ........ ........ ........ ........  1% 1,18M 67m58s
 61440K ........ ........ ........ ........ ........ ........  1%  913K 68m0s
 64512K ........ ........ ........ ........ ........ ........  1%  742K 68m44s
 67584K ........ ........ ........ ........ ........ ........  1% 1,08M 68m12s
 70656K ........ ........ ........ ........ ........ ........  1% 1,74M 66m47s
 73728K ........ ........ ........ ........ ........ ........  1% 1,62M 65m36s
 76800K ........ ........ ........ ........ ........ ........  2% 1,02M 65m21s
 79872K ........ ........ ........ ........ ........ ........  2%  881K 65m32s
 82944K ........ ........ ........ ........ ........ ........  2%  949K 65m32s
 86016K ........ ........ ........ ........ ........ ........  2% 1,24M 64m56s
 89088K ........ ........ ........ ........ ........ ........  2%  958K 64m55s
 92160K ........ ........ ........ ........ ........ ........  2%  760K 65m27s
 95232K ........ ........ ........ ........ ........ ........  2%  634K 66m27s
 98304K ........ ........ ........ ........ ........ ........  2% 1001K 66m18s
101376K ........ ........ ........ ........ ........ ........  2% 1,41M 65m35s
104448K ........ ........ ........ ........ ........ ........  2% 1,01M 65m24s
107520K ........ ........ ........ ........ ........ ........  2%  621K 66m20s
110592K ........ ........ ........ ........ ........ ........  2%  877K 66m25s
113664K ........ ........ ........ ........ ........ ........  3% 1,06M 66m8s
116736K ........ ........ ........ ........ ........ ........  3% 1,28M 65m37s
119808K ........ ........ ........ ........ ........ ........  3% 1,06M 65m22s
122880K ........ ........ ........ ........ ........ ........  3%  495K 66m48s
125952K ........ ........ ........ ........ ........ ........  3%  730K 67m12s
129024K ........ ........ ........ ........ ........ ........  3% 1,02M 66m58s
132096K ........ ........ ........ ........ ........ ........  3%  918K 66m56s
135168K ........ ........ ........ ........ ........ ........  3%  658K 67m30s
138240K ........ ........ ........ ........ ........ ........  3%  636K 68m7s
141312K ........ ........ ........ ........ ........ ........  3% 1024K 67m54s
144384K ........ ........ ........ ........ ........ ........  3%  874K 67m55s
147456K ........ ........ ........ ........ ........ ........  3%  795K 68m4s
150528K ........ ........ ........ ........ ........ ........  3%  678K 68m29s
153600K ........ ........ ........ ........ ........ ........  4% 1,28M 68m1s
156672K ........ ........ ........ ........ ........ ........  4% 1,22M 67m36s
159744K ........ ........ ........ ........ ........ ........  4%  606K 68m12s
162816K ........ ........ ........ ........ ........ ........  4%  864K 68m12s
165888K ........ ........ ........ ........ ........ ........  4%  615K 68m44s
168960K ........ ........ ........ ........ ........ ........  4%  647K 69m10s
172032K ........ ........ ........ ........ ........ ........  4%  765K 69m19s
175104K ........ ........ ........ ........ ........ ........  4%  718K 69m32s
178176K ........ ........ ........ ........ ........ ........  4%  875K 69m30s
181248K ........ ........ ........ ........ ........ ........  4%  845K 69m30s
184320K ........ ........ ........ ........ ........ ........  4% 1,25M 69m5s
187392K ........ ........ ........ ........ ........ ........  4% 1008K 68m54s
190464K ........ ........ ........ ........ ........ ........  4%  879K 68m52s
193536K ........ ........ ........ ........ ........ ........  5% 1011K 68m41s
196608K ........ ........ ........ ........ ........ ........  5% 1,33M 68m15s
199680K ........ ........ ........ ........ ........ ........  5% 1,59M 67m44s
202752K ........ ........ ........ ........ ........ ........  5% 1,40M 67m18s
205824K ........ ........ ........ ........ ........ ........  5% 1,42M 66m53s
208896K ........ ........ ........ ........ ........ ........  5% 1,01M 66m42s
211968K ........ ........ ........ ........ ........ ........  5% 1,11M 66m28s
215040K ........ ........ ........ ........ ........ ........  5% 1006K 66m20s
218112K ........ ........ ........ ........ ........ ........  5%  800K 66m25s
221184K ........ ........ ........ ........ ........ ........  5%  684K 66m40s
224256K ........ ........ ........ ........ ........ ........  5%  539K 67m14s
227328K ........ ........ ........ ........ ........ ........  5%  627K 67m35s
230400K ........ ........ ........ ........ ........ ........  6%  957K 67m28s
233472K ........ ........ ........ ........ ........ ........  6% 1,01M 67m18s
236544K ........ ........ ........ ........ ........ ........  6% 1,14M 67m3s
239616K ........ ........ ........ ........ ........ ........  6%  726K 67m12s
242688K ........ ........ ........ ........ ........ ........  6%  856K 67m11s
245760K ........ ........ ........ ........ ........ ........  6%  716K 67m21s
248832K ........ ........ ........ ........ ........ ........  6%  848K 67m20s
251904K ........ ........ ........ ........ ........ ........  6% 1,21M 67m3s
254976K ........ ........ ........ ........ ........ ........  6%  797K 67m6s
258048K ........ ........ ........ ........ ........ ........  6%  880K 67m4s
261120K ........ ........ ........ ........ ........ ........  6% 1,23M 66m47s
264192K ........ ........ ........ ........ ........ ........  6% 1,32M 66m28s
267264K ........ ........ ........ ........ ........ ........  6% 1,26M 66m11s
270336K ........ ........ ........ ........ ........ ........  7%  701K 66m21s
273408K ........ ........ ........ ........ ........ ........  7%  936K 66m17s
276480K ........ ........ ........ ........ ........ ........  7% 1,13M 66m4s
279552K ........ ........ ........ ........ ........ ........  7% 1,62M 65m41s
282624K ........ ........ ........ ........ ........ ........  7% 1,22M 65m26s
285696K ........ ........ ........ ........ ........ ........  7% 1,52M 65m6s
288768K ........ ........ ........ ........ ........ ........  7% 1,49M 64m46s
291840K ........ ........ ........ ........ ........ ........  7% 1,19M 64m33s
294912K ........ ........ ........ ........ ........ ........  7% 1,68M 64m11s
297984K ........ ........ ........ ........ ........ ........  7% 1,63M 63m50s
301056K ........ ........ ........ ........ ........ ........  7% 1,16M 63m39s
304128K ........ ........ ........ ........ ........ ........  7% 1,06M 63m30s
307200K ........ ........ ........ ........ ........ ........  7%  666K 63m42s
310272K ........ ........ ........ ........ ........ ........  8% 1,03M 63m35s
313344K ........ ........ ........ ........ ........ ........  8% 1,80M 63m13s
316416K ........ ........ ........ ........ ........ ........  8% 1,97M 62m51s
319488K ........ ........ ........ ........ ........ ........  8% 2,05M 62m28s
322560K ........ ........ ........ ........ ........ ........  8% 1,91M 62m6s
325632K ........ ........ ........ ........ ........ ........  8% 1,31M 61m53s
328704K ........ ........ ........ ........ ........ ........  8% 1,23M 61m41s
331776K ........ ........ ........ ........ ........ ........  8% 1,29M 61m29s
334848K ........ ........ ........ ........ ........ ........  8% 1,09M 61m21s
337920K ........ ........ ........ ........ ........ ........  8% 1,47M 61m6s
340992K ........ ........ ........ ........ ........ ........  8%  765K 61m11s
344064K ........ ........ ........ ........ ........ ........  8%  944K 61m8s
347136K ........ ........ ........ ........ ........ ........  9%  929K 61m6s
350208K ........ ........ ........ ........ ........ ........  9%  829K 61m8s
353280K ........ ........ ........ ........ ........ ........  9%  871K 61m8s
356352K ........ ........ ........ ........ ........ ........  9% 1,28M 60m57s
359424K ........ ........ ........ ........ ........ ........  9%  982K 60m53s
362496K ........ ........ ........ ........ ........ ........  9%  849K 60m54s
365568K ........ ........ ........ ........ ........ ........  9% 1,11M 60m46s
368640K ........ ........ ........ ........ ........ ........  9%  784K 60m50s
371712K ........ ........ ........ ........ ........ ........  9%  551K 61m9s
374784K ........ ........ ........ ........ ........ ........  9%  642K 61m20s
377856K ........ ........ ........ ........ ........ ........  9%  799K 61m23s
380928K ........ ........ ........ ........ ........ ........  9%  979K 61m18s
384000K ........ ........ ........ ........ ........ ........  9%  707K 61m25s
387072K ........ ........ ........ ........ ........ ........ 10% 1,19M 61m16s
390144K ........ ........ ........ ........ ........ ........ 10% 1,15M 61m7s
393216K ........ ........ ........ ........ ........ ........ 10% 1,22M 60m57s
396288K ........ ........ ........ ........ ........ ........ 10% 1,59M 60m42s
399360K ........ ........ ........ ........ .