--2021-04-24 19:47:53--  http://www.lange.net.br/carregar_link
Resolving www.lange.net.br (www.lange.net.br)... 213.136.80.111
Connecting to www.lange.net.br (www.lange.net.br)|213.136.80.111|:80... connected.
HTTP request sent, awaiting response... 302 Found
Location: https://www.lange.net.br/carregar_link [following]
--2021-04-24 19:47:53--  https://www.lange.net.br/carregar_link
Connecting to www.lange.net.br (www.lange.net.br)|213.136.80.111|:443... connected.
HTTP request sent, awaiting response... 200 OK
Length: 314572800 (300M)
Saving to: ‘/dev/null’

     0K ........ ........ ........ ........ ........ ........  1% 1,13M 4m24s
  3072K ........ ........ ........ ........ ........ ........  2% 2,13M 3m20s
  6144K ........ ........ ........ ........ ........ ........  3% 3,28M 2m41s
  9216K ........ ........ ........ ........ ........ ........  4% 2,59M 2m28s
 12288K ........ ........ ........ ........ ........ ........  5% 3,01M 2m16s
 15360K ........ ........ ........ ........ ........ ........  6% 1,86M 2m17s
 18432K ........ ........ ........ ........ ........ ........  7% 1,54M 2m22s
 21504K ........ ........ ........ ........ ........ ........  8% 1,40M 2m28s
 24576K ........ ........ ........ ........ ........ ........  9% 1,37M 2m32s
 27648K ........ ........ ........ ........ ........ ........ 10% 1,19M 2m38s
 30720K ........ ........ ........ ........ ........ ........ 11% 1,16M 2m43s
 33792K ........ ........ ........ ........ ........ ........ 12% 1,10M 2m48s
 36864K ........ ........ ........ ........ ........ ........ 13% 1002K 2m54s
 39936K ........ ........ ........ ........ ........ ........ 14% 1,14M 2m56s
 43008K ........ ........ ........ ........ ........ ........ 15% 1,05M 2m58s
 46080K ........ ........ ........ ........ ........ ........ 16%  953K 3m2s
 49152K ........ ........ ........ ........ ........ ........ 17% 1,03M 3m3s
 52224K ........ ........ ........ ........ ........ ........ 18% 1016K 3m5s
 55296K ........ ........ ........ ........ ........ ........ 19%  748K 3m11s
 58368K ........ ........ ........ ........ ........ ........ 20%  630K 3m18s
 61440K ........ ........ ........ ........ ........ ........ 21%  709K 3m23s
 64512K ........ ........ ........ ........ ........ ........ 22%  719K 3m26s
 67584K ........ ........ ........ ........ ........ ........ 23%  808K 3m28s
 70656K ........ ........ ........ ........ ........ ........ 24%  888K 3m27s
 73728K ........ ........ ........ ........ ........ ........ 25%  969K 3m26s
 76800K ........ ........ ........ ........ ........ ........ 26% 1,05M 3m23s
 79872K ........ ........ ........ ........ ........ ........ 27% 1,08M 3m21s
 82944K ........ ........ ........ ........ ........ ........ 28%  940K 3m19s
 86016K ........ ........ ........ ........ ........ ........ 29%  754K 3m20s
 89088K ........ ........ ........ ........ ........ ........ 30%  679K 3m21s
 92160K ........ ........ ........ ........ ........ ........ 31%  657K 3m22s
 95232K ........ ........ ........ ........ ........ ........ 32%  717K 3m22s
 98304K ........ ........ ........ ........ ........ ........ 33%  674K 3m22s
101376K ........ ........ ........ ........ ........ ........ 34%  674K 3m22s
104448K ........ ........ ........ ........ ........ ........ 35%  748K 3m21s
107520K ........ ........ ........ ........ ........ ........ 36%  828K 3m19s
110592K ........ ........ ........ ........ ........ ........ 37%  923K 3m16s
113664K ........ ........ ........ ........ ........ ........ 38% 1007K 3m13s
116736K ........ ........ ........ ........ ........ ........ 39%  826K 3m11s
119808K ........ ........ ........ ........ ........ ........ 40%  742K 3m9s
122880K ........ ........ ........ ........ ........ ........ 41%  844K 3m7s
125952K ........ ........ ........ ........ ........ ........ 42% 1,13M 3m3s
129024K ........ ........ ........ ........ ........ ........ 43% 1,39M 2m59s
132096K ........ ........ ........ ........ ........ ........ 44% 1,32M 2m54s
135168K ........ ........ ........ ........ ........ ........ 45% 1,23M 2m50s
138240K ........ ........ ........ ........ ........ ........ 46% 1,29M 2m46s
141312K ........ ........ ........ ........ ........ ........ 47% 1,10M 2m43s
144384K ........ ........ ........ ........ ........ ........ 48% 1,11M 2m39s
147456K ........ ........ ........ ........ ........ ........ 49%  996K 2m36s
150528K ........ ........ ........ ........ ........ ........ 50%  906K 2m34s
153600K ........ ........ ........ ........ ........ ........ 51%  816K 2m31s
156672K ........ ........ ........ ........ ........ ........ 52%  839K 2m29s
159744K ........ ........ ........ ........ ........ ........ 53%  872K 2m26s
162816K ........ ........ ........ ........ ........ ........ 54%  794K 2m23s
165888K ........ ........ ........ ........ ........ ........ 55%  756K 2m21s
168960K ........ ........ ........ ........ ........ ........ 56%  709K 2m19s
172032K ........ ........ ........ ........ ........ ........ 57%  620K 2m17s
175104K ........ ........ ........ ........ ........ ........ 58%  601K 2m15s
178176K ........ ........ ........ ........ ........ ........ 59%  663K 2m13s
181248K ........ ........ ........ ........ ........ ........ 60%  724K 2m11s
184320K ........ ........ ........ ........ ........ ........ 61%  800K 2m8s
187392K ........ ........ ........ ........ ........ ........ 62% 1,05M 2m4s
190464K ........ ........ ........ ........ ........ ........ 63% 1,02M 2m1s
193536K ........ ........ ........ ........ ........ ........ 64%  715K 1m58s
196608K ........ ........ ........ ........ ........ ........ 65%  696K 1m55s
199680K ........ ........ ........ ........ ........ ........ 66%  755K 1m52s
202752K ........ ........ ........ ........ ........ ........ 67%  729K 1m50s
205824K ........ ........ ........ ........ ........ ........ 68%  725K 1m47s
208896K ........ ........ ........ ........ ........ ........ 69%  811K 1m44s
211968K ........ ........ ........ ........ ........ ........ 70%  620K 1m41s
215040K ........ ........ ........ ........ ........ ........ 71%  596K 98s
218112K ........ ........ ........ ........ ........ ........ 72%  797K 95s
221184K ........ ........ ........ ........ ........ ........ 73%  851K 92s
224256K ........ ........ ........ ........ ........ ........ 74%  890K 88s
227328K ........ ........ ........ ........ ........ ........ 75%  947K 85s
230400K ........ ........ ........ ........ ........ ........ 76%  862K 82s
233472K ........ ........ ........ ........ ........ ........ 77%  744K 78s
236544K ........ ........ ........ ........ ........ ........ 78%  681K 75s
239616K ........ ........ ........ ........ ........ ........ 79%  836K 72s
242688K ........ ........ ........ ........ ........ ........ 80%  986K 68s
245760K ........ ........ ........ ........ ........ ........ 81%  971K 65s
248832K ........ ........ ........ ........ ........ ........ 82% 1,05M 61s
251904K ........ ........ ........ ........ ........ ........ 83%  866K 58s
254976K ........ ........ ........ ........ ........ ........ 84%  825K 55s
258048K ........ ........ ........ ........ ........ ........ 85%  847K 51s
261120K ........ ........ ........ ........ ........ ........ 86% 1,14M 48s
264192K ........ ........ ........ ........ ........ ........ 87% 1,23M 44s
267264K ........ ........ ........ ........ ........ ........ 88% 1,14M 41s
270336K ........ ........ ........ ........ ........ ........ 89% 1,11M 37s
273408K ........ ........ ........ ........ ........ ........ 90%  856K 34s
276480K ........ ........ ........ ........ ........ ........ 91%  657K 31s
279552K ........ ........ ........ ........ ........ ........ 92%  559K 27s
282624K ........ ........ ........ ........ ........ ........ 93%  583K 24s
285696K ........ ........ ........ ........ ........ ........ 94%  774K 21s
288768K ........ ........ ........ ........ ........ ........ 95% 1,15M 17s
291840K ........ ........ ........ ........ ........ ........ 96% 1,00M 14s
294912K ........ ........ ........ ........ ........ ........ 97% 1,06M 10s
297984K ........ ........ ........ ........ ........ ........ 98%  964K 7s
301056K ........ ........ ........ ........ ........ ........ 99% 1,03M 3s
304128K ........ ........ ........ ........ ........ ........100%  710K 0s
307200K                                                      100% 0,00 =5m43s

2021-04-24 19:53:37 (896 KB/s) - ‘/dev/null’ saved [314572800/314572800]

