--2021-04-24 20:04:53--  https://releases.ubuntu.com/20.04.2.0/ubuntu-20.04.2.0-desktop-amd64.iso
Resolving releases.ubuntu.com (releases.ubuntu.com)... 91.189.88.247, 91.189.88.248, 91.189.91.123, ...
Connecting to releases.ubuntu.com (releases.ubuntu.com)|91.189.88.247|:443... connected.
HTTP request sent, awaiting response... 200 OK
Length: 2877227008 (2,7G) [application/x-iso9660-image]
Saving to: ‘/dev/null’

     0K ........ ........ ........ ........ ........ ........  0% 1,62M 28m16s
  3072K ........ ........ ........ ........ ........ ........  0% 3,29M 21m3s
  6144K ........ ........ ........ ........ ........ ........  0% 7,79M 15m58s
  9216K ........ ........ ........ ........ ........ ........  0% 4,93M 14m17s
 12288K ........ ........ ........ ........ ........ ........  0% 2,88M 14m34s
 15360K ........ ........ ........ ........ ........ ........  0% 4,41M 13m51s
 18432K ........ ........ ........ ........ ........ ........  0% 5,76M 12m59s
 21504K ........ ........ ........ ........ ........ ........  0% 6,29M 12m15s
 24576K ........ ........ ........ ........ ........ ........  0% 4,26M 12m3s
 27648K ........ ........ ........ ........ ........ ........  1% 4,04M 11m57s
 30720K ........ ........ ........ ........ ........ ........  1% 5,17M 11m39s
 33792K ........ ........ ........ ........ ........ ........  1% 6,81M 11m13s
 36864K ........ ........ ........ ........ ........ ........  1% 3,52M 11m20s
 39936K ........ ........ ........ ........ ........ ........  1% 4,68M 11m12s
 43008K ........ ........ ........ ........ ........ ........  1% 9,41M 10m45s
 46080K ........ ........ ........ ........ ........ ........  1% 3,60M 10m51s
 49152K ........ ........ ........ ........ ........ ........  1% 4,20M 10m50s
 52224K ........ ........ ........ ........ ........ ........  1% 9,93M 10m28s
 55296K ........ ........ ........ ........ ........ ........  2% 3,65M 10m33s
 58368K ........ ........ ........ ........ ........ ........  2% 3,68M 10m37s
 61440K ........ ........ ........ ........ ........ ........  2% 5,87M 10m28s
 64512K ........ ........ ........ ........ ........ ........  2% 3,81M 10m31s
 67584K ........ ........ ........ ........ ........ ........  2% 5,77M 10m23s
 70656K ........ ........ ........ ........ ........ ........  2% 6,77M 10m13s
 73728K ........ ........ ........ ........ ........ ........  2% 3,33M 10m20s
 76800K ........ ........ ........ ........ ........ ........  2% 2,41M 10m38s
 79872K ........ ........ ........ ........ ........ ........  2% 6,26M 10m29s
 82944K ........ ........ ........ ........ ........ ........  3% 3,37M 10m34s
 86016K ........ ........ ........ ........ ........ ........  3% 2,37M 10m50s
 89088K ........ ........ ........ ........ ........ ........  3% 8,45M 10m38s
 92160K ........ ........ ........ ........ ........ ........  3% 3,29M 10m43s
 95232K ........ ........ ........ ........ ........ ........  3% 5,55M 10m37s
 98304K ........ ........ ........ ........ ........ ........  3% 3,79M 10m38s
101376K ........ ........ ........ ........ ........ ........  3% 8,02M 10m28s
104448K ........ ........ ........ ........ ........ ........  3% 3,89M 10m29s
107520K ........ ........ ........ ........ ........ ........  3% 3,79M 10m30s
110592K ........ ........ ........ ........ ........ ........  4% 8,85M 10m21s
113664K ........ ........ ........ ........ ........ ........  4% 2,87M 10m28s
116736K ........ ........ ........ ........ ........ ........  4% 5,70M 10m23s
119808K ........ ........ ........ ........ ........ ........  4% 3,42M 10m26s
122880K ........ ........ ........ ........ ........ ........  4% 3,62M 10m27s
125952K ........ ........ ........ ........ ........ ........  4% 6,32M 10m22s
129024K ........ ........ ........ ........ ........ ........  4% 3,13M 10m26s
132096K ........ ........ ........ ........ ........ ........  4% 3,35M 10m29s
135168K ........ ........ ........ ........ ........ ........  4% 7,61M 10m22s
138240K ........ ........ ........ ........ ........ ........  5% 5,77M 10m17s
141312K ........ ........ ........ ........ ........ ........  5% 3,45M 10m19s
144384K ........ ........ ........ ........ ........ ........  5% 2,07M 10m32s
147456K ........ ........ ........ ........ ........ ........  5% 8,91M 10m24s
150528K ........ ........ ........ ........ ........ ........  5% 1,67M 10m42s
153600K ........ ........ ........ ........ ........ ........  5% 13,0M 10m33s
156672K ........ ........ ........ ........ ........ ........  5% 4,66M 10m31s
159744K ........ ........ ........ ........ ........ ........  5% 2,85M 10m35s
162816K ........ ........ ........ ........ ........ ........  5% 3,65M 10m36s
165888K ........ ........ ........ ........ ........ ........  6% 4,33M 10m34s
168960K ........ ........ ........ ........ ........ ........  6% 6,97M 10m29s
172032K ........ ........ ........ ........ ........ ........  6% 4,01M 10m28s
175104K ........ ........ ........ ........ ........ ........  6% 6,77M 10m23s
178176K ........ ........ ........ ........ ........ ........  6% 3,56M 10m24s
181248K ........ ........ ........ ........ ........ ........  6% 8,56M 10m18s
184320K ........ ........ ........ ........ ........ ........  6% 3,97M 10m18s
187392K ........ ........ ........ ........ ........ ........  6% 6,53M 10m13s
190464K ........ ........ ........ ........ ........ ........  6% 3,26M 10m15s
193536K ........ ........ ........ ........ ........ ........  6% 6,12M 10m12s
196608K ........ ........ ........ ........ ........ ........  7% 3,44M 10m13s
199680K ........ ........ ........ ........ ........ ........  7% 3,11M 10m15s
202752K ........ ........ ........ ........ ........ ........  7% 7,22M 10m11s
205824K ........ ........ ........ ........ ........ ........  7% 5,08M 10m8s
208896K ........ ........ ........ ........ ........ ........  7% 5,50M 10m6s
211968K ........ ........ ........ ........ ........ ........  7% 4,33M 10m5s
215040K ........ ........ ........ ........ ........ ........  7% 4,91M 10m3s
218112K ........ ........ ........ ........ ........ ........  7% 3,66M 10m3s
221184K ........ ........ ........ ........ ........ ........  7% 8,63M 9m58s
224256K ........ ........ ........ ........ ........ ........  8% 4,61M 9m57s
227328K ........ ........ ........ ........ ........ ........  8% 2,96M 9m59s
230400K ........ ........ ........ ........ ........ ........  8% 7,91M 9m55s
233472K ........ ........ ........ ........ ........ ........  8% 5,60M 9m52s
236544K ........ ........ ........ ........ ........ ........  8% 3,69M 9m53s
239616K ........ ........ ........ ........ ........ ........  8% 7,60M 9m49s
242688K ........ ........ ........ ........ ........ ........  8% 5,17M 9m47s
245760K ........ ........ ........ ........ ........ ........  8% 2,65M 9m51s
248832K ........ ........ ........ ........ ........ ........  8% 7,59M 9m47s
251904K ........ ........ ........ ........ ........ ........  9% 4,07M 9m46s
254976K ........ ........ ........ ........ ........ ........  9% 6,47M 9m43s
258048K ........ ........ ........ ........ ........ ........  9% 4,09M 9m43s
261120K ........ ........ ........ ........ ........ ........  9% 2,61M 9m46s
264192K ........ ........ ........ ........ ........ ........  9% 8,10M 9m42s
267264K ........ ........ ........ ........ ........ ........  9% 5,58M 9m40s
270336K ........ ........ ........ ........ ........ ........  9% 3,41M 9m41s
273408K ........ ........ ........ ........ ........ ........  9% 3,52M 9m42s
276480K ........ ........ ........ ........ ........ ........  9% 8,16M 9m38s
279552K ........ ........ ........ ........ ........ ........ 10% 3,26M 9m39s
282624K ........ ........ ........ ........ ........ ........ 10% 4,03M 9m39s
285696K ........ ........ ........ ........ ........ ........ 10% 9,13M 9m35s
288768K ........ ........ ........ ........ ........ ........ 10% 5,92M 9m33s
291840K ........ ........ ........ ........ ........ ........ 10% 2,99M 9m34s
294912K ........ ........ ........ ........ ........ ........ 10% 6,73M 9m32s
297984K ........ ........ ........ ........ ........ ........ 10% 3,49M 9m32s
301056K ........ ........ ........ ........ ........ ........ 10% 3,91M 9m32s
304128K ........ ........ ........ ........ ........ ........ 10% 6,13M 9m30s
307200K ........ ........ ........ ........ ........ ........ 11% 3,22M 9m31s
310272K ........ ........ ........ ........ ........ ........ 11% 7,80M 9m28s
313344K ........ ........ ........ ........ ........ ........ 11% 5,67M 9m26s
316416K ........ ........ ........ ........ ........ ........ 11% 3,18M 9m27s
319488K ........ ........ ........ ........ ........ ........ 11% 2,88M 9m29s
322560K ........ ........ ........ ........ ........ ........ 11% 9,39M 9m25s
325632K ........ ........ ........ ........ ........ ........ 11% 4,03M 9m25s
328704K ........ ........ ........ ........ ........ ........ 11% 4,11M 9m24s
331776K ........ ........ ........ ........ ........ ........ 11% 7,93M 9m21s
334848K ........ ........ ........ ........ ........ ........ 12% 3,89M 9m21s
337920K ........ ........ ........ ........ ........ ........ 12% 4,17M 9m21s
340992K ........ ........ ........ ........ ........ ........ 12% 8,57M 9m17s
344064K ........ ........ ........ ........ ........ ........ 12% 3,84M 9m17s
347136K ........ ........ ........ ........ ........ ........ 12% 7,12M 9m15s
350208K ........ ........ ........ ........ ........ ........ 12% 5,65M 9m13s
353280K ........ ........ ........ ........ ........ ........ 12% 3,69M 9m13s
356352K ........ ........ ........ ........ ........ ........ 12% 7,83M 9m10s
359424K ........ ........ ........ ........ ........ ........ 12% 5,64M 9m8s
362496K ........ ........ ........ ........ ........ ........ 13% 2,76M 9m10s
365568K ........ ........ ........ ........ ........ ........ 13% 6,13M 9m8s
368640K ........ ........ ........ ........ ........ ........ 13% 4,03M 9m8s
371712K ........ ........ ........ ........ ........ ........ 13% 3,48M 9m8s
374784K ........ ........ ........ ........ ........ ........ 13% 2,76M 9m10s
377856K ........ ........ ........ ........ ........ ........ 13% 6,87M 9m8s
380928K ........ ........ ........ ........ ........ ........ 13% 4,25M 9m7s
384000K ........ ........ ........ ........ ........ ........ 13% 3,47M 9m8s
387072K ........ ........ ........ ........ ........ ........ 13% 4,77M 9m7s
390144K ........ ........ ........ ........ ........ ........ 13% 6,39M 9m5s
393216K ........ ........ ........ ........ ........ ........ 14% 4,14M 9m4s
396288K ........ ........ ........ ........ ........ ........ 14% 6,15M 9m2s
399360K ........ ........ ........ ........ ........ ........ 14% 4,23M 9m2s
402432K ........ ........ ........ ........ ........ ........ 14% 3,72M 9m2s
405504K ........ ........ ........ ........ ........ ........ 14% 6,17M 9m0s
408576K ........ ........ ........ ........ ........ ........ 14% 4,18M 8m59s
411648K ........ ........ ........ ........ ........ ........ 14% 3,79M 8m59s
414720K ........ ........ ........ ........ ........ ........ 14% 6,40M 8m57s
417792K ........ ........ ........ ........ ........ ........ 14% 3,52M 8m57s
420864K ........ ........ ........ ........ ........ ........ 15% 3,42M 8m58s
423936K ........ ........ ........ ........ ........ ........ 15% 3,87M 8m57s
427008K ........ ........ ........ ........ ........ ........ 15% 7,37M 8m55s
430080K ........ ........ ........ ........ ........ ........ 15% 3,67M 8m55s
433152K ........ ........ ........ ........ ........ ........ 15% 3,23M 8m56s
436224K ........ ........ ........ ........ ........ ........ 15% 7,68M 8m53s
439296K ........ ........ ........ ........ ........ ........ 15% 4,31M 8m53s
442368K ........ ........ ........ ........ ........ ........ 15% 7,74M 8m50s
445440K ........ ........ ........ ........ ........ ........ 15% 4,08M 8m50s
448512K ........ ........ ........ ........ ........ ........ 16% 4,81M 8m49s
451584K ........ ........ ........ ........ ........ ........ 16% 6,27M 8m47s
454656K ........ ........ ........ ........ ........ ........ 16% 2,60M 8m49s
457728K ........ ........ ........ ........ ........ ........ 16% 8,59M 8m46s
460800K ........ ........ ........ ........ ........ ........ 16% 3,57M 8m46s
463872K ........ ........ ........ ........ ........ ........ 16% 3,75M 8m46s
466944K ........ ........ ........ ........ ........ ........ 16% 10,6M 8m44s
470016K ........ ........ ........ ........ ........ ........ 16% 3,87M 8m43s
473088K ........ ........ ........ ........ ........ ........ 16% 5,09M 8m42s
476160K ........ ........ ........ ........ ........ ........ 17% 6,11M 8m41s
479232K ........ ........ ........ ........ ........ ........ 17% 4,07M 8m40s
482304K ........ ........ ........ ........ ........ ........ 17% 3,84M 8m40s
485376K ........ ........ ........ ........ ........ ........ 17% 7,62M 8m38s
488448K ........ ........ ........ ........ ........ ........ 17% 4,12M 8m37s
491520K ........ ........ ........ ........ ........ ........ 17% 3,66M 8m37s
494592K ........ ........ ........ ........ ........ ........ 17% 8,83M 8m35s
497664K ........ ........ ........ ........ ........ ........ 17% 4,15M 8m34s
500736K ........ ........ ........ ........ ........ ........ 17% 2,84M 8m35s
503808K ........ ........ ........ ........ ........ ........ 18% 9,91M 8m33s
506880K ........ ........ ........ ........ ........ ........ 18% 3,80M 8m33s
509952K ........ ........ ........ ........ ........ ........ 18% 4,49M 8m32s
513024K ........ ........ ........ ........ ........ ........ 18% 8,42M 8m30s
516096K ........ ........ ........ ........ ........ ........ 18% 3,77M 8m30s
519168K ........ ........ ........ ........ ........ ........ 18% 4,38M 8m29s
522240K ........ ........ ........ ........ ........ ........ 18% 9,48M 8m27s
525312K ........ ........ ........ ........ ........ ........ 18% 5,51M 8m26s
528384K ........ ........ ........ ........ ........ ........ 18% 4,15M 8m25s
531456K ........ ........ ........ ........ ........ ........ 19% 2,49M 8m27s
534528K ........ ........ ........ ........ ........ ........ 19% 7,73M 8m25s
537600K ........ ........ ........ ........ ........ ........ 19% 5,67M 8m23s
540672K ........ ........ ........ ........ ........ ........ 19% 5,53M 8m22s
543744K ........ ........ ........ ........ ........ ........ 19% 4,51M 8m21s
546816K ........ ........ ........ ........ ........ ........ 19% 3,76M 8m21s
549888K ........ ........ ........ ........ ........ ........ 19% 6,33M 8m20s
552960K ........ ........ ........ ........ ........ ........ 19% 4,10M 8m19s
556032K ........ ........ ........ ........ ........ ........ 19% 4,01M 8m19s
559104K ........ ........ ........ ........ ........ ........ 20% 3,03M 8m19s
562176K ........ ........ ........ ........ ........ ........ 20% 7,62M 8m17s
565248K ........ ........ ........ ........ ........ ........ 20% 5,65M 8m16s
568320K ........ ........ ........ ........ ........ ........ 20% 3,84M 8m16s
571392K ........ ........ ........ ........ ........ ........ 20% 6,08M 8m14s
574464K ........ ........ ........ ........ ........ ........ 20% 4,37M 8m14s
577536K ........ ........ ........ ........ ........ ........ 20% 2,64M 8m15s
580608K ........ ........ ........ ........ ........ ........ 20% 4,62M 8m14s
583680K ........ ........ ........ ........ ........ ........ 20% 8,60M 8m12s
586752K ........ ........ ........ ........ ........ ........ 20% 3,93M 8m12s
589824K ........ ........ ........ ........ ........ ........ 21% 4,15M 8m11s
592896K ........ ........ ........ ........ ........ ........ 21% 7,37M 8m10s
595968K ........ ........ ........ ........ ........ ........ 21% 3,49M 8m10s
599040K ........ ........ ........ ........ ........ ........ 21% 5,98M 8m8s
602112K ........ ........ ........ ........ ........ ........ 21% 5,67M 8m7s
605184K ........ ........ ........ ........ ........ ........ 21% 3,70M 8m7s
608256K ........ ........ ........ ........ ........ ........ 21% 7,25M 8m5s
611328K ........ ........ ........ ........ ........ ........ 21% 5,61M 8m4s
614400K ........ ........ ........ ........ ........ ........ 21% 2,73M 8m5s
617472K ........ ........ ........ ........ ........ ........ 22% 9,31M 8m3s
620544K ........ ........ ........ ........ ........ ........ 22% 5,61M 8m2s
623616K ........ ........ ........ ........ ........ ........ 22% 3,36M 8m2s
626688K ........ ........ ........ ........ ........ ........ 22% 7,28M 8m0s
629760K ........ ........ ........ ........ ........ ........ 22% 3,42M 8m0s
632832K ........ ........ ........ ........ ........ ........ 22% 10,1M 7m58s
635904K ........ ........ ........ ........ ........ ........ 22% 3,99M 7m58s
638976K ........ ........ ........ ........ ........ ........ 22% 2,40M 7m59s
642048K ........ ........ ........ ........ ........ ........ 22% 3,34M 7m59s
645120K ........ ........ ........ ........ ........ ........ 23% 7,71M 7m57s
648192K ........ ........ ........ ........ ........ ........ 23% 4,55M 7m57s
651264K ........ ........ ........ ........ ........ ........ 23% 3,93M 7m56s
654336K ........ ........ ........ ........ ........ ........ 23% 3,73M 7m56s
657408K ........ ........ ........ ........ ........ ........ 23% 7,46M 7m54s
660480K ........ ........ ........ ........ ........ ........ 23% 3,54M 7m54s
663552K ........ ........ ........ ........ ........ ........ 23% 3,79M 7m54s
666624K ........ ........ ........ ........ ........ ........ 23% 6,30M 7m53s
669696K ........ ........ ........ ........ ........ ........ 23% 8,07M 7m51s
672768K ........ ........ ........ ........ ........ ........ 24% 3,37M 7m51s
675840K ........ ........ ........ ........ ........ ........ 24% 6,24M 7m50s
678912K ........ ........ ........ ........ ........ ........ 24% 4,33M 7m49s
681984K ........ ........ ........ ........ ........ ........ 24% 3,32M 7m49s
685056K ........ ........ ........ ........ ........ ........ 24% 6,65M 7m48s
688128K ........ ........ ........ ........ ........ ........ 24% 2,71M 7m48s
691200K ........ ........ ........ ........ ........ ........ 24% 7,70M 7m47s
694272K ........ ........ ........ ........ ........ ........ 24% 3,09M 7m47s
697344K ........ ........ ........ ........ ........ ........ 24% 3,81M 7m47s
700416K ........ ........ ........ ........ ........ ........ 25% 3,29M 7m47s
703488K ........ ........ ........ ........ ........ ........ 25% 11,7M 7m45s
706560K ........ ........ ........ ........ ........ ........ 25% 3,87M 7m44s
709632K ........ ........ ........ ........ ........ ........ 25% 3,09M 7m44s
712704K ........ ........ ........ ........ ........ ........ 25% 9,31M 7m43s
715776K ........ ........ ........ ........ ........ ........ 25% 4,22M 7m42s
718848K ........ ........ ........ ........ ........ ........ 25% 3,08M 7m42s
721920K ........ ........ ........ ........ ........ ........ 25% 6,99M 7m41s
724992K ........ ........ ........ ........ ........ ........ 25% 5,66M 7m40s
728064K ........ ........ ........ ........ ........ ........ 26% 4,15M 7m39s
731136K ........ ........ ........ ........ ........ ........ 26% 4,12M 7m39s
734208K ........ ........ ........ ........ ........ ........ 26% 2,99M 7m39s
737280K ........ ........ ........ ........ ........ ........ 26% 10,5M 7m37s
740352K ........ ........ ........ ........ ........ ........ 26% 3,12M 7m37s
743424K ........ ........ ........ ........ ........ ........ 26% 6,29M 7m36s
746496K ........ ........ ........ ........ ........ ........ 26% 4,17M 7m36s
749568K ........ ........ ........ ........ ........ ........ 26% 3,70M 7m35s
752640K ........ ........ ........ ........ ........ ........ 26% 6,82M 7m34s
755712K ........ ........ ........ ........ ........ ........ 27% 2,23M 7m35s
758784K ........ ........ ........ ........ ........ ........ 27% 5,53M 7m34s
761856K ........ ........ ........ ........ ........ ........ 27% 3,49M 7m34s
764928K ........ ........ ........ ........ ........ ........ 27% 3,74M 7m33s
768000K ........ ........ ........ ........ ........ ........ 27% 6,64M 7m32s
771072K ........ ........ ........ ........ ........ ........ 27% 4,73M 7m31s
774144K ........ ........ ........ ........ ........ ........ 27% 5,83M 7m30s
777216K ........ ........ ........ ........ ........ ........ 27% 3,35M 7m30s
780288K ........ ........ ........ ........ ........ ........ 27% 3,22M 7m30s
783360K ........ ........ ........ ........ ........ ........ 27% 3,12M 7m30s
786432K ........ ........ ........ ........ ........ ........ 28% 6,78M 7m29s
789504K ........ ........ ........ ........ ........ ........ 28% 4,01M 7m28s
792576K ........ ........ ........ ........ ........ ........ 28% 3,72M 7m28s
795648K ........ ........ ........ ........ ........ ........ 28% 7,23M 7m26s
798720K ........ ........ ........ ........ ........ ........ 28% 4,22M 7m26s
801792K ........ ........ ........ ........ ........ ........ 28% 3,58M 7m26s
804864K ........ ........ ........ ........ ........ ........ 28% 3,01M 7m26s
807936K ........ ........ ........ ........ ........ ........ 28% 9,77M 7m24s
811008K ........ ........ ........ ........ ........ ........ 28% 5,34M 7m23s
814080K ........ ........ ........ ........ ........ ........ 29% 2,65M 7m24s
817152K ........ ........ ........ ........ ........ ........ 29% 7,57M 7m22s
820224K ........ ........ ........ ........ ........ ........ 29% 3,58M 7m22s
823296K ........ ........ ........ ........ ........ ........ 29% 10,7M 7m20s
826368K ........ ........ ........ ........ ........ ........ 29% 3,33M 7m20s
829440K ........ ........ ........ ........ ........ ........ 29% 6,11M 7m19s
832512K ........ ........ ........ ........ ........ ........ 29% 4,06M 7m18s
835584K ........ ........ ........ ........ ........ ........ 29% 3,05M 7m18s
838656K ........ ........ ........ ........ ........ ........ 29% 8,08M 7m17s
841728K ........ ........ ........ ........ ........ ........ 30% 4,56M 7m16s
844800K ........ ........ ........ ........ ........ ........ 30% 4,06M 7m16s
847872K ........ ........ ........ ........ ........ ........ 30% 5,23M 7m15s
850944K ........ ........ ........ ........ ........ ........ 30% 3,95M 7m14s
854016K ........ ........ ........ ........ ........ ........ 30% 4,14M 7m14s
857088K ........ ........ ........ ........ ........ ........ 30% 7,28M 7m12s
860160K ........ ........ ........ ........ ........ ........ 30% 3,86M 7m12s
863232K ........ ........ ........ ........ ........ ........ 30% 4,17M 7m11s
866304K ........ ........ ........ ........ ........ ........ 30% 9,79M 7m10s
869376K ........ ........ ........ ........ ........ ........ 31% 3,05M 7m10s
872448K ........ ........ ........ ........ ........ ........ 31% 3,70M 7m9s
875520K ........ ........ ........ ........ ........ ........ 31% 8,09M 7m8s
878592K ........ ........ ........ ........ ........ ........ 31% 3,88M 7m7s
881664K ........ ........ ........ ........ ........ ........ 31% 7,34M 7m6s
884736K ........ ........ ........ ........ ........ ........ 31% 3,76M 7m6s
887808K ........ ........ ........ ........ ........ ........ 31% 3,84M 7m5s
890880K ........ ........ ........ ........ ........ ........ 31% 2,79M 7m6s
893952K ........ ........ ........ ........ ........ ........ 31% 11,9M 7m4s
897024K ........ ........ ........ ........ ........ ........ 32% 4,09M 7m3s
900096K ........ ........ ........ ........ ........ ........ 32% 6,95M 7m2s
903168K ........ ........ ........ ........ ........ ........ 32% 4,01M 7m2s
906240K ........ ........ ........ ........ ........ ........ 32% 3,62M 7m1s
909312K ........ ........ ........ ........ ........ ........ 32% 7,93M 7m0s
912384K ........ ........ ........ ........ ........ ........ 32% 4,11M 6m59s
915456K ........ ........ ........ ........ ........ ........ 32% 4,35M 6m59s
918528K ........ ........ ........ ........ ........ ........ 32% 2,65M 6m59s
921600K ........ ........ ........ ........ ........ ........ 32% 8,41M 6m58s
924672K ........ ........ ........ ........ ........ ........ 33% 5,63M 6m57s
927744K ........ ........ ........ ........ ........ ........ 33% 2,59M 6m57s
930816K ........ ........ ........ ........ ........ ........ 33% 8,53M 6m56s
933888K ........ ........ ........ ........ ........ ........ 33% 5,64M 6m55s
936960K ........ ........ ........ ........ ........ ........ 33% 3,41M 6m54s
940032K ........ ........ ........ ........ ........ ........ 33% 7,82M 6m53s
943104K ........ ........ ........ ........ ........ ........ 33% 5,08M 6m52s
946176K ........ ........ ........ ........ ........ ........ 33% 5,02M 6m51s
949248K ........ ........ ........ ........ ........ ........ 33% 3,34M 6m51s
952320K ........ ........ ........ ........ ........ ........ 34% 2,63M 6m51s
955392K ........ ........ ........ ........ ........ ........ 34% 12,0M 6m50s
958464K ........ ........ ........ ........ ........ ........ 34% 3,83M 6m49s
961536K ........ ........ ........ ........ ........ ........ 34% 6,34M 6m48s
964608K ........ ........ ........ ........ ........ ........ 34% 6,34M 6m47s
967680K ........ ........ ........ ........ ........ ........ 34% 4,08M 6m47s
970752K ........ ........ ........ ........ ........ ........ 34% 2,61M 6m47s
973824K ........ ........ ........ ........ ........ ........ 34% 8,12M 6m46s
976896K ........ ........ ........ ........ ........ ........ 34% 5,44M 6m45s
979968K ........ ........ ........ ........ ........ ........ 34% 3,60M 6m44s
983040K ........ ........ ........ ........ ........ ........ 35% 7,20M 6m43s
986112K ........ ........ ........ ........ ........ ........ 35% 5,49M 6m42s
989184K ........ ........ ........ ........ ........ ........ 35% 3,45M 6m42s
992256K ........ ........ ........ ........ ........ ........ 35% 4,75M 6m41s
995328K ........ ........ ........ ........ ........ ........ 35% 8,41M 6m40s
998400K ........ ........ ........ ........ ........ ........ 35% 2,84M 6m40s
1001472K ........ ........ ........ ........ ........ ........ 35% 8,60M 6m38s
1004544K ........ ........ ........ ........ ........ ........ 35% 5,66M 6m38s
1007616K ........ ........ ........ ........ ........ ........ 35% 2,67M 6m38s
1010688K ........ ........ ........ ........ ........ ........ 36% 10,9M 6m36s
1013760K ........ ........ ........ ........ ........ ........ 36% 3,49M 6m36s
1016832K ........ ........ ........ ........ ........ ........ 36% 5,52M 6m35s
1019904K ........ ........ ........ ........ ........ ........ 36% 4,92M 6m34s
1022976K ........ ........ ........ ........ ........ ........ 36% 3,57M 6m34s
1026048K ........ ........ ........ ........ ........ ........ 36% 4,48M 6m33s
1029120K ........ ........ ........ ........ ........ ........ 36% 3,12M 6m33s
1032192K ........ ........ ........ ........ ........ ........ 36% 7,35M 6m32s
1035264K ........ ........ ........ ........ ........ ........ 36% 3,19M 6m32s
1038336K ........ ........ ........ ........ ........ ........ 37% 3,31M 6m31s
1041408K ........ ........ ........ ........ ........ ........ 37% 8,96M 6m30s
1044480K ........ ........ ........ ........ ........ ........ 37% 3,82M 6m29s
1047552K ........ ........ ........ ........ ........ ........ 37% 5,16M 6m29s
1050624K ........ ........ ........ ........ ........ ........ 37% 6,17M 6m28s
1053696K ........ ........ ........ ........ ........ ........ 37% 5,17M 6m27s
1056768K ........ ........ ........ ........ ........ ........ 37% 3,31M 6m27s
1059840K ........ ........ ........ ........ ........ ........ 37% 8,22M 6m25s
1062912K ........ ........ ........ ........ ........ ........ 37% 5,58M 6m24s
1065984K ........ ........ ........ ........ ........ ........ 38% 3,58M 6m24s
1069056K ........ ........ ........ ........ ........ ........ 38% 3,99M 6m23s
1072128K ........ ........ ........ ........ ........ ........ 38% 10,6M 6m22s
1075200K ........ ........ ........ ........ ........ ........ 38% 3,01M 6m22s
1078272K ........ ........ ........ ........ ........ ........ 38% 4,63M 6m21s
1081344K ........ ........ ........ ........ ........ ........ 38% 4,35M 6m21s
1084416K ........ ........ ........ ........ ........ ........ 38% 8,89M 6m19s
1087488K ........ ........ ........ ........ ........ ........ 38% 3,62M 6m19s
1090560K ........ ........ ........ ........ ........ ........ 38% 7,80M 6m18s
1093632K ........ ........ ........ ........ ........ ........ 39% 3,39M 6m17s
1096704K ........ ........ ........ ........ ........ ........ 39% 3,87M 6m17s
1099776K ........ ........ ........ ........ ........ ........ 39% 11,9M 6m16s
1102848K ........ ........ ........ ........ ........ ........ 39% 3,68M 6m15s
1105920K ........ ........ ........ ........ ........ ........ 39% 7,05M 6m14s
1108992K ........ ........ ........ ........ ........ ........ 39% 4,80M 6m13s
1112064K ........ ........ ........ ........ ........ ........ 39% 3,87M 6m13s
1115136K ........ ........ ........ ........ ........ ........ 39% 6,57M 6m12s
1118208K ........ ........ ........ ........ ........ ........ 39% 5,66M 6m11s
1121280K ........ ........ ........ ........ ........ ........ 40% 3,21M 6m11s
1124352K ........ ........ ........ ........ ........ ........ 40% 7,35M 6m10s
1127424K ........ ........ ........ ........ ........ ........ 40% 5,57M 6m9s
1130496K ........ ........ ........ ........ ........ ........ 40% 3,70M 6m8s
1133568K ........ ........ ........ ........ ........ ........ 40% 3,45M 6m8s
1136640K ........ ........ ........ ........ ........ ........ 40% 2,95M 6m8s
1139712K ........ ........ ........ ........ ........ ........ 40% 10,6M 6m6s
1142784K ........ ........ ........ ........ ........ ........ 40% 3,94M 6m6s
1145856K ........ ........ ........ ........ ........ ........ 40% 3,17M 6m6s
1148928K ........ ........ ........ ........ ........ ........ 40% 7,61M 6m4s
1152000K ........ ........ ........ ........ ........ ........ 41% 4,74M 6m4s
1155072K ........ ........ ........ ........ ........ ........ 41% 3,51M 6m3s
1158144K ........ ........ ........ ........ ........ ........ 41% 4,54M 6m3s
1161216K ........ ........ ........ ........ ........ ........ 41% 7,90M 6m1s
1164288K ........ ........ ........ ........ ........ ........ 41% 3,59M 6m1s
1167360K ........ ........ ........ ........ ........ ........ 41% 7,24M 6m0s
1170432K ........ ........ ........ ........ ........ ........ 41% 5,59M 5m59s
1173504K ........ ........ ........ ........ ........ ........ 41% 2,70M 5m59s
1176576K ........ ........ ........ ........ ........ ........ 41% 4,53M 5m58s
1179648K ........ ........ ........ ........ ........ ........ 42% 8,27M 5m57s
1182720K ........ ........ ........ ........ ........ ........ 42% 3,14M 5m57s
1185792K ........ ........ ........ ........ ........ ........ 42% 7,62M 5m56s
1188864K ........ ........ ........ ........ ........ ........ 42% 5,65M 5m55s
1191936K ........ ........ ........ ........ ........ ........ 42% 3,76M 5m55s
1195008K ........ ........ ........ ........ ........ ........ 42% 7,01M 5m54s
1198080K ........ ........ ........ ........ ........ ........ 42% 5,68M 5m53s
1201152K ........ ........ ........ ........ ........ ........ 42% 3,88M 5m52s
1204224K ........ ........ ........ ........ ........ ........ 42% 3,49M 5m52s
1207296K ........ ........ ........ ........ ........ ........ 43% 3,30M 5m51s
1210368K ........ ........ ........ ........ ........ ........ 43% 5,74M 5m50s
1213440K ........ ........ ........ ........ ........ ........ 43% 5,55M 5m50s
1216512K ........ ........ ........ ........ ........ ........ 43% 3,15M 5m49s
1219584K ........ ........ ........ ........ ........ ........ 43% 3,39M 5m49s
1222656K ........ ........ ........ ........ ........ ........ 43% 7,91M 5m48s
1225728K ........ ........ ........ ........ ........ ........ 43% 3,80M 5m47s
1228800K ........ ........ ........ ........ ........ ........ 43% 4,80M 5m47s
1231872K ........ ........ ........ ........ ........ ........ 43% 6,75M 5m46s
1234944K ........ ........ ........ ........ ........ ........ 44% 2,98M 5m45s
1238016K ........ ........ ........ ........ ........ ........ 44% 7,78M 5m44s
1241088K ........ ........ ........ ........ ........ ........ 44% 5,54M 5m43s
1244160K ........ ........ ........ ........ ........ ........ 44% 2,64M 5m43s
1247232K ........ ........ ........ ........ ........ ........ 44% 9,32M 5m42s
1250304K ........ ........ ........ ........ ........ ........ 44% 5,65M 5m41s
1253376K ........ ........ ........ ........ ........ ........ 44% 4,85M 5m41s
1256448K ........ ........ ........ ........ ........ ........ 44% 5,62M 5m40s
1259520K ........ ........ ........ ........ ........ ........ 44% 4,88M 5m39s
1262592K ........ ........ ........ ........ ........ ........ 45% 3,31M 5m39s
1265664K ........ ........ ........ ........ ........ ........ 45% 8,44M 5m38s
1268736K ........ ........ ........ ........ ........ ........ 45% 5,01M 5m37s
1271808K ........ ........ ........ ........ ........ ........ 45% 5,68M 5m36s
1274880K ........ ........ ........ ........ ........ ........ 45% 4,06M 5m35s
1277952K ........ ........ ........ ........ ........ ........ 45% 4,18M 5m35s
1281024K ........ ........ ........ ........ ........ ........ 45% 6,96M 5m34s
1284096K ........ ........ ........ ........ ........ ........ 45% 3,88M 5m33s
1287168K ........ ........ ........ ........ ........ ........ 45% 3,69M 5m33s
1290240K ........ ........ ........ ........ ........ ........ 46% 5,67M 5m32s
1293312K ........ ........ ........ ........ ........ ........ 46% 3,77M 5m31s
1296384K ........ ........ ........ ........ ........ ........ 46% 7,85M 5m30s
1299456K ........ ........ ........ ........ ........ ........ 46% 3,82M 5m30s
1302528K ........ ........ ........ ........ ........ ........ 46% 4,07M 5m29s
1305600K ........ ........ ........ ........ ........ ........ 46% 7,82M 5m28s
1308672K ........ ........ ........ ........ ........ ........ 46% 4,32M 5m28s
1311744K ........ ........ ........ ........ ........ ........ 46% 2,95M 5m27s
1314816K ........ ........ ........ ........ ........ ........ 46% 3,24M 5m27s
1317888K ........ ........ ........ ........ ........ ........ 47% 8,12M 5m26s
1320960K ........ ........ ........ ........ ........ ........ 47% 4,69M 5m25s
1324032K ........ ........ ........ ........ ........ ........ 47% 4,01M 5m25s
1327104K ........ ........ ........ ........ ........ ........ 47% 7,44M 5m24s
1330176K ........ ........ ........ ........ ........ ........ 47% 4,12M 5m23s
1333248K ........ ........ ........ ........ ........ ........ 47% 6,50M 5m22s
1336320K ........ ........ ........ ........ ........ ........ 47% 3,92M 5m22s
1339392K ........ ........ ........ ........ ........ ........ 47% 2,96M 5m21s
1342464K ........ ........ ........ ........ ........ ........ 47% 8,19M 5m20s
1345536K ........ ........ ........ ........ ........ ........ 47% 3,13M 5m20s
1348608K ........ ........ ........ ........ ........ ........ 48% 1,73M 5m20s
1351680K ........ ........ ........ ........ ........ ........ 48% 9,95M 5m19s
1354752K ........ ........ ........ ........ ........ ........ 48% 3,57M 5m19s
1357824K ........ ........ ........ ........ ........ ........ 48% 2,35M 5m19s
1360896K ........ ........ ........ ........ ........ ........ 48% 8,66M 5m18s
1363968K ........ ........ ........ ........ ........ ........ 48% 3,69M 5m17s
1367040K ........ ........ ........ ........ ........ ........ 48% 6,57M 5m16s
1370112K ........ ........ ........ ........ ........ ........ 48% 3,64M 5m16s
1373184K ........ ........ ........ ........ ........ ........ 48% 3,91M 5m15s
1376256K ........ ........ ........ ........ ........ ........ 49% 7,58M 5m14s
1379328K ........ ........ ........ ........ ........ ........ 49% 4,46M 5m14s
1382400K ........ ........ ........ ........ ........ ........ 49% 5,79M 5m13s
1385472K ........ ........ ........ ........ ........ ........ 49% 3,56M 5m12s
1388544K ........ ........ ........ ........ ........ ........ 49% 7,93M 5m11s
1391616K ........ ........ ........ ........ ........ ........ 49% 3,49M 5m11s
1394688K ........ ........ ........ ........ ........ ........ 49% 8,31M 5m10s
1397760K ........ ........ ........ ........ ........ ........ 49% 5,66M 5m9s
1400832K ........ ........ ........ ........ ........ ........ 49% 2,64M 5m9s
1403904K ........ ........ ........ ........ ........ ........ 50% 7,91M 5m8s
1406976K ........ ........ ........ ........ ........ ........ 50% 5,29M 5m7s
1410048K ........ ........ ........ ........ ........ ........ 50% 3,81M 5m6s
1413120K ........ ........ ........ ........ ........ ........ 50% 3,39M 5m6s
1416192K ........ ........ ........ ........ ........ ........ 50% 5,99M 5m5s
1419264K ........ ........ ........ ........ ........ ........ 50% 4,25M 5m4s
1422336K ........ ........ ........ ........ ........ ........ 50% 3,98M 5m4s
1425408K ........ ........ ........ ........ ........ ........ 50% 2,64M 5m4s
1428480K ........ ........ ........ ........ ........ ........ 50% 7,43M 5m3s
1431552K ........ ........ ........ ........ ........ ........ 51% 5,21M 5m2s
1434624K ........ ........ ........ ........ ........ ........ 51% 3,51M 5m1s
1437696K ........ ........ ........ ........ ........ ........ 51% 3,38M 5m1s
1440768K ........ ........ ........ ........ ........ ........ 51% 8,44M 5m0s
1443840K ........ ........ ........ ........ ........ ........ 51% 3,71M 4m59s
1446912K ........ ........ ........ ........ ........ ........ 51% 2,54M 4m59s
1449984K ........ ........ ........ ........ ........ ........ 51% 9,56M 4m58s
1453056K ........ ........ ........ ........ ........ ........ 51% 3,37M 4m58s
1456128K ........ ........ ........ ........ ........ ........ 51% 4,08M 4m57s
1459200K ........ ........ ........ ........ ........ ........ 52% 4,72M 4m56s
1462272K ........ ........ ........ ........ ........ ........ 52% 7,22M 4m56s
1465344K ........ ........ ........ ........ ........ ........ 52% 6,72M 4m55s
1468416K ........ ........ ........ ........ ........ ........ 52% 5,62M 4m54s
1471488K ........ ........ ........ ........ ........ ........ 52% 2,72M 4m54s
1474560K ........ ........ ........ ........ ........ ........ 52% 7,84M 4m53s
1477632K ........ ........ ........ ........ ........ ........ 52% 5,58M 4m52s
1480704K ........ ........ ........ ........ ........ ........ 52% 3,67M 4m51s
1483776K ........ ........ ........ ........ ........ ........ 52% 2,92M 4m51s
1486848K ........ ........ ........ ........ ........ ........ 53% 4,88M 4m50s
1489920K ........ ........ ........ ........ ........ ........ 53% 5,90M 4m49s
1492992K ........ ........ ........ ........ ........ ........ 53% 3,42M 4m49s
1496064K ........ ........ ........ ........ ........ ........ 53% 3,07M 4m48s
1499136K ........ ........ ........ ........ ........ ........ 53% 4,70M 4m48s
1502208K ........ ........ ........ ........ ........ ........ 53% 7,00M 4m47s
1505280K ........ ........ ........ ........ ........ ........ 53% 3,72M 4m46s
1508352K ........ ........ ........ ........ ........ ........ 53% 7,72M 4m45s
1511424K ........ ........ ........ ........ ........ ........ 53% 4,89M 4m45s
1514496K ........ ........ ........ ........ ........ ........ 54% 3,14M 4m44s
1517568K ........ ........ ........ ........ ........ ........ 54% 7,20M 4m43s
1520640K ........ ........ ........ ........ ........ ........ 54% 4,72M 4m43s
1523712K ........ ........ ........ ........ ........ ........ 54% 3,87M 4m42s
1526784K ........ ........ ........ ........ ........ ........ 54% 4,20M 4m41s
1529856K ........ ........ ........ ........ ........ ........ 54% 7,53M 4m40s
1532928K ........ ........ ........ ........ ........ ........ 54% 3,21M 4m40s
1536000K ........ ........ ........ ........ ........ ........ 54% 7,77M 4m39s
1539072K ........ ........ ........ ........ ........ ........ 54% 2,88M 4m39s
1542144K ........ ........ ........ ........ ........ ........ 54% 7,65M 4m38s
1545216K ........ ........ ........ ........ ........ ........ 55% 3,75M 4m37s
1548288K ........ ........ ........ ........ ........ ........ 55% 8,38M 4m36s
1551360K ........ ........ ........ ........ ........ ........ 55% 5,58M 4m36s
1554432K ........ ........ ........ ........ ........ ........ 55% 4,95M 4m35s
1557504K ........ ........ ........ ........ ........ ........ 55% 2,49M 4m35s
1560576K ........ ........ ........ ........ ........ ........ 55% 8,38M 4m34s
1563648K ........ ........ ........ ........ ........ ........ 55% 5,67M 4m33s
1566720K ........ ........ ........ ........ ........ ........ 55% 4,52M 4m32s
1569792K ........ ........ ........ ........ ........ ........ 55% 3,77M 4m32s
1572864K ........ ........ ........ ........ ........ ........ 56% 3,86M 4m31s
1575936K ........ ........ ........ ........ ........ ........ 56% 8,24M 4m30s
1579008K ........ ........ ........ ........ ........ ........ 56% 2,75M 4m30s
1582080K ........ ........ ........ ........ ........ ........ 56% 7,51M 4m29s
1585152K ........ ........ ........ ........ ........ ........ 56% 3,74M 4m28s
1588224K ........ ........ ........ ........ ........ ........ 56% 3,68M 4m28s
1591296K ........ ........ ........ ........ ........ ........ 56% 7,08M 4m27s
1594368K ........ ........ ........ ........ ........ ........ 56% 4,16M 4m26s
1597440K ........ ........ ........ ........ ........ ........ 56% 4,52M 4m25s
1600512K ........ ........ ........ ........ ........ ........ 57% 8,53M 4m25s
1603584K ........ ........ ........ ........ ........ ........ 57% 2,66M 4m24s
1606656K ........ ........ ........ ........ ........ ........ 57% 10,7M 4m23s
1609728K ........ ........ ........ ........ ........ ........ 57% 3,24M 4m23s
1612800K ........ ........ ........ ........ ........ ........ 57% 6,42M 4m22s
1615872K ........ ........ ........ ........ ........ ........ 57% 3,46M 4m21s
1618944K ........ ........ ........ ........ ........ ........ 57% 7,58M 4m21s
1622016K ........ ........ ........ ........ ........ ........ 57% 3,97M 4m20s
1625088K ........ ........ ........ ........ ........ ........ 57% 6,56M 4m19s
1628160K ........ ........ ........ ........ ........ ........ 58% 4,89M 4m18s
1631232K ........ ........ ........ ........ ........ ........ 58% 4,09M 4m18s
1634304K ........ ........ ........ ........ ........ ........ 58% 5,23M 4m17s
1637376K ........ ........ ........ ........ ........ ........ 58% 5,39M 4m16s
1640448K ........ ........ ........ ........ ........ ........ 58% 3,24M 4m16s
1643520K ........ ........ ........ ........ ........ ........ 58% 4,38M 4m15s
1646592K ........ ........ ........ ........ ........ ........ 58% 7,10M 4m14s
1649664K ........ ........ ........ ........ ........ ........ 58% 2,90M 4m14s
1652736K ........ ........ ........ ........ ........ ........ 58% 6,70M 4m13s
1655808K ........ ........ ........ ........ ........ ........ 59% 3,83M 4m12s
1658880K ........ ........ ........ ........ ........ ........ 59% 3,97M 4m12s
1661952K ........ ........ ........ ........ ........ ........ 59% 5,50M 4m11s
1665024K ........ ........ ........ ........ ........ ........ 59% 4,08M 4m10s
1668096K ........ ........ ........ ........ ........ ........ 59% 4,32M 4m10s
1671168K ........ ........ ........ ........ ........ ........ 59% 5,56M 4m9s
1674240K ........ ........ ........ ........ ........ ........ 59% 3,51M 4m8s
1677312K ........ ........ ........ ........ ........ ........ 59% 5,38M 4m8s
1680384K ........ ........ ........ ........ ........ ........ 59% 2,66M 4m7s
1683456K ........ ........ ........ ........ ........ ........ 60% 9,70M 4m6s
1686528K ........ ........ ........ ........ ........ ........ 60% 4,42M 4m6s
1689600K ........ ........ ........ ........ ........ ........ 60% 2,74M 4m5s
1692672K ........ ........ ........ ........ ........ ........ 60% 9,56M 4m4s
1695744K ........ ........ ........ ........ ........ ........ 60% 4,77M 4m4s
1698816K ........ ........ ........ ........ ........ ........ 60% 5,72M 4m3s
1701888K ........ ........ ........ ........ ........ ........ 60% 4,31M 4m2s
1704960K ........ ........ ........ ........ ........ ........ 60% 4,28M 4m2s
1708032K ........ ........ ........ ........ ........ ........ 60% 6,94M 4m1s
1711104K ........ ........ ........ ........ ........ ........ 61% 3,29M 4m0s
1714176K ........ ........ ........ ........ ........ ........ 61% 3,62M 4m0s
1717248K ........ ........ ........ ........ ........ ........ 61% 8,91M 3m59s
1720320K ........ ........ ........ ........ ........ ........ 61% 3,78M 3m58s
1723392K ........ ........ ........ ........ ........ ........ 61% 3,89M 3m58s
1726464K ........ ........ ........ ........ ........ ........ 61% 9,75M 3m57s
1729536K ........ ........ ........ ........ ........ ........ 61% 3,57M 3m56s
1732608K ........ ........ ........ ........ ........ ........ 61% 4,41M 3m55s
1735680K ........ ........ ........ ........ ........ ........ 61% 7,70M 3m55s
1738752K ........ ........ ........ ........ ........ ........ 61% 2,98M 3m54s
1741824K ........ ........ ........ ........ ........ ........ 62% 4,08M 3m53s
1744896K ........ ........ ........ ........ ........ ........ 62% 9,31M 3m53s
1747968K ........ ........ ........ ........ ........ ........ 62% 3,47M 3m52s
1751040K ........ ........ ........ ........ ........ ........ 62% 3,81M 3m51s
1754112K ........ ........ ........ ........ ........ ........ 62% 8,89M 3m51s
1757184K ........ ........ ........ ........ ........ ........ 62% 3,63M 3m50s
1760256K ........ ........ ........ ........ ........ ........ 62% 3,45M 3m49s
1763328K ........ ........ ........ ........ ........ ........ 62% 8,77M 3m49s
1766400K ........ ........ ........ ........ ........ ........ 62% 4,05M 3m48s
1769472K ........ ........ ........ ........ ........ ........ 63% 3,33M 3m47s
1772544K ........ ........ ........ ........ ........ ........ 63% 6,78M 3m47s
1775616K ........ ........ ........ ........ ........ ........ 63% 3,74M 3m46s
1778688K ........ ........ ........ ........ ........ ........ 63% 4,01M 3m45s
1781760K ........ ........ ........ ........ ........ ........ 63% 2,51M 3m45s
1784832K ........ ........ ........ ........ ........ ........ 63% 11,5M 3m44s
1787904K ........ ........ ........ ........ ........ ........ 63% 5,28M 3m43s
1790976K ........ ........ ........ ........ ........ ........ 63% 5,50M 3m43s
1794048K ........ ........ ........ ........ ........ ........ 63% 4,86M 3m42s
1797120K ........ ........ ........ ........ ........ ........ 64% 4,23M 3m41s
1800192K ........ ........ ........ ........ ........ ........ 64% 5,21M 3m40s
1803264K ........ ........ ........ ........ ........ ........ 64% 3,40M 3m40s
1806336K ........ ........ ........ ........ ........ ........ 64% 5,50M 3m39s
1809408K ........ ........ ........ ........ ........ ........ 64% 3,28M 3m39s
1812480K ........ ........ ........ ........ ........ ........ 64% 5,22M 3m38s
1815552K ........ ........ ........ ........ ........ ........ 64% 6,09M 3m37s
1818624K ........ ........ ........ ........ ........ ........ 64% 4,24M 3m36s
1821696K ........ ........ ........ ........ ........ ........ 64% 4,44M 3m36s
1824768K ........ ........ ........ ........ ........ ........ 65% 5,60M 3m35s
1827840K ........ ........ ........ ........ ........ ........ 65% 3,51M 3m34s
1830912K ........ ........ ........ ........ ........ ........ 65% 4,86M 3m34s
1833984K ........ ........ ........ ........ ........ ........ 65% 3,15M 3m33s
1837056K ........ ........ ........ ........ ........ ........ 65% 6,98M 3m32s
1840128K ........ ........ ........ ........ ........ ........ 65% 5,41M 3m32s
1843200K ........ ........ ........ ........ ........ ........ 65% 3,70M 3m31s
1846272K ........ ........ ........ ........ ........ ........ 65% 7,55M 3m30s
1849344K ........ ........ ........ ........ ........ ........ 65% 4,10M 3m30s
1852416K ........ ........ ........ ........ ........ ........ 66% 3,31M 3m29s
1855488K ........ ........ ........ ........ ........ ........ 66% 7,00M 3m28s
1858560K ........ ........ ........ ........ ........ ........ 66% 5,95M 3m28s
1861632K ........ ........ ........ ........ ........ ........ 66% 4,20M 3m27s
1864704K ........ ........ ........ ........ ........ ........ 66% 3,93M 3m26s
1867776K ........ ........ ........ ........ ........ ........ 66% 4,25M 3m26s
1870848K ........ ........ ........ ........ ........ ........ 66% 6,73M 3m25s
1873920K ........ ........ ........ ........ ........ ........ 66% 3,30M 3m24s
1876992K ........ ........ ........ ........ ........ ........ 66% 5,49M 3m24s
1880064K ........ ........ ........ ........ ........ ........ 67% 2,62M 3m23s
1883136K ........ ........ ........ ........ ........ ........ 67% 12,0M 3m22s
1886208K ........ ........ ........ ........ ........ ........ 67% 5,27M 3m22s
1889280K ........ ........ ........ ........ ........ ........ 67% 5,13M 3m21s
1892352K ........ ........ ........ ........ ........ ........ 67% 3,53M 3m20s
1895424K ........ ........ ........ ........ ........ ........ 67% 3,73M 3m20s
1898496K ........ ........ ........ ........ ........ ........ 67% 9,68M 3m19s
1901568K ........ ........ ........ ........ ........ ........ 67% 3,62M 3m18s
1904640K ........ ........ ........ ........ ........ ........ 67% 7,91M 3m17s
1907712K ........ ........ ........ ........ ........ ........ 68% 4,97M 3m17s
1910784K ........ ........ ........ .......