--2021-04-25 22:43:48--  http://debian.c3sl.ufpr.br/debian-cd/current/amd64/iso-dvd/debian-10.9.0-amd64-DVD-1.iso
Resolving debian.c3sl.ufpr.br (debian.c3sl.ufpr.br)... 200.236.31.3
Connecting to debian.c3sl.ufpr.br (debian.c3sl.ufpr.br)|200.236.31.3|:80... connected.
HTTP request sent, awaiting response... 200 OK
Length: 3972317184 (3.7G) [application/x-iso9660-image]
Saving to: '/dev/null'

     0K ........ ........ ........ ........ ........ ........  0% 38.1M 99s
  3072K ........ ........ ........ ........ ........ ........  0% 66.2M 78s
  6144K ........ ........ ........ ........ ........ ........  0%  278M 57s
  9216K ........ ........ ........ ........ ........ ........  0%  340M 45s
 12288K ........ ........ ........ ........ ........ ........  0%  325M 38s
 15360K ........ ........ ........ ........ ........ ........  0%  296M 34s
 18432K ........ ........ ........ ........ ........ ........  0%  105M 34s
 21504K ........ ........ ........ ........ ........ ........  0%  329M 31s
 24576K ........ ........ ........ ........ ........ ........  0%  317M 29s
 27648K ........ ........ ........ ........ ........ ........  0%  330M 27s
 30720K ........ ........ ........ ........ ........ ........  0%  320M 26s
 33792K ........ ........ ........ ........ ........ ........  0%  323M 25s
 36864K ........ ........ ........ ........ ........ ........  1%  302M 24s
 39936K ........ ........ ........ ........ ........ ........  1%  313M 23s
 43008K ........ ........ ........ ........ ........ ........  1%  320M 22s
 46080K ........ ........ ........ ........ ........ ........  1%  309M 22s
 49152K ........ ........ ........ ........ ........ ........  1%  332M 21s
 52224K ........ ........ ........ ........ ........ ........  1%  325M 20s
 55296K ........ ........ ........ ........ ........ ........  1%  332M 20s
 58368K ........ ........ ........ ........ ........ ........  1%  328M 19s
 61440K ........ ........ ........ ........ ........ ........  1%  322M 19s
 64512K ........ ........ ........ ........ ........ ........  1%  297M 19s
 67584K ........ ........ ........ ........ ........ ........  1%  294M 18s
 70656K ........ ........ ........ ........ ........ ........  1%  312M 18s
 73728K ........ ........ ........ ........ ........ ........  1%  272M 18s
 76800K ........ ........ ........ ........ ........ ........  2%  291M 18s
 79872K ........ ........ ........ ........ ........ ........  2%  321M 18s
 82944K ........ ........ ........ ........ ........ ........  2%  320M 17s
 86016K ........ ........ ........ ........ ........ ........  2%  311M 17s
 89088K ........ ........ ........ ........ ........ ........  2%  264M 17s
 92160K ........ ........ ........ ........ ........ ........  2%  283M 17s
 95232K ........ ........ ........ ........ ........ ........  2%  309M 17s
 98304K ........ ........ ........ ........ ........ ........  2%  301M 17s
101376K ........ ........ ........ ........ ........ ........  2%  325M 16s
104448K ........ ........ ........ ........ ........ ........  2%  319M 16s
107520K ........ ........ ........ ........ ........ ........  2%  320M 16s
110592K ........ ........ ........ ........ ........ ........  2%  266M 16s
113664K ........ ........ ........ ........ ........ ........  3%  307M 16s
116736K ........ ........ ........ ........ ........ ........  3%  315M 16s
119808K ........ ........ ........ ........ ........ ........  3%  321M 16s
122880K ........ ........ ........ ........ ........ ........  3%  312M 16s
125952K ........ ........ ........ ........ ........ ........  3%  317M 15s
129024K ........ ........ ........ ........ ........ ........  3%  246M 15s
132096K ........ ........ ........ ........ ........ ........  3%  328M 15s
135168K ........ ........ ........ ........ ........ ........  3%  306M 15s
138240K ........ ........ ........ ........ ........ ........  3%  314M 15s
141312K ........ ........ ........ ........ ........ ........  3%  311M 15s
144384K ........ ........ ........ ........ ........ ........  3%  333M 15s
147456K ........ ........ ........ ........ ........ ........  3%  310M 15s
150528K ........ ........ ........ ........ ........ ........  3%  325M 15s
153600K ........ ........ ........ ........ ........ ........  4%  326M 15s
156672K ........ ........ ........ ........ ........ ........  4%  320M 15s
159744K ........ ........ ........ ........ ........ ........  4%  281M 15s
162816K ........ ........ ........ ........ ........ ........  4%  218M 15s
165888K ........ ........ ........ ........ ........ ........  4%  318M 15s
168960K ........ ........ ........ ........ ........ ........  4%  310M 14s
172032K ........ ........ ........ ........ ........ ........  4%  327M 14s
175104K ........ ........ ........ ........ ........ ........  4%  329M 14s
178176K ........ ........ ........ ........ ........ ........  4%  298M 14s
181248K ........ ........ ........ ........ ........ ........  4%  338M 14s
184320K ........ ........ ........ ........ ........ ........  4%  324M 14s
187392K ........ ........ ........ ........ ........ ........  4%  328M 14s
190464K ........ ........ ........ ........ ........ ........  4%  321M 14s
193536K ........ ........ ........ ........ ........ ........  5%  307M 14s
196608K ........ ........ ........ ........ ........ ........  5%  320M 14s
199680K ........ ........ ........ ........ ........ ........  5%  325M 14s
202752K ........ ........ ........ ........ ........ ........  5%  101M 14s
205824K ........ ........ ........ ........ ........ ........  5%  309M 14s
208896K ........ ........ ........ ........ ........ ........  5%  331M 14s
211968K ........ ........ ........ ........ ........ ........  5%  318M 14s
215040K ........ ........ ........ ........ ........ ........  5%  328M 14s
218112K ........ ........ ........ ........ ........ ........  5%  315M 14s
221184K ........ ........ ........ ........ ........ ........  5%  324M 14s
224256K ........ ........ ........ ........ ........ ........  5%  327M 14s
227328K ........ ........ ........ ........ ........ ........  5%  311M 14s
230400K ........ ........ ........ ........ ........ ........  6%  315M 14s
233472K ........ ........ ........ ........ ........ ........  6%  314M 14s
236544K ........ ........ ........ ........ ........ ........  6%  329M 14s
239616K ........ ........ ........ ........ ........ ........  6%  323M 14s
242688K ........ ........ ........ ........ ........ ........  6%  323M 14s
245760K ........ ........ ........ ........ ........ ........  6%  322M 13s
248832K ........ ........ ........ ........ ........ ........  6%  306M 13s
251904K ........ ........ ........ ........ ........ ........  6%  326M 13s
254976K ........ ........ ........ ........ ........ ........  6%  321M 13s
258048K ........ ........ ........ ........ ........ ........  6%  318M 13s
261120K ........ ........ ........ ........ ........ ........  6%  321M 13s
264192K ........ ........ ........ ........ ........ ........  6%  316M 13s
267264K ........ ........ ........ ........ ........ ........  6%  322M 13s
270336K ........ ........ ........ ........ ........ ........  7%  321M 13s
273408K ........ ........ ........ ........ ........ ........  7%  332M 13s
276480K ........ ........ ........ ........ ........ ........  7%  335M 13s
279552K ........ ........ ........ ........ ........ ........  7%  324M 13s
282624K ........ ........ ........ ........ ........ ........  7%  330M 13s
285696K ........ ........ ........ ........ ........ ........  7%  323M 13s
288768K ........ ........ ........ ........ ........ ........  7%  324M 13s
291840K ........ ........ ........ ........ ........ ........  7%  332M 13s
294912K ........ ........ ........ ........ ........ ........  7%  320M 13s
297984K ........ ........ ........ ........ ........ ........  7%  318M 13s
301056K ........ ........ ........ ........ ........ ........  7%  325M 13s
304128K ........ ........ ........ ........ ........ ........  7%  326M 13s
307200K ........ ........ ........ ........ ........ ........  7%  328M 13s
310272K ........ ........ ........ ........ ........ ........  8%  321M 13s
313344K ........ ........ ........ ........ ........ ........  8%  322M 13s
316416K ........ ........ ........ ........ ........ ........  8%  322M 13s
319488K ........ ........ ........ ........ ........ ........  8%  328M 13s
322560K ........ ........ ........ ........ ........ ........  8%  320M 13s
325632K ........ ........ ........ ........ ........ ........  8%  312M 13s
328704K ........ ........ ........ ........ ........ ........  8%  326M 13s
331776K ........ ........ ........ ........ ........ ........  8%  308M 13s
334848K ........ ........ ........ ........ ........ ........  8%  332M 13s
337920K ........ ........ ........ ........ ........ ........  8%  315M 12s
340992K ........ ........ ........ ........ ........ ........  8%  325M 12s
344064K ........ ........ ........ ........ ........ ........  8%  322M 12s
347136K ........ ........ ........ ........ ........ ........  9%  324M 12s
350208K ........ ........ ........ ........ ........ ........  9%  326M 12s
353280K ........ ........ ........ ........ ........ ........  9%  320M 12s
356352K ........ ........ ........ ........ ........ ........  9%  335M 12s
359424K ........ ........ ........ ........ ........ ........  9%  338M 12s
362496K ........ ........ ........ ........ ........ ........  9%  338M 12s
365568K ........ ........ ........ ........ ........ ........  9%  313M 12s
368640K ........ ........ ........ ........ ........ ........  9%  333M 12s
371712K ........ ........ ........ ........ ........ ........  9%  319M 12s
374784K ........ ........ ........ ........ ........ ........  9%  306M 12s
377856K ........ ........ ........ ........ ........ ........  9%  320M 12s
380928K ........ ........ ........ ........ ........ ........  9%  326M 12s
384000K ........ ........ ........ ........ ........ ........  9%  317M 12s
387072K ........ ........ ........ ........ ........ ........ 10%  316M 12s
390144K ........ ........ ........ ........ ........ ........ 10%  325M 12s
393216K ........ ........ ........ ........ ........ ........ 10%  312M 12s
396288K ........ ........ ........ ........ ........ ........ 10%  313M 12s
399360K ........ ........ ........ ........ ........ ........ 10%  326M 12s
402432K ........ ........ ........ ........ ........ ........ 10%  322M 12s
405504K ........ ........ ........ ........ ........ ........ 10%  320M 12s
408576K ........ ........ ........ ........ ........ ........ 10%  318M 12s
411648K ........ ........ ........ ........ ........ ........ 10%  320M 12s
414720K ........ ........ ........ ........ ........ ........ 10%  316M 12s
417792K ........ ........ ........ ........ ........ ........ 10%  335M 12s
420864K ........ ........ ........ ........ ........ ........ 10%  328M 12s
423936K ........ ........ ........ ........ ........ ........ 11%  329M 12s
427008K ........ ........ ........ ........ ........ ........ 11%  327M 12s
430080K ........ ........ ........ ........ ........ ........ 11%  312M 12s
433152K ........ ........ ........ ........ ........ ........ 11%  327M 12s
436224K ........ ........ ........ ........ ........ ........ 11%  312M 12s
439296K ........ ........ ........ ........ ........ ........ 11%  339M 12s
442368K ........ ........ ........ ........ ........ ........ 11%  312M 12s
445440K ........ ........ ........ ........ ........ ........ 11%  335M 12s
448512K ........ ........ ........ ........ ........ ........ 11%  335M 12s
451584K ........ ........ ........ ........ ........ ........ 11%  322M 12s
454656K ........ ........ ........ ........ ........ ........ 11%  329M 12s
457728K ........ ........ ........ ........ ........ ........ 11%  331M 12s
460800K ........ ........ ........ ........ ........ ........ 11%  330M 12s
463872K ........ ........ ........ ........ ........ ........ 12%  327M 12s
466944K ........ ........ ........ ........ ........ ........ 12%  326M 12s
470016K ........ ........ ........ ........ ........ ........ 12%  322M 12s
473088K ........ ........ ........ ........ ........ ........ 12%  323M 12s
476160K ........ ........ ........ ........ ........ ........ 12%  319M 12s
479232K ........ ........ ........ ........ ........ ........ 12%  323M 11s
482304K ........ ........ ........ ........ ........ ........ 12%  308M 11s
485376K ........ ........ ........ ........ ........ ........ 12%  327M 11s
488448K ........ ........ ........ ........ ........ ........ 12%  305M 11s
491520K ........ ........ ........ ........ ........ ........ 12%  324M 11s
494592K ........ ........ ........ ........ ........ ........ 12%  333M 11s
497664K ........ ........ ........ ........ ........ ........ 12%  315M 11s
500736K ........ ........ ........ ........ ........ ........ 12%  325M 11s
503808K ........ ........ ........ ........ ........ ........ 13%  338M 11s
506880K ........ ........ ........ ........ ........ ........ 13%  322M 11s
509952K ........ ........ ........ ........ ........ ........ 13%  317M 11s
513024K ........ ........ ........ ........ ........ ........ 13%  331M 11s
516096K ........ ........ ........ ........ ........ ........ 13%  313M 11s
519168K ........ ........ ........ ........ ........ ........ 13%  328M 11s
522240K ........ ........ ........ ........ ........ ........ 13%  326M 11s
525312K ........ ........ ........ ........ ........ ........ 13%  316M 11s
528384K ........ ........ ........ ........ ........ ........ 13%  329M 11s
531456K ........ ........ ........ ........ ........ ........ 13%  324M 11s
534528K ........ ........ ........ ........ ........ ........ 13%  318M 11s
537600K ........ ........ ........ ........ ........ ........ 13%  317M 11s
540672K ........ ........ ........ ........ ........ ........ 14%  325M 11s
543744K ........ ........ ........ ........ ........ ........ 14%  321M 11s
546816K ........ ........ ........ ........ ........ ........ 14%  323M 11s
549888K ........ ........ ........ ........ ........ ........ 14%  324M 11s
552960K ........ ........ ........ ........ ........ ........ 14%  322M 11s
556032K ........ ........ ........ ........ ........ ........ 14%  314M 11s
559104K ........ ........ ........ ........ ........ ........ 14%  315M 11s
562176K ........ ........ ........ ........ ........ ........ 14%  319M 11s
565248K ........ ........ ........ ........ ........ ........ 14%  323M 11s
568320K ........ ........ ........ ........ ........ ........ 14%  322M 11s
571392K ........ ........ ........ ........ ........ ........ 14%  319M 11s
574464K ........ ........ ........ ........ ........ ........ 14%  313M 11s
577536K ........ ........ ........ ........ ........ ........ 14%  333M 11s
580608K ........ ........ ........ ........ ........ ........ 15%  339M 11s
583680K ........ ........ ........ ........ ........ ........ 15%  322M 11s
586752K ........ ........ ........ ........ ........ ........ 15%  331M 11s
589824K ........ ........ ........ ........ ........ ........ 15%  334M 11s
592896K ........ ........ ........ ........ ........ ........ 15%  328M 11s
595968K ........ ........ ........ ........ ........ ........ 15%  327M 11s
599040K ........ ........ ........ ........ ........ ........ 15%  325M 11s
602112K ........ ........ ........ ........ ........ ........ 15%  324M 11s
605184K ........ ........ ........ ........ ........ ........ 15%  318M 11s
608256K ........ ........ ........ ........ ........ ........ 15%  273M 11s
611328K ........ ........ ........ ........ ........ ........ 15%  275M 11s
614400K ........ ........ ........ ........ ........ ........ 15%  319M 11s
617472K ........ ........ ........ ........ ........ ........ 15%  237M 11s
620544K ........ ........ ........ ........ ........ ........ 16%  324M 11s
623616K ........ ........ ........ ........ ........ ........ 16%  330M 11s
626688K ........ ........ ........ ........ ........ ........ 16%  335M 11s
629760K ........ ........ ........ ........ ........ ........ 16%  323M 11s
632832K ........ ........ ........ ........ ........ ........ 16%  326M 11s
635904K ........ ........ ........ ........ ........ ........ 16%  341M 11s
638976K ........ ........ ........ ........ ........ ........ 16%  312M 11s
642048K ........ ........ ........ ........ ........ ........ 16%  299M 11s
645120K ........ ........ ........ ........ ........ ........ 16%  328M 11s
648192K ........ ........ ........ ........ ........ ........ 16%  330M 11s
651264K ........ ........ ........ ........ ........ ........ 16%  328M 11s
654336K ........ ........ ........ ........ ........ ........ 16%  338M 11s
657408K ........ ........ ........ ........ ........ ........ 17%  318M 11s
660480K ........ ........ ........ ........ ........ ........ 17%  321M 11s
663552K ........ ........ ........ ........ ........ ........ 17%  331M 11s
666624K ........ ........ ........ ........ ........ ........ 17%  327M 11s
669696K ........ ........ ........ ........ ........ ........ 17%  323M 11s
672768K ........ ........ ........ ........ ........ ........ 17%  318M 11s
675840K ........ ........ ........ ........ ........ ........ 17%  318M 11s
678912K ........ ........ ........ ........ ........ ........ 17%  318M 11s
681984K ........ ........ ........ ........ ........ ........ 17%  315M 10s
685056K ........ ........ ........ ........ ........ ........ 17%  318M 10s
688128K ........ ........ ........ ........ ........ ........ 17%  316M 10s
691200K ........ ........ ........ ........ ........ ........ 17%  332M 10s
694272K ........ ........ ........ ........ ........ ........ 17%  333M 10s
697344K ........ ........ ........ ........ ........ ........ 18%  333M 10s
700416K ........ ........ ........ ........ ........ ........ 18%  330M 10s
703488K ........ ........ ........ ........ ........ ........ 18%  317M 10s
706560K ........ ........ ........ ........ ........ ........ 18%  321M 10s
709632K ........ ........ ........ ........ ........ ........ 18%  330M 10s
712704K ........ ........ ........ ........ ........ ........ 18%  294M 10s
715776K ........ ........ ........ ........ ........ ........ 18%  328M 10s
718848K ........ ........ ........ ........ ........ ........ 18%  331M 10s
721920K ........ ........ ........ ........ ........ ........ 18%  315M 10s
724992K ........ ........ ........ ........ ........ ........ 18%  328M 10s
728064K ........ ........ ........ ........ ........ ........ 18%  304M 10s
731136K ........ ........ ........ ........ ........ ........ 18%  330M 10s
734208K ........ ........ ........ ........ ........ ........ 19%  319M 10s
737280K ........ ........ ........ ........ ........ ........ 19%  317M 10s
740352K ........ ........ ........ ........ ........ ........ 19%  323M 10s
743424K ........ ........ ........ ........ ........ ........ 19%  313M 10s
746496K ........ ........ ........ ........ ........ ........ 19%  319M 10s
749568K ........ ........ ........ ........ ........ ........ 19%  322M 10s
752640K ........ ........ ........ ........ ........ ........ 19%  323M 10s
755712K ........ ........ ........ ........ ........ ........ 19%  320M 10s
758784K ........ ........ ........ ........ ........ ........ 19%  323M 10s
761856K ........ ........ ........ ........ ........ ........ 19%  322M 10s
764928K ........ ........ ........ ........ ........ ........ 19%  298M 10s
768000K ........ ........ ........ ........ ........ ........ 19%  303M 10s
771072K ........ ........ ........ ........ ........ ........ 19%  329M 10s
774144K ........ ........ ........ ........ ........ ........ 20%  327M 10s
777216K ........ ........ ........ ........ ........ ........ 20%  336M 10s
780288K ........ ........ ........ ........ ........ ........ 20%  338M 10s
783360K ........ ........ ........ ........ ........ ........ 20%  332M 10s
786432K ........ ........ ........ ........ ........ ........ 20%  313M 10s
789504K ........ ........ ........ ........ ........ ........ 20%  331M 10s
792576K ........ ........ ........ ........ ........ ........ 20%  320M 10s
795648K ........ ........ ........ ........ ........ ........ 20%  322M 10s
798720K ........ ........ ........ ........ ........ ........ 20%  323M 10s
801792K ........ ........ ........ ........ ........ ........ 20%  317M 10s
804864K ........ ........ ........ ........ ........ ........ 20%  311M 10s
807936K ........ ........ ........ ........ ........ ........ 20%  320M 10s
811008K ........ ........ ........ ........ ........ ........ 20%  320M 10s
814080K ........ ........ ........ ........ ........ ........ 21%  318M 10s
817152K ........ ........ ........ ........ ........ ........ 21%  333M 10s
820224K ........ ........ ........ ........ ........ ........ 21%  337M 10s
823296K ........ ........ ........ ........ ........ ........ 21%  328M 10s
826368K ........ ........ ........ ........ ........ ........ 21%  335M 10s
829440K ........ ........ ........ ........ ........ ........ 21%  322M 10s
832512K ........ ........ ........ ........ ........ ........ 21%  319M 10s
835584K ........ ........ ........ ........ ........ ........ 21%  331M 10s
838656K ........ ........ ........ ........ ........ ........ 21%  327M 10s
841728K ........ ........ ........ ........ ........ ........ 21%  331M 10s
844800K ........ ........ ........ ........ ........ ........ 21%  326M 10s
847872K ........ ........ ........ ........ ........ ........ 21%  316M 10s
850944K ........ ........ ........ ........ ........ ........ 22%  316M 10s
854016K ........ ........ ........ ........ ........ ........ 22%  319M 10s
857088K ........ ........ ........ ........ ........ ........ 22%  325M 10s
860160K ........ ........ ........ ........ ........ ........ 22%  323M 10s
863232K ........ ........ ........ ........ ........ ........ 22%  321M 10s
866304K ........ ........ ........ ........ ........ ........ 22%  320M 10s
869376K ........ ........ ........ ........ ........ ........ 22%  323M 10s
872448K ........ ........ ........ ........ ........ ........ 22%  321M 10s
875520K ........ ........ ........ ........ ........ ........ 22%  316M 10s
878592K ........ ........ ........ ........ ........ ........ 22%  324M 10s
881664K ........ ........ ........ ........ ........ ........ 22%  313M 10s
884736K ........ ........ ........ ........ ........ ........ 22%  309M 10s
887808K ........ ........ ........ ........ ........ ........ 22%  326M 10s
890880K ........ ........ ........ ........ ........ ........ 23%  320M 10s
893952K ........ ........ ........ ........ ........ ........ 23%  318M 10s
897024K ........ ........ ........ ........ ........ ........ 23%  329M 10s
900096K ........ ........ ........ ........ ........ ........ 23%  334M 10s
903168K ........ ........ ........ ........ ........ ........ 23%  319M 10s
906240K ........ ........ ........ ........ ........ ........ 23%  333M 10s
909312K ........ ........ ........ ........ ........ ........ 23%  327M 10s
912384K ........ ........ ........ ........ ........ ........ 23%  333M 10s
915456K ........ ........ ........ ........ ........ ........ 23%  325M 10s
918528K ........ ........ ........ ........ ........ ........ 23%  320M 10s
921600K ........ ........ ........ ........ ........ ........ 23%  333M 10s
924672K ........ ........ ........ ........ ........ ........ 23%  328M 9s
927744K ........ ........ ........ ........ ........ ........ 23%  338M 9s
930816K ........ ........ ........ ........ ........ ........ 24%  333M 9s
933888K ........ ........ ........ ........ ........ ........ 24%  325M 9s
936960K ........ ........ ........ ........ ........ ........ 24%  329M 9s
940032K ........ ........ ........ ........ ........ ........ 24%  321M 9s
943104K ........ ........ ........ ........ ........ ........ 24%  267M 9s
946176K ........ ........ ........ ........ ........ ........ 24%  330M 9s
949248K ........ ........ ........ ........ ........ ........ 24%  334M 9s
952320K ........ ........ ........ ........ ........ ........ 24%  333M 9s
955392K ........ ........ ........ ........ ........ ........ 24%  334M 9s
958464K ........ ........ ........ ........ ........ ........ 24%  331M 9s
961536K ........ ........ ........ ........ ........ ........ 24%  323M 9s
964608K ........ ........ ........ ........ ........ ........ 24%  331M 9s
967680K ........ ........ ........ ........ ........ ........ 25%  331M 9s
970752K ........ ........ ........ ........ ........ ........ 25%  321M 9s
973824K ........ ........ ........ ........ ........ ........ 25%  321M 9s
976896K ........ ........ ........ ........ ........ ........ 25%  327M 9s
979968K ........ ........ ........ ........ ........ ........ 25%  328M 9s
983040K ........ ........ ........ ........ ........ ........ 25%  298M 9s
986112K ........ ........ ........ ........ ........ ........ 25%  327M 9s
989184K ........ ........ ........ ........ ........ ........ 25%  316M 9s
992256K ........ ........ ........ ........ ........ ........ 25%  322M 9s
995328K ........ ........ ........ ........ ........ ........ 25%  319M 9s
998400K ........ ........ ........ ........ ........ ........ 25%  317M 9s
1001472K ........ ........ ........ ........ ........ ........ 25%  325M 9s
1004544K ........ ........ ........ ........ ........ ........ 25%  328M 9s
1007616K ........ ........ ........ ........ ........ ........ 26%  333M 9s
1010688K ........ ........ ........ ........ ........ ........ 26%  325M 9s
1013760K ........ ........ ........ ........ ........ ........ 26%  280M 9s
1016832K ........ ........ ........ ........ ........ ........ 26%  310M 9s
1019904K ........ ........ ........ ........ ........ ........ 26%  338M 9s
1022976K ........ ........ ........ ........ ........ ........ 26%  334M 9s
1026048K ........ ........ ........ ........ ........ ........ 26%  336M 9s
1029120K ........ ........ ........ ........ ........ ........ 26%  327M 9s
1032192K ........ ........ ........ ........ ........ ........ 26%  318M 9s
1035264K ........ ........ ........ ........ ........ ........ 26%  318M 9s
1038336K ........ ........ ........ ........ ........ ........ 26%  325M 9s
1041408K ........ ........ ........ ........ ........ ........ 26%  329M 9s
1044480K ........ ........ ........ ........ ........ ........ 27%  323M 9s
1047552K ........ ........ ........ ........ ........ ........ 27%  320M 9s
1050624K ........ ........ ........ ........ ........ ........ 27%  312M 9s
1053696K ........ ........ ........ ........ ........ ........ 27%  320M 9s
1056768K ........ ........ ........ ........ ........ ........ 27%  323M 9s
1059840K ........ ........ ........ ........ ........ ........ 27%  320M 9s
1062912K ........ ........ ........ ........ ........ ........ 27%  321M 9s
1065984K ........ ........ ........ ........ ........ ........ 27%  308M 9s
1069056K ........ ........ ........ ........ ........ ........ 27%  334M 9s
1072128K ........ ........ ........ ........ ........ ........ 27%  312M 9s
1075200K ........ ........ ........ ........ ........ ........ 27%  321M 9s
1078272K ........ ........ ........ ........ ........ ........ 27%  326M 9s
1081344K ........ ........ ........ ........ ........ ........ 27%  326M 9s
1084416K ........ ........ ........ ........ ........ ........ 28%  326M 9s
1087488K ........ ........ ........ ........ ........ ........ 28%  331M 9s
1090560K ........ ........ ........ ........ ........ ........ 28%  336M 9s
1093632K ........ ........ ........ ........ ........ ........ 28%  325M 9s
1096704K ........ ........ ........ ........ ........ ........ 28%  322M 9s
1099776K ........ ........ ........ ........ ........ ........ 28%  311M 9s
1102848K ........ ........ ........ ........ ........ ........ 28%  337M 9s
1105920K ........ ........ ........ ........ ........ ........ 28%  324M 9s
1108992K ........ ........ ........ ........ ........ ........ 28%  309M 9s
1112064K ........ ........ ........ ........ ........ ........ 28%  323M 9s
1115136K ........ ........ ........ ........ ........ ........ 28%  339M 9s
1118208K ........ ........ ........ ........ ........ ........ 28%  336M 9s
1121280K ........ ........ ........ ........ ........ ........ 28%  325M 9s
1124352K ........ ........ ........ ........ ........ ........ 29%  332M 9s
1127424K ........ ........ ........ ........ ........ ........ 29%  296M 9s
1130496K ........ ........ ........ ........ ........ ........ 29%  332M 9s
1133568K ........ ........ ........ ........ ........ ........ 29%  306M 9s
1136640K ........ ........ ........ ........ ........ ........ 29%  334M 9s
1139712K ........ ........ ........ ........ ........ ........ 29%  305M 9s
1142784K ........ ........ ........ ........ ........ ........ 29%  331M 9s
1145856K ........ ........ ........ ........ ........ ........ 29%  336M 9s
1148928K ........ ........ ........ ........ ........ ........ 29%  328M 9s
1152000K ........ ........ ........ ........ ........ ........ 29%  330M 9s
1155072K ........ ........ ........ ........ ........ ........ 29%  330M 9s
1158144K ........ ........ ........ ........ ........ ........ 29%  335M 9s
1161216K ........ ........ ........ ........ ........ ........ 30%  319M 9s
1164288K ........ ........ ........ ........ ........ ........ 30%  317M 9s
1167360K ........ ........ ........ ........ ........ ........ 30%  331M 9s
1170432K ........ ........ ........ ........ ........ ........ 30%  321M 9s
1173504K ........ ........ ........ ........ ........ ........ 30%  313M 9s
1176576K ........ ........ ........ ........ ........ ........ 30%  321M 9s
1179648K ........ ........ ........ ........ ........ ........ 30%  328M 9s
1182720K ........ ........ ........ ........ ........ ........ 30%  321M 9s
1185792K ........ ........ ........ ........ ........ ........ 30%  337M 9s
1188864K ........ ........ ........ ........ ........ ........ 30%  312M 9s
1191936K ........ ........ ........ ........ ........ ........ 30%  332M 9s
1195008K ........ ........ ........ ........ ........ ........ 30%  329M 9s
1198080K ........ ........ ........ ........ ........ ........ 30%  330M 8s
1201152K ........ ........ ........ ........ ........ ........ 31%  336M 8s
1204224K ........ ........ ........ ........ ........ ........ 31%  324M 8s
1207296K ........ ........ ........ ........ ........ ........ 31%  330M 8s
1210368K ........ ........ ........ ........ ........ ........ 31%  321M 8s
1213440K ........ ........ ........ ........ ........ ........ 31%  319M 8s
1216512K ........ ........ ........ ........ ........ ........ 31%  307M 8s
1219584K ........ ........ ........ ........ ........ ........ 31%  333M 8s
1222656K ........ ........ ........ ........ ........ ........ 31%  319M 8s
1225728K ........ ........ ........ ........ ........ ........ 31%  319M 8s
1228800K ........ ........ ........ ........ ........ ........ 31%  322M 8s
1231872K ........ ........ ........ ........ ........ ........ 31%  315M 8s
1234944K ........ ........ ........ ........ ........ ........ 31%  315M 8s
1238016K ........ ........ ........ ........ ........ ........ 31%  326M 8s
1241088K ........ ........ ........ ........ ........ ........ 32%  337M 8s
1244160K ........ ........ ........ ........ ........ ........ 32%  336M 8s
1247232K ........ ........ ........ ........ ........ ........ 32%  327M 8s
1250304K ........ ........ ........ ........ ........ ........ 32%  315M 8s
1253376K ........ ........ ........ ........ ........ ........ 32%  320M 8s
1256448K ........ ........ ........ ........ ........ ........ 32%  326M 8s
1259520K ........ ........ ........ ........ ........ ........ 32%  333M 8s
1262592K ........ ........ ........ ........ ........ ........ 32%  332M 8s
1265664K ........ ........ ........ ........ ........ ........ 32%  333M 8s
1268736K ........ ........ ........ ........ ........ ........ 32%  322M 8s
1271808K ........ ........ ........ ........ ........ ........ 32%  332M 8s
1274880K ........ ........ ........ ........ ........ ........ 32%  326M 8s
1277952K ........ ........ ........ ........ ........ ........ 33%  323M 8s
1281024K ........ ........ ........ ........ ........ ........ 33%  309M 8s
1284096K ........ ........ ........ ........ ........ ........ 33%  321M 8s
1287168K ........ ........ ........ ........ ........ ........ 33%  309M 8s
1290240K ........ ........ ........ ........ ........ ........ 33%  327M 8s
1293312K ........ ........ ........ ........ ........ ........ 33%  321M 8s
1296384K ........ ........ ........ ........ ........ ........ 33%  316M 8s
1299456K ........ ........ ........ ........ ........ ........ 33%  316M 8s
1302528K ........ ........ ........ ........ ........ ........ 33%  334M 8s
1305600K ........ ........ ........ ........ ........ ........ 33%  320M 8s
1308672K ........ ........ ........ ........ ........ ........ 33%  332M 8s
1311744K ........ ........ ........ ........ ........ ........ 33%  316M 8s
1314816K ........ ........ ........ ........ ........ ........ 33%  325M 8s
1317888K ........ ........ ........ ........ ........ ........ 34%  286M 8s
1320960K ........ ........ ........ ........ ........ ........ 34%  335M 8s
1324032K ........ ........ ........ ........ ........ ........ 34%  335M 8s
1327104K ........ ........ ........ ........ ........ ........ 34%  336M 8s
1330176K ........ ........ ........ ........ ........ ........ 34%  314M 8s
1333248K ........ ........ ........ ........ ........ ........ 34%  324M 8s
1336320K ........ ........ ........ ........ ........ ........ 34%  319M 8s
1339392K ........ ........ ........ ........ ........ ........ 34%  321M 8s
1342464K ........ ........ ........ ........ ........ ........ 34%  320M 8s
1345536K ........ ........ ........ ........ ........ ........ 34%  326M 8s
1348608K ........ ........ ........ ........ ........ ........ 34%  323M 8s
1351680K ........ ........ ........ ........ ........ ........ 34%  332M 8s
1354752K ........ ........ ........ ........ ........ ........ 35%  327M 8s
1357824K ........ ........ ........ ........ ........ ........ 35%  337M 8s
1360896K ........ ........ ........ ........ ........ ........ 35%  332M 8s
1363968K ........ ........ ........ ........ ........ ........ 35%  333M 8s
1367040K ........ ........ ........ ........ ........ ........ 35%  321M 8s
1370112K ........ ........ ........ ........ ........ ........ 35%  322M 8s
1373184K ........ ........ ........ ........ ........ ........ 35%  315M 8s
1376256K ........ ........ ........ ........ ........ ........ 35%  318M 8s
1379328K ........ ........ ........ ........ ........ ........ 35%  324M 8s
1382400K ........ ........ ........ ........ ........ ........ 35%  320M 8s
1385472K ........ ........ ........ ........ ........ ........ 35%  320M 8s
1388544K ........ ........ ........ ........ ........ ........ 35%  313M 8s
1391616K ........ ........ ........ ........ ........ ........ 35%  335M 8s
1394688K ........ ........ ........ ........ ........ ........ 36%  313M 8s
1397760K ........ ........ ........ ........ ........ ........ 36%  335M 8s
1400832K ........ ........ ........ ........ ........ ........ 36%  302M 8s
1403904K ........ ........ ........ ........ ........ ........ 36%  332M 8s
1406976K ........ ........ ........ ........ ........ ........ 36%  300M 8s
1410048K ........ ........ ........ ........ ........ ........ 36%  322M 8s
1413120K ........ ........ ........ ........ ........ ........ 36%  307M 8s
1416192K ........ ........ ........ ........ ........ ........ 36%  331M 8s
1419264K ........ ........ ........ ........ ........ ........ 36%  316M 8s
1422336K ........ ........ ........ ........ ........ ........ 36%  321M 8s
1425408K ........ ........ ........ ........ ........ ........ 36%  323M 8s
1428480K ........ ........ ........ ........ ........ ........ 36%  317M 8s
1431552K ........ ........ ........ ........ ........ ........ 36%  320M 8s
1434624K ........ ........ ........ ........ ........ ........ 37%  324M 8s
1437696K ........ ........ ........ ........ ........ ........ 37%  327M 8s
1440768K ........ ........ ........ ........ ........ ........ 37%  322M 8s
1443840K ........ ........ ........ ........ ........ ........ 37%  320M 8s
1446912K ........ ........ ........ ........ ........ ........ 37%  324M 8s
1449984K ........ ........ ........ ........ ........ ........ 37%  324M 8s
1453056K ........ ........ ........ ........ ........ ........ 37%  319M 8s
1456128K ........ ........ ........ ........ ........ ........ 37%  323M 8s
1459200K ........ ........ ........ ........ ........ ........ 37%  336M 8s
1462272K ........ ........ ........ ........ ........ ........ 37%  332M 8s
1465344K ........ ........ ........ ........ ........ ........ 37%  336M 8s
1468416K ........ ........ ........ ........ ........ ........ 37%  318M 8s
1471488K ........ ........ ........ ........ ........ ........ 38%  329M 8s
1474560K ........ ........ ........ ........ ........ ........ 38%  330M 8s
1477632K ........ ........ ........ ........ ........ ........ 38%  321M 8s
1480704K ........ ........ ........ ........ ........ ........ 38%  311M 8s
1483776K ........ ........ ........ ........ ........ ........ 38%  301M 8s
1486848K ........ ........ ........ ........ ........ ........ 38%  322M 8s
1489920K ........ ........ ........ ........ ........ ........ 38%  282M 8s
1492992K ........ ........ ........ ........ ........ ........ 38%  322M 7s
1496064K ........ ........ ........ ........ ........ ........ 38%  314M 7s
1499136K ........ ........ ........ ........ ........ ........ 38%  328M 7s
1502208K ........ ........ ........ ........ ........ ........ 38%  321M 7s
1505280K ........ ........ ........ ........ ........ ........ 38%  323M 7s
1508352K ........ ........ ........ ........ ........ ........ 38%  319M 7s
1511424K ........ ........ ........ ........ ........ ........ 39%  323M 7s
1514496K ........ ........ ........ ........ ........ ........ 39%  323M 7s
1517568K ........ ........ ........ ........ ........ ........ 39%  339M 7s
1520640K ........ ........ ........ ........ ........ ........ 39%  331M 7s
1523712K ........ ........ ........ ........ ........ ........ 39%  325M 7s
1526784K ........ ........ ........ ........ ........ ........ 39%  329M 7s
1529856K ........ ........ ........ ........ ........ ........ 39%  335M 7s
1532928K ........ ........ ........ ........ ........ ........ 39%  318M 7s
1536000K ........ ........ ........ ........ ........ ........ 39%  332M 7s
1539072K ........ ........ ........ ........ ........ ........ 39%  323M 7s
1542144K ........ ........ ........ ........ ........ ........ 39%  283M 7s
1545216K ........ ........ ........ ........ ........ ........ 39%  326M 7s
1548288K ........ ........ ........ ........ ........ ........ 39%  323M 7s
1551360K ........ ........ ........ ........ ........ ........ 40%  336M 7s
1554432K ........ ........ ........ ........ ........ ........ 40%  333M 7s
1557504K ........ ........ ........ ........ ........ ........ 40%  307M 7s
1560576K ........ ........ ........ ........ ........ ........ 40%  322M 7s
1563648K ........ ........ ........ ........ ........ ........ 40%  321M 7s
1566720K ........ ........ ........ ........ ........ ........ 40%  323M 7s
1569792K ........ ........ ........ ........ ........ ........ 40%  323M 7s
1572864K ........ ........ ........ ........ ........ ........ 40%  323M 7s
1575936K ........ ........ ........ ........ ........ ........ 40%  327M 7s
1579008K ........ ........ ........ ........ ........ ........ 40%  325M 7s
1582080K ........ ........ ........ ........ ........ ........ 40%  318M 7s
1585152K ........ ........ ........ ........ ........ ........ 40%  329M 7s
1588224K ........ ........ ........ ........ ........ ........ 41%  332M 7s
1591296K ........ ........ ........ ........ ........ ........ 41%  326M 7s
1594368K ........ ........ ........ ........ ........ ........ 41%  318M 7s
1597440K ........ ........ ........ ........ ........ ........ 41%  326M 7s
1600512K ........ ........ ........ ........ ........ ........ 41%  323M 7s
1603584K ........ ........ ........ ........ ........ ........ 41%  334M 7s
1606656K ........ ........ ........ ........ ........ ........ 41%  279M 7s
1609728K ........ ........ ........ ........ ........ ........ 41%  326M 7s
1612800K ........ ........ ........ ........ ........ ........ 41%  330M 7s
1615872K ........ ........ ........ ........ ........ ........ 41%  316M 7s
1618944K ........ ........ ........ ........ ........ ........ 41%  325M 7s
1622016K ........ ........ ........ ........ ........ ........ 41%  319M 7s
1625088K ........ ........ ........ ........ ........ ........ 41%  319M 7s
1628160K ........ ........ ........ ........ ........ ........ 42%  286M 7s
1631232K ........ ........ ........ ........ ........ ........ 42%  326M 7s
1634304K ........ ........ ........ ........ ........ ........ 42%  314M 7s
1637376K ........ ........ ........ ........ ........ ........ 42%  325M 7s
1640448K ........ ........ ........ ........ ........ ........ 42%  318M 7s
1643520K ........ ........ ........ ........ ........ ........ 42%  333M 7s
1646592K ........ ........ ........ ........ ........ ........ 42%  310M 7s
1649664K ........ ........ ........ ........ ........ ........ 42%  320M 7s
1652736K ........ ........ ........ ........ ........ ........ 42%  324M 7s
1655808K ........ ........ ........ ........ ........ ........ 42%  320M 7s
1658880K ........ ........ ........ ........ ........ ........ 42%  334M 7s
1661952K ........ ........ ........ ........ ........ ........ 42%  318M 7s
1665024K ........ ........ ........ ........ ........ ........ 43%  336M 7s
1668096K ........ ........ ........ ........ ........ ........ 43%  319M 7s
1671168K ........ ........ ........ ........ ........ ........ 43%  318M 7s
1674240K ........ ........ ........ ........ ........ ........ 43%  311M 7s
1677312K ........ ........ ........ ........ ........ ........ 43%  318M 7s
1680384K ........ ........ ........ ........ ........ ........ 43%  316M 7s
1683456K ........ ........ ........ ........ ........ ........ 43%  322M 7s
1686528K ........ ........ ........ ........ ........ ........ 43%  324M 7s
1689600K ........ ........ ........ ........ ........ ........ 43%  315M 7s
1692672K ........ ........ ........ ........ ........ ........ 43%  324M 7s
1695744K ........ ........ ........ ........ ........ ........ 43%  322M 7s
1698816K ........ ........ ........ ........ ........ ........ 43%  321M 7s
1701888K ........ ........ ........ ........ ........ ........ 43%  336M 7s
1704960K ........ ........ ........ ........ ........ ........ 44%  280M 7s
1708032K ........ ........ ........ ........ ........ ........ 44%  339M 7s
1711104K ........ ........ ........ ........ ........ ........ 44%  326M 7s
1714176K ........ ........ ........ ........ ........ ........ 44%  334M 7s
1717248K ........ ........ ........ ........ ........ ........ 44%  335M 7s
1720320K ........ ........ ........ ........ ........ ........ 44%  333M 7s
1723392K ........ ........ ........ ........ ........ ........ 44%  324M 7s
1726464K ........ ........ ........ ........ ........ ........ 44%  319M 7s
1729536K ........ ........ ........ ........ ........ ........ 44%  322M 7s
1732608K ........ ........ ........ ........ ........ ........ 44%  322M 7s
1735680K ........ ........ ........ ........ ........ ........ 44%  320M 7s
1738752K ........ ........ ........ ........ ........ ........ 44%  313M 7s
1741824K ........ ........ ........ ........ ........ ........ 44%  326M 7s
1744896K ........ ........ ........ ........ ........ ........ 45%  317M 7s
1747968K ........ ........ ........ ........ ........ ........ 45%  324M 7s
1751040K ........ ........ ........ ........ ........ ........ 45%  323M 7s
1754112K ........ ........ ........ ........ ........ ........ 45%  337M 7s
1757184K ........ ........ ........ ........ ........ ........ 45%  336M 7s
1760256K ........ ........ ........ ........ ........ ........ 45%  326M 7s
1763328K ........ ........ ........ ........ ........ ........ 45%  327M 7s
1766400K ........ ........ ........ ........ ........ ........ 45%  326M 7s
1769472K ........ ........ ........ ........ ........ ........ 45%  320M 7s
1772544K ........ ........ ........ ........ ........ ........ 45%  321M 7s
1775616K ........ ........ ........ ........ ........ ........ 45%  324M 7s
1778688K ........ ........ ........ ........ ........ ........ 45%  317M 7s
1781760K ........ ........ ........ ........ ........ ........ 46%  313M 7s
1784832K ........ ........ ........ ........ ........ ........ 46%  327M 7s
1787904K ........ ........ ........ ........ ........ ........ 46%  308M 7s
1790976K ........ ........ ........ ........ ........ ........ 46%  328M 7s
1794048K ........ ........ ........ ........ ........ ........ 46%  311M 7s
1797120K ........ ........ ........ ........ ........ ........ 46%  320M 7s
1800192K ........ ........ ........ ........ ........ ........ 46%  329M 6s
1803264K ........ ........ ........ ........ ........ ........ 46%  321M 6s
1806336K ........ ........ ........ ........ ........ ........ 46%  289M 6s
1809408K ........ ........ ........ ........ ........ ........ 46%  340M 6s
1812480K ........ ........ ........ ........ ........ ........ 46%  329M 6s
1815552K ........ ........ ........ ........ ........ ........ 46%  178M 6s
1818624K ........ ........ ........ ........ ........ ........ 46%  296M 6s
1821696K ........ ........ ........ ........ ........ ........ 47%  189M 6s
1824768K ........ ........ ........ ........ ........ ........ 47%  319M 6s
1827840K ........ ........ ........ ........ ........ ........ 47%  314M 6s
1830912K ........ ........ ........ ........ ........ ........ 47%  318M 6s
1833984K ........ ........ ........ ........ ........ ........ 47%  323M 6s
1837056K ........ ........ ........ ........ ........ ........ 47%  304M 6s
1840128K ........ ........ ........ ........ ........ ........ 47%  308M 6s
1843200K ........ ........ ........ ........ ........ ........ 47%  318M 6s
1846272K ........ ........ ........ ........ ........ ........ 47%  333M 6s
1849344K ........ ........ ........ ........ ........ ........ 47%  330M 6s
1852416K ........ ........ ........ ........ ........ ........ 47%  330M 6s
1855488K ........ ........ ........ ........ ........ ........ 47%  333M 6s
1858560K ........ ........ ........ ........ ........ ........ 47%  327M 6s
1861632K ........ ........ ........ ........ ........ ........ 48%  319M 6s
1864704K ........ ........ ........ ........ ........ ........ 48%  337M 6s
1867776K ........ ........ ........ ........ ........ ........ 48%  308M 6s
1870848K ........ ........ ........ ........ ........ ........ 48%  342M 6s
1873920K ........ ........ ........ ........ ........ ........ 48%  327M 6s
1876992K ........ ........ ........ ........ ........ ........ 48%  335M 6s
1880064K ........ ........ ........ ........ ........ ........ 48%  328M 6s
1883136K ........ ........ ........ ........ ........ ........ 48%  321M 6s
1886208K ........ ........ ........ ........ ........ ........ 48%  319M 6s
1889280K ........ ........ ........ ........ ........ ........ 48%  313M 6s
1892352K ........ ........ ........ ........ ........ ........ 48%  322M 6s
1895424K ........ ........ ........ ........ ........ ........ 48%  321M 6s
1898496K ........ ........ ........ ........ ........ ........ 49%  318M 6s
1901568K ........ ........ ........ ........ ........ ........ 49%  319M 6s
1904640K ........ ........ ........ ........ ........ ........ 49%  324M 6s
1907712K ........ ........ ........ ........ ........ ........ 49%  333M 6s
1910784K ........ ........ ........ ........ ........ ........ 49%  300M 6s
1913856K ........ ........ ........ ........ ........ ........ 49%  317M 6s
1916928K ........ ........ ........ ........ ........ ........ 49%  334M 6s
1920000K ........ ........ ........ ........ ........ ........ 49%  335M 6s
1923072K ........ ........ ........ ........ ........ ........ 49%  333M 6s
1926144K ........ ........ ........ ........ ........ ........ 49%  333M 6s
1929216K ........ ........ ........ ........ ........ ........ 49%  320M 6s
1932288K ........ ........ ........ ........ ........ ........ 49%  295M 6s
1935360K ........ ........ ........ ........ ........ ........ 49%  321M 6s
1938432K ........ ........ ........ ........ ........ ........ 50%  322M 6s
1941504K ........ ........ ........ ........ ........ ........ 50%  322M 6s
1944576K ........ ........ ........ ........ ........ ........ 50%  320M 6s
1947648K ........ ........ ........ ........ ........ ........ 50%  324M 6s
1950720K ........ ........ ........ ........ ........ ........ 50%  317M 6s
1953792K ........ ........ ........ ........ ........ ........ 50%  299M 6s
1956864K ........ ........ ........ ........ ........ ........ 50%  325M 6s
1959936K ........ ........ ........ ........ ........ ........ 50%  323M 6s
1963008K ........ ........ ........ ........ ........ ........ 50%  323M 6s
1966080K ........ ........ ........ ........ ........ ........ 50%  310M 6s
1969152K ........ ........ ........ ........ ........ ........ 50%  309M 6s
1972224K ........ ........ ........ ........ ........ ........ 50%  320M 6s
1975296K ........ ........ ........ ........ ........ ........ 50%  329M 6s
1978368K ........ ........ ........ ........ ........ ........ 51%  322M 6s
1981440K ........ ........ ........ ........ ........ ........ 51%  316M 6s
1984512K ........ ........ ........ ........ ........ ........ 51%  332M 6s
1987584K ........ ........ ........ ........ ........ ........ 51%  330M 6s
1990656K ........ ........ ........ ........ ........ ........ 51%  336M 6s
1993728K ........ ........ ........ ........ ........ ........ 51%  337M 6s
1996800K ........ ........ ........ ........ ........ ........ 51%  331M 6s
1999872K ........ ........ ........ ........ ........ ........ 51%  318M 6s
2002944K ........ ........ ........ ........ ........ ........ 51%  286M 6s
2006016K ........ ........ ........ ........ ........ ........ 51%  328M 6s
2009088K ........ ........ ........ ........ ........ ........ 51%  331M 6s
2012160K ........ ........ ........ ........ ........ ........ 51%  298M 6s
2015232K ........ ........ ........ ........ ........ ........ 52%  340M 6s
2018304K ........ ........ ........ ........ ........ ........ 52%  335M 6s
2021376K ........ ........ ........ ........ ........ ........ 52%  325M 6s
2024448K ........ ........ ........ ........ ........ ........ 52%  334M 6s
2027520K ........ ........ ........ ........ ........ ........ 52%  327M 6s
2030592K ........ ........ ........ ........ ........ ........ 52%  331M 6s
2033664K ........ ........ ........ ........ ........ ........ 52%  336M 6s
2036736K ........ ........ ........ ........ ........ ........ 52%  322M 6s
2039808K ........ ........ ........ ........ ........ ........ 52%  336M 6s
2042880K ........ ........ ........ ........ ........ ........ 52%  306M 6s
2045952K ........ ........ ........ ........ ........ ........ 52%  334M 6s
2049024K ........ ........ ........ ........ ........ ........ 52%  293M 6s
2052096K ........ ........ ........ ........ ........ ........ 52%  336M 6s
2055168K ........ ........ ........ ........ ........ ........ 53%  293M 6s
2058240K ........ ........ ........ ........ ........ ........ 53%  321M 6s
2061312K ........ ........ ........ ........ ........ ........ 53%  320M 6s
2064384K ........ ........ ........ ........ ........ ........ 53%  315M 6s
2067456K ........ ........ ........ ........ ........ ........ 53%  304M 6s
2070528K ........ ........ ........ ........ ........ ........ 53%  312M 6s
2073600K ........ ........ ........ ........ ........ ........ 53%  332M 6s
2076672K ........ ........ ........ ........ ........ ........ 53%  328M 6s
2079744K ........ ........ ........ ........ ........ ........ 53%  302M 6s
2082816K ........ ........ ........ ........ ........ ........ 53%  320M 6s
2085888K ........ ........ ........ ........ ........ ........ 53%  314M 6s
2088960K ........ ........ ........ ........ ........ ........ 53%  324M 6s
2092032K ........ ........ ........ ........ ........ ........ 54%  316M 6s
2095104K ........ ........ ........ ........ ........ ........ 54%  324M 6s
2098176K ........ ........ ........ ........ ........ ........ 54%  324M 6s
2101248K ........ ........ ........ ........ ........ ........ 54%  322M 6s
2104320K ........ ........ ........ ........ ........ ........ 54%  322M 6s
2107392K ........ ........ ........ ........ ........ ........ 54%  336M 6s
2110464K ........ ........ ........ ........ ........ ........ 54%  321M 6s
2113536K ........ ........ ........ ........ ........ ........ 54%  305M 6s
2116608K ........ ........ ........ ........ ........ ........ 54%  333M 5s
2119680K ........ ........ ........ ........ ........ ........ 54%  325M 5s
2122752K ........ ........ ........ ........ ........ ........ 54%  318M 5s
2125824K ........ ........ ........ ........ ........ ........ 54%  322M 5s
2128896K ........ ........ ........ ........ ........ ........ 54%  319M 5s
2131968K ........ ........ ........ ........ ........ ........ 55%  293M 5s
2135040K ........ ........ ........ ........ ........ ........ 55%  315M 5s
2138112K ........ ........ ........ ........ ........ ........ 55%  322M 5s
2141184K ........ ........ ........ ........ ........ ........ 55%  312M 5s
2144256K ........ ........ ........ ........ ........ ........ 55%  321M 5s
2147328K ........ ........ ........ ........ ........ ........ 55%  316M 5s
2150400K ........ ........ ........ ........ ........ ........ 55%  322M 5s
2153472K ........ ........ ........ ........ ........ ........ 55%  323M 5s
2156544K ........ ........ ........ ........ ........ ........ 55%  320M 5s
2159616K ........ ........ ........ ........ ........ ........ 55%  318M 5s
2162688K ........ ........ ........ ........ ........ ........ 55%  317M 5s
2165760K ........ ........ ........ ........ ........ ........ 55%  322M 5s
2168832K ........ ........ ........ ........ ........ ........ 55%  314M 5s
2171904K ........ ........ ........ ........ ........ ........ 56%  325M 5s
2174976K ........ ........ ........ ........ ........ ........ 56%  322M 5s
2178048K ........ ........ ........ ........ ........ ........ 56%  319M 5s
2181120K ........ ........ ........ ........ ........ ........ 56%  325M 5s
2184192K ........ ........ ........ ........ ........ ........ 56%  318M 5s
2187264K ........ ........ ........ ........ ........ ........ 56%  331M 5s
2190336K ........ ........ ........ ........ ........ ........ 56%  314M 5s
2193408K ........ ........ ........ ........ ........ ........ 56%  318M 5s
2196480K ........ ........ ........ ........ ........ ........ 56%  322M 5s
2199552K ........ ........ ........ ........ ........ ........ 56%  341M 5s
2202624K ........ ........ ........ ........ ........ ........ 56%  331M 5s
2205696K ........ ........ ........ ........ ........ ........ 56%  305M 5s
2208768K ........ ........ ........ ........ ........ ........ 57%  335M 5s
2211840K ........ ........ ........ ........ ........ ........ 57%  329M 5s
2214912K ........ ........ ........ ........ ........ ........ 57%  331M 5s
2217984K ........ ........ ........ ........ ........ ........ 57%  328M 5s
2221056K ........ ........ ........ ........ ........ ........ 57%  337M 5s
2224128K ........ ........ ........ ........ ........ ........ 57%  326M 5s
2227200K ........ ........ ........ ........ ........ ........ 57%  328M 5s
2230272K ........ ........ ........ ........ ........ ........ 57%  317M 5s
2233344K ........ ........ ........ ........ ........ ........ 57%  329M 5s
2236416K ........ ........ ........ ........ ........ ........ 57%  319M 5s
2239488K ........ ........ ........ ........ ........ ........ 57%  324M 5s
2242560K ........ ........ ........ ........ ........ ........ 57%  314M 5s
2245632K ........ ........ ........ ........ ........ ........ 57%  319M 5s
2248704K ........ ........ ........ ........ ........ ........ 58%  320M 5s
2251776K ........ ........ ........ ........ ........ ........ 58%  323M 5s
2254848K ........ ........ ........ ........ ........ ........ 58%  328M 5s
2257920K ........ ........ ........ ........ ........ ........ 58%  312M 5s
2260992K ........ ........ ........ ........ ........ ........ 58%  304M 5s
2264064K ........ ........ ........ ........ ........ ........ 58%  297M 5s
2267136K ........ ........ ........ ........ ........ ........ 58%  340M 5s
2270208K ........ ........ ........ ........ ........ ........ 58%  331M 5s
2273280K ........ ........ ........ ........ ........ ........ 58%  335M 5s
2276352K ........ ........ ........ ........ ........ ........ 58%  331M 5s
2279424K ........ ........ ........ ........ ........ ........ 58%  340M 5s
2282496K ........ ........ ........ ........ ........ ........ 58%  333M 5s
2285568K ........ ........ ........ ........ ........ ........ 58%  331M 5s
2288640K ........ ........ ........ ........ ........ ........ 59%  330M 5s
2291712K ........ ........ ........ ........ ........ ........ 59%  327M 5s
2294784K ........ ........ ........ ........ ........ ........ 59%  332M 5s
2297856K ........ ........ ........ ........ ........ ........ 59%  315M 5s
2300928K ........ ........ ........ ........ ........ ........ 59%  326M 5s
2304000K ........ ........ ........ ........ ........ ........ 59%  317M 5s
2307072K ........ ........ ........ ........ ........ ........ 59%  323M 5s
2310144K ........ ........ ........ ........ ........ ........ 59%  306M 5s
2313216K ........ ........ ........ ........ ........ ........ 59%  278M 5s
2316288K ........ ........ ........ ........ ........ ........ 59%  332M 5s
2319360K ........ ........ ........ ........ ........ ........ 59%  332M 5s
2322432K ........ ........ ........ ........ ........ ........ 59%  327M 5s
2325504K ........ ........ ........ ........ ........ ........ 60%  328M 5s
2328576K ........ ........ ........ ........ ........ ........ 60%  336M 5s
2331648K ........ ........ ........ ........ ........ ........ 60%  328M 5s
2334720K ........ ........ ........ ........ ........ ........ 60%  329M 5s
2337792K ........ ........ ........ ........ ........ ........ 60%  323M 5s
2340864K ........ ........ ........ ........ ........ ........ 60%  311M 5s
2343936K ........ ........ ........ ........ ........ ........ 60%  329M 5s
2347008K ........ ........ ........ ........ ........ ........ 60%  333M 5s
2350080K ........ ........ ........ ........ ........ ........ 60%  334M 5s
2353152K ........ ........ ........ ........ ........ ........ 60%  338M 5s
2356224K ........ ........ ........ ........ ........ ........ 60%  332M 5s
2359296K ........ ........ ........ ........ ........ ........ 60%  308M 5s
2362368K ........ ........ ........ ........ ........ ........ 60%  304M 5s
2365440K ........ ........ ........ ........ ........ ........ 61%  315M 5s
2368512K ........ ........ ........ ........ ........ ........ 61%  318M 5s
2371584K ........ ........ ........ ........ ........ ........ 61%  319M 5s
2374656K ........ ........ ........ ........ ........ ........ 61%  325M 5s
2377728K ........ ........ ........ ........ ........ ........ 61%  318M 5s
2380800K ........ ........ ........ ........ ........ ........ 61%  324M 5s
2383872K ........ ........ ........ ........ ........ ........ 61%  310M 5s
2386944K ........ ........ ........ ........ ........ ........ 61%  321M 5s
2390016K ........ ........ ........ ........ ........ ........ 61%  334M 5s
2393088K ........ ........ ........ ........ ........ ........ 61%  317M 5s
2396160K ........ ........ ........ ........ ........ ........ 61%  304M 5s
2399232K ........ ........ ........ ........ ........ ........ 61%  303M 5s
2402304K ........ ........ ........ ........ ........ ........ 62%  336M 5s
2405376K ........ ........ ........ ........ ........ ........ 62%  334M 5s
2408448K ........ ........ ........ ........ ........ ........ 62%  334M 5s
2411520K ........ ........ ........ ........ ........ ........ 62%  333M 5s
2414592K ........ ........ ........ ........ ........ ........ 62%  330M 5s
2417664K ........ ........ ........ ........ ........ ........ 62%  329M 5s
2420736K ........ ........ ........ ........ ........ ........ 62%  329M 5s
2423808K ........ ........ ........ ........ ........ ........ 62%  239M 5s
2426880K ........ ........ ........ ........ ........ ........ 62%  320M 5s
2429952K ........ ........ ........ ........ ........ ........ 62%  332M 4s
2433024K ........ ........ ........ ........ ........ ........ 62%  336M 4s
2436096K ........ ........ ........ ........ ........ ........ 62%  335M 4s
2439168K ........ ........ ........ ........ ........ ........ 62%  331M 4s
2442240K ........ ........ ........ ........ ........ ........ 63%  321M 4s
2445312K ........ ........ ........ ........ ........ ........ 63%  324M 4s
2448384K ........ ........ ........ ........ ........ ........ 63%  281M 4s
2451456K ........ ........ ........ ........ ........ ........ 63%  336M 4s
2454528K ........ ........ ........ ........ ........ ........ 63%  328M 4s
2457600K ........ ........ ........ ........ ........ ........ 63%  330M 4s
2460672K ........ ........ ........ ........ ........ ........ 63%  328M 4s
2463744K ........ ........ ........ ........ ........ ........ 63%  332M 4s
2466816K ........ ........ ........ ........ ........ ........ 63%  326M 4s
2469888K ........ ........ ........ ........ ........ ........ 63%  337M 4s
2472960K ........ ........ ........ ........ ........ ........ 63%  317M 4s
2476032K ........ ........ ........ ........ ........ ........ 63%  333M 4s
2479104K ........ ........ ........ ........ ........ ........ 63%  317M 4s
2482176K ........ ........ ........ ........ ........ ........ 64%  330M 4s
2485248K ........ ........ ........ ........ ........ ........ 64%  322M 4s
2488320K ........ ........ ........ ........ ........ ........ 64%  318M 4s
2491392K ........ ........ ........ ........ ........ ........ 64%  322M 4s
2494464K ........ ........ ........ ........ ........ ........ 64%  268M 4s
2497536K ........ ........ ........ ........ ........ ........ 64%  336M 4s
2500608K ........ ........ ........ ........ ........ ........ 64%  333M 4s
2503680K ........ ........ ........ ........ ........ ........ 64%  338M 4s
2506752K ........ ........ ........ ........ ........ ........ 64%  323M 4s
2509824K ........ ........ ........ ........ ........ ........ 64%  325M 4s
2512896K ........ ........ ........ ........ ........ ........ 64%  314M 4s
2515968K ........ ........ ........ ........ ........ ........ 64%  323M 4s
2519040K ........ ........ ........ ........ ........ ........ 65%  322M 4s
2522112K ........ ........ ........ ........ ........ ........ 65%  324M 4s
2525184K ........ ........ ........ ........ ........ ........ 65%  318M 4s
2528256K ........ ........ ........ ........ ........ ........ 65%  317M 4s
2531328K ........ ........ ........ ........ ........ ........ 65%  336M 4s
2534400K ........ ........ ........ ........ ........ ........ 65%  337M 4s
2537472K ........ ........ ........ ........ ........ ........ 65%  338M 4s
2540544K ........ ........ ........ ........ ........ ........ 65%  322M 4s
2543616K ........ ........ ........ ........ ........ ........ 65%  328M 4s
2546688K ........ ........ ........ ........ ........ ........ 65%  336M 4s
2549760K ........ ........ ........ ........ ........ ........ 65%  323M 4s
2552832K ........ ........ ........ ........ ........ ........ 65%  335M 4s
2555904K ........ ........ ........ ........ ........ ........ 65%  306M 4s
2558976K ........ ........ ........ ........ ........ ........ 66%  307M 4s
2562048K ........ ........ ........ ........ ........ ........ 66%  308M 4s
2565120K ........ ........ ........ ........ ........ ........ 66%  328M 4s
2568192K ........ ........ ........ ........ ........ ........ 66%  321M 4s
2571264K ........ ........ ........ ........ ........ ........ 66%  321M 4s
2574336K ........ ........ ........ ........ ........ ........ 66%  328M 4s
2577408K ........ ........ ........ ........ ........ ........ 66%  318M 4s
2580480K ........ ........ ........ ........ ........ ........ 66%  324M 4s
2583552K ........ ........ ........ ........ ........ ........ 66%  323M 4s
2586624K ........ ........ ........ ........ ........ ........ 66%  326M 4s
2589696K ........ ........ ........ ........ ........ ........ 66%  321M 4s
2592768K ........ ........ ........ ........ ........ ........ 66%  336M 4s
2595840K ........ ........ ........ ........ ........ ........ 66%  317M 4s
2598912K ........ ........ ........ ........ ........ ........ 67%  335M 4s
2601984K ........ ........ ........ ........ ........ ........ 67%  337M 4s
2605056K ........ ........ ........ ........ ........ ........ 67%  332M 4s
2608128K ........ ........ ........ ........ ........ ........ 67%  309M 4s
2611200K ........ ........ ........ ........ ........ ........ 67%  334M 4s
2614272K ........ ........ ........ ........ ........ ........ 67%  334M 4s
2617344K ........ ........ ........ ........ ........ ........ 67%  324M 4s
2620416K ........ ........ ........ ........ ........ ........ 67%  322M 4s
2623488K ........ ........ ........ ........ ........ ........ 67%  322M 4s
2626560K ........ ........ ........ ........ ........ ........ 67%  315M 4s
2629632K ........ ........ ........ ........ ........ ........ 67%  329M 4s
2632704K ........ ........ ........ ........ ........ ........ 67%  312M 4s
2635776K ........ ........ ........ ........ ........ ........ 68%  329M 4s
2638848K ........ ........ ........ ........ ........ ........ 68%  317M 4s
2641920K ........ ........ ........ ........ ........ ........ 68%  317M 4s
2644992K ........ ........ ........ ........ ........ ........ 68%  323M 4s
2648064K ........ ........ ........ ........ ........ ........ 68%  336M 4s
2651136K ........ ........ ........ ........ ........ ........ 68%  333M 4s
2654208K ........ ........ ........ ........ ........ ........ 68%  332M 4s
2657280K ........ ........ ........ ........ ........ ........ 68%  336M 4s
2660352K ........ ........ ........ ........ ........ ........ 68%  308M 4s
2663424K ........ ........ ........ ........ ........ ........ 68%  338M 4s
2666496K ........ ........ ........ ........ ........ ........ 68%  336M 4s
2669568K ........ ........ ........ ........ ........ ........ 68%  326M 4s
2672640K ........ ........ ........ ........ ........ ........ 68%  313M 4s
2675712K ........ ........ ........ ........ ........ ........ 69%  319M 4s
2678784K ........ ........ ........ ........ ........ ........ 69%  315M 4s
2681856K ........ ........ ........ ........ ........ ........ 69%  320M 4s
2684928K ........ ........ ........ ........ ........ ........ 69%  314M 4s
2688000K ........ ........ ........ ........ ........ ........ 69%  320M 4s
2691072K ........ ........ ........ ........ ........ ........ 69%  315M 4s
2694144K ........ ........ ........ ........ ........ ........ 69%  306M 4s
2697216K ........ ........ ........ ........ ........ ........ 69%  322M 4s
2700288K ........ ........ ........ ........ ........ ........ 69%  335M 4s
2703360K ........ ........ ........ ........ ........ ........ 69%  327M 4s
2706432K ........ ........ ........ ........ ........ ........ 69%  339M 4s
2709504K ........ ........ ........ ........ ........ ........ 69%  292M 4s
2712576K ........ ........ ........ ........ ........ ........ 70%  294M 4s
2715648K ........ ........ ........ ........ ........ ........ 70%  341M 4s
2718720K ........ ........ ........ ........ ........ ........ 70%  328M 4s
2721792K ........ ........ ........ ........ ........ ........ 70%  335M 4s
2724864K ........ ........ ........ ........ ........ ........ 70%  301M 4s
2727936K ........ ........ ........ ........ ........ ........ 70%  325M 4s
2731008K ........ ........ ........ ........ ........ ........ 70%  322M 4s
2734080K ........ ........ ........ ........ ........ ........ 70%  329M 4s
2737152K ........ ........ ........ ........ ........ ........ 70%  331M 4s
2740224K ........ ........ ........ ........ ........ ........ 70%  337M 4s
2743296K ........ ........ ........ ........ ........ ........ 70%  329M 4s
2746368K ........ ........ ........ ........ ........ ........ 70%  309M 4s
2749440K ........ ........ ........ ........ ........ ........ 70%  340M 3s
2752512K ........ ........ ........ ........ ........ ........ 71%  331M 3s
2755584K ........ ........ ........ ........ ........ ........ 71%  334M 3s
2758656K ........ ........ ........ ........ ........ ........ 71%  301M 3s
2761728K ........ ........ ........ ........ ........ ........ 71%  331M 3s
2764800K ........ ........ ........ ........ ........ ........ 71%  331M 3s
2767872K ........ ........ ........ ........ ........ ........ 71%  313M 3s
2770944K ........ ........ ........ ........ ........ ........ 71%  321M 3s
2774016K ........ ........ ........ ........ ........ ........ 71%  329M 3s
2777088K ........ ........ ........ ........ ........ ........ 71%  306M 3s
2780160K ........ ........ ........ ........ ........ ........ 71%  332M 3s
2783232K ........ ........ ........ ........ ........ ........ 71%  308M 3s
2786304K ........ ........ ........ ........ ........ ........ 71%  331M 3s
2789376K ........ ........ ........ ........ ........ ........ 71%  320M 3s
2792448K ........ ........ ........ ........ ........ ........ 72%  308M 3s
2795520K ........ ........ ........ ........ ........ ........ 72%  325M 3s
2798592K ........ ........ ........ ........ ........ ........ 72%  320M 3s
2801664K ........ ........ ........ ........ ........ ........ 72%  318M 3s
2804736K ........ ........ ........ ........ ........ ........ 72%  311M 3s
2807808K ........ ........ ........ ........ ........ ........ 72%  347M 3s
2810880K ........ ........ ........ ........ ........ ........ 72%  332M 3s
2813952K ........ ........ ........ ........ ........ ........ 72%  331M 3s
2817024K ........ ........ ........ ........ ........ ........ 72%  335M 3s
2820096K ........ ........ ........ ........ ........ ........ 72%  328M 3s
2823168K ........ ........ ........ ........ ........ ........ 72%  328M 3s
2826240K ........ ........ ........ ........ ........ ........ 72%  330M 3s
2829312K ........ ........ ........ ........ ........ ........ 73%  326M 3s
2832384K ........ ........ ........ ........ ........ ........ 73%  322M 3s
2835456K ........ ........ ........ ........ ........ ........ 73%  316M 3s
2838528K ........ ........ ........ ........ ........ ........ 73%  322M 3s
2841600K ........ ........ ........ ........ ........ ........ 73%  326M 3s
2844672K ........ ........ ........ ........ ........ ........ 73%  318M 3s
2847744K ........ ........ ........ ........ ........ ........ 73%  306M 3s
2850816K ........ ........ ........ ........ ........ ........ 73%  322M 3s
2853888K ........ ........ ........ ........ ........ ........ 73%  323M 3s
2856960K ........ ........ ........ ........ ........ ........ 73%  320M 3s
2860032K ........ ........ ........ ........ ........ ........ 73%  324M 3s
2863104K ........ ........ ........ ........ ........ ........ 73%  328M 3s
2866176K ........ ........ ........ ........ ........ ........ 73%  340M 3s
2869248K ........ ........ ........ ........ ........ ........ 74%  310M 3s
2872320K ........ ........ ........ ........ ........ ........ 74%  330M 3s
2875392K ........ ........ ........ ........ ........ ........ 74%  323M 3s
2878464K ........ ........ ........ ........ ........ ........ 74%  316M 3s
2881536K ........ ........ ........ ........ ........ ........ 74%  333M 3s
2884608K ........ ........ ........ ........ ........ ........ 74%  313M 3s
2887680K ........ ........ ........ ........ ........ ........ 74%  272M 3s
2890752K ........ ........ ........ ........ ........ ........ 74%  268M 3s
2893824K ........ ........ ........ ........ ........ ........ 74%  341M 3s
2896896K ........ ........ ........ ........ ........ ........ 74%  338M 3s
2899968K ........ ........ ........ ........ ........ ........ 74%  336M 3s
2903040K ........ ........ ........ ........ ........ ........ 74%  329M 3s
2906112K ........ ........ ........ ........ ........ ........ 74%  329M 3s
2909184K ........ ........ ........ ........ ........ ........ 75%  335M 3s
2912256K ........ ........ ........ ........ ........ ........ 75%  336M 3s
2915328K ........ ........ ........ ........ ........ ........ 75%  335M 3s
2918400K ........ ........ ........ ........ ........ ........ 75%  312M 3s
2921472K ........ ........ ........ ........ ........ ........ 75%  323M 3s
2924544K ........ ........ ........ ........ ........ ........ 75%  324M 3s
2927616K ........ ........ ........ ........ ........ ........ 75%  329M 3s
2930688K ........ ........ ........ ........ ........ ........ 75%  322M 3s
2933760K ........ ........ ........ ........ ........ ........ 75%  312M 3s
2936832K ........ ........ ........ ........ ........ ........ 75%  328M 3s
2939904K ........ ........ ........ ........ ........ ........ 75%  319M 3s
2942976K ........ ........ ........ ........ ........ ........ 75%  320M 3s
2946048K ........ ........ ........ ........ ........ ........ 76%  330M 3s
2949120K ........ ........ ........ ........ ........ ........ 76%  318M 3s
2952192K ........ ........ ........ ........ ........ ........ 76%  319M 3s
2955264K ........ ........ ........ ........ ........ ........ 76%  319M 3s
2958336K ........ ........ ........ ........ ........ ........ 76%  323M 3s
2961408K ........ ........ ........ ........ ........ ........ 76%  334M 3s
2964480K ........ ........ ........ ........ ........ ........ 76%  327M 3s
2967552K ........ ........ ........ ........ ........ ........ 76%  337M 3s
2970624K ........ ........ ........ ........ ........ ........ 76%  329M 3s
2973696K ........ ........ ........ ........ ........ ........ 76%  331M 3s
2976768K ........ ........ ........ ........ ........ ........ 76%  331M 3s
2979840K ........ ........ ........ ........ ........ ........ 76%  317M 3s
2982912K ........ ........ ........ ........ ........ ........ 76%  325M 3s
2985984K ........ ........ ........ ........ ........ ........ 77%  326M 3s
2989056K ........ ........ ........ ........ ........ ........ 77%  334M 3s
2992128K ........ ........ ........ ........ ........ ........ 77%  310M 3s
2995200K ........ ........ ........ ........ ........ ........ 77%  329M 3s
2998272K ........ ........ ........ ........ ........ ........ 77%  314M 3s
3001344K ........ ........ ........ ........ ........ ........ 77%  316M 3s
3004416K ........ ........ ........ ........ ........ ........ 77%  330M 3s
3007488K ........ ........ ........ ........ ........ ........ 77%  323M 3s
3010560K ........ ........ ........ ........ ........ ........ 77%  320M 3s
3013632K ........ ........ ........ ........ ........ ........ 77%  319M 3s
3016704K ........ ........ ........ ........ ........ ........ 77%  327M 3s
3019776K ........ ........ ........ ........ ........ ........ 77%  322M 3s
3022848K ........ ........ ........ ........ ........ ........ 78%  339M 3s
3025920K ........ ........ ........ ........ ........ ........ 78%  334M 3s
3028992K ........ ........ ........ ........ ........ ........ 78%  331M 3s
3032064K ........ ........ ........ ........ ........ ........ 78%  305M 3s
3035136K ........ ........ ........ ........ ........ ........ 78%  335M 3s
3038208K ........ ........ ........ ........ ........ ........ 78%  319M 3s
3041280K ........ ........ ........ ........ ........ ........ 78%  318M 3s
3044352K ........ ........ ........ ........ ........ ........ 78%  317M 3s
3047424K ........ ........ ........ ........ ........ ........ 78%  307M 3s
3050496K ........ ........ ........ ........ ........ ........ 78%  325M 3s
3053568K ........ ........ ........ ........ ........ ........ 78%  325M 3s
3056640K ........ ........ ........ ........ ........ ........ 78%  324M 3s
3059712K ........ ........ ........ ........ ........ ........ 78%  321M 3s
3062784K ........ ........ ........ ........ ........ ........ 79%  319M 3s
3065856K ........ ........ ........ ........ ........ ........ 79%  318M 3s
3068928K ........ ........ ........ ........ ........ ........ 79%  325M 2s
3072000K ........ ........ ........ ........ ........ ........ 79%  321M 2s
3075072K ........ ........ ........ ........ ........ ........ 79%  330M 2s
3078144K ........ ........ ........ ........ ........ ........ 79%  329M 2s
3081216K ........ ........ ........ ........ ........ ........ 79%  297M 2s
3084288K ........ ........ ........ ........ ........ ........ 79%  339M 2s
3087360K ........ ........ ........ ........ ........ ........ 79%  330M 2s
3090432K ........ ........ ........ ........ ........ ........ 79%  338M 2s
3093504K ........ ........ ........ ........ ........ ........ 79%  333M 2s
3096576K ........ ........ ........ ........ ........ ........ 79%  192M 2s
3099648K ........ ........ ........ ........ ........ ........ 79%  300M 2s
3102720K ........ ........ ........ ........ ........ ........ 80%  320M 2s
3105792K ........ ........ ........ ........ ........ ........ 80%  321M 2s
3108864K ........ ........ ........ ........ ........ ........ 80%  314M 2s
3111936K ........ ........ ........ ........ ........ ........ 80%  323M 2s
3115008K ........ ........ ........ ........ ........ ........ 80%  309M 2s
3118080K ........ ........ ........ ........ ........ ........ 80%  315M 2s
3121152K ........ ........ ........ ........ ........ ........ 80%  324M 2s
3124224K ........ ........ ........ ........ ........ ........ 80%  291M 2s
3127296K ........ ........ ........ ........ ........ ........ 80%  324M 2s
3130368K ........ ........ ........ ........ ........ ........ 80%  313M 2s
3133440K ........ ........ ........ ........ ........ ........ 80%  323M 2s
3136512K ........ ........ ........ ........ ........ ........ 80%  321M 2s
3139584K ........ ........ ........ ........ ........ ........ 81%  321M 2s
3142656K ........ ........ ........ ........ ........ ........ 81%  313M 2s
3145728K ........ ........ ........ ........ ........ ........ 81%  322M 2s
3148800K ........ ........ ........ ........ ........ ........ 81%  325M 2s
3151872K ........ ........ ........ ........ ........ ........ 81%  312M 2s
3154944K ........ ........ ........ ........ ........ ........ 81%  328M 2s
3158016K ........ ........ ........ ........ ........ ........ 81%  338M 2s
3161088K ........ ........ ........ ........ ........ ........ 81%  322M 2s
3164160K ........ ........ ........ ........ ........ ........ 81%  338M 2s
3167232K ........ ........ ........ ........ ........ ........ 81%  334M 2s
3170304K ........ ........ ........ ........ ........ ........ 81%  329M 2s
3173376K ........ ........ ........ ........ ........ ........ 81%  331M 2s
3176448K ........ ........ ........ ........ ........ ........ 81%  315M 2s
3179520K ........ ........ ........ ........ ........ ........ 82%  324M 2s
3182592K ........ ........ ........ ........ ........ ........ 82%  319M 2s
3185664K ........ ........ ........ ........ ........ ........ 82%  322M 2s
3188736K ........ ........ ........ ........ ........ ........ 82%  320M 2s
3191808K ........ ........ ........ ........ ........ ........ 82%  318M 2s
3194880K ........ ........ ........ ........ ........ ........ 82%  318M 2s
3197952K ........ ........ ........ ........ ........ ........ 82%  322M 2s
3201024K ........ ........ ........ ........ ........ ........ 82%  308M 2s
3204096K ........ ........ ........ ........ ........ ........ 82%  326M 2s
3207168K ........ ........ ........ ........ ........ ........ 82%  325M 2s
3210240K ........ ........ ........ ........ ........ ........ 82%  336M 2s
3213312K ........ ........ ........ ........ ........ ........ 82%  323M 2s
3216384K ........ ........ ........ ........ ........ ........ 82%  262M 2s
3219456K ........ ........ ........ ........ ........ ........ 83%  318M 2s
3222528K ........ ........ ........ ........ ........ ........ 83%  327M 2s
3225600K ........ ........ ........ ........ ........ ........ 83%  319M 2s
3228672K ........ ........ ........ ........ ........ ........ 83%  312M 2s
3231744K ........ ........ ........ ........ ........ ........ 83%  325M 2s
3234816K ........ ........ ........ ........ ........ ........ 83%  322M 2s
3237888K ........ ........ ........ ........ ........ ........ 83%  320M 2s
3240960K ........ ........ ........ ........ ........ ........ 83%  324M 2s
3244032K ........ ........ ........ ........ ........ ........ 83%  171M 2s
3247104K ........ ........ ........ ........ ........ ........ 83%  291M 2s
3250176K ........ ........ ........ ........ ........ ........ 83%  183M 2s
3253248K ........ ........ ........ ........ ........ ........ 83%  284M 2s
3256320K ........ ........ ........ ........ ........ ........ 84%  185M 2s
3259392K ........ ........ ........ ........ ........ ........ 84%  235M 2s
3262464K ........ ........ ........ ........ ........ ........ 84%  295M 2s
3265536K ........ ........ ........ ........ ........ ........ 84%  179M 2s
3268608K ........ ........ ........ ........ ........ ........ 84%  281M 2s
3271680K ........ ........ ........ ........ ........ ........ 84%  241M 2s
3274752K ........ ........ ........ ........ ........ ........ 84%  214M 2s
3277824K ........ ........ ........ ........ ........ ........ 84%  237M 2s
3280896K ........ ........ ........ ........ ........ ........ 84%  187M 2s
3283968K ........ ........ ........ ........ ........ ........ 84%  277M 2s
3287040K ........ ........ ........ ........ ........ ........ 84%  265M 2s
3290112K ........ ........ ........ ........ ........ ........ 84%  201M 2s
3293184K ........ ........ ........ ........ ........ ........ 84%  281M 2s
3296256K ........ ........ ........ ........ ........ ........ 85%  198M 2s
3299328K ........ ........ ........ ........ ........ ........ 85%  274M 2s
3302400K ........ ........ ........ ........ ........ ........ 85%  222M 2s
3305472K ........ ........ ........ ........ ........ ........ 85%  218M 2s
3308544K ........ ........ ........ ........ ........ ........ 85%  288M 2s
3311616K ........ ........ ........ ........ ........ ........ 85%  217M 2s
3314688K ........ ........ ........ ........ ........ ........ 85%  238M 2s
3317760K ........ ........ ........ ........ ........ ........ 85%  229M 2s
3320832K ........ ........ ........ ........ ........ ........ 85%  241M 2s
3323904K ........ ........ ........ ........ ........ ........ 85%  266M 2s
3326976K ........ ........ ........ ........ ........ ........ 85%  212M 2s
3330048K ........ ........ ........ ........ ........ ........ 85%  260M 2s
3333120K ........ ........ ........ ........ ........ ........ 86%  229M 2s
3336192K ........ ........ ........ ........ ........ ........ 86%  241M 2s
3339264K ........ ........ ........ ........ ........ ........ 86%  261M 2s
3342336K ........ ........ ........ ........ ........ ........ 86%  226M 2s
3345408K ........ ........ ........ ........ ........ ........ 86%  256M 2s
3348480K ........ ........ ........ ........ ........ ........ 86%  228M 2s
3351552K ........ ........ ........ ........ ........ ........ 86%  251M 2s
3354624K ........ ........ ........ ........ ........ ........ 86%  256M 2s
3357696K ........ ........ ........ ........ ........ ........ 86%  234M 2s
3360768K ........ ........ ........ ........ ........ ........ 86%  236M 2s
3363840K ........ ........ ........ ........ ........ ........ 86%  229M 2s
3366912K ........ ........ ........ ........ ........ ........ 86%  261M 2s
3369984K ........ ........ ........ ........ ........ ........ 86%  255M 2s
3373056K ........ ........ ........ ........ ........ ........ 87%  229M 2s
3376128K ........ ........ ........ ........ ........ ........ 87%  241M 2s
3379200K ........ ........ ........ ........ ........ ........ 87%  263M 2s
3382272K ........ ........ ........ ........ ........ ........ 87%  216M 2s
3385344K ........ ........ ........ ........ ........ ........ 87%  261M 2s
3388416K ........ ........ ........ ........ ........ ........ 87%  208M 2s
3391488K ........ ........ ........ ........ ........ ........ 87%  260M 2s
3394560K ........ ........ ........ ........ ........ ........ 87%  266M 2s
3397632K ........ ........ ........ ........ ........ ........ 87%  215M 2s
3400704K ........ ........ ........ ........ ........ ........ 87%  269M 1s
3403776K ........ ........ ........ ........ ........ ........ 87%  232M 1s
3406848K ........ ........ ........ ........ ........ ........ 87%  233M 1s
3409920K ........ ........ ........ ........ ........ ........ 87%  276M 1s
3412992K ........ ........ ........ ........ ........ ........ 88%  219M 1s
3416064K ........ ........ ........ ........ ........ ........ 88%  260M 1s
3419136K ........ ........ ........ ........ ........ ........ 88%  253M 1s
3422208K ........ ........ ........ ........ ........ ........ 88%  220M 1s
3425280K ........ ........ ........ ........ ........ ........ 88%  265M 1s
3428352K ........ ........ ........ ........ ........ ........ 88%  222M 1s
3431424K ........ ........ ........ ........ ........ ........ 88%  260M 1s
3434496K ........ ........ ........ ........ ........ ........ 88%  256M 1s
3437568K ........ ........ ........ ........ ........ ........ 88%  230M 1s
3440640K ........ ........ ........ ........ ........ ........ 88%  262M 1s
3443712K ........ ........ ........ ........ ........ ........ 88%  252M 1s
3446784K ........ ........ ........ ........ ........ ........ 88%  225M 1s
3449856K ........ ........ ........ ........ ........ ........ 89%  245M 1s
3452928K ........ ........ ........ ........ ........ ........ 89%  238M 1s
3456000K ........ ........ ........ ........ ........ ........ 89%  257M 1s
3459072K ........ ........ ........ ........ ........ ........ 89%  252M 1s
3462144K ........ ........ ........ ........ ........ ........ 89%  235M 1s
3465216K ........ ........ ........ ........ ........ ........ 89%  273M 1s
3468288K ........ ........ ........ ........ ........ ........ 89%  247M 1s
3471360K ........ ........ ........ ........ ........ ........ 89%  236M 1s
3474432K ........ ........ ........ ........ ........ ........ 89%  265M 1s
3477504K ........ ........ ........ ........ ........ ........ 89%  259M 1s
3480576K ........ ........ ........ ........ ........ ........ 89%  230M 1s
3483648K ........ ........ ........ ........ ........ ........ 89%  262M 1s
3486720K ........ ........ ........ ........ ........ ........ 89%  256M 1s
3489792K ........ ........ ........ ........ ........ ........ 90%  238M 1s
3492864K ........ ........ ........ ........ ........ ........ 90%  255M 1s
3495936K ........ ........ ........ ........ ........ ........ 90%  247M 1s
3499008K ........ ........ ........ ........ ........ ........ 90%  237M 1s
3502080K ........ ........ ........ ........ ........ ........ 90%  269M 1s
3505152K ........ ........ ........ ........ ........ ........ 90%  245M 1s
3508224K ........ ........ ........ ........ ........ ........ 90%  221M 1s
3511296K ........ ........ ........ ........ ........ ........ 90%  292M 1s
3514368K ........ ........ ........ ........ ........ ........ 90%  250M 1s
3517440K ........ ........ ........ ........ ........ ........ 90%  228M 1s
3520512K ........ ........ ........ ........ ........ ........ 90%  277M 1s
3523584K ........ ........ ........ ........ ........ ........ 90%  258M 1s
3526656K ........ ........ ........ ........ ........ ........ 90%  226M 1s
3529728K ........ ........ ........ ........ ........ ........ 91%  273M 1s
3532800K ........ ........ ........ ........ ........ ........ 91%  249M 1s
3535872K ........ ........ ........ ........ ........ ........ 91%  237M 1s
3538944K ........ ........ ........ ........ ........ ........ 91%  265M 1s
3542016K ........ ........ ........ ........ ........ ........ 91%  242M 1s
3545088K ........ ........ ........ ........ ........ ........ 91%  248M 1s
3548160K ........ ........ ........ ........ ........ ........ 91%  268M 1s
3551232K ........ ........ ........ ........ ........ ........ 91%  240M 1s
3554304K ........ ........ ........ ........ ........ ........ 91%  258M 1s
3557376K ........ ........ ........ ........ ........ ........ 91%  258M 1s
3560448K ........ ........ ........ ........ ........ ........ 91%  236M 1s
3563520K ........ ........ ........ ........ ........ ........ 91%  259M 1s
3566592K ........ ........ ........ ........ ........ ........ 92%  261M 1s
3569664K ........ ........ ........ ........ ........ ........ 92%  235M 1s
3572736K ........ ........ ........ ........ ........ ........ 92%  261M 1s
3575808K ........ ........ ........ ........ ........ ........ 92%  255M 1s
3578880K ........ ........ ........ ........ ........ ........ 92%  235M 1s
3581952K ........ ........ ........ ........ ........ ........ 92%  270M 1s
3585024K ........ ........ ........ ........ ........ ........ 92%  259M 1s
3588096K ........ ........ ........ ........ ........ ........ 92%  237M 1s
3591168K ........ ........ ........ ........ ........ ........ 92%  270M 1s
3594240K ........ ........ ........ ........ ........ ........ 92%  258M 1s
3597312K ........ ........ ........ ........ ........ ........ 92%  230M 1s
3600384K ........ ........ ........ ........ ........ ........ 92%  268M 1s
3603456K ........ ........ ........ ........ ........ ........ 92%  273M 1s
3606528K ........ ........ ........ ........ ........ ........ 93%  230M 1s
3609600K ........ ........ ........ ........ ........ ........ 93%  271M 1s
3612672K ........ ........ ........ ........ ........ ........ 93%  268M 1s
3615744K ........ ........ ........ ........ ........ ........ 93%  254M 1s
3618816K ........ ........ ........ ........ ........ ........ 93%  213M 1s
3621888K ........ ........ ........ ........ ........ ........ 93%  306M 1s
3624960K ........ ........ ........ ........ ........ ........ 93%  271M 1s
3628032K ........ ........ ........ ........ ........ ........ 93%  217M 1s
3631104K ........ ........ ........ ........ ........ ........ 93%  284M 1s
3634176K ........ ........ ........ ........ ........ ........ 93%  290M 1s
3637248K ........ ........ ........ ........ ........ ........ 93%  241M 1s
3640320K ........ ........ ........ ........ ........ ........ 93%  242M 1s
3643392K ........ ........ ........ ........ ........ ........ 94%  280M 1s
3646464K ........ ........ ........ ........ ........ ........ 94%  254M 1s
3649536K ........ ........ ........ ........ ........ ........ 94%  237M 1s
3652608K ........ ........ ........ ........ ........ ........ 94%  260M 1s
3655680K ........ ........ ........ ........ ........ ........ 94%  277M 1s
3658752K ........ ........ ........ ........ ........ ........ 94%  232M 1s
3661824K ........ ........ ........ ........ ........ ........ 94%  263M 1s
3664896K ........ ........ ........ ........ ........ ........ 94%  292M 1s
3667968K ........ ........ ........ ........ ........ ........ 94%  233M 1s
3671040K ........ ........ ........ ........ ........ ........ 94%  249M 1s
3674112K ........ ........ ........ ........ ........ ........ 94%  278M 1s
3677184K ........ ........ ........ ........ ........ ........ 94%  247M 1s
3680256K ........ ........ ........ ........ ........ ........ 94%  250M 1s
3683328K ........ ........ ........ ........ ........ ........ 95%  271M 1s
3686400K ........ ........ ........ ........ ........ ........ 95%  272M 1s
3689472K ........ ........ ........ ........ ........ ........ 95%  235M 1s
3692544K ........ ........ ........ ........ ........ ........ 95%  205M 1s
3695616K ........ ........ ........ ........ ........ ........ 95%  292M 1s
3698688K ........ ........ ........ ........ ........ ........ 95%  301M 1s
3701760K ........ ........ ........ ........ ........ ........ 95%  196M 1s
3704832K ........ ........ ........ ........ ........ ........ 95%  299M 1s
3707904K ........ ........ ........ ........ ........ ........ 95%  293M 1s
3710976K ........ ........ ........ ........ ........ ........ 95%  210M 1s
3714048K ........ ........ ........ ........ ........ ........ 95%  274M 1s
3717120K ........ ........ ........ ........ ........ ........ 95%  299M 1s
3720192K ........ ........ ........ ........ ........ ........ 95%  222M 0s
3723264K ........ ........ ........ ........ ........ ........ 96%  258M 0s
3726336K ........ ........ ........ ........ ........ ........ 96%  281M 0s
3729408K ........ ........ ........ ........ ........ ........ 96%  282M 0s
3732480K ........ ........ ........ ........ ........ ........ 96%  221M 0s
3735552K ........ ........ ........ ........ ........ ........ 96%  279M 0s
3738624K ........ ........ ........ ........ ........ ........ 96%  285M 0s
3741696K ........ ........ ........ ........ ........ ........ 96%  225M 0s
3744768K ........ ........ ........ ........ ........ ........ 96%  267M 0s
3747840K ........ ........ ........ ........ ........ ........ 96%  278M 0s
3750912K ........ ........ ........ ........ ........ ........ 96%  247M 0s
3753984K ........ ........ ........ ........ ........ ........ 96%  250M 0s
3757056K ........ ........ ........ ........ ........ ........ 96%  274M 0s
3760128K ........ ........ ........ ........ ........ ........ 97%  245M 0s
3763200K ........ ........ ........ ........ ........ ........ 97%  268M 0s
3766272K ........ ........ ........ ........ ........ ........ 97%  198M 0s
3769344K ........ ........ ........ ........ ........ ........ 97%  305M 0s
3772416K ........ ........ ........ ........ ........ ........ 97%  294M 0s
3775488K ........ ........ ........ ........ ........ ........ 97%  265M 0s
3778560K ........ ........ ........ ........ ........ ........ 97%  219M 0s
3781632K ........ ........ ........ ........ ........ ........ 97%  280M 0s
3784704K ........ ........ ........ ........ ........ ........ 97%  290M 0s
3787776K ........ ........ ........ ........ ........ ........ 97%  222M 0s
3790848K ........ ........ ........ ........ ........ ........ 97%  270M 0s
3793920K ........ ........ ........ ........ ........ ........ 97%  289M 0s
3796992K ........ ........ ........ ........ ........ ........ 97%  285M 0s
3800064K ........ ........ ........ ........ ........ ........ 98%  227M 0s
3803136K ........ ........ ........ ........ ........ ........ 98%  270M 0s
3806208K ........ ........ ........ ........ ........ ........ 98%  290M 0s
3809280K ........ ........ ........ ........ ........ ........ 98%  261M 0s
3812352K ........ ........ ........ ........ ........ ........ 98%  235M 0s
3815424K ........ ........ ........ ........ ........ ........ 98%  286M 0s
3818496K ........ ........ ........ ........ ........ ........ 98%  283M 0s
3821568K ........ ........ ........ ........ ........ ........ 98%  246M 0s
3824640K ........ ........ ........ ........ ........ ........ 98%  258M 0s
3827712K ........ ........ ........ ........ ........ ........ 98%  273M 0s
3830784K ........ ........ ........ ........ ........ ........ 98%  283M 0s
3833856K ........ ........ ........ ........ ........ ........ 98%  225M 0s
3836928K ........ ........ ........ ........ ........ ........ 98%  281M 0s
3840000K ........ ........ ........ ........ ........ ........ 99%  280M 0s
3843072K ........ ........ ........ ........ ........ ........ 99%  253M 0s
3846144K ........ ........ ........ ........ ........ ........ 99%  248M 0s
3849216K ........ ........ ........ ........ ........ ........ 99%  290M 0s
3852288K ........ ........ ........ ........ ........ ........ 99%  260M 0s
3855360K ........ ........ ........ ........ ........ ........ 99%  242M 0s
3858432K ........ ........ ........ ........ ........ ........ 99%  284M 0s
3861504K ........ ........ ........ ........ ........ ........ 99%  252M 0s
3864576K ........ ........ ........ ........ ........ ........ 99%  282M 0s
3867648K ........ ........ ........ ........ ........ ........ 99%  246M 0s
3870720K ........ ........ ........ ........ ........ ........ 99%  294M 0s
3873792K ........ ........ ........ ........ ........ ........ 99%  251M 0s
3876864K ........ ........ ........ ........ ....             100%  268M=13s

2021-04-25 22:44:00 (303 MB/s) - '/dev/null' saved [3972317184/3972317184]

