--2021-04-24 20:28:11--  http://debian.c3sl.ufpr.br/debian-cd/current/amd64/iso-dvd/debian-10.9.0-amd64-DVD-1.iso
Resolving debian.c3sl.ufpr.br (debian.c3sl.ufpr.br)... 2801:82:80ff:8000::4
Connecting to debian.c3sl.ufpr.br (debian.c3sl.ufpr.br)|2801:82:80ff:8000::4|:80... connected.
HTTP request sent, awaiting response... 200 OK
Length: 3972317184 (3,7G) [application/x-iso9660-image]
Saving to: ‘/dev/null’

     0K ........ ........ ........ ........ ........ ........  0% 3,46M 18m14s
  3072K ........ ........ ........ ........ ........ ........  0% 2,96M 19m45s
  6144K ........ ........ ........ ........ ........ ........  0% 1,35M 28m44s
  9216K ........ ........ ........ ........ ........ ........  0% 1,44M 32m29s
 12288K ........ ........ ........ ........ ........ ........  0% 1,36M 35m12s
 15360K ........ ........ ........ ........ ........ ........  0%  716K 44m18s
 18432K ........ ........ ........ ........ ........ ........  0% 1,09M 46m8s
 21504K ........ ........ ........ ........ ........ ........  0%  829K 50m1s
 24576K ........ ........ ........ ........ ........ ........  0% 1014K 51m28s
 27648K ........ ........ ........ ........ ........ ........  0% 1018K 52m35s
 30720K ........ ........ ........ ........ ........ ........  0%  812K 54m57s
 33792K ........ ........ ........ ........ ........ ........  0%  934K 56m2s
 36864K ........ ........ ........ ........ ........ ........  1%  875K 57m19s
 39936K ........ ........ ........ ........ ........ ........  1% 1017K 57m40s
 43008K ........ ........ ........ ........ ........ ........  1%  791K 59m10s
 46080K ........ ........ ........ ........ ........ ........  1%  990K 59m27s
 49152K ........ ........ ........ ........ ........ ........  1%  910K 60m2s
 52224K ........ ........ ........ ........ ........ ........  1% 1,21M 59m31s
 55296K ........ ........ ........ ........ ........ ........  1% 1000K 59m41s
 58368K ........ ........ ........ ........ ........ ........  1% 1,04M 59m38s
 61440K ........ ........ ........ ........ ........ ........  1% 1,03M 59m38s
 64512K ........ ........ ........ ........ ........ ........  1% 1,20M 59m14s
 67584K ........ ........ ........ ........ ........ ........  1% 1,26M 58m44s
 70656K ........ ........ ........ ........ ........ ........  1%  771K 59m41s
 73728K ........ ........ ........ ........ ........ ........  1%  922K 60m0s
 76800K ........ ........ ........ ........ ........ ........  2% 1,26M 59m32s
 79872K ........ ........ ........ ........ ........ ........  2%  813K 60m9s
 82944K ........ ........ ........ ........ ........ ........  2%  745K 61m0s
 86016K ........ ........ ........ ........ ........ ........  2% 1,23M 60m34s
 89088K ........ ........ ........ ........ ........ ........  2% 1,37M 60m0s
 92160K ........ ........ ........ ........ ........ ........  2%  993K 60m4s
 95232K ........ ........ ........ ........ ........ ........  2%  715K 60m54s
 98304K ........ ........ ........ ........ ........ ........  2% 1,02M 60m50s
101376K ........ ........ ........ ........ ........ ........  2% 1,02M 60m45s
104448K ........ ........ ........ ........ ........ ........  2%  965K 60m50s
107520K ........ ........ ........ ........ ........ ........  2% 1,08M 60m41s
110592K ........ ........ ........ ........ ........ ........  2% 1,16M 60m25s
113664K ........ ........ ........ ........ ........ ........  3% 1,41M 59m55s
116736K ........ ........ ........ ........ ........ ........  3% 1,95M 59m8s
119808K ........ ........ ........ ........ ........ ........  3% 1,90M 58m25s
122880K ........ ........ ........ ........ ........ ........  3% 1,30M 58m5s
125952K ........ ........ ........ ........ ........ ........  3%  735K 58m41s
129024K ........ ........ ........ ........ ........ ........  3%  799K 59m6s
132096K ........ ........ ........ ........ ........ ........  3%  899K 59m17s
135168K ........ ........ ........ ........ ........ ........  3%  657K 60m1s
138240K ........ ........ ........ ........ ........ ........  3%  523K 61m16s
141312K ........ ........ ........ ........ ........ ........  3%  936K 61m20s
144384K ........ ........ ........ ........ ........ ........  3%  804K 61m37s
147456K ........ ........ ........ ........ ........ ........  3%  795K 61m54s
150528K ........ ........ ........ ........ ........ ........  3%  899K 62m0s
153600K ........ ........ ........ ........ ........ ........  4% 1,06M 61m51s
156672K ........ ........ ........ ........ ........ ........  4% 1,27M 61m32s
159744K ........ ........ ........ ........ ........ ........  4% 1,39M 61m8s
162816K ........ ........ ........ ........ ........ ........  4% 1,17M 60m54s
165888K ........ ........ ........ ........ ........ ........  4% 1,06M 60m47s
168960K ........ ........ ........ ........ ........ ........  4% 1,03M 60m42s
172032K ........ ........ ........ ........ ........ ........  4% 1,05M 60m36s
175104K ........ ........ ........ ........ ........ ........  4%  791K 60m51s
178176K ........ ........ ........ ........ ........ ........  4%  626K 61m26s
181248K ........ ........ ........ ........ ........ ........  4%  999K 61m23s
184320K ........ ........ ........ ........ ........ ........  4%  813K 61m34s
187392K ........ ........ ........ ........ ........ ........  4%  983K 61m32s
190464K ........ ........ ........ ........ ........ ........  4%  901K 61m35s
193536K ........ ........ ........ ........ ........ ........  5% 1,01M 61m30s
196608K ........ ........ ........ ........ ........ ........  5% 1,05M 61m23s
199680K ........ ........ ........ ........ ........ ........  5%  985K 61m21s
202752K ........ ........ ........ ........ ........ ........  5%  950K 61m21s
205824K ........ ........ ........ ........ ........ ........  5%  957K 61m20s
208896K ........ ........ ........ ........ ........ ........  5%  831K 61m27s
211968K ........ ........ ........ ........ ........ ........  5% 1,08M 61m19s
215040K ........ ........ ........ ........ ........ ........  5% 1,11M 61m10s
218112K ........ ........ ........ ........ ........ ........  5%  891K 61m13s
221184K ........ ........ ........ ........ ........ ........  5% 1,16M 61m2s
224256K ........ ........ ........ ........ ........ ........  5% 1,14M 60m51s
227328K ........ ........ ........ ........ ........ ........  5% 1,11M 60m42s
230400K ........ ........ ........ ........ ........ ........  6% 1,21M 60m30s
233472K ........ ........ ........ ........ ........ ........  6%  793K 60m40s
236544K ........ ........ ........ ........ ........ ........  6% 1015K 60m36s
239616K ........ ........ ........ ........ ........ ........  6%  993K 60m33s
242688K ........ ........ ........ ........ ........ ........  6%  674K 60m52s
245760K ........ ........ ........ ........ ........ ........  6% 1023K 60m48s
248832K ........ ........ ........ ........ ........ ........  6%  855K 60m52s
251904K ........ ........ ........ ........ ........ ........  6% 1,10M 60m44s
254976K ........ ........ ........ ........ ........ ........  6%  665K 61m2s
258048K ........ ........ ........ ........ ........ ........  6%  598K 61m27s
261120K ........ ........ ........ ........ ........ ........  6% 1,22M 61m15s
264192K ........ ........ ........ ........ ........ ........  6% 1,05M 61m8s
267264K ........ ........ ........ ........ ........ ........  6%  824K 61m13s
270336K ........ ........ ........ ........ ........ ........  7%  686K 61m28s
273408K ........ ........ ........ ........ ........ ........  7% 1,10M 61m19s
276480K ........ ........ ........ ........ ........ ........  7%  936K 61m18s
279552K ........ ........ ........ ........ ........ ........  7% 1,20M 61m7s
282624K ........ ........ ........ ........ ........ ........  7% 1,22M 60m55s
285696K ........ ........ ........ ........ ........ ........  7% 1,16M 60m45s
288768K ........ ........ ........ ........ ........ ........  7% 1,38M 60m31s
291840K ........ ........ ........ ........ ........ ........  7% 1,05M 60m25s
294912K ........ ........ ........ ........ ........ ........  7% 1018K 60m20s
297984K ........ ........ ........ ........ ........ ........  7%  935K 60m19s
301056K ........ ........ ........ ........ ........ ........  7%  993K 60m16s
304128K ........ ........ ........ ........ ........ ........  7% 1017K 60m12s
307200K ........ ........ ........ ........ ........ ........  7% 1,12M 60m4s
310272K ........ ........ ........ ........ ........ ........  8% 1,40M 59m50s
313344K ........ ........ ........ ........ ........ ........  8% 1,29M 59m38s
316416K ........ ........ ........ ........ ........ ........  8%  969K 59m36s
319488K ........ ........ ........ ........ ........ ........  8%  882K 59m37s
322560K ........ ........ ........ ........ ........ ........  8% 1,02M 59m33s
325632K ........ ........ ........ ........ ........ ........  8% 1,10M 59m26s
328704K ........ ........ ........ ........ ........ ........  8% 1,03M 59m21s
331776K ........ ........ ........ ........ ........ ........  8%  887K 59m22s
334848K ........ ........ ........ ........ ........ ........  8% 1,22M 59m12s
337920K ........ ........ ........ ........ ........ ........  8% 1,07M 59m6s
340992K ........ ........ ........ ........ ........ ........  8% 1,18M 58m58s
344064K ........ ........ ........ ........ ........ ........  8% 1,22M 58m48s
347136K ........ ........ ........ ........ ........ ........  9%  984K 58m46s
350208K ........ ........ ........ ........ ........ ........  9% 1003K 58m43s
353280K ........ ........ ........ ........ ........ ........  9% 1,23M 58m33s
356352K ........ ........ ........ ........ ........ ........  9%  909K 58m33s
359424K ........ ........ ........ ........ ........ ........  9% 1,21M 58m24s
362496K ........ ........ ........ ........ ........ ........  9% 1,17M 58m17s
365568K ........ ........ ........ ........ ........ ........  9%  767K 58m22s
368640K ........ ........ ........ ........ ........ ........  9% 1,12M 58m16s
371712K ........ ........ ........ ........ ........ ........  9% 1,11M 58m9s
374784K ........ ........ ........ ........ ........ ........  9%  985K 58m7s
377856K ........ ........ ........ ........ ........ ........  9% 1,38M 57m56s
380928K ........ ........ ........ ........ ........ ........  9% 1,50M 57m43s
384000K ........ ........ ........ ........ ........ ........  9% 1,09M 57m37s
387072K ........ ........ ........ ........ ........ ........ 10%  884K 57m38s
390144K ........ ........ ........ ........ ........ ........ 10%  742K 57m45s
393216K ........ ........ ........ ........ ........ ........ 10% 1,12M 57m39s
396288K ........ ........ ........ ........ ........ ........ 10%  818K 57m42s
399360K ........ ........ ........ ........ ........ ........ 10%  841K 57m44s
402432K ........ ........ ........ ........ ........ ........ 10% 1005K 57m41s
405504K ........ ........ ........ ........ ........ ........ 10%  876K 57m41s
408576K ........ ........ ........ ........ ........ ........ 10% 1,24M 57m33s
411648K ........ ........ ........ ........ ........ ........ 10% 1,28M 57m24s
414720K ........ ........ ........ ........ ........ ........ 10% 1,29M 57m15s
417792K ........ ........ ........ ........ ........ ........ 10% 1,40M 57m4s
420864K ........ ........ ........ ........ ........ ....