--2021-04-25 23:04:11--  https://www.lange.net.br/carregar_link2
Resolving www.lange.net.br (www.lange.net.br)... 213.136.80.111
Connecting to www.lange.net.br (www.lange.net.br)|213.136.80.111|:443... connected.
HTTP request sent, awaiting response... 200 OK
Length: 3972317184 (3.7G)
Saving to: ‘/dev/null’

     0K ........ ........ ........ ........ ........ ........  0%  628K 1h42m
  3072K ........ ........ ........ ........ ........ ........  0%  923K 86m20s
  6144K ........ ........ ........ ........ ........ ........  0% 1.23M 74m36s
  9216K ........ ........ ........ ........ ........ ........  0% 1.92M 64m5s
 12288K ........ ........ ........ ........ ........ ........  0% 2.25M 56m49s
 15360K ........ ........ ........ ........ ........ ........  0% 3.35M 50m26s
 18432K ........ ........ ........ ........ ........ ........  0% 3.42M 45m49s
 21504K ........ ........ ........ ........ ........ ........  0% 4.50M 41m48s
 24576K ........ ........ ........ ........ ........ ........  0% 4.49M 38m41s
 27648K ........ ........ ........ ........ ........ ........  0% 4.48M 36m11s
 30720K ........ ........ ........ ........ ........ ........  0% 4.50M 34m8s
 33792K ........ ........ ........ ........ ........ ........  0% 4.51M 32m25s
 36864K ........ ........ ........ ........ ........ ........  1% 4.51M 30m58s
 39936K ........ ........ ........ ........ ........ ........  1% 4.52M 29m43s
 43008K ........ ........ ........ ........ ........ ........  1% 4.26M 28m41s
 46080K ........ ........ ........ ........ ........ ........  1% 3.37M 28m2s
 49152K ........ ........ ........ ........ ........ ........  1% 2.33M 27m56s
 52224K ........ ........ ........ ........ ........ ........  1% 2.25M 27m54s
 55296K ........ ........ ........ ........ ........ ........  1% 2.17M 27m55s
 58368K ........ ........ ........ ........ ........ ........  1% 2.25M 27m53s
 61440K ........ ........ ........ ........ ........ ........  1% 2.25M 27m51s
 64512K ........ ........ ........ ........ ........ ........  1% 2.26M 27m48s
 67584K ........ ........ ........ ........ ........ ........  1% 2.27M 27m46s
 70656K ........ ........ ........ ........ ........ ........  1% 1.91M 27m56s
 73728K ........ ........ ........ ........ ........ ........  1% 2.27M 27m53s
 76800K ........ ........ ........ ........ ........ ........  2% 2.17M 27m53s
 79872K ........ ........ ........ ........ ........ ........  2% 2.31M 27m49s
 82944K ........ ........ ........ ........ ........ ........  2% 2.26M 27m47s
 86016K ........ ........ ........ ........ ........ ........  2% 2.32M 27m43s
 89088K ........ ........ ........ ........ ........ ........  2% 2.26M 27m41s
 92160K ........ ........ ........ ........ ........ ........  2% 2.59M 27m32s
 95232K ........ ........ ........ ........ ........ ........  2% 2.34M 27m29s
 98304K ........ ........ ........ ........ ........ ........  2% 2.25M 27m27s
101376K ........ ........ ........ ........ ........ ........  2% 2.17M 27m27s
104448K ........ ........ ........ ........ ........ ........  2% 2.29M 27m25s
107520K ........ ........ ........ ........ ........ ........  2% 2.42M 27m20s
110592K ........ ........ ........ ........ ........ ........  2% 2.14M 27m21s
113664K ........ ........ ........ ........ ........ ........  3% 2.15M 27m22s
116736K ........ ........ ........ ........ ........ ........  3% 2.00M 27m25s
119808K ........ ........ ........ ........ ........ ........  3% 2.21M 27m24s
122880K ........ ........ ........ ........ ........ ........  3% 2.19M 27m24s
125952K ........ ........ ........ ........ ........ ........  3% 2.16M 27m24s
129024K ........ ........ ........ ........ ........ ........  3% 2.17M 27m23s
132096K ........ ........ ........ ........ ........ ........  3% 2.40M 27m19s
135168K ........ ........ ........ ........ ........ ........  3% 2.51M 27m14s
138240K ........ ........ ........ ........ ........ ........  3% 2.93M 27m4s
141312K ........ ........ ........ ........ ........ ........  3% 3.08M 26m53s
144384K ........ ........ ........ ........ ........ ........  3% 3.71M 26m39s
147456K ........ ........ ........ ........ ........ ........  3% 3.73M 26m25s
150528K ........ ........ ........ ........ ........ ........  3% 4.51M 26m8s
153600K ........ ........ ........ ........ ........ ........  4% 5.67M 25m49s
156672K ........ ........ ........ ........ ........ ........  4% 5.01M 25m32s
159744K ........ ........ ........ ........ ........ ........  4% 6.38M 25m12s
162816K ........ ........ ........ ........ ........ ........  4% 6.68M 24m53s
165888K ........ ........ ........ ........ ........ ........  4% 4.51M 24m39s
168960K ........ ........ ........ ........ ........ ........  4% 6.59M 24m21s
172032K ........ ........ ........ ........ ........ ........  4% 4.52M 24m9s
175104K ........ ........ ........ ........ ........ ........  4% 3.37M 24m1s
178176K ........ ........ ........ ........ ........ ........  4% 4.47M 23m49s
181248K ........ ........ ........ ........ ........ ........  4% 3.24M 23m43s
184320K ........ ........ ........ ........ ........ ........  4% 2.80M 23m39s
187392K ........ ........ ........ ........ ........ ........  4% 3.37M 23m33s
190464K ........ ........ ........ ........ ........ ........  4% 3.36M 23m26s
193536K ........ ........ ........ ........ ........ ........  5% 3.37M 23m20s
196608K ........ ........ ........ ........ ........ ........  5% 3.28M 23m14s
199680K ........ ........ ........ ........ ........ ........  5% 2.76M 23m11s
202752K ........ ........ ........ ........ ........ ........  5% 2.67M 23m9s
205824K ........ ........ ........ ........ ........ ........  5% 2.72M 23m7s
208896K ........ ........ ........ ........ ........ ........  5% 2.65M 23m5s
211968K ........ ........ ........ ........ ........ ........  5% 2.28M 23m7s
215040K ........ ........ ........ ........ ........ ........  5% 2.67M 23m5s
218112K ........ ........ ........ ........ ........ ........  5% 2.69M 23m3s
221184K ........ ........ ........ ........ ........ ........  5% 2.69M 23m1s
224256K ........ ........ ........ ........ ........ ........  5% 2.26M 23m3s
227328K ........ ........ ........ ........ ........ ........  5% 1.96M 23m7s
230400K ........ ........ ........ ........ ........ ........  6% 2.66M 23m6s
233472K ........ ........ ........ ........ ........ ........  6% 1.92M 23m11s
236544K ........ ........ ........ ........ ........ ........  6% 1.97M 23m15s
239616K ........ ........ ........ ........ ........ ........  6% 2.19M 23m17s
242688K ........ ........ ........ ........ ........ ........  6% 2.24M 23m18s
245760K ........ ........ ........ ........ ........ ........  6% 2.02M 23m21s
248832K ........ ........ ........ ........ ........ ........  6% 2.17M 23m23s
251904K ........ ........ ........ ........ ........ ........  6% 2.22M 23m24s
254976K ........ ........ ........ ........ ........ ........  6% 2.49M 23m23s
258048K ........ ........ ........ ........ ........ ........  6% 2.46M 23m22s
261120K ........ ........ ........ ........ ........ ........  6% 3.22M 23m17s
264192K ........ ........ ........ ........ ........ ........  6% 2.87M 23m14s
267264K ........ ........ ........ ........ ........ ........  6% 2.64M 23m12s
270336K ........ ........ ........ ........ ........ ........  7% 3.01M 23m9s
273408K ........ ........ ........ ........ ........ ........  7% 3.00M 23m5s
276480K ........ ........ ........ ........ ........ ........  7% 3.26M 23m1s
279552K ........ ........ ........ ........ ........ ........  7% 3.36M 22m56s
282624K ........ ........ ........ ........ ........ ........  7% 3.36M 22m51s
285696K ........ ........ ........ ........ ........ ........  7% 3.51M 22m46s
288768K ........ ........ ........ ........ ........ ........  7% 2.85M 22m43s
291840K ........ ........ ........ ........ ........ ........  7% 2.71M 22m41s
294912K ........ ........ ........ ........ ........ ........  7% 2.69M 22m40s
297984K ........ ........ ........ ........ ........ ........  7% 2.25M 22m40s
301056K ........ ........ ........ ........ ........ ........  7% 2.26M 22m41s
304128K ........ ........ ........ ........ ........ ........  7% 2.63M 22m40s
307200K ........ ........ ........ ........ ........ ........  7% 2.27M 22m40s
310272K ........ ........ ........ ........ ........ ........  8% 2.68M 22m38s
313344K ........ ........ ........ ........ ........ ........  8% 2.23M 22m39s
316416K ........ ........ ........ ........ ........ ........  8% 1.94M 22m42s
319488K ........ ........ ........ ........ ........ ........  8% 2.25M 22m43s
322560K ........ ........ ........ ........ ........ ........  8% 1.93M 22m46s
325632K ........ ........ ........ ........ ........ ........  8% 1.93M 22m49s
328704K ........ ........ ........ ........ ........ ........  8% 1.96M 22m51s
331776K ........ ........ ........ ........ ........ ........  8% 2.20M 22m52s
334848K ........ ........ ........ ........ ........ ........  8% 1.69M 22m57s
337920K ........ ........ ........ ........ ........ ........  8% 1.69M 23m2s
340992K ........ ........ ........ ........ ........ ........  8% 2.00M 23m3s
344064K ........ ........ ........ ........ ........ ........  8% 1.63M 23m9s
347136K ........ ........ ........ ........ ........ ........  9% 1.31M 23m19s
350208K ........ ........ ........ ........ ........ ........  9% 1.26M 23m29s
353280K ........ ........ ........ ........ ........ ........  9% 1.23M 23m39s
356352K ........ ........ ........ ........ ........ ........  9% 1.38M 23m47s
359424K ........ ........ ........ ........ ........ ........  9% 1.73M 23m51s
362496K ........ ........ ........ ........ ........ ........  9% 2.14M 23m51s
365568K ........ ........ ........ ........ ........ ........  9% 2.70M 23m48s
368640K ........ ........ ........ ........ ........ ........  9% 3.23M 23m44s
371712K ........ ........ ........ ........ ........ ........  9% 2.93M 23m41s
374784K ........ ........ ........ ........ ........ ........  9% 2.93M 23m38s
377856K ........ ........ ........ ........ ........ ........  9% 3.36M 23m33s
380928K ........ ........ ........ ........ ........ ........  9% 3.38M 23m29s
384000K ........ ........ ........ ........ ........ ........  9% 3.45M 23m24s
387072K ........ ........ ........ ........ ........ ........ 10% 3.67M 23m19s
390144K ........ ........ ........ ........ ........ ........ 10% 3.86M 23m14s
393216K ........ ........ ........ ........ ........ ........ 10% 3.45M 23m9s
396288K ........ ........ ........ ........ ........ ........ 10% 3.55M 23m5s
399360K ........ ........ ........ ........ ........ ........ 10% 4.14M 22m59s
402432K ........ ........ ........ ........ ........ ........ 10% 3.42M 22m55s
405504K ........ ........ ........ ........ ........ ........ 10% 3.58M 22m51s
408576K ........ ........ ........ ........ ........ ........ 10% 3.19M 22m47s
411648K ........ ........ ........ ........ ........ ........ 10% 3.39M 22m43s
414720K ........ ........ ........ ........ ........ ........ 10% 3.33M 22m40s
417792K ........ ........ ........ ........ ........ ........ 10% 3.10M 22m36s
420864K ........ ........ ........ ........ ........ ........ 10% 3.71M 22m32s
423936K ........ ........ ........ ........ ........ ........ 11% 3.44M 22m28s
427008K ........ ........ ........ ........ ........ ........ 11% 3.34M 22m24s
430080K ........ ........ ........ ........ ........ ........ 11% 2.68M 22m23s
433152K ........ ........ ........ ........ ........ ........ 11% 2.89M 22m20s
436224K ........ ........ ........ ........ ........ ........ 11% 3.10M 22m17s
439296K ........ ........ ........ ........ ........ ........ 11% 3.12M 22m14s
442368K ........ ........ ........ ........ ........ ........ 11% 3.10M 22m11s
445440K ........ ........ ........ ........ ........ ........ 11% 3.18M 22m8s
448512K ........ ........ ........ ........ ........ ........ 11% 3.26M 22m5s
451584K ........ ........ ........ ........ ........ ........ 11% 3.05M 22m2s
454656K ........ ........ ........ ........ ........ ........ 11% 3.00M 22m0s
457728K ........ ........ ........ ........ ........ ........ 11% 2.45M 21m59s
460800K ........ ........ ........ ........ ........ ........ 11% 2.74M 21m57s
463872K ........ ........ ........ ........ ........ ........ 12% 2.97M 21m54s
466944K ........ ........ ........ ........ ........ ........ 12% 3.09M 21m52s
470016K ........ ........ ........ ........ ........ ........ 12% 3.13M 21m49s
473088K ........ ........ ........ ........ ........ ........ 12% 3.22M 21m46s
476160K ........ ........ ........ ........ ........ ........ 12% 3.26M 21m43s
479232K ........ ........ ........ ........ ........ ........ 12% 3.27M 21m40s
482304K ........ ........ ........ ........ ........ ........ 12% 3.08M 21m37s
485376K ........ ........ ........ ........ ........ ........ 12% 3.20M 21m35s
488448K ........ ........ ........ ........ ........ ........ 12% 3.20M 21m32s
491520K ........ ........ ........ ........ ........ ........ 12% 3.32M 21m29s
494592K ........ ........ ........ ........ ........ ........ 12% 3.62M 21m25s
497664K ........ ........ ........ ........ ........ ........ 12% 3.67M 21m22s
500736K ........ ........ ........ ........ ........ ........ 12% 3.73M 21m18s
503808K ........ ........ ........ ........ ........ ........ 13% 4.36M 21m14s
506880K ........ ........ ........ ........ ........ ........ 13% 4.51M 21m9s
509952K ........ ........ ........ ........ ........ ........ 13% 4.63M 21m5s
513024K ........ ........ ........ ........ ........ ........ 13% 4.97M 21m0s
516096K ........ ........ ........ ........ ........ ........ 13% 5.73M 20m55s
519168K ........ ........ ........ ........ ........ ........ 13% 5.56M 20m50s
522240K ........ ........ ........ ........ ........ ........ 13% 2.70M 20m49s
525312K ........ ........ ........ ........ ........ ........ 13% 2.69M 20m47s
528384K ........ ........ ........ ........ ........ ........ 13% 2.59M 20m46s
531456K ........ ........ ........ ........ ........ ........ 13% 2.33M 20m46s
534528K ........ ........ ........ ........ ........ ........ 13% 2.69M 20m45s
537600K ........ ........ ........ ........ ........ ........ 13% 2.70M 20m43s
540672K ........ ........ ........ ........ ........ ........ 14% 2.60M 20m42s
543744K ........ ........ ........ ........ ........ ........ 14% 2.68M 20m41s
546816K ........ ........ ........ ........ ........ ........ 14% 2.70M 20m40s
549888K ........ ........ ........ ........ ........ ........ 14% 2.71M 20m38s
552960K ........ ........ ........ ........ ........ ........ 14% 2.85M 20m37s
556032K ........ ........ ........ ........ ........ ........ 14% 3.20M 20m34s
559104K ........ ........ ........ ........ ........ ........ 14% 2.85M 20m32s
562176K ........ ........ ........ ........ ........ ........ 14% 2.70M 20m31s
565248K ........ ........ ........ ........ ........ ........ 14% 3.16M 20m29s
568320K ........ ........ ........ ........ ........ ........ 14% 2.87M 20m27s
571392K ........ ........ ........ ........ ........ ........ 14% 3.37M 20m25s
574464K ........ ........ ........ ........ ........ ........ 14% 3.39M 20m22s
577536K ........ ........ ........ ........ ........ ........ 14% 3.38M 20m19s
580608K ........ ........ ........ ........ ........ ........ 15% 4.07M 20m16s
583680K ........ ........ ........ ........ ........ ........ 15% 3.38M 20m14s
586752K ........ ........ ........ ........ ........ ........ 15% 3.42M 20m11s
589824K ........ ........ ........ ........ ........ ........ 15% 3.38M 20m9s
592896K ........ ........ ........ ........ ........ ........ 15% 3.46M 20m6s
595968K ........ ........ ........ ........ ........ ........ 15% 3.38M 20m4s
599040K ........ ........ ........ ........ ........ ........ 15% 3.50M 20m1s
602112K ........ ........ ........ ........ ........ ........ 15% 4.14M 19m58s
605184K ........ ........ ........ ........ ........ ........ 15% 3.58M 19m55s
608256K ........ ........ ........ ........ ........ ........ 15% 3.38M 19m53s
611328K ........ ........ ........ ........ ........ ........ 15% 2.65M 19m52s
614400K ........ ........ ........ ........ ........ ........ 15% 2.30M 19m51s
617472K ........ ........ ........ ........ ........ ........ 15% 2.65M 19m50s
620544K ........ ........ ........ ........ ........ ........ 16% 2.66M 19m49s
623616K ........ ........ ........ ........ ........ ........ 16% 2.70M 19m48s
626688K ........ ........ ........ ........ ........ ........ 16% 2.69M 19m47s
629760K ........ ........ ........ ........ ........ ........ 16% 2.68M 19m46s
632832K ........ ........ ........ ........ ........ ........ 16% 2.63M 19m45s
635904K ........ ........ ........ ........ ........ ........ 16% 2.78M 19m43s
638976K ........ ........ ........ ........ ........ ........ 16% 2.78M 19m42s
642048K ........ ........ ........ ........ ........ ........ 16% 3.17M 19m40s
645120K ........ ........ ........ ........ ........ ........ 16% 2.93M 19m38s
648192K ........ ........ ........ ........ ........ ........ 16% 4.18M 19m35s
651264K ........ ........ ........ ........ ........ ........ 16% 2.83M 19m34s
654336K ........ ........ ........ ........ ........ ........ 16% 3.29M 19m32s
657408K ........ ........ ........ ........ ........ ........ 17% 2.71M 19m31s
660480K ........ ........ ........ ........ ........ ........ 17% 2.59M 19m30s
663552K ........ ........ ........ ........ ........ ........ 17% 2.70M 19m29s
666624K ........ ........ ........ ........ ........ ........ 17% 2.71M 19m27s
669696K ........ ........ ........ ........ ........ ........ 17% 2.65M 19m26s
672768K ........ ........ ........ ........ ........ ........ 17% 2.04M 19m27s
675840K ........ ........ ........ ........ ........ ........ 17% 2.67M 19m26s
678912K ........ ........ ........ ........ ........ ........ 17% 2.24M 19m26s
681984K ........ ........ ........ ........ ........ ........ 17% 2.57M 19m25s
685056K ........ ........ ........ ........ ........ ........ 17% 2.09M 19m25s
688128K ........ ........ ........ ........ ........ ........ 17% 2.45M 19m25s
691200K ........ ........ ........ ........ ........ ........ 17% 2.33M 19m24s
694272K ........ ........ ........ ........ ........ ........ 17% 2.25M 19m24s
697344K ........ ........ ........ ........ ........ ........ 18% 2.26M 19m24s
700416K ........ ........ ........ ........ ........ ........ 18% 2.58M 19m23s
703488K ........ ........ ........ ........ ........ ........ 18% 2.33M 19m22s
706560K ........ ........ ........ ........ ........ ........ 18% 2.70M 19m21s
709632K ........ ........ ........ ........ ........ ........ 18% 3.03M 19m20s
712704K ........ ........ ........ ........ ........ ........ 18% 3.02M 19m18s
715776K ........ ........ ........ ........ ........ ........ 18% 4.06M 19m15s
718848K ........ ........ ........ ........ ........ ........ 18% 3.63M 19m13s
721920K ........ ........ ........ ........ ........ ........ 18% 4.49M 19m9s
724992K ........ ........ ........ ........ ........ ........ 18% 5.05M 19m6s
728064K ........ ........ ........ ........ ........ ........ 18% 5.69M 19m2s
731136K ........ ........ ........ ........ ........ ........ 18% 6.54M 18m59s
734208K ........ ........ ........ ........ ........ ........ 19% 4.51M 18m55s
737280K ........ ........ ........ ........ ........ ........ 19% 4.50M 18m52s
740352K ........ ........ ........ ........ ........ ........ 19% 4.42M 18m50s
743424K ........ ........ ........ ........ ........ ........ 19% 2.71M 18m48s
746496K ........ ........ ........ ........ ........ ........ 19% 2.70M 18m47s
749568K ........ ........ ........ ........ ........ ........ 19% 2.69M 18m46s
752640K ........ ........ ........ ........ ........ ........ 19% 2.23M 18m46s
755712K ........ ........ ........ ........ ........ ........ 19% 2.26M 18m46s
758784K ........ ........ ........ ........ ........ ........ 19% 2.26M 18m46s
761856K ........ ........ ........ ........ ........ ........ 19% 2.21M 18m46s
764928K ........ ........ ........ ........ ........ ........ 19% 2.25M 18m45s
768000K ........ ........ ........ ........ ........ ........ 19% 2.25M 18m45s
771072K ........ ........ ........ ........ ........ ........ 19% 2.26M 18m45s
774144K ........ ........ ........ ........ ........ ........ 20% 2.27M 18m45s
777216K ........ ........ ........ ........ ........ ........ 20% 2.67M 18m44s
780288K ........ ........ ........ ........ ........ ........ 20% 2.26M 18m43s
783360K ........ ........ ........ ........ ........ ........ 20% 1.94M 18m44s
786432K ........ ........ ........ ........ ........ ........ 20% 2.23M 18m44s
789504K ........ ........ ........ ........ ........ ........ 20% 2.27M 18m43s
792576K ........ ........ ........ ........ ........ ........ 20% 2.27M 18m43s
795648K ........ ........ ........ ........ ........ ........ 20% 2.24M 18m43s
798720K ........ ........ ........ ........ ........ ........ 20% 1.94M 18m43s
801792K ........ ........ ........ ........ ........ ........ 20% 2.25M 18m43s
804864K ........ ........ ........ ........ ........ ........ 20% 2.22M 18m43s
807936K ........ ........ ........ ........ ........ ........ 20% 2.15M 18m43s
811008K ........ ........ ........ ........ ........ ........ 20% 2.01M 18m43s
814080K ........ ........ ........ ........ ........ ........ 21% 1.94M 18m43s
817152K ........ ........ ........ ........ ........ ........ 21% 1.70M 18m45s
820224K ........ ........ ........ ........ ........ ........ 21% 1.92M 18m45s
823296K ........ ........ ........ ........ ........ ........ 21% 1.92M 18m46s
826368K ........ ........ ........ ........ ........ ........ 21% 1.94M 18m46s
829440K ........ ........ ........ ........ ........ ........ 21% 2.23M 18m46s
832512K ........ ........ ........ ........ ........ ........ 21% 1.94M 18m46s
835584K ........ ........ ........ ........ ........ ........ 21% 2.24M 18m46s
838656K ........ ........ ........ ........ ........ ........ 21% 2.25M 18m45s
841728K ........ ........ ........ ........ ........ ........ 21% 2.28M 18m45s
844800K ........ ........ ........ ........ ........ ........ 21% 2.71M 18m43s
847872K ........ ........ ........ ........ ........ ........ 21% 3.28M 18m42s
850944K ........ ........ ........ ........ ........ ........ 22% 3.45M 18m39s
854016K ........ ........ ........ ........ ........ ........ 22% 3.36M 18m37s
857088K ........ ........ ........ ........ ........ ........ 22% 3.28M 18m36s
860160K ........ ........ ........ ........ ........ ........ 22% 3.39M 18m33s
863232K ........ ........ ........ ........ ........ ........ 22% 3.47M 18m31s
866304K ........ ........ ........ ........ ........ ........ 22% 4.29M 18m29s
869376K ........ ........ ........ ........ ........ ........ 22% 3.51M 18m27s
872448K ........ ........ ........ ........ ........ ........ 22% 4.29M 18m24s
875520K ........ ........ ........ ........ ........ ........ 22% 3.49M 18m22s
878592K ........ ........ ........ ........ ........ ........ 22% 3.10M 18m20s
881664K ........ ........ ........ ........ ........ ........ 22% 2.92M 18m19s
884736K ........ ........ ........ ........ ........ ........ 22% 3.37M 18m17s
887808K ........ ........ ........ ........ ........ ........ 22% 3.23M 18m15s
890880K ........ ........ ........ ........ ........ ........ 23% 2.69M 18m14s
893952K ........ ........ ........ ........ ........ ........ 23% 2.70M 18m13s
897024K ........ ........ ........ ........ ........ ........ 23% 2.71M 18m12s
900096K ........ ........ ........ ........ ........ ........ 23% 2.74M 18m10s
903168K ........ ........ ........ ........ ........ ........ 23% 2.78M 18m9s
906240K ........ ........ ........ ........ ........ ........ 23% 3.21M 18m7s
909312K ........ ........ ........ ........ ........ ........ 23% 2.74M 18m6s
912384K ........ ........ ........ ........ ........ ........ 23% 2.75M 18m5s
915456K ........ ........ ........ ........ ........ ........ 23% 3.19M 18m3s
918528K ........ ........ ........ ........ ........ ........ 23% 2.82M 18m2s
921600K ........ ........ ........ ........ ........ ........ 23% 3.31M 18m0s
924672K ........ ........ ........ ........ ........ ........ 23% 3.39M 17m58s
927744K ........ ........ ........ ........ ........ ........ 23% 3.45M 17m56s
930816K ........ ........ ........ ........ ........ ........ 24% 4.38M 17m54s
933888K ........ ........ ........ ........ ........ ........ 24% 4.42M 17m51s
936960K ........ ........ ........ ........ ........ ........ 24% 4.50M 17m49s
940032K ........ ........ ........ ........ ........ ........ 24% 3.63M 17m47s
943104K ........ ........ ........ ........ ........ ........ 24% 4.50M 17m44s
946176K ........ ........ ........ ........ ........ ........ 24% 4.47M 17m42s
949248K ........ ........ ........ ........ ........ ........ 24% 4.47M 17m39s
952320K ........ ........ ........ ........ ........ ........ 24% 4.53M 17m37s
955392K ........ ........ ........ ........ ........ ........ 24% 4.53M 17m34s
958464K ........ ........ ........ ........ ........ ........ 24% 6.06M 17m31s
961536K ........ ........ ........ ........ ........ ........ 24% 4.76M 17m29s
964608K ........ ........ ........ ........ ........ ........ 24% 4.59M 17m26s
967680K ........ ........ ........ ........ ........ ........ 25% 6.22M 17m23s
970752K ........ ........ ........ ........ ........ ........ 25% 3.29M 17m22s
973824K ........ ........ ........ ........ ........ ........ 25% 2.69M 17m21s
976896K ........ ........ ........ ........ ........ ........ 25% 1.90M 17m21s
979968K ........ ........ ........ ........ ........ ........ 25% 1.69M 17m22s
983040K ........ ........ ........ ........ ........ ........ 25% 1.93M 17m22s
986112K ........ ........ ........ ........ ........ ........ 25% 1.94M 17m22s
989184K ........ ........ ........ ........ ........ ........ 25% 2.18M 17m22s
992256K ........ ........ ........ ........ ........ ........ 25% 1.97M 17m22s
995328K ........ ........ ........ ........ ........ ........ 25% 2.20M 17m22s
998400K ........ ........ ........ ........ ........ ........ 25% 2.25M 17m21s
1001472K ........ ........ ........ ........ ........ ........ 25% 2.27M 17m21s
1004544K ........ ........ ........ ........ ........ ........ 25% 2.69M 17m20s
1007616K ........ ........ ........ ........ ........ ........ 26% 2.88M 17m18s
1010688K ........ ........ ........ ........ ........ ........ 26% 3.39M 17m16s
1013760K ........ ........ ........ ........ ........ ........ 26% 4.06M 17m14s
1016832K ........ ........ ........ ........ ........ ........ 26% 4.50M 17m12s
1019904K ........ ........ ........ ........ ........ ........ 26% 4.69M 17m10s
1022976K ........ ........ ........ ........ ........ ........ 26% 4.26M 17m7s
1026048K ........ ........ ........ ........ ........ ........ 26% 3.35M 17m6s
1029120K ........ ........ ........ ........ ........ ........ 26% 3.33M 17m4s
1032192K ........ ........ ........ ........ ........ ........ 26% 2.74M 17m3s
1035264K ........ ........ ........ ........ ........ ........ 26% 3.34M 17m1s
1038336K ........ ........ ........ ........ ........ ........ 26% 3.35M 16m59s
1041408K ........ ........ ........ ........ ........ ........ 26% 3.37M 16m58s
1044480K ........ ........ ........ ........ ........ ........ 27% 3.25M 16m56s
1047552K ........ ........ ........ ........ ........ ........ 27% 2.24M 16m56s
1050624K ........ ........ ........ ........ ........ ........ 27% 2.67M 16m55s
1053696K ........ ........ ........ ........ ........ ........ 27% 2.55M 16m54s
1056768K ........ ........ ........ ........ ........ ........ 27% 2.35M 16m53s
1059840K ........ ........ ........ ........ ........ ........ 27% 2.37M 16m52s
1062912K ........ ........ ........ ........ ........ ........ 27% 2.56M 16m52s
1065984K ........ ........ ........ ........ ........ ........ 27% 2.68M 16m50s
1069056K ........ ........ ........ ........ ........ ........ 27% 2.37M 16m50s
1072128K ........ ........ ........ ........ ........ ........ 27% 2.53M 16m49s
1075200K ........ ........ ........ ........ ........ ........ 27% 2.38M 16m48s
1078272K ........ ........ ........ ........ ........ ........ 27% 2.14M 16m48s
1081344K ........ ........ ........ ........ ........ ........ 27% 2.39M 16m47s
1084416K ........ ........ ........ ........ ........ ........ 28% 2.51M 16m46s
1087488K ........ ........ ........ ........ ........ ........ 28% 2.70M 16m45s
1090560K ........ ........ ........ ........ ........ ........ 28% 2.70M 16m44s
1093632K ........ ........ ........ ........ ........ ........ 28% 2.69M 16m43s
1096704K ........ ........ ........ ........ ........ ........ 28% 2.58M 16m42s
1099776K ........ ........ ........ ........ ........ ........ 28% 2.69M 16m41s
1102848K ........ ........ ........ ........ ........ ........ 28% 2.71M 16m40s
1105920K ........ ........ ........ ........ ........ ........ 28% 2.87M 16m39s
1108992K ........ ........ ........ ........ ........ ........ 28% 2.87M 16m37s
1112064K ........ ........ ........ ........ ........ ........ 28% 3.17M 16m36s
1115136K ........ ........ ........ ........ ........ ........ 28% 3.39M 16m34s
1118208K ........ ........ ........ ........ ........ ........ 28% 4.39M 16m32s
1121280K ........ ........ ........ ........ ........ ........ 28% 4.03M 16m30s
1124352K ........ ........ ........ ........ ........ ........ 29% 4.51M 16m28s
1127424K ........ ........ ........ ........ ........ ........ 29% 5.00M 16m25s
1130496K ........ ........ ........ ........ ........ ........ 29% 4.94M 16m23s
1133568K ........ ........ ........ ........ ........ ........ 29% 6.04M 16m21s
1136640K ........ ........ ........ ........ ........ ........ 29% 6.67M 16m18s
1139712K ........ ........ ........ ........ ........ ........ 29% 6.67M 16m15s
1142784K ........ ........ ........ ........ ........ ........ 29% 6.72M 16m13s
1145856K ........ ........ ........ ........ ........ ........ 29% 6.56M 16m10s
1148928K ........ ........ ........ ........ ........ ........ 29% 6.04M 16m8s
1152000K ........ ........ ........ ........ ........ ........ 29% 2.66M 16m7s
1155072K ........ ........ ........ ........ ........ ........ 29% 3.38M 16m5s
1158144K ........ ........ ........ ........ ........ ........ 29% 2.69M 16m4s
1161216K ........ ........ ........ ........ ........ ........ 30% 2.70M 16m3s
1164288K ........ ........ ........ ........ ........ ........ 30% 2.71M 16m2s
1167360K ........ ........ ........ ........ ........ ........ 30% 3.21M 16m0s
1170432K ........ ........ ........ ........ ........ ........ 30% 2.25M 16m0s
1173504K ........ ........ ........ ........ ........ ........ 30% 2.30M 15m59s
1176576K ........ ........ ........ ...