Adding local address: 172.25.2.250
Adding local address: 2804:d59:5102:2502:2c6f:8af6:2046:d00c
Adding local address: fe80::c435:ff80:c2d8:35d6
Ethernet link detected

Refreshing:
unknown TCP/0/0	0	0

Refreshing:
sshd: alange@pts/0/667047/1000	0.0457031	0.0527344
unknown TCP/0/0	0	0

Refreshing:
wget/676117/0	44.8059	2271.22
sshd: alange@pts/0/667047/1000	0.178125	0.111328
unknown TCP/0/0	0	0

Refreshing:
wget/676117/0	9.43164	446.852
sshd: alange@pts/0/667047/1000	0	0
unknown TCP/0/0	0	0

Refreshing:
wget/676117/0	18.273	906.525
sshd: alange@pts/0/667047/1000	2.49336	0.498437
unknown TCP/0/0	0	0

Refreshing:
wget/676117/0	13.6328	670.973
sshd: alange@pts/0/667047/1000	0	0
unknown TCP/0/0	0	0

Refreshing:
wget/676117/0	9.44844	469.982
sshd: alange@pts/0/667047/1000	0.0328125	0.0328125
unknown TCP/0/0	0	0

Refreshing:
wget/676117/0	17.8359	865.733
sshd: alange@pts/0/667047/1000	0	0
unknown TCP/0/0	0	0

Refreshing:
wget/676117/0	18.2914	901.113
sshd: alange@pts/0/667047/1000	0.03125	0.0328125
unknown TCP/0/0	0	0

Refreshing:
wget/676117/0	10.6953	526.24
sshd: alange@pts/0/667047/1000	0	0
unknown TCP/0/0	0	0

Refreshing:
wget/676117/0	15.9895	779.519
sshd: alange@pts/0/667047/1000	0.0328125	0.0328125
unknown TCP/0/0	0	0

Refreshing:
wget/676117/0	21.8848	1065.56
sshd: alange@pts/0/667047/1000	0	0
unknown TCP/0/0	0	0

Refreshing:
wget/676117/0	9.54219	470.572
sshd: alange@pts/0/667047/1000	0.0183594	0.0328125
unknown TCP/0/0	0	0

Refreshing:
wget/676117/0	10.5102	520.57
sshd: alange@pts/0/667047/1000	0	0
unknown TCP/0/0	0	0

Refreshing:
wget/676117/0	18.4387	895.107
sshd: alange@pts/0/667047/1000	0.0199219	0.0328125
unknown TCP/0/0	0	0

Refreshing:
wget/676117/0	16.0254	778.709
sshd: alange@pts/0/667047/1000	0	0
unknown TCP/0/0	0	0

Refreshing:
wget/676117/0	13.5324	653.27
sshd: alange@pts/0/667047/1000	0.0183594	0.0328125
unknown TCP/0/0	0	0

Refreshing:
wget/676117/0	27.9152	1376.79
sshd: alange@pts/0/667047/1000	0	0
unknown TCP/0/0	0	0

Refreshing:
wget/676117/0	16.0094	788.557
sshd: alange@pts/0/667047/1000	0	0
unknown TCP/0/0	0	0

Refreshing:
wget/676117/0	14.8516	723.697
sshd: alange@pts/0/667047/1000	0	0
unknown TCP/0/0	0	0

Refreshing:
wget/676117/0	18.657	913.34
sshd: alange@pts/0/667047/1000	0	0
unknown TCP/0/0	0	0

Refreshing:
wget/676117/0	15.9711	783.221
sshd: alange@pts/0/667047/1000	0.0183594	0.0328125
unknown TCP/0/0	0	0

Refreshing:
wget/676117/0	11.0582	534.66
sshd: alange@pts/0/667047/1000	0	0
unknown TCP/0/0	0	0

Refreshing:
wget/676117/0	20.9082	1028.31
sshd: alange@pts/0/667047/1000	0	0
unknown TCP/0/0	0	0

Refreshing:
wget/676117/0	11.9918	581.83
sshd: alange@pts/0/667047/1000	0	0
unknown TCP/0/0	0	0

Refreshing:
wget/676117/0	11.7723	574.452
sshd: alange@pts/0/667047/1000	0	0
unknown TCP/0/0	0	0

Refreshing:
wget/676117/0	19.7039	954.557
sshd: alange@pts/0/667047/1000	0	0
unknown TCP/0/0	0	0

Refreshing:
wget/676117/0	17.2379	854.252
sshd: alange@pts/0/667047/1000	0	0
unknown TCP/0/0	0	0

Refreshing:
wget/676117/0	7.1332	344.222
sshd: alange@pts/0/667047/1000	0	0
unknown TCP/0/0	0	0

Refreshing:
wget/676117/0	13.0207	636.854
sshd: alange@pts/0/667047/1000	0	0
unknown TCP/0/0	0	0

Refreshing:
wget/676117/0	16.6168	824.001
sshd: alange@pts/0/667047/1000	0	0
unknown TCP/0/0	0	0

Refreshing:
wget/676117/0	10.6371	532.501
sshd: alange@pts/0/667047/1000	0	0
unknown TCP/0/0	0	0

Refreshing:
wget/676117/0	10.2961	514.876
sshd: alange@pts/0/667047/1000	0	0
unknown TCP/0/0	0	0

Refreshing:
wget/676117/0	16.1039	787.748
sshd: alange@pts/0/667047/1000	0.0183594	0.0328125
unknown TCP/0/0	0	0

Refreshing:
wget/676117/0	15.2715	753.178
sshd: alange@pts/0/667047/1000	0	0
unknown TCP/0/0	0	0

Refreshing:
wget/676117/0	11.2809	552.518
sshd: alange@pts/0/667047/1000	0.0199219	0.0328125
unknown TCP/0/0	0	0

Refreshing:
wget/676117/0	22.6305	1110.85
sshd: alange@pts/0/667047/1000	0	0
unknown TCP/0/0	0	0

Refreshing:
wget/676117/0	8.21094	410.008
sshd: alange@pts/0/667047/1000	0.0183594	0.0328125
unknown TCP/0/0	0	0

Refreshing:
wget/676117/0	13.557	667.259
sshd: alange@pts/0/667047/1000	0	0
unknown TCP/0/0	0	0

Refreshing:
wget/676117/0	12.666	620.656
sshd: alange@pts/0/667047/1000	0.0199219	0.0328125
unknown TCP/0/0	0	0

Refreshing:
wget/676117/0	15.5141	750.914
sshd: alange@pts/0/667047/1000	0	0
unknown TCP/0/0	0	0

Refreshing:
wget/676117/0	15.2832	745.411
sshd: alange@pts/0/667047/1000	0.0183594	0.0328125
/usr/sbin/NetworkManager/761/0	0.0289063	0
unknown TCP/0/0	0	0

Refreshing:
wget/676117/0	14.2422	696.442
/usr/sbin/NetworkManager/761/0	0	0
sshd: alange@pts/0/667047/1000	0	0
unknown TCP/0/0	0	0

Refreshing:
wget/676117/0	17.3785	860.615
sshd: alange@pts/0/667047/1000	0.0199219	0.0328125
/usr/sbin/NetworkManager/761/0	0	0
unknown TCP/0/0	0	0

Refreshing:
wget/676117/0	16.6965	834.416
/usr/sbin/NetworkManager/761/0	0	0
sshd: alange@pts/0/667047/1000	0	0
unknown TCP/0/0	0	0

Refreshing:
wget/676117/0	15.825	778.991
sshd: alange@pts/0/667047/1000	0.0183594	0.0328125
/usr/sbin/NetworkManager/761/0	0	0
unknown TCP/0/0	0	0

Refreshing:
wget/676117/0	26.048	1257
/usr/sbin/NetworkManager/761/0	0	0
sshd: alange@pts/0/667047/1000	0	0
unknown TCP/0/0	0	0

Refreshing:
wget/676117/0	23.6719	1158.81
sshd: alange@pts/0/667047/1000	0.0199219	0.0328125
/usr/sbin/NetworkManager/761/0	0	0
unknown TCP/0/0	0	0

Refreshing:
wget/676117/0	19.8473	976.657
/usr/sbin/NetworkManager/761/0	0	0
sshd: alange@pts/0/667047/1000	0	0
unknown TCP/0/0	0	0

Refreshing:
wget/676117/0	14.807	728.892
sshd: alange@pts/0/667047/1000	0.0183594	0.0328125
/usr/sbin/NetworkManager/761/0	0	0
unknown TCP/0/0	0	0

Refreshing:
wget/676117/0	11.073	549.316
/usr/sbin/NetworkManager/761/0	0	0
sshd: alange@pts/0/667047/1000	0	0
unknown TCP/0/0	0	0

Refreshing:
wget/676117/0	8.52773	422.273
sshd: alange@pts/0/667047/1000	0.0199219	0.0328125
/usr/sbin/NetworkManager/761/0	0	0
unknown TCP/0/0	0	0

Refreshing:
wget/676117/0	12.2703	605.035
sshd: alange@pts/0/667047/1000	0	0
unknown TCP/0/0	0	0

Refreshing:
wget/676117/0	18.2102	885.339
sshd: alange@pts/0/667047/1000	0.0183594	0.0328125
unknown TCP/0/0	0	0

Refreshing:
wget/676117/0	22.2023	1092.82
sshd: alange@pts/0/667047/1000	0	0
unknown TCP/0/0	0	0

Refreshing:
wget/676117/0	11.7645	585.969
sshd: alange@pts/0/667047/1000	0.0199219	0.0328125
unknown TCP/0/0	0	0

Refreshing:
wget/676117/0	13.3	651.998
sshd: alange@pts/0/667047/1000	0	0
unknown TCP/0/0	0	0

Refreshing:
wget/676117/0	11.4895	565.618
sshd: alange@pts/0/667047/1000	0.0183594	0.0328125
unknown TCP/0/0	0	0

Refreshing:
wget/676117/0	19.9945	971.41
sshd: alange@pts/0/667047/1000	0	0
unknown TCP/0/0	0	0

Refreshing:
wget/676117/0	12.4051	601.899
sshd: alange@pts/0/667047/1000	0.0199219	0.0328125
unknown TCP/0/0	0	0

Refreshing:
wget/676117/0	23.5691	1154.63
sshd: alange@pts/0/667047/1000	0	0
unknown TCP/0/0	0	0

Refreshing:
wget/676117/0	19.8055	966.874
sshd: alange@pts/0/667047/1000	0.0183594	0.0328125
unknown TCP/0/0	0	0

Refreshing:
wget/676117/0	12.6621	623.227
sshd: alange@pts/0/667047/1000	0	0
unknown TCP/0/0	0	0

Refreshing:
wget/676117/0	22.5113	1110.91
sshd: alange@pts/0/667047/1000	0.0199219	0.0328125
unknown TCP/0/0	0	0

Refreshing:
wget/676117/0	23.35	1119.95
sshd: alange@pts/0/667047/1000	0	0
unknown TCP/0/0	0	0

Refreshing:
wget/676117/0	29.7102	1446.33
sshd: alange@pts/0/667047/1000	0.0183594	0.0328125
unknown TCP/0/0	0	0

Refreshing:
wget/676117/0	25.1484	1240.16
/usr/local/bin/warsaw/core/36166/1000	0.371875	1.94883
sshd: alange@pts/0/667047/1000	0	0
unknown TCP/0/0	0	0

Refreshing:
wget/676117/0	17.184	843.428
sshd: alange@pts/0/667047/1000	0.0199219	0.0328125
/usr/local/bin/warsaw/core/36166/1000	0	0
unknown TCP/0/0	0	0

Refreshing:
wget/676117/0	12.4379	612.479
/usr/local/bin/warsaw/core/36166/1000	0	0
sshd: alange@pts/0/667047/1000	0	0
unknown TCP/0/0	0	0

Refreshing:
wget/676117/0	33.518	1649.87
sshd: alange@pts/0/667047/1000	0.0183594	0.0328125
/usr/local/bin/warsaw/core/36166/1000	0	0
unknown TCP/0/0	0	0

Refreshing:
wget/676117/0	25.859	1273.99
/usr/local/bin/warsaw/core/36166/1000	0	0
sshd: alange@pts/0/667047/1000	0	0
unknown TCP/0/0	0	0

Refreshing:
wget/676117/0	20.8543	1012.16
sshd: alange@pts/0/667047/1000	0.0199219	0.0328125
/usr/local/bin/warsaw/core/36166/1000	0	0
unknown TCP/0/0	0	0

Refreshing:
wget/676117/0	22.7508	1108.49
/usr/local/bin/warsaw/core/36166/1000	0	0
sshd: alange@pts/0/667047/1000	0	0
unknown TCP/0/0	0	0

Refreshing:
wget/676117/0	13.0559	631.17
sshd: alange@pts/0/667047/1000	0.0183594	0.0328125
/usr/local/bin/warsaw/core/36166/1000	0	0
unknown TCP/0/0	0	0

Refreshing:
wget/676117/0	15.7691	787.927
/usr/local/bin/warsaw/core/36166/1000	0	0
sshd: alange@pts/0/667047/1000	0	0
unknown TCP/0/0	0	0

Refreshing:
wget/676117/0	13.5047	674.138
sshd: alange@pts/0/667047/1000	0.0199219	0.0328125
/usr/local/bin/warsaw/core/36166/1000	0	0
unknown TCP/0/0	0	0

Refreshing:
wget/676117/0	20.5395	1000.75
/usr/local/bin/warsaw/core/36166/1000	0	0
sshd: alange@pts/0/667047/1000	0	0
unknown TCP/0/0	0	0

Refreshing:
wget/676117/0	11.877	580.751
sshd: alange@pts/0/667047/1000	0.0183594	0.0328125
unknown TCP/0/0	0	0

Refreshing:
wget/676117/0	16.9895	831.626
sshd: alange@pts/0/667047/1000	0	0
unknown TCP/0/0	0	0

Refreshing:
wget/676117/0	15.5398	766.123
sshd: alange@pts/0/667047/1000	0.0199219	0.0328125
unknown TCP/0/0	0	0

Refreshing:
wget/676117/0	10.4906	520.365
sshd: alange@pts/0/667047/1000	0	0
unknown TCP/0/0	0	0

Refreshing:
wget/676117/0	16.1719	794.961
sshd: alange@pts/0/667047/1000	0.0183594	0.0328125
unknown TCP/0/0	0	0

Refreshing:
wget/676117/0	16.527	802.675
sshd: alange@pts/0/667047/1000	0	0
unknown TCP/0/0	0	0

Refreshing:
wget/676117/0	11.5059	561.069
sshd: alange@pts/0/667047/1000	0.0199219	0.0328125
unknown TCP/0/0	0	0

Refreshing:
wget/676117/0	21.7789	1067.06
sshd: alange@pts/0/667047/1000	0	0
unknown TCP/0/0	0	0

Refreshing:
wget/676117/0	22.8855	1133.96
sshd: alange@pts/0/667047/1000	0.0183594	0.0328125
unknown TCP/0/0	0	0
