Adding local address: 172.25.2.250
Adding local address: 2804:d59:5102:2502:2c6f:8af6:2046:d00c
Adding local address: fe80::c435:ff80:c2d8:35d6
Ethernet link detected

Refreshing:
unknown TCP/0/0	0	0

Refreshing:
sshd: alange@pts/0/667047/1000	0.0375	0.0328125
unknown TCP/0/0	0	0

Refreshing:
wget/675820/0	26.9084	1790.36
sshd: alange@pts/0/667047/1000	0	0
unknown TCP/0/0	0	0

Refreshing:
wget/675820/0	53.0898	3991.84
sshd: alange@pts/0/667047/1000	0	0
unknown TCP/0/0	0	0

Refreshing:
wget/675820/0	51.9652	4211.61
sshd: alange@pts/0/667047/1000	0	0
unknown TCP/0/0	0	0

Refreshing:
wget/675820/0	49.425	3874.75
sshd: alange@pts/0/667047/1000	0.684766	0.249609
unknown TCP/0/0	0	0

Refreshing:
wget/675820/0	40.1352	3373.61
sshd: alange@pts/0/667047/1000	0	0
unknown TCP/0/0	0	0

Refreshing:
wget/675820/0	47.0059	3714.31
sshd: alange@pts/0/667047/1000	0.0328125	0.0328125
unknown TCP/0/0	0	0

Refreshing:
wget/675820/0	49.5914	3958.92
sshd: alange@pts/0/667047/1000	0	0
unknown TCP/0/0	0	0

Refreshing:
wget/675820/0	36.7477	2999.38
sshd: alange@pts/0/667047/1000	0.03125	0.0328125
unknown TCP/0/0	0	0

Refreshing:
wget/675820/0	51.9695	3975.85
sshd: alange@pts/0/667047/1000	0	0
unknown TCP/0/0	0	0

Refreshing:
wget/675820/0	50.7156	3634.87
sshd: alange@pts/0/667047/1000	0.0328125	0.0328125
unknown TCP/0/0	0	0

Refreshing:
wget/675820/0	58.8324	4178.97
sshd: alange@pts/0/667047/1000	0	0
unknown TCP/0/0	0	0

Refreshing:
wget/675820/0	53.882	4009.98
sshd: alange@pts/0/667047/1000	0.0183594	0.0328125
unknown TCP/0/0	0	0

Refreshing:
wget/675820/0	45.377	3606.3
sshd: alange@pts/0/667047/1000	0	0
unknown TCP/0/0	0	0

Refreshing:
wget/675820/0	49.4328	3892.12
sshd: alange@pts/0/667047/1000	0.0199219	0.0328125
unknown TCP/0/0	0	0

Refreshing:
wget/675820/0	42.9313	3583.6
sshd: alange@pts/0/667047/1000	0	0
unknown TCP/0/0	0	0

Refreshing:
wget/675820/0	61.2137	4174.42
sshd: alange@pts/0/667047/1000	0.0183594	0.0328125
unknown TCP/0/0	0	0

Refreshing:
wget/675820/0	49.6352	3889.1
sshd: alange@pts/0/667047/1000	0	0
unknown TCP/0/0	0	0

Refreshing:
wget/675820/0	46.7031	3683.93
sshd: alange@pts/0/667047/1000	0.0199219	0.0328125
unknown TCP/0/0	0	0

Refreshing:
wget/675820/0	46.0938	3807.4
/usr/local/bin/warsaw/core/36166/1000	0.301367	1.07168
sshd: alange@pts/0/667047/1000	0	0
unknown TCP/0/0	0	0

Refreshing:
wget/675820/0	39.8305	3461.98
sshd: alange@pts/0/667047/1000	0.0183594	0.0328125
/usr/local/bin/warsaw/core/36166/1000	0	0
unknown TCP/0/0	0	0

Refreshing:
wget/675820/0	53.3406	4034.55
/usr/local/bin/warsaw/core/36166/1000	0	0
sshd: alange@pts/0/667047/1000	0	0
unknown TCP/0/0	0	0

Refreshing:
wget/675820/0	49.3262	3783.31
sshd: alange@pts/0/667047/1000	0.0199219	0.0328125
/usr/local/bin/warsaw/core/36166/1000	0	0
unknown TCP/0/0	0	0

Refreshing:
wget/675820/0	47.3586	3877.68
/usr/local/bin/warsaw/core/36166/1000	0	0
sshd: alange@pts/0/667047/1000	0	0
unknown TCP/0/0	0	0

Refreshing:
wget/675820/0	50.3641	4028.12
sshd: alange@pts/0/667047/1000	0.0183594	0.0328125
/usr/local/bin/warsaw/core/36166/1000	0	0
unknown TCP/0/0	0	0

Refreshing:
wget/675820/0	50.823	4001.47
/usr/local/bin/warsaw/core/36166/1000	0	0
sshd: alange@pts/0/667047/1000	0	0
unknown TCP/0/0	0	0

Refreshing:
wget/675820/0	50.2492	3757.43
sshd: alange@pts/0/667047/1000	0.0199219	0.0328125
/usr/local/bin/warsaw/core/36166/1000	0	0
unknown TCP/0/0	0	0

Refreshing:
wget/675820/0	54.2805	3920.94
/usr/local/bin/warsaw/core/36166/1000	0	0
sshd: alange@pts/0/667047/1000	0	0
unknown TCP/0/0	0	0

Refreshing:
wget/675820/0	53.0902	4116.25
sshd: alange@pts/0/667047/1000	0.0183594	0.0328125
/usr/local/bin/warsaw/core/36166/1000	0	0
unknown TCP/0/0	0	0

Refreshing:
wget/675820/0	43.0582	3274.13
/usr/local/bin/warsaw/core/36166/1000	0	0
sshd: alange@pts/0/667047/1000	0	0
unknown TCP/0/0	0	0

Refreshing:
wget/675820/0	47.323	4013.14
sshd: alange@pts/0/667047/1000	0.0199219	0.0328125
unknown TCP/0/0	0	0

Refreshing:
wget/675820/0	43.6531	3506.26
sshd: alange@pts/0/667047/1000	0	0
unknown TCP/0/0	0	0

Refreshing:
wget/675820/0	41.9699	3465.42
sshd: alange@pts/0/667047/1000	0.0183594	0.0328125
unknown TCP/0/0	0	0

Refreshing:
wget/675820/0	49.6168	3907.35
sshd: alange@pts/0/667047/1000	0	0
unknown TCP/0/0	0	0

Refreshing:
wget/675820/0	41.784	3344.4
sshd: alange@pts/0/667047/1000	0.0199219	0.0328125
unknown TCP/0/0	0	0

Refreshing:
wget/675820/0	50.5922	3772.71
sshd: alange@pts/0/667047/1000	0	0
unknown TCP/0/0	0	0

Refreshing:
wget/675820/0	51.5195	4365.71
sshd: alange@pts/0/667047/1000	0.0183594	0.0328125
unknown TCP/0/0	0	0

Refreshing:
wget/675820/0	45.3543	3752.32
sshd: alange@pts/0/667047/1000	0	0
unknown TCP/0/0	0	0

Refreshing:
wget/675820/0	41.7984	3401.38
sshd: alange@pts/0/667047/1000	0.0199219	0.0328125
unknown TCP/0/0	0	0

Refreshing:
wget/675820/0	53.6973	4123.67
sshd: alange@pts/0/667047/1000	0	0
unknown TCP/0/0	0	0

Refreshing:
wget/675820/0	53.5656	3924.72
sshd: alange@pts/0/667047/1000	0.0183594	0.0328125
unknown TCP/0/0	0	0

Refreshing:
wget/675820/0	46.2082	3807.42
sshd: alange@pts/0/667047/1000	0	0
unknown TCP/0/0	0	0

Refreshing:
wget/675820/0	44.8344	3689.23
sshd: alange@pts/0/667047/1000	0.0199219	0.0328125
unknown TCP/0/0	0	0

Refreshing:
wget/675820/0	43.0418	3730.92
sshd: alange@pts/0/667047/1000	0	0
unknown TCP/0/0	0	0

Refreshing:
wget/675820/0	48.2137	3762.24
sshd: alange@pts/0/667047/1000	0.0183594	0.0328125
unknown TCP/0/0	0	0

Refreshing:
wget/675820/0	50.9945	4070.34
sshd: alange@pts/0/667047/1000	0	0
unknown TCP/0/0	0	0

Refreshing:
wget/675820/0	43.4055	3499.98
sshd: alange@pts/0/667047/1000	0.0199219	0.0328125
unknown TCP/0/0	0	0

Refreshing:
wget/675820/0	47.7723	3767.61
sshd: alange@pts/0/667047/1000	0	0
unknown TCP/0/0	0	0

Refreshing:
wget/675820/0	54.9641	3914.93
sshd: alange@pts/0/667047/1000	0	0
unknown TCP/0/0	0	0

Refreshing:
wget/675820/0	57.9148	4073.16
sshd: alange@pts/0/667047/1000	0	0
unknown TCP/0/0	0	0

Refreshing:
wget/675820/0	56.0508	4157.57
sshd: alange@pts/0/667047/1000	0	0
unknown TCP/0/0	0	0

Refreshing:
wget/675820/0	42.6297	3537.46
sshd: alange@pts/0/667047/1000	0	0
unknown TCP/0/0	0	0

Refreshing:
wget/675820/0	58.6996	4163.03
sshd: alange@pts/0/667047/1000	0	0
unknown TCP/0/0	0	0

Refreshing:
wget/675820/0	57.282	4167.42
sshd: alange@pts/0/667047/1000	0	0
unknown TCP/0/0	0	0

Refreshing:
wget/675820/0	38.0539	3450.9
sshd: alange@pts/0/667047/1000	0	0
unknown TCP/0/0	0	0

Refreshing:
wget/675820/0	52.3617	3937.94
/usr/sbin/NetworkManager/761/0	0.0830078	0.0949219
sshd: alange@pts/0/667047/1000	0	0
unknown TCP/0/0	0	0

Refreshing:
wget/675820/0	57.7156	4124.47
/usr/sbin/NetworkManager/761/0	0	0
sshd: alange@pts/0/667047/1000	0	0
unknown TCP/0/0	0	0

Refreshing:
wget/675820/0	53.234	3881.03
/usr/sbin/NetworkManager/761/0	0	0
sshd: alange@pts/0/667047/1000	0	0
unknown TCP/0/0	0	0

Refreshing:
wget/675820/0	42.8918	3533.2
/usr/sbin/NetworkManager/761/0	0	0
sshd: alange@pts/0/667047/1000	0	0
unknown TCP/0/0	0	0

Refreshing:
wget/675820/0	65.4688	4954.33
sshd: alange@pts/0/667047/1000	0.0199219	0.0328125
/usr/sbin/NetworkManager/761/0	0	0
unknown TCP/0/0	0	0

Refreshing:
wget/675820/0	33.6676	2824.5
/usr/sbin/NetworkManager/761/0	0	0
sshd: alange@pts/0/667047/1000	0	0
unknown TCP/0/0	0	0

Refreshing:
wget/675820/0	49.9125	3555.84
sshd: alange@pts/0/667047/1000	0.0183594	0.0328125
/usr/sbin/NetworkManager/761/0	0	0
unknown TCP/0/0	0	0

Refreshing:
wget/675820/0	58.6152	4234.59
/usr/sbin/NetworkManager/761/0	0	0
sshd: alange@pts/0/667047/1000	0	0
unknown TCP/0/0	0	0

Refreshing:
wget/675820/0	41.6223	3529.3
sshd: alange@pts/0/667047/1000	0.0199219	0.0328125
/usr/sbin/NetworkManager/761/0	0	0
unknown TCP/0/0	0	0

Refreshing:
wget/675820/0	40.6242	3511.99
/usr/sbin/NetworkManager/761/0	0	0
sshd: alange@pts/0/667047/1000	0	0
unknown TCP/0/0	0	0

Refreshing:
wget/675820/0	50.3387	3932.96
sshd: alange@pts/0/667047/1000	0.0183594	0.0328125
/usr/sbin/NetworkManager/761/0	0	0
unknown TCP/0/0	0	0

Refreshing:
wget/675820/0	45.2734	3393.73
sshd: alange@pts/0/667047/1000	0	0
unknown TCP/0/0	0	0

Refreshing:
wget/675820/0	51.427	4001.26
sshd: alange@pts/0/667047/1000	0.0199219	0.0328125
unknown TCP/0/0	0	0

Refreshing:
wget/675820/0	51.5152	4029.17
sshd: alange@pts/0/667047/1000	0	0
unknown TCP/0/0	0	0

Refreshing:
wget/675820/0	62.7168	4863.59
sshd: alange@pts/0/667047/1000	0.0183594	0.0328125
unknown TCP/0/0	0	0

Refreshing:
wget/675820/0	55.3984	3861.92
sshd: alange@pts/0/667047/1000	0	0
unknown TCP/0/0	0	0

Refreshing:
wget/675820/0	53.5367	4161.41
sshd: alange@pts/0/667047/1000	0.0671875	0.0855469
unknown TCP/0/0	0	0

Refreshing:
wget/675820/0	54.8332	4066.82
sshd: alange@pts/0/667047/1000	0.169922	0.196875
unknown TCP/0/0	0	0

Refreshing:
wget/675820/0	46.6301	3617.83
sshd: alange@pts/0/667047/1000	0	0
unknown TCP/0/0	0	0

Refreshing:
wget/675820/0	47.1898	3857.57
sshd: alange@pts/0/667047/1000	0	0
unknown TCP/0/0	0	0

Refreshing:
wget/675820/0	47.5191	3639.96
sshd: alange@pts/0/667047/1000	0	0
unknown TCP/0/0	0	0

Refreshing:
wget/675820/0	54.0387	3944.87
sshd: alange@pts/0/667047/1000	0	0
unknown TCP/0/0	0	0

Refreshing:
wget/675820/0	49.6945	3844.13
sshd: alange@pts/0/667047/1000	0	0
unknown TCP/0/0	0	0

Refreshing:
wget/675820/0	52.8297	3768.64
sshd: alange@pts/0/667047/1000	0	0
unknown TCP/0/0	0	0

Refreshing:
wget/675820/0	43.3648	3655.39
sshd: alange@pts/0/667047/1000	0	0
unknown TCP/0/0	0	0

Refreshing:
wget/675820/0	47.7746	3789.85
sshd: alange@pts/0/667047/1000	0	0
unknown TCP/0/0	0	0

Refreshing:
wget/675820/0	43.2758	3569.63
sshd: alange@pts/0/667047/1000	0.0183594	0.0328125
unknown TCP/0/0	0	0

Refreshing:
wget/675820/0	48.6852	4110.96
sshd: alange@pts/0/667047/1000	0	0
unknown TCP/0/0	0	0

Refreshing:
wget/675820/0	48.468	3707.63
sshd: alange@pts/0/667047/1000	0.0199219	0.0328125
unknown TCP/0/0	0	0

Refreshing:
wget/675820/0	54.3793	4107.45
sshd: alange@pts/0/667047/1000	0	0
unknown TCP/0/0	0	0
