--2021-04-25 23:19:21--  http://debian.c3sl.ufpr.br/debian-cd/current/amd64/iso-dvd/debian-10.9.0-amd64-DVD-1.iso
Resolving debian.c3sl.ufpr.br (debian.c3sl.ufpr.br)... 200.236.31.3
Connecting to debian.c3sl.ufpr.br (debian.c3sl.ufpr.br)|200.236.31.3|:80... connected.
HTTP request sent, awaiting response... 200 OK
Length: 3972317184 (3.7G) [application/x-iso9660-image]
Saving to: ‘/dev/null’

     0K ........ ........ ........ ........ ........ ........  0% 17.3M 3m39s
  3072K ........ ........ ........ ........ ........ ........  0% 55.5M 2m24s
  6144K ........ ........ ........ ........ ........ ........  0% 57.9M 1m57s
  9216K ........ ........ ........ ........ ........ ........  0% 57.3M 1m44s
 12288K ........ ........ ........ ........ ........ ........  0% 57.6M 97s
 15360K ........ ........ ........ ........ ........ ........  0% 59.4M 91s
 18432K ........ ........ ........ ........ ........ ........  0% 58.6M 87s
 21504K ........ ........ ........ ........ ........ ........  0% 57.9M 84s
 24576K ........ ........ ........ ........ ........ ........  0% 47.4M 84s
 27648K ........ ........ ........ ........ ........ ........  0% 53.4M 82s
 30720K ........ ........ ........ ........ ........ ........  0% 41.0M 83s
 33792K ........ ........ ........ ........ ........ ........  0% 42.9M 83s
 36864K ........ ........ ........ ........ ........ ........  1% 44.1M 83s
 39936K ........ ........ ........ ........ ........ ........  1% 44.0M 84s
 43008K ........ ........ ........ ........ ........ ........  1% 40.5M 84s
 46080K ........ ........ ........ ........ ........ ........  1% 44.9M 84s
 49152K ........ ........ ........ ........ ........ ........  1% 43.3M 84s
 52224K ........ ........ ........ ........ ........ ........  1% 44.8M 84s
 55296K ........ ........ ........ ........ ........ ........  1% 39.3M 84s
 58368K ........ ........ ........ ........ ........ ........  1% 31.1M 86s
 61440K ........ ........ ........ ........ ........ ........  1% 32.5M 87s
 64512K ........ ........ ........ ........ ........ ........  1% 30.3M 89s
 67584K ........ ........ ........ ........ ........ ........  1% 32.4M 90s
 70656K ........ ........ ........ ........ ........ ........  1% 33.4M 91s
 73728K ........ ........ ........ ........ ........ ........  1% 33.4M 92s
 76800K ........ ........ ........ ........ ........ ........  2% 33.7M 92s
 79872K ........ ........ ........ ........ ........ ........  2% 34.6M 93s
 82944K ........ ........ ........ ........ ........ ........  2% 34.6M 93s
 86016K ........ ........ ........ ........ ........ ........  2% 35.8M 93s
 89088K ........ ........ ........ ........ ........ ........  2% 33.2M 94s
 92160K ........ ........ ........ ........ ........ ........  2% 34.5M 94s
 95232K ........ ........ ........ ........ ........ ........  2% 34.4M 95s
 98304K ........ ........ ........ ........ ........ ........  2% 34.5M 95s
101376K ........ ........ ........ ........ ........ ........  2% 36.6M 95s
104448K ........ ........ ........ ........ ........ ........  2% 38.1M 95s
107520K ........ ........ ........ ........ ........ ........  2% 36.1M 95s
110592K ........ ........ ........ ........ ........ ........  2% 36.7M 95s
113664K ........ ........ ........ ........ ........ ........  3% 37.6M 95s
116736K ........ ........ ........ ........ ........ ........  3% 39.4M 95s
119808K ........ ........ ........ ........ ........ ........  3% 39.0M 95s
122880K ........ ........ ........ ........ ........ ........  3% 38.8M 95s
125952K ........ ........ ........ ........ ........ ........  3% 39.1M 95s
129024K ........ ........ ........ ........ ........ ........  3% 40.5M 95s
132096K ........ ........ ........ ........ ........ ........  3% 39.4M 94s
135168K ........ ........ ........ ........ ........ ........  3% 40.6M 94s
138240K ........ ........ ........ ........ ........ ........  3% 39.8M 94s
141312K ........ ........ ........ ........ ........ ........  3% 40.4M 94s
144384K ........ ........ ........ ........ ........ ........  3% 38.5M 94s
147456K ........ ........ ........ ........ ........ ........  3% 41.0M 94s
150528K ........ ........ ........ ........ ........ ........  3% 42.0M 94s
153600K ........ ........ ........ ........ ........ ........  4% 39.8M 93s
156672K ........ ........ ........ ........ ........ ........  4% 43.4M 93s
159744K ........ ........ ........ ........ ........ ........  4% 43.0M 93s
162816K ........ ........ ........ ........ ........ ........  4% 44.1M 93s
165888K ........ ........ ........ ........ ........ ........  4% 44.3M 92s
168960K ........ ........ ........ ........ ........ ........  4% 43.4M 92s
172032K ........ ........ ........ ........ ........ ........  4% 44.6M 92s
175104K ........ ........ ........ ........ ........ ........  4% 44.3M 92s
178176K ........ ........ ........ ........ ........ ........  4% 44.0M 91s
181248K ........ ........ ........ ........ ........ ........  4% 44.5M 91s
184320K ........ ........ ........ ........ ........ ........  4% 44.2M 91s
187392K ........ ........ ........ ........ ........ ........  4% 44.3M 91s
190464K ........ ........ ........ ........ ........ ........  4% 44.3M 90s
193536K ........ ........ ........ ........ ........ ........  5% 45.0M 90s
196608K ........ ........ ........ ........ ........ ........  5% 45.2M 90s
199680K ........ ........ ........ ........ ........ ........  5% 44.0M 90s
202752K ........ ........ ........ ........ ........ ........  5% 44.4M 90s
205824K ........ ........ ........ ........ ........ ........  5% 47.3M 89s
208896K ........ ........ ........ ........ ........ ........  5% 46.0M 89s
211968K ........ ........ ........ ........ ........ ........  5% 47.1M 89s
215040K ........ ........ ........ ........ ........ ........  5% 47.7M 89s
218112K ........ ........ ........ ........ ........ ........  5% 47.7M 88s
221184K ........ ........ ........ ........ ........ ........  5% 46.1M 88s
224256K ........ ........ ........ ........ ........ ........  5% 49.2M 88s
227328K ........ ........ ........ ........ ........ ........  5% 47.1M 88s
230400K ........ ........ ........ ........ ........ ........  6% 49.6M 87s
233472K ........ ........ ........ ........ ........ ........  6% 48.0M 87s
236544K ........ ........ ........ ........ ........ ........  6% 49.0M 87s
239616K ........ ........ ........ ........ ........ ........  6% 50.0M 86s
242688K ........ ........ ........ ........ ........ ........  6% 48.2M 86s
245760K ........ ........ ........ ........ ........ ........  6% 49.1M 86s
248832K ........ ........ ........ ........ ........ ........  6% 49.1M 86s
251904K ........ ........ ........ ........ ........ ........  6% 49.3M 86s
254976K ........ ........ ........ ........ ........ ........  6% 48.5M 85s
258048K ........ ........ ........ ........ ........ ........  6% 47.5M 85s
261120K ........ ........ ........ ........ ........ ........  6% 49.4M 85s
264192K ........ ........ ........ ........ ........ ........  6% 48.6M 85s
267264K ........ ........ ........ ........ ........ ........  6% 50.4M 84s
270336K ........ ........ ........ ........ ........ ........  7% 52.7M 84s
273408K ........ ........ ........ ........ ........ ........  7% 52.9M 84s
276480K ........ ........ ........ ........ ........ ........  7% 53.3M 84s
279552K ........ ........ ........ ........ ........ ........  7% 53.7M 83s
282624K ........ ........ ........ ........ ........ ........  7% 53.5M 83s
285696K ........ ........ ........ ........ ........ ........  7% 54.7M 83s
288768K ........ ........ ........ ........ ........ ........  7% 52.6M 83s
291840K ........ ........ ........ ........ ........ ........  7% 54.2M 82s
294912K ........ ........ ........ ........ ........ ........  7% 55.2M 82s
297984K ........ ........ ........ ........ ........ ........  7% 53.2M 82s
301056K ........ ........ ........ ........ ........ ........  7% 54.0M 82s
304128K ........ ........ ........ ........ ........ ........  7% 53.9M 81s
307200K ........ ........ ........ ........ ........ ........  7% 54.2M 81s
310272K ........ ........ ........ ........ ........ ........  8% 52.6M 81s
313344K ........ ........ ........ ........ ........ ........  8% 55.3M 81s
316416K ........ ........ ........ ........ ........ ........  8% 53.8M 80s
319488K ........ ........ ........ ........ ........ ........  8% 54.2M 80s
322560K ........ ........ ........ ........ ........ ........  8% 53.8M 80s
325632K ........ ........ ........ ........ ........ ........  8% 54.6M 80s
328704K ........ ........ ........ ........ ........ ........  8% 56.0M 79s
331776K ........ ........ ........ ........ ........ ........  8% 57.3M 79s
334848K ........ ........ ........ ........ ........ ........  8% 58.7M 79s
337920K ........ ........ ........ ........ ........ ........  8% 58.6M 79s
340992K ........ ........ ........ ........ ........ ........  8% 58.5M 79s
344064K ........ ........ ........ ........ ........ ........  8% 57.8M 78s
347136K ........ ........ ........ ........ ........ ........  9% 58.6M 78s
350208K ........ ........ ........ ........ ........ ........  9% 58.6M 78s
353280K ........ ........ ........ ........ ........ ........  9% 58.2M 78s
356352K ........ ........ ........ ........ ........ ........  9% 58.1M 77s
359424K ........ ........ ........ ........ ........ ........  9% 58.9M 77s
362496K ........ ........ ........ ........ ........ ........  9% 57.9M 77s
365568K ........ ........ ........ ........ ........ ........  9% 58.6M 77s
368640K ........ ........ ........ ........ ........ ........  9% 59.2M 76s
371712K ........ ........ ........ ........ ........ ........  9% 59.0M 76s
374784K ........ ........ ........ ........ ........ ........  9% 58.0M 76s
377856K ........ ........ ........ ........ ........ ........  9% 58.8M 76s
380928K ........ ........ ........ ........ ........ ........  9% 59.0M 76s
384000K ........ ........ ........ ........ ........ ........  9% 59.2M 75s
387072K ........ ........ ........ ........ ........ ........ 10% 58.2M 75s
390144K ........ ........ ........ ........ ........ ........ 10% 58.7M 75s
393216K ........ ........ ........ ........ ........ ........ 10% 50.0M 75s
396288K ........ ........ ........ ........ ........ ........ 10% 44.0M 75s
399360K ........ ........ ........ ........ ........ ........ 10% 41.7M 75s
402432K ........ ........ ........ ........ ........ ........ 10% 43.5M 75s
405504K ........ ........ ........ ........ ........ ........ 10% 45.6M 75s
408576K ........ ........ ........ ........ ........ ........ 10% 42.4M 75s
411648K ........ ........ ........ ........ ........ ........ 10% 44.4M 75s
414720K ........ ........ ........ ........ ........ ........ 10% 45.9M 75s
417792K ........ ........ ........ ........ ........ ........ 10% 43.9M 75s
420864K ........ ........ ........ ........ ........ ........ 10% 45.1M 74s
423936K ........ ........ ........ ........ ........ ........ 11% 47.6M 74s
427008K ........ ........ ........ ........ ........ ........ 11% 50.7M 74s
430080K ........ ........ ........ ........ ........ ........ 11% 48.5M 74s
433152K ........ ........ ........ ........ ........ ........ 11% 47.3M 74s
436224K ........ ........ ........ ........ ........ ........ 11% 48.9M 74s
439296K ........ ........ ........ ........ ........ ........ 11% 49.3M 74s
442368K ........ ........ ........ ........ ........ ........ 11% 49.4M 74s
445440K ........ ........ ........ ........ ........ ........ 11% 48.2M 74s
448512K ........ ........ ........ ........ ........ ........ 11% 48.9M 74s
451584K ........ ........ ........ ........ ........ ........ 11% 50.3M 73s
454656K ........ ........ ........ ........ ........ ........ 11% 48.6M 73s
457728K ........ ........ ........ ........ ........ ........ 11% 48.6M 73s
460800K ........ ........ ........ ........ ........ ........ 11% 48.8M 73s
463872K ........ ........ ........ ........ ........ ........ 12% 37.3M 73s
466944K ........ ........ ........ ........ ........ ........ 12% 37.9M 73s
470016K ........ ........ ........ ........ ........ ........ 12% 35.8M 73s
473088K ........ ........ ........ ........ ........ ........ 12% 36.4M 73s
476160K ........ ........ ........ ........ ........ ........ 12% 38.2M 73s
479232K ........ ........ ........ ........ ........ ........ 12% 36.3M 73s
482304K ........ ........ ........ ........ ........ ........ 12% 38.1M 73s
485376K ........ ........ ........ ........ ........ ........ 12% 31.9M 74s
488448K ........ ........ ........ ........ ........ ........ 12% 26.6M 74s
491520K ........ ........ ........ ........ ........ ........ 12% 26.6M 74s
494592K ........ ........ ........ ........ ........ ........ 12% 26.4M 74s
497664K ........ ........ ........ ........ ........ ........ 12% 28.7M 74s
500736K ........ ........ ........ ........ ........ ........ 12% 28.8M 75s
503808K ........ ........ ........ ........ ........ ........ 13% 27.8M 75s
506880K ........ ........ ........ ........ ........ ........ 13% 28.7M 75s
509952K ........ ........ ........ ........ ........ ........ 13% 29.3M 75s
513024K ........ ........ ........ ........ ........ ........ 13% 29.4M 75s
516096K ........ ........ ........ ........ ........ ........ 13% 29.9M 75s
519168K ........ ........ ........ ........ ........ ........ 13% 32.1M 76s
522240K ........ ........ ........ ........ ........ ........ 13% 30.8M 76s
525312K ........ ........ ........ ........ ........ ........ 13% 32.0M 76s
528384K ........ ........ ........ ........ ........ ........ 13% 31.3M 76s
531456K ........ ........ ........ ........ ........ ........ 13% 32.6M 76s
534528K ........ ........ ........ ........ ........ ........ 13% 33.1M 76s
537600K ........ ........ ........ ........ ........ ........ 13% 28.7M 76s
540672K ........ ........ ........ ........ ........ ........ 14% 33.4M 76s
543744K ........ ........ ........ ........ ........ ........ 14% 34.2M 76s
546816K ........ ........ ........ ........ ........ ........ 14% 35.5M 76s
549888K ........ ........ ........ ........ ........ ........ 14% 34.1M 76s
552960K ........ ........ ........ ........ ........ ........ 14% 35.5M 76s
556032K ........ ........ ........ ........ ........ ........ 14% 34.6M 76s
559104K ........ ........ ........ ........ ........ ........ 14% 36.5M 76s
562176K ........ ........ ........ ........ ........ ........ 14% 36.0M 76s
565248K ........ ........ ........ ........ ........ ........ 14% 37.4M 76s
568320K ........ ........ ........ ........ ........ ........ 14% 37.2M 76s
571392K ........ ........ ........ ........ ........ ........ 14% 37.6M 76s
574464K ........ ........ ........ ........ ........ ........ 14% 38.8M 76s
577536K ........ ........ ........ ........ ........ ........ 14% 39.1M 76s
580608K ........ ........ ........ ........ ........ ........ 15% 39.2M 76s
583680K ........ ........ ........ ........ ........ ........ 15% 39.4M 76s
586752K ........ ........ ........ ........ ........ ........ 15% 39.0M 76s
589824K ........ ........ ........ ........ ........ ........ 15% 39.4M 76s
592896K ........ ........ ........ ........ ........ ........ 15% 39.5M 76s
595968K ........ ........ ........ ........ ........ ........ 15% 39.3M 76s
599040K ........ ........ ........ ........ ........ ........ 15% 38.3M 76s
602112K ........ ........ ........ ........ ........ ........ 15% 39.7M 76s
605184K ........ ........ ........ ........ ........ ........ 15% 39.6M 76s
608256K ........ ........ ........ ........ ........ ........ 15% 39.4M 76s
611328K ........ ........ ........ ........ ........ ........ 15% 41.1M 76s
614400K ........ ........ ........ ........ ........ ........ 15% 42.3M 76s
617472K ........ ........ ........ ........ ........ ........ 15% 40.7M 76s
620544K ........ ........ ........ ........ ........ ........ 16% 44.2M 75s
623616K ........ ........ ........ ........ ........ ........ 16% 42.7M 75s
626688K ........ ........ ........ ........ ........ ........ 16% 44.0M 75s
629760K ........ ........ ........ ........ ........ ........ 16% 44.9M 75s
632832K ........ ........ ........ ........ ........ ........ 16% 42.4M 75s
635904K ........ ........ ........ ........ ........ ........ 16% 37.4M 75s
638976K ........ ........ ........ ........ ........ ........ 16% 33.1M 75s
642048K ........ ........ ........ ........ ........ ........ 16% 32.3M 75s
645120K ........ ........ ........ ........ ........ ........ 16% 25.2M 75s
648192K ........ ........ ........ ........ ........ ........ 16% 23.3M 76s
651264K ........ ........ ........ ........ ........ ........ 16% 22.5M 76s
654336K ........ ........ ........ ........ ........ ........ 16% 24.8M 76s
657408K ........ ........ ........ ........ ........ ........ 17% 23.9M 76s
660480K ........ ........ ........ ........ ........ ........ 17% 25.3M 76s
663552K ........ ........ ........ ........ ........ ........ 17% 24.1M 76s
666624K ........ ........ ........ ........ ........ ........ 17% 26.1M 77s
669696K ........ ........ ........ ........ ........ ........ 17% 27.0M 77s
672768K ........ ........ ........ ........ ........ ........ 17% 25.1M 77s
675840K ........ ........ ........ ........ ........ ........ 17% 26.9M 77s
678912K ........ ........ ........ ........ ........ ........ 17% 28.1M 77s
681984K ........ ........ ........ ........ ........ ........ 17% 27.5M 77s
685056K ........ ........ ........ ........ ........ ........ 17% 29.2M 77s
688128K ........ ........ ........ ........ ........ ........ 17% 29.4M 77s
691200K ........ ........ ........ ........ ........ ........ 17% 29.5M 77s
694272K ........ ........ ........ ........ ........ ........ 17% 29.8M 77s
697344K ........ ........ ........ ........ ........ ........ 18% 29.8M 77s
700416K ........ ........ ........ ........ ........ ........ 18% 29.7M 77s
703488K ........ ........ ........ ........ ........ ........ 18% 32.7M 77s
706560K ........ ........ ........ ........ ........ ........ 18% 31.4M 77s
709632K ........ ........ ........ ........ ........ ........ 18% 32.3M 77s
712704K ........ ........ ........ ........ ........ ........ 18% 32.5M 77s
715776K ........ ........ ........ ........ ........ ........ 18% 31.1M 77s
718848K ........ ........ ........ ........ ........ ........ 18% 34.4M 77s
721920K ........ ........ ........ ........ ........ ........ 18% 34.9M 77s
724992K ........ ........ ........ ........ ........ ........ 18% 35.1M 77s
728064K ........ ........ ........ ........ ........ ........ 18% 33.9M 77s
731136K ........ ........ ........ ........ ........ ........ 18% 33.6M 77s
734208K ........ ........ ........ ........ ........ ........ 19% 35.3M 77s
737280K ........ ........ ........ ........ ........ ........ 19% 35.0M 77s
740352K ........ ........ ........ ........ ........ ........ 19% 35.5M 77s
743424K ........ ........ ........ ........ ........ ........ 19% 35.3M 77s
746496K ........ ........ ........ ........ ........ ........ 19% 36.8M 77s
749568K ........ ........ ........ ........ ........ ........ 19% 36.4M 77s
752640K ........ ........ ........ ........ ........ ........ 19% 34.6M 77s
755712K ........ ........ ........ ........ ........ ........ 19% 38.5M 77s
758784K ........ ........ ........ ........ ........ ........ 19% 38.8M 77s
761856K ........ ........ ........ ........ ........ ........ 19% 39.3M 77s
764928K ........ ........ ........ ........ ........ ........ 19% 38.6M 77s
768000K ........ ........ ........ ........ ........ ........ 19% 39.0M 77s
771072K ........ ........ ........ ........ ........ ........ 19% 39.4M 77s
774144K ........ ........ ........ ........ ........ ........ 20% 39.2M 77s
777216K ........ ........ ........ ........ ........ ........ 20% 39.7M 76s
780288K ........ ........ ........ ........ ........ ........ 20% 39.9M 76s
783360K ........ ........ ........ ........ ........ ........ 20% 38.3M 76s
786432K ........ ........ ........ ........ ........ ........ 20% 38.8M 76s
789504K ........ ........ ........ ........ ........ ........ 20% 39.7M 76s
792576K ........ ........ ........ ........ ........ ........ 20% 40.6M 76s
795648K ........ ........ ........ ........ ........ ........ 20% 41.2M 76s
798720K ........ ........ ........ ........ ........ ........ 20% 41.7M 76s
801792K ........ ........ ........ ........ ........ ........ 20% 42.1M 76s
804864K ........ ........ ........ ........ ........ ........ 20% 43.4M 76s
807936K ........ ........ ........ ........ ........ ........ 20% 43.5M 76s
811008K ........ ........ ........ ........ ........ ........ 20% 43.6M 76s
814080K ........ ........ ........ ........ ........ ........ 21% 44.1M 75s
817152K ........ ........ ........ ........ ........ ........ 21% 42.3M 75s
820224K ........ ........ ........ ........ ........ ........ 21% 44.1M 75s
823296K ........ ........ ........ ........ ........ ........ 21% 36.0M 75s
826368K ........ ........ ........ ........ ........ ........ 21% 30.4M 75s
829440K ........ ........ ........ ........ ........ ........ 21% 32.8M 75s
832512K ........ ........ ........ ........ ........ ........ 21% 31.6M 75s
835584K ........ ........ ........ ........ ........ ........ 21% 32.5M 75s
838656K ........ ........ ........ ........ ........ ........ 21% 34.9M 75s
841728K ........ ........ ........ ........ ........ ........ 21% 28.5M 75s
844800K ........ ........ ........ ........ ........ ........ 21% 24.4M 75s
847872K ........ ........ ........ ........ ........ ........ 21% 24.5M 75s
850944K ........ ........ ........ ........ ........ ........ 22% 24.4M 75s
854016K ........ ........ ........ ........ ........ ........ 22% 24.8M 75s
857088K ........ ........ ........ ........ ........ ........ 22% 26.3M 76s
860160K ........ ........ ........ ........ ........ ........ 22% 26.4M 76s
863232K ........ ........ ........ ........ ........ ........ 22% 27.0M 76s
866304K ........ ........ ........ ........ ........ ........ 22% 27.0M 76s
869376K ........ ........ ........ ........ ........ ........ 22% 26.7M 76s
872448K ........ ........ ........ ........ ........ ........ 22% 28.0M 76s
875520K ........ ........ ........ ........ ........ ........ 22% 29.3M 76s
878592K ........ ........ ........ ........ ........ ........ 22% 29.4M 76s
881664K ........ ........ ........ ........ ........ ........ 22% 29.2M 76s
884736K ........ ........ ........ ........ ........ ........ 22% 29.2M 76s
887808K ........ ........ ........ ........ ........ ........ 22% 29.0M 76s
890880K ........ ........ ........ ........ ........ ........ 23% 29.2M 76s
893952K ........ ........ ........ ........ ........ ........ 23% 31.1M 76s
897024K ........ ........ ........ ........ ........ ........ 23% 32.3M 76s
900096K ........ ........ ........ ........ ........ ........ 23% 32.0M 76s
903168K ........ ........ ........ ........ ........ ........ 23% 31.1M 76s
906240K ........ ........ ........ ........ ........ ........ 23% 32.7M 76s
909312K ........ ........ ........ ........ ........ ........ 23% 33.3M 76s
912384K ........ ........ ........ ........ ........ ........ 23% 33.9M 76s
915456K ........ ........ ........ ........ ........ ........ 23% 34.9M 76s
918528K ........ ........ ........ ........ ........ ........ 23% 34.2M 75s
921600K ........ ........ ........ ........ ........ ........ 23% 34.2M 75s
924672K ........ ........ ........ ........ ........ ........ 23% 34.3M 75s
927744K ........ ........ ........ ........ ........ ........ 23% 29.5M 75s
930816K ........ ........ ........ ........ ........ ........ 24% 19.4M 76s
933888K ........ ........ ........ ........ ........ ........ 24% 18.1M 76s
936960K ........ ........ ........ ........ ........ ........ 24% 19.2M 76s
940032K ........ ........ ........ ........ ........ ........ 24% 19.6M 76s
943104K ........ ........ ........ ........ ........ ........ 24% 19.8M 76s
946176K ........ ........ ........ ........ ........ ........ 24% 20.9M 76s
949248K ........ ........ ........ ........ ........ ........ 24% 21.3M 76s
952320K ........ ........ ........ ........ ........ ........ 24% 21.4M 77s
955392K ........ ........ ........ ........ ........ ........ 24% 22.8M 77s
958464K ........ ........ ........ ........ ........ ........ 24% 22.7M 77s
961536K ........ ........ ........ ........ ........ ........ 24% 23.9M 77s
964608K ........ ........ ........ ........ ........ ........ 24% 24.2M 77s
967680K ........ ........ ........ ........ ........ ........ 25% 24.9M 77s
970752K ........ ........ ........ ........ ........ ........ 25% 24.4M 77s
973824K ........ ........ ........ ........ ........ ........ 25% 24.7M 77s
976896K ........ ........ ........ ........ ........ ........ 25% 26.7M 77s
979968K ........ ........ ........ ........ ........ ........ 25% 27.2M 77s
983040K ........ ........ ........ ........ ........ ........ 25% 27.0M 77s
986112K ........ ........ ........ ........ ........ ........ 25% 27.0M 77s
989184K ........ ........ ........ ........ ........ ........ 25% 27.4M 77s
992256K ........ ........ ........ ........ ........ ........ 25% 28.9M 77s
995328K ........ ........ ........ ........ ........ ........ 25% 29.7M 77s
998400K ........ ........ ........ ........ ........ ........ 25% 28.8M 77s
1001472K ........ ........ ........ ........ ........ ........ 25% 29.3M 77s
1004544K ........ ........ ........ ........ ........ ........ 25% 29.8M 77s
1007616K ........ ........ ........ ........ ........ ........ 26% 30.4M 77s
1010688K ........ ........ ........ ........ ........ ........ 26% 29.8M 77s
1013760K ........ ........ ........ ........ ........ ........ 26% 33.1M 77s
1016832K ........ ........ ........ ........ ........ ........ 26% 30.7M 77s
1019904K ........ ........ ........ ........ ........ ........ 26% 32.4M 77s
1022976K ........ ........ ........ ........ ........ ........ 26% 33.1M 77s
1026048K ........ ........ ........ ........ ........ ........ 26% 31.8M 76s
1029120K ........ ........ ........ ........ ........ ........ 26% 34.9M 76s
1032192K ........ ........ ........ ........ ........ ........ 26% 33.9M 76s
1035264K ........ ........ ........ ........ ........ ........ 26% 33.8M 76s
1038336K ........ ........ ........ ........ ........ ........ 26% 33.8M 76s
1041408K ........ ........ ........ ........ ........ ........ 26% 33.8M 76s
1044480K ........ ........ ........ ........ ........ ........ 27% 35.6M 76s
1047552K ........ ........ ........ ........ ........ ........ 27% 34.4M 76s
1050624K ........ ........ ........ ........ ........ ........ 27% 34.5M 76s
1053696K ........ ........ ........ ........ ........ ........ 27% 35.2M 76s
1056768K ........ ........ ........ ........ ........ ........ 27% 36.5M 76s
1059840K ........ ........ ........ ........ ........ ........ 27% 36.6M 76s
1062912K ........ ........ ........ ........ ........ ........ 27% 36.6M 76s
1065984K ........ ........ ........ ........ ........ ........ 27% 38.1M 76s
1069056K ........ ........ ........ ........ ........ ........ 27% 27.1M 75s
1072128K ........ ........ ........ ........ ........ ........ 27% 27.6M 75s
1075200K ........ ........ ........ ........ ........ ........ 27% 26.5M 75s
1078272K ........ ........ ........ ........ ........ ........ 27% 27.3M 75s
1081344K ........ ........ ........ ........ ........ ........ 27% 29.7M 75s
1084416K ........ ........ ........ ........ ........ ........ 28% 29.5M 75s
1087488K ........ ........ ........ ........ ........ ........ 28% 29.5M 75s
1090560K ........ ........ ........ ........ ........ ........ 28% 29.2M 75s
1093632K ........ ........ ........ ........ ........ ........ 28% 30.7M 75s
1096704K ........ ........ ........ ........ ........ ........ 28% 29.7M 75s
1099776K ........ ........ ........ ........ ........ ........ 28% 32.2M 75s
1102848K ........ ........ ........ ........ ........ ........ 28% 31.7M 75s
1105920K ........ ........ ........ ........ ........ ........ 28% 32.2M 75s
1108992K ........ ........ ........ ........ ........ ........ 28% 31.7M 75s
1112064K ........ ........ ........ ........ ........ ........ 28% 32.0M 75s
1115136K ........ ........ ........ ........ ........ ........ 28% 31.8M 75s
1118208K ........ ........ ........ ........ ........ ........ 28% 33.8M 75s
1121280K ........ ........ ........ ........ ........ ........ 28% 33.9M 75s
1124352K ........ ........ ........ ........ ........ ........ 29% 34.8M 75s
1127424K ........ ........ ........ ........ ........ ........ 29% 33.1M 75s
1130496K ........ ........ ........ ........ ........ ........ 29% 33.9M 75s
1133568K ........ ........ ........ ........ ........ ........ 29% 35.1M 74s
1136640K ........ ........ ........ ........ ........ ........ 29% 34.7M 74s
1139712K ........ ........ ........ ........ ........ ........ 29% 34.3M 74s
1142784K ........ ........ ........ ........ ........ ........ 29% 34.3M 74s
1145856K ........ ........ ........ ........ ........ ........ 29% 36.5M 74s
1148928K ........ ........ ........ ........ ........ ........ 29% 37.5M 74s
1152000K ........ ........ ........ ........ ........ ........ 29% 36.9M 74s
1155072K ........ ........ ........ ........ ........ ........ 29% 37.2M 74s
1158144K ........ ........ ........ ........ ........ ........ 29% 38.1M 74s
1161216K ........ ........ ........ ........ ........ ........ 30% 39.2M 74s
1164288K ........ ........ ........ ........ ........ ........ 30% 38.9M 74s
1167360K ........ ........ ........ ........ ........ ........ 30% 39.2M 73s
1170432K ........ ........ ........ ........ ........ ........ 30% 39.4M 73s
1173504K ........ ........ ........ ........ ........ ........ 30% 39.0M 73s
1176576K ........ ........ ........ ........ ........ ........ 30% 39.6M 73s
1179648K ........ ........ ........ ........ ........ ........ 30% 39.8M 73s
1182720K ........ ........ ........ ........ ........ ........ 30% 33.5M 73s
1185792K ........ ........ ........ ........ ........ ........ 30% 28.8M 73s
1188864K ........ ........ ........ ........ ........ ........ 30% 29.6M 73s
1191936K ........ ........ ........ ........ ........ ........ 30% 29.6M 73s
1195008K ........ ........ ........ ........ ........ ........ 30% 29.8M 73s
1198080K ........ ........ ........ ........ ........ ........ 30% 29.6M 73s
1201152K ........ ........ ........ ........ ........ ........ 31% 32.6M 73s
1204224K ........ ........ ........ ........ ........ ........ 31% 30.7M 73s
1207296K ........ ........ ........ ........ ........ ........ 31% 32.8M 73s
1210368K ........ ........ ........ ........ ........ ........ 31% 32.1M 73s
1213440K ........ ........ ........ ........ ........ ........ 31% 32.0M 73s
1216512K ........ ........ ........ ........ ........ ........ 31% 34.0M 72s
1219584K ........ ........ ........ ........ ........ ........ 31% 34.5M 72s
1222656K ........ ........ ........ ........ ........ ........ 31% 34.3M 72s
1225728K ........ ........ ........ ........ ........ ........ 31% 34.5M 72s
1228800K ........ ........ ........ ........ ........ ........ 31% 34.5M 72s
1231872K ........ ........ ........ ........ ........ ........ 31% 34.9M 72s
1234944K ........ ........ ........ ........ ........ ........ 31% 34.9M 72s
1238016K ........ ........ ........ ........ ........ ........ 31% 35.5M 72s
1241088K ........ ........ ........ ........ ........ ........ 32% 33.8M 72s
1244160K ........ ........ ........ ........ ........ ........ 32% 33.1M 72s
1247232K ........ ........ ........ ........ ........ ........ 32% 34.8M 72s
1250304K ........ ........ ........ ........ ........ ........ 32% 36.9M 72s
1253376K ........ ........ ........ ........ ........ ........ 32% 36.0M 71s
1256448K ........ ........ ........ ........ ........ ........ 32% 37.0M 71s
1259520K ........ ........ ........ ........ ........ ........ 32% 37.4M 71s
1262592K ........ ........ ........ ........ ........ ........ 32% 38.7M 71s
1265664K ........ ........ ........ ........ ........ ........ 32% 38.8M 71s
1268736K ........ ........ ........ ........ ........ ........ 32% 38.3M 71s
1271808K ........ ........ ........ ........ ........ ........ 32% 39.2M 71s
1274880K ........ ........ ........ ........ ........ ........ 32% 39.1M 71s
1277952K ........ ........ ........ ........ ........ ........ 33% 39.6M 71s
1281024K ........ ........ ........ ........ ........ ........ 33% 39.8M 71s
1284096K ........ ........ ........ ........ ........ ........ 33% 39.8M 71s
1287168K ........ ........ ........ ........ ........ ........ 33% 39.0M 70s
1290240K ........ ........ ........ ........ ........ ........ 33% 39.1M 70s
1293312K ........ ........ ........ ........ ........ ........ 33% 39.4M 70s
1296384K ........ ........ ........ ........ ........ ........ 33% 38.6M 70s
1299456K ........ ........ ........ ........ ........ ........ 33% 41.2M 70s
1302528K ........ ........ ........ ........ ........ ........ 33% 43.4M 70s
1305600K ........ ........ ........ ........ ........ ........ 33% 41.3M 70s
1308672K ........ ........ ........ ........ ........ ........ 33% 43.4M 70s
1311744K ........ ........ ........ ........ ........ ........ 33% 43.5M 70s
1314816K ........ ........ ........ ........ ........ ........ 33% 42.6M 69s
1317888K ........ ........ ........ ........ ........ ........ 34% 30.0M 69s
1320960K ........ ........ ........ ........ ........ ........ 34% 23.8M 69s
1324032K ........ ........ ........ ........ ........ ........ 34% 23.3M 69s
1327104K ........ ........ ........ ........ ........ ........ 34% 22.6M 69s
1330176K ........ ........ ........ ........ ........ ........ 34% 22.9M 69s
1333248K ........ ........ ........ ........ ........ ........ 34% 23.8M 69s
1336320K ........ ........ ........ ........ ........ ........ 34% 23.7M 69s
1339392K ........ ........ ........ ........ ........ ........ 34% 25.4M 69s
1342464K ........ ........ ........ ........ ........ ........ 34% 23.9M 69s
1345536K ........ ........ ........ ........ ........ ........ 34% 24.9M 69s
1348608K ........ ........ ........ ........ ........ ........ 34% 25.4M 69s
1351680K ........ ........ ........ ........ ........ ........ 34% 27.9M 69s
1354752K ........ ........ ........ ........ ........ ........ 35% 26.2M 69s
1357824K ........ ........ ........ ........ ........ ........ 35% 27.5M 69s
1360896K ........ ........ ........ ........ ........ ........ 35% 27.4M 69s
1363968K ........ ........ ........ ........ ........ ........ 35% 29.1M 69s
1367040K ........ ........ ........ ........ ........ ........ 35% 29.3M 69s
1370112K ........ ........ ........ ........ ........ ........ 35% 29.7M 69s
1373184K ........ ........ ........ ........ ........ ........ 35% 29.4M 69s
1376256K ........ ........ ........ ........ ........ ........ 35% 29.4M 69s
1379328K ........ ........ ........ ........ ........ ........ 35% 23.8M 69s
1382400K ........ ........ ........ ........ ........ ........ 35% 22.8M 69s
1385472K ........ ........ ........ ........ ........ ........ 35% 21.8M 69s
1388544K ........ ........ ........ ........ ........ ........ 35% 22.9M 69s
1391616K ........ ........ ........ ........ ........ ........ 35% 23.8M 69s
1394688K ........ ........ ........ ........ ........ ........ 36% 24.5M 69s
1397760K ........ ........ ........ ........ ........ ........ 36% 24.7M 69s
1400832K ........ ........ ........ ........ ........ ........ 36% 24.6M 69s
1403904K ........ ........ ........ ........ ........ ........ 36% 24.6M 69s
1406976K ........ ........ ........ ........ ........ ........ 36% 25.3M 69s
1410048K ........ ........ ........ ........ ........ ........ 36% 27.0M 69s
1413120K ........ ........ ........ ........ ........ ........ 36% 26.9M 69s
1416192K ........ ........ ........ ........ ........ ........ 36% 27.3M 69s
1419264K ........ ........ ........ ........ ........ ........ 36% 26.6M 69s
1422336K ........ ........ ........ ........ ........ ........ 36% 26.2M 69s
1425408K ........ ........ ........ ........ ........ ........ 36% 17.6M 69s
1428480K ........ ........ ........ ........ ........ ........ 36% 14.7M 69s
1431552K ........ ........ ........ ........ ........ ........ 36% 15.6M 69s
1434624K ........ ........ ........ ........ ........ ........ 37% 16.6M 69s
1437696K ........ ........ ........ ........ ........ ........ 37% 16.8M 69s
1440768K ........ ........ ........ ........ ........ ........ 37% 17.6M 69s
1443840K ........ ........ ........ ........ ........ ........ 37% 17.9M 69s
1446912K ........ ........ ........ ........ ........ ........ 37% 19.2M 69s
1449984K ........ ........ ........ ........ ........ ........ 37% 19.7M 69s
1453056K ........ ........ ........ ........ ........ ........ 37% 19.0M 69s
1456128K ........ ........ ........ ........ ........ ........ 37% 21.5M 69s
1459200K ........ ........ ........ ........ ........ ........ 37% 21.6M 69s
1462272K ........ ........ ........ ........ ........ ........ 37% 22.5M 69s
1465344K ........ ........ ........ ........ ........ ........ 37% 16.7M 69s
1468416K ........ ........ ........ ........ ........ ........ 37% 16.7M 69s
1471488K ........ ........ ........ ........ ........ ........ 38% 17.5M 69s
1474560K ........ ........ ........ ........ ........ ........ 38% 17.7M 69s
1477632K ........ ........ ........ ........ ........ ........ 38% 15.4M 70s
1480704K ........ ........ ........ ........ ........ ........ 38% 13.6M 70s
1483776K ........ ........ ........ ........ ........ ........ 38% 14.5M 70s
1486848K ........ ........ ........ ........ ........ ........ 38% 15.2M 70s
1489920K ........ ........ ........ ........ ........ ........ 38% 16.0M 70s
1492992K ........ ........ ........ ........ ........ ........ 38% 16.9M 70s
1496064K ........ ........ ........ ........ ........ ........ 38% 18.1M 70s
1499136K ........ ........ ........ ........ ........ ........ 38% 18.0M 70s
1502208K ........ ........ ........ ........ ........ ........ 38% 19.6M 70s
1505280K ........ ........ ........ ........ ........ ........ 38% 19.4M 70s
1508352K ........ ........ ........ ........ ........ ........ 38% 19.6M 70s
1511424K ........ ........ ........ ........ ........ ........ 39% 20.4M 70s
1514496K ........ ........ ........ ........ ........ ........ 39% 21.5M 70s
1517568K ........ ........ ........ ........ ........ ........ 39% 22.5M 70s
1520640K ........ ........ ........ ........ ........ ........ 39% 21.9M 70s
1523712K ........ ........ ........ ........ ........ ........ 39% 22.9M 70s
1526784K ........ ........ ........ ........ ........ ........ 39% 23.9M 70s
1529856K ........ ........ ........ ........ ........ ........ 39% 24.9M 70s
1532928K ........ ........ ........ ........ ........ ........ 39% 23.6M 70s
1536000K ........ ........ ........ ........ ........ ........ 39% 25.0M 70s
1539072K ........ ........ ........ ........ ........ ........ 39% 24.3M 70s
1542144K ........ ........ ........ ........ ........ ........ 39% 26.9M 70s
1545216K ........ ........ ........ ........ ........ ........ 39% 27.1M 70s
1548288K ........ ........ ........ ........ ........ ........ 39% 25.3M 70s
1551360K ........ ........ ........ ........ ........ ........ 40% 27.3M 69s
1554432K ........ ........ ........ ........ ........ ........ 40% 27.7M 69s
1557504K ........ ........ ........ ........ ........ ........ 40% 29.7M 69s
1560576K ........ ........ ........ ........ ........ ........ 40% 28.3M 69s
1563648K ........ ........ ........ ........ ........ ........ 40% 29.8M 69s
1566720K ........ ........ ........ ........ ........ ........ 40% 29.4M 69s
1569792K ........ ........ ........ ........ ........ ........ 40% 29.2M 69s
1572864K ........ ........ ........ ........ ........ ........ 40% 30.2M 69s
1575936K ........ ........ ........ ........ ........ ........ 40% 29.9M 69s
1579008K ........ ........ ........ ........ ........ ........ 40% 30.0M 69s
1582080K ........ ........ ........ ........ ........ ........ 40% 32.8M 69s
1585152K ........ ........ ........ ........ ........ ........ 40% 32.7M 69s
1588224K ........ ........ ........ ........ ........ ........ 41% 30.4M 69s
1591296K ........ ........ ........ ........ ........ ........ 41% 33.8M 68s
1594368K ........ ........ ........ ........ ........ ........ 41% 32.9M 68s
1597440K ........ ........ ........ ........ ........ ........ 41% 33.5M 68s
1600512K ........ ........ ........ ........ ........ ........ 41% 34.5M 68s
1603584K ........ ........ ........ ........ ........ ........ 41% 32.7M 68s
1606656K ........ ........ ........ ........ ........ ........ 41% 34.1M 68s
1609728K ........ ........ ........ ........ ........ ........ 41% 33.5M 68s
1612800K ........ ........ ........ ........ ........ ........ 41% 34.4M 68s
1615872K ........ ........ ........ ........ ........ ........ 41% 33.9M 68s
1618944K ........ ........ ........ ........ ........ ........ 41% 37.1M 68s
1622016K ........ ........ ........ ........ ........ ........ 41% 36.8M 67s
1625088K ........ ........ ........ ........ ........ ........ 41% 37.0M 67s
1628160K ........ ........ ........ ........ ........ ........ 42% 37.5M 67s
1631232K ........ ........ ........ ........ ........ ........ 42% 37.1M 67s
1634304K ........ ........ ........ ........ ........ ........ 42% 38.8M 67s
1637376K ........ ........ ........ ........ ........ ........ 42% 39.3M 67s
1640448K ........ ........ ........ ........ ........ ........ 42% 39.3M 67s
1643520K ........ ........ ........ ........ ........ ........ 42% 39.2M 67s
1646592K ........ ........ ........ ........ ........ ........ 42% 39.1M 67s
1649664K ........ ........ ........ ........ ........ ........ 42% 39.0M 66s
1652736K ........ ........ ........ ........ ........ ........ 42% 39.6M 66s
1655808K ........ ........ ........ ........ ........ ........ 42% 39.7M 66s
1658880K ........ ........ ........ ........ ........ ........ 42% 39.0M 66s
1661952K ........ ........ ........ ........ ........ ........ 42% 39.5M 66s
1665024K ........ ........ ........ ........ ........ ........ 43% 39.5M 66s
1668096K ........ ........ ........ ........ ........ ........ 43% 41.5M 66s
1671168K ........ ........ ........ ........ ........ ........ 43% 33.2M 66s
1674240K ........ ........ ........ ........ ........ ........ 43% 29.5M 66s
1677312K ........ ........ ........ ........ ........ ........ 43% 29.6M 66s
1680384K ........ ........ ........ ........ ........ ........ 43% 29.5M 65s
1683456K ........ ........ ........ ........ ........ ........ 43% 32.4M 65s
1686528K ........ ........ ........ ........ ........ ........ 43% 29.9M 65s
1689600K ........ ........ ........ ........ ........ ........ 43% 32.6M 65s
1692672K ........ ........ ........ ........ ........ ........ 43% 32.4M 65s
1695744K ........ ........ ........ ........ ........ ........ 43% 34.0M 65s
1698816K ........ ........ ........ ........ ........ ........ 43% 33.7M 65s
1701888K ........ ........ ........ ........ ........ ........ 43% 34.0M 65s
1704960K ........ ........ ........ ........ ........ ........ 44% 34.0M 65s
1708032K ........ ........ ........ ........ ........ ........ 44% 34.1M 65s
1711104K ........ ........ ........ ........ ........ ........ 44% 35.1M 65s
1714176K ........ ........ ........ ........ ........ ........ 44% 34.8M 64s
1717248K ........ ........ ........ ........ ........ ........ 44% 34.0M 64s
1720320K ........ ........ ........ ........ ........ ........ 44% 35.6M 64s
1723392K ........ ........ ........ ........ ........ ........ 44% 34.5M 64s
1726464K ........ ........ ........ ........ ........ ........ 44% 35.9M 64s
1729536K ........ ........ ........ ........ ........ ........ 44% 37.1M 64s
1732608K ........ ........ ........ ........ ........ ........ 44% 36.4M 64s
1735680K ........ ........ ........ ........ ........ ........ 44% 36.2M 64s
1738752K ........ ........ ........ ........ ........ ........ 44% 36.9M 64s
1741824K ........ ........ ........ ........ ........ ........ 44% 36.6M 64s
1744896K ........ ........ ........ ........ ........ ........ 45% 37.6M 63s
1747968K ........ ........ ........ ........ ........ ........ 45% 39.1M 63s
1751040K ........ ........ ........ ........ ........ ........ 45% 39.3M 63s
1754112K ........ ........ ........ ........ ........ ........ 45% 39.2M 63s
1757184K ........ ........ ........ ........ ........ ........ 45% 37.8M 63s
1760256K ........ ........ ........ ........ ........ ........ 45% 37.5M 63s
1763328K ........ ........ ........ ........ ........ ........ 45% 39.6M 63s
1766400K ........ ........ ........ ........ ........ ........ 45% 40.0M 63s
1769472K ........ ........ ........ ........ ........ ........ 45% 39.3M 63s
1772544K ........ ........ ........ ........ ........ ........ 45% 39.8M 62s
1775616K ........ ........ ........ ........ ........ ........ 45% 39.8M 62s
1778688K ........ ........ ........ ........ ........ ........ 45% 39.8M 62s
1781760K ........ ........ ........ ........ ........ ........ 46% 43.0M 62s
1784832K ........ ........ ........ ........ ........ ........ 46% 41.5M 62s
1787904K ........ ........ ........ ........ ........ ........ 46% 42.5M 62s
1790976K ........ ........ ........ ........ ........ ........ 46% 43.8M 62s
1794048K ........ ........ ........ ........ ........ ........ 46% 34.6M 62s
1797120K ........ ........ ........ ........ ........ ........ 46% 29.7M 62s
1800192K ........ ........ ........ ........ ........ ........ 46% 30.9M 61s
1803264K ........ ........ ........ ........ ........ ........ 46% 30.2M 61s
1806336K ........ ........ ........ ........ ........ ........ 46% 32.6M 61s
1809408K ........ ........ ........ ........ ........ ........ 46% 32.9M 61s
1812480K ........ ........ ........ ........ ........ ........ 46% 31.9M 61s
1815552K ........ ........ ........ ........ ........ ........ 46% 31.5M 61s
1818624K ........ ........ ........ ........ ........ ........ 46% 34.1M 61s
1821696K ........ ........ ........ ........ ........ ........ 47% 33.7M 61s
1824768K ........ ........ ........ ........ ........ ........ 47% 34.1M 61s
1827840K ........ ........ ........ ........ ........ ........ 47% 34.3M 61s
1830912K ........ ........ ........ ........ ........ ........ 47% 34.4M 61s
1833984K ........ ........ ........ ........ ........ ........ 47% 35.4M 60s
1837056K ........ ........ ........ ........ ........ ........ 47% 34.0M 60s
1840128K ........ ........ ........ ........ ........ ........ 47% 36.2M 60s
1843200K ........ ........ ........ ........ ........ ........ 47% 36.3M 60s
1846272K ........ ........ ........ ........ ........ ........ 47% 36.6M 60s
1849344K ........ ........ ........ ........ ........ ........ 47% 35.6M 60s
1852416K ........ ........ ........ ........ ........ ........ 47% 38.1M 60s
1855488K ........ ........ ........ ........ ........ ........ 47% 38.1M 60s
1858560K ........ ........ ........ ........ ........ ........ 47% 38.7M 60s
1861632K ........ ........ ........ ........ ........ ........ 48% 38.2M 60s
1864704K ........ ........ ........ ........ ........ ........ 48% 38.4M 59s
1867776K ........ ........ ........ ........ ........ ........ 48% 38.9M 59s
1870848K ........ ........ ........ ........ ........ ........ 48% 38.9M 59s
1873920K ........ ........ ........ ........ ........ ........ 48% 39.6M 59s
1876992K ........ ........ ........ ........ ........ ........ 48% 39.3M 59s
1880064K ........ ........ ........ ........ ........ ........ 48% 39.1M 59s
1883136K ........ ........ ........ ........ ........ ........ 48% 39.0M 59s
1886208K ........ ........ ........ ........ ........ ........ 48% 39.8M 59s
1889280K ........ ........ ........ ........ ........ ........ 48% 39.7M 59s
1892352K ........ ........ ........ ........ ........ ........ 48% 38.8M 59s
1895424K ........ ........ ........ ........ ........ ........ 48% 40.9M 58s
1898496K ........ ........ ........ ........ ........ ........ 49% 40.2M 58s
1901568K ........ ........ ........ ........ ........ ........ 49% 33.4M 58s
1904640K ........ ........ ........ ........ ........ ........ 49% 34.5M 58s
1907712K ........ ........ ........ ........ ........ ........ 49% 29.4M 58s
1910784K ........ ........ ........ ........ ........ ........ 49% 30.1M 58s
1913856K ........ ........ ........ ........ ........ ........ 49% 29.3M 58s
1916928K ........ ........ ........ ........ ........ ........ 49% 30.3M 58s
1920000K ........ ........ ........ ........ ........ ........ 49% 31.1M 58s
1923072K ........ ........ ........ ........ ........ ........ 49% 32.0M 58s
1926144K ........ ........ ........ ........ ........ ........ 49% 32.8M 58s
1929216K ........ ........ ........ ........ ........ ........ 49% 30.5M 57s
1932288K ........ ........ ........ ........ ........ ........ 49% 32.9M 57s
1935360K ........ ........ ........ ........ ........ ........ 49% 33.6M 57s
1938432K ........ ........ ........ ........ ........ ........ 50% 34.4M 57s
1941504K ........ ........ ........ ........ ........ ........ 50% 33.9M 57s
1944576K ........ ........ ........ ........ ........ ........ 50% 34.3M 57s
1947648K ........ ........ ........ ........ ........ ........ 50% 34.8M 57s
1950720K ........ ........ ........ ........ ........ ........ 50% 26.0M 57s
1953792K ........ ........ ........ ........ ........ ........ 50% 24.4M 57s
1956864K ........ ........ ........ ........ ........ ........ 50% 25.0M 57s
1959936K ........ ........ ........ ........ ........ ........ 50% 24.6M 57s
1963008K ........ ........ ........ ........ ........ ........ 50% 18.3M 57s
1966080K ........ ........ ........ ........ ........ ........ 50% 19.6M 57s
1969152K ........ ........ ........ ........ ........ ........ 50% 19.9M 57s
1972224K ........ ........ ........ ........ ........ ........ 50% 19.9M 57s
1975296K ........ ........ ........ ........ ........ ........ 50% 21.2M 56s
1978368K ........ ........ ........ ........ ........ ........ 51% 21.0M 56s
1981440K ........ ........ ........ ........ ........ ........ 51% 23.1M 56s
1984512K ........ ........ ........ ........ ........ ........ 51% 21.8M 56s
1987584K ........ ........ ........ ........ ........ ........ 51% 23.4M 56s
1990656K ........ ........ ........ ........ ........ ........ 51% 23.6M 56s
1993728K ........ ........ ........ ........ ........ ........ 51% 25.5M 56s
1996800K ........ ........ ........ ........ ........ ........ 51% 23.9M 56s
1999872K ........ ........ ........ ........ ........ ........ 51% 24.7M 56s
2002944K ........ ........ ........ ........ ........ ........ 51% 25.1M 56s
2006016K ........ ........ ........ ........ ........ ........ 51% 26.2M 56s
2009088K ........ ........ ........ ........ ........ ........ 51% 24.9M 56s
2012160K ........ ........ ........ ........ ........ ........ 51% 27.2M 56s
2015232K ........ ........ ........ ........ ........ ........ 52% 26.4M 56s
2018304K ........ ........ ........ ........ ........ ........ 52% 27.5M 56s
2021376K ........ ........ ........ ........ ........ ........ 52% 29.5M 56s
2024448K ........ ........ ........ ........ ........ ........ 52% 29.1M 55s
2027520K ........ ........ ........ ........ ........ ........ 52% 29.5M 55s
2030592K ........ ........ ........ ........ ........ ........ 52% 29.6M 55s
2033664K ........ ........ ........ ........ ........ ........ 52% 29.4M 55s
2036736K ........ ........ ........ ........ ........ ........ 52% 29.3M 55s
2039808K ........ ........ ........ ........ ........ ........ 52% 30.7M 55s
2042880K ........ ........ ........ ........ ........ ........ 52% 32.1M 55s
2045952K ........ ........ ........ ........ ........ ........ 52% 32.8M 55s
2049024K ........ ........ ........ ........ ........ ........ 52% 31.4M 55s
2052096K ........ ........ ........ ........ ........ ........ 52% 32.0M 55s
2055168K ........ ........ ........ ........ ........ ........ 53% 33.4M 55s
2058240K ........ ........ ........ ........ ........ ........ 53% 33.5M 54s
2061312K ........ ........ ........ ........ ........ ........ 53% 33.6M 54s
2064384K ........ ........ ........ ........ ........ ........ 53% 34.0M 54s
2067456K ........ ........ ........ ........ ........ ........ 53% 33.9M 54s
2070528K ........ ........ ........ ........ ........ ........ 53% 33.8M 54s
2073600K ........ ........ ........ ........ ........ ........ 53% 35.7M 54s
2076672K ........ ........ ........ ........ ........ ........ 53% 34.9M 54s
2079744K ........ ........ ........ ........ ........ ........ 53% 34.1M 54s
2082816K ........ ........ ........ ........ ........ ........ 53% 36.2M 54s
2085888K ........ ........ ........ ........ ........ ........ 53% 36.2M 54s
2088960K ........ ........ ........ ........ ........ ........ 53% 37.8M 53s
2092032K ........ ........ ........ ........ ........ ........ 54% 35.5M 53s
2095104K ........ ........ ........ ........ ........ ........ 54% 38.0M 53s
2098176K ........ ........ ........ ........ ........ ........ 54% 39.2M 53s
2101248K ........ ........ ........ ........ ........ ........ 54% 39.3M 53s
2104320K ........ ........ ........ ........ ........ ........ 54% 38.4M 53s
2107392K ........ ........ ........ ........ ........ ........ 54% 39.8M 53s
2110464K ........ ........ ........ ........ ........ ........ 54% 39.2M 53s
2113536K ........ ........ ........ ........ ........ ........ 54% 38.8M 53s
2116608K ........ ........ ........ ........ ........ ........ 54% 39.4M 53s
2119680K ........ ........ ........ ........ ........ ........ 54% 39.8M 52s
2122752K ........ ........ ........ ........ ........ ........ 54% 39.7M 52s
2125824K ........ ........ ........ ........ ........ ........ 54% 39.1M 52s
2128896K ........ ........ ........ ........ ........ ........ 54% 39.9M 52s
2131968K ........ ........ ........ ........ ........ ........ 55% 42.0M 52s
2135040K ........ ........ ........ ........ ........ ........ 55% 40.3M 52s
2138112K ........ ........ ........ ........ ........ ........ 55% 42.8M 52s
2141184K ........ ........ ........ ........ ........ ........ 55% 39.5M 52s
2144256K ........ ........ ........ ........ ........ ........ 55% 28.2M 52s
2147328K ........ ........ ........ ........ ........ ........ 55% 29.3M 52s
2150400K ........ ........ ........ ........ ........ ........ 55% 31.4M 51s
2153472K ........ ........ ........ ........ ........ ........ 55% 32.3M 51s
2156544K ........ ........ ........ ........ ........ ........ 55% 28.4M 51s
2159616K ........ ........ ........ ........ ........ ........ 55% 23.0M 51s
2162688K ........ ........ ........ ........ ........ ........ 55% 23.6M 51s
2165760K ........ ........ ........ ........ ........ ........ 55% 23.4M 51s
2168832K ........ ........ ........ ........ ........ ........ 55% 24.9M 51s
2171904K ........ ........ ........ ........ ........ ........ 56% 24.6M 51s
2174976K ........ ........ ........ ........ ........ ........ 56% 24.5M 51s
2178048K ........ ........ ........ ........ ........ ........ 56% 25.0M 51s
2181120K ........ ........ ........ ........ ........ ........ 56% 27.5M 51s
2184192K ........ ........ ........ ........ ........ ........ 56% 26.3M 51s
2187264K ........ ........ ........ ........ ........ ........ 56% 26.6M 51s
2190336K ........ ........ ........ ........ ........ ........ 56% 26.5M 51s
2193408K ........ ........ ........ ........ ........ ........ 56% 27.0M 50s
2196480K ........ ........ ........ ........ ........ ........ 56% 29.1M 50s
2199552K ........ ........ ........ ........ ........ ........ 56% 28.9M 50s
2202624K ........ ........ ........ ........ ........ ........ 56% 29.3M 50s
2205696K ........ ........ ........ ........ ........ ........ 56% 29.8M 50s
2208768K ........ ........ ........ ........ ........ ........ 57% 26.6M 50s
2211840K ........ ........ ........ ........ ........ ........ 57% 24.6M 50s
2214912K ........ ........ ........ ........ ........ ........ 57% 21.5M 50s
2217984K ........ ........ ........ ........ ........ ........ 57% 16.6M 50s
2221056K ........ ........ ........ ........ ........ ........ 57% 16.8M 50s
2224128K ........ ........ ........ ........ ........ ........ 57% 16.9M 50s
2227200K ........ ........ ........ ........ ........ ........ 57% 17.8M 50s
2230272K ........ ........ ........ ........ ........ ........ 57% 19.4M 50s
2233344K ........ ........ ........ ........ ........ ........ 57% 19.5M 50s
2236416K ........ ........ ........ ........ ........ ........ 57% 19.8M 50s
2239488K ........ ........ ........ ........ ........ ........ 57% 20.1M 50s
2242560K ........ ........ ........ ........ ........ ........ 57% 21.4M 50s
2245632K ........ ........ ........ ........ ........ ........ 57% 21.9M 49s
2248704K ........ ........ ........ ........ ........ ........ 58% 22.9M 49s
2251776K ........ ........ ........ ........ ........ ........ 58% 22.4M 49s
2254848K ........ ........ ........ ........ ........ ........ 58% 23.1M 49s
2257920K ........ ........ ........ ........ ........ ........ 58% 23.8M 49s
2260992K ........ ........ ........ ........ ........ ........ 58% 24.8M 49s
2264064K ........ ........ ........ ........ ........ ........ 58% 24.1M 49s
2267136K ........ ........ ........ ........ ........ ........ 58% 25.4M 49s
2270208K ........ ........ ........ ........ ........ ........ 58% 26.0M 49s
2273280K ........ ........ ........ ........ ........ ........ 58% 26.5M 49s
2276352K ........ ........ ........ ........ ........ ........ 58% 26.7M 49s
2279424K ........ ........ ........ ........ ........ ........ 58% 27.3M 49s
2282496K ........ ........ ........ ........ ........ ........ 58% 26.3M 49s
2285568K ........ ........ ........ ........ ........ ........ 58% 27.7M 48s
2288640K ........ ........ ........ ........ ........ ........ 59% 29.3M 48s
2291712K ........ ........ ........ ........ ........ ........ 59% 21.2M 48s
2294784K ........ ........ ........ ........ ........ ........ 59% 21.5M 48s
2297856K ........ ........ ........ ........ ........ ........ 59% 22.2M 48s
2300928K ........ ........ ........ ........ ........ ........ 59% 21.7M 48s
2304000K ........ ........ ........ ........ ........ ........ 59% 23.0M 48s
2307072K ........ ........ ........ ........ ........ ........ 59% 22.8M 48s
2310144K ........ ........ ........ ........ ........ ........ 59% 24.0M 48s
2313216K ........ ........ ........ ........ ........ ........ 59% 24.5M 48s
2316288K ........ ........ ........ ........ ........ ........ 59% 24.3M 48s
2319360K ........ ........ ........ ........ ........ ........ 59% 25.0M 48s
2322432K ........ ........ ........ ........ ........ ........ 59% 24.1M 48s
2325504K ........ ........ ........ ........ ........ ........ 60% 26.5M 48s
2328576K ........ ........ ........ ........ ........ ........ 60% 26.6M 47s
2331648K ........ ........ ........ ........ ........ ........ 60% 27.2M 47s
2334720K ........ ........ ........ ........ ........ ........ 60% 27.1M 47s
2337792K ........ ........ ........ ........ ........ ........ 60% 27.3M 47s
2340864K ........ ........ ........ ........ ........ ........ 60% 28.5M 47s
2343936K ........ ........ ........ ........ ........ ........ 60% 29.4M 47s
2347008K ........ ........ ........ ........ ........ ........ 60% 29.4M 47s
2350080K ........ ........ ........ ........ ........ ........ 60% 30.2M 47s
2353152K ........ ........ ........ ........ ........ ........ 60% 29.4M 47s
2356224K ........ ........ ........ ........ ........ ........ 60% 30.1M 47s
2359296K ........ ........ ........ ........ ........ ........ 60% 29.1M 47s
2362368K ........ ........ ........ ........ ........ ........ 60% 32.6M 47s
2365440K ........ ........ ........ ........ ........ ........ 61% 31.8M 46s
2368512K ........ ........ ........ ........ ........ ........ 61% 31.6M 46s
2371584K ........ ........ ........ ........ ........ ........ 61% 32.1M 46s
2374656K ........ ........ ........ ........ ........ ........ 61% 32.9M 46s
2377728K ........ ........ ........ ........ ........ ........ 61% 33.9M 46s
2380800K ........ ........ ........ ........ ........ ........ 61% 33.5M 46s
2383872K ........ ........ ........ ........ ........ ........ 61% 34.0M 46s
2386944K ........ ........ ........ ........ ........ ........ 61% 34.7M 46s
2390016K ........ ........ ........ ........ ........ ........ 61% 34.5M 46s
2393088K ........ ........ ........ ........ ........ ........ 61% 33.6M 46s
2396160K ........ ........ ........ ........ ........ ........ 61% 34.4M 45s
2399232K ........ ........ ........ ........ ........ ........ 61% 34.5M 45s
2402304K ........ ........ ........ ........ ........ ........ 62% 35.9M 45s
2405376K ........ ........ ........ ........ ........ ........ 62% 36.2M 45s
2408448K ........ ........ ........ ........ ........ ........ 62% 37.7M 45s
2411520K ........ ........ ........ ........ ........ ........ 62% 34.2M 45s
2414592K ........ ........ ........ ........ ........ ........ 62% 26.6M 45s
2417664K ........ ........ ........ ........ ........ ........ 62% 26.3M 45s
2420736K ........ ........ ........ ........ ........ ........ 62% 26.6M 45s
2423808K ........ ........ ........ ........ ........ ........ 62% 28.4M 45s
2426880K ........ ........ ........ ........ ........ ........ 62% 22.8M 45s
2429952K ........ ........ ........ ........ ........ ........ 62% 19.8M 44s
2433024K ........ ........ ........ ........ ........ ........ 62% 21.3M 44s
2436096K ........ ........ ........ ........ ........ ........ 62% 21.8M 44s
2439168K ........ ........ ........ ........ ........ ........ 62% 22.8M 44s
2442240K ........ ........ ........ ........ ........ ........ 63% 22.0M 44s
2445312K ........ ........ ........ ........ ........ ........ 63% 23.3M 44s
2448384K ........ ........ ........ ........ ........ ........ 63% 24.7M 44s
2451456K ........ ........ ........ ........ ........ ........ 63% 24.5M 44s
2454528K ........ ........ ........ ........ ........ ........ 63% 25.0M 44s
2457600K ........ ........ ........ ........ ........ ........ 63% 24.5M 44s
2460672K ........ ........ ........ ........ ........ ........ 63% 25.8M 44s
2463744K ........ ........ ........ ........ ........ ........ 63% 26.4M 44s
2466816K ........ ........ ........ ........ ........ ........ 63% 26.8M 44s
2469888K ........ ........ ........ ........ ........ ........ 63% 27.2M 43s
2472960K ........ ........ ........ ........ ........ ........ 63% 27.4M 43s
2476032K ........ ........ ........ ........ ........ ........ 63% 27.5M 43s
2479104K ........ ........ ........ ........ ........ ........ 63% 29.2M 43s
2482176K ........ ........ ........ ........ ........ ........ 64% 29.6M 43s
2485248K ........ ........ ........ ........ ........ ........ 64% 29.4M 43s
2488320K ........ ........ ........ ........ ........ ........ 64% 29.7M 43s
2491392K ........ ........ ........ ........ ........ ........ 64% 29.9M 43s
2494464K ........ ........ ........ ........ ........ ........ 64% 30.1M 43s
2497536K ........ ........ ........ ........ ........ ........ 64% 31.2M 43s
2500608K ........ ........ ........ ........ ........ ........ 64% 32.4M 43s
2503680K ........ ........ ........ ........ ........ ........ 64% 30.8M 42s
2506752K ........ ........ ........ ........ ........ ........ 64% 28.6M 42s
2509824K ........ ........ ........ ........ ........ ........ 64% 25.1M 42s
2512896K ........ ........ ........ ........ ........ ........ 64% 23.7M 42s
2515968K ........ ........ ........ ........ ........ ........ 64% 24.1M 42s
2519040K ........ ........ ........ ........ ........ ........ 65% 25.3M 42s
2522112K ........ ........ ........ ........ ........ ........ 65% 24.3M 42s
2525184K ........ ........ ........ ........ ........ ........ 65% 24.7M 42s
2528256K ........ ........ ........ ........ ........ ........ 65% 26.2M 42s
2531328K ........ ........ ........ ........ ........ ........ 65% 27.5M 42s
2534400K ........ ........ ........ ........ ........ ........ 65% 27.1M 42s
2537472K ........ ........ ........ ........ ........ ........ 65% 27.3M 42s
2540544K ........ ........ ........ ........ ........ ........ 65% 27.1M 41s
2543616K ........ ........ ........ ........ ........ ........ 65% 28.0M 41s
2546688K ........ ........ ........ ........ ........ ........ 65% 28.4M 41s
2549760K ........ ........ ........ ........ ........ ........ 65% 29.9M 41s
2552832K ........ ........ ........ ........ ........ ........ 65% 29.3M 41s
2555904K ........ ........ ........ ........ ........ ........ 65% 29.8M 41s
2558976K ........ ........ ........ ........ ........ ........ 66% 29.6M 41s
2562048K ........ ........ ........ ........ ........ ........ 66% 30.0M 41s
2565120K ........ ........ ........ ........ ........ ........ 66% 30.0M 41s
2568192K ........ ........ ........ ........ ........ ........ 66% 32.3M 41s
2571264K ........ ........ ........ ........ ........ ........ 66% 32.1M 41s
2574336K ........ ........ ........ ........ ........ ........ 66% 32.0M 40s
2577408K ........ ........ ........ ........ ........ ........ 66% 32.4M 40s
2580480K ........ ........ ........ ........ ........ ........ 66% 32.8M 40s
2583552K ........ ........ ........ ........ ........ ........ 66% 34.6M 40s
2586624K ........ ........ ........ ........ ........ ........ 66% 34.1M 40s
2589696K ........ ........ ........ ........ ........ ........ 66% 34.7M 40s
2592768K ........ ........ ........ ........ ........ ........ 66% 34.2M 40s
2595840K ........ ........ ........ ........ ........ ........ 66% 34.4M 40s
2598912K ........ ........ ........ ........ ........ ........ 67% 34.7M 40s
2601984K ........ ........ ........ ........ ........ ........ 67% 22.0M 40s
2605056K ........ ........ ........ ........ ........ ........ 67% 25.7M 39s
2608128K ........ ........ ........ ........ ........ ........ 67% 26.0M 39s
2611200K ........ ........ ........ ........ ........ ........ 67% 26.6M 39s
2614272K ........ ........ ........ ........ ........ ........ 67% 27.1M 39s
2617344K ........ ........ ........ ........ ........ ........ 67% 27.7M 39s
2620416K ........ ........ ........ ........ ........ ........ 67% 27.0M 39s
2623488K ........ ........ ........ ........ ........ ........ 67% 29.5M 39s
2626560K ........ ........ ........ ........ ........ ........ 67% 29.5M 39s
2629632K ........ ........ ........ ........ ........ ........ 67% 29.5M 39s
2632704K ........ ........ ........ ........ ........ ........ 67% 29.6M 39s
2635776K ........ ........ ........ ........ ........ ........ 68% 28.9M 39s
2638848K ........ ........ ........ ........ ........ ........ 68% 30.6M 38s
2641920K ........ ........ ........ ........ ........ ........ 68% 29.8M 38s
2644992K ........ ........ ........ ........ ........ ........ 68% 30.7M 38s
2648064K ........ ........ ........ ........ ........ ........ 68% 30.6M 38s
2651136K ........ ........ ........ ........ ........ ........ 68% 32.9M 38s
2654208K ........ ........ ........ ........ ........ ........ 68% 32.5M 38s
2657280K ........ ........ ........ ........ ........ ........ 68% 30.9M 38s
2660352K ........ ........ ........ ........ ........ ........ 68% 33.5M 38s
2663424K ........ ........ ........ ........ ........ ........ 68% 34.0M 38s
2666496K ........ ........ ........ ........ ........ ........ 68% 34.3M 38s
2669568K ........ ........ ........ ........ ........ ........ 68% 34.7M 38s
2672640K ........ ........ ........ ........ ........ ........ 68% 32.9M 37s
2675712K ........ ........ ........ ........ ........ ........ 69% 35.1M 37s
2678784K ........ ........ ........ ........ ........ ........ 69% 34.9M 37s
2681856K ........ ........ ........ ........ ........ ........ 69% 34.3M 37s
2684928K ........ ........ ........ ........ ........ ........ 69% 35.3M 37s
2688000K ........ ........ ........ ........ ........ ........ 69% 36.1M 37s
2691072K ........ ........ ........ ........ ........ ........ 69% 36.6M 37s
2694144K ........ ........ ........ ........ ........ ........ 69% 37.0M 37s
2697216K ........ ........ ........ ........ ........ ........ 69% 37.4M 37s
2700288K ........ ........ ........ ........ ........ ........ 69% 35.7M 37s
2703360K ........ ........ ........ ........ ........ ........ 69% 38.8M 36s
2706432K ........ ........ ........ ........ ........ ........ 69% 39.1M 36s
2709504K ........ ........ ........ ........ ........ ........ 69% 39.3M 36s
2712576K ........ ........ ........ ........ ........ ........ 70% 39.4M 36s
2715648K ........ ........ ........ ........ ........ ........ 70% 39.5M 36s
2718720K ........ ........ ........ ........ ........ ........ 70% 39.5M 36s
2721792K ........ ........ ........ ........ ........ ........ 70% 40.0M 36s
2724864K ........ ........ ........ ........ ........ ........ 70% 38.9M 36s
2727936K ........ ........ ........ ........ ........ ........ 70% 39.9M 36s
2731008K ........ ........ ........ ........ ........ ........ 70% 39.9M 35s
2734080K ........ ........ ........ ........ ........ ........ 70% 39.7M 35s
2737152K ........ ........ ........ ........ ........ ........ 70% 39.9M 35s
2740224K ........ ........ ........ ........ ........ ........ 70% 42.5M 35s
2743296K ........ ........ ........ ........ ........ ........ 70% 42.2M 35s
2746368K ........ ........ ........ ........ ........ ........ 70% 41.4M 35s
2749440K ........ ........ ........ ........ ........ ........ 70% 44.5M 35s
2752512K ........ ........ ........ ........ ........ ........ 71% 43.7M 35s
2755584K ........ ........ ........ ........ ........ ........ 71% 37.6M 35s
2758656K ........ ........ ........ ........ ........ ........ 71% 29.7M 35s
2761728K ........ ........ ........ ........ ........ ........ 71% 31.5M 34s
2764800K ........ ........ ........ ........ ........ ........ 71% 32.0M 34s
2767872K ........ ........ ........ ........ ........ ........ 71% 33.0M 34s
2770944K ........ ........ ........ ........ ........ ........ 71% 32.0M 34s
2774016K ........ ........ ........ ........ ........ ........ 71% 35.2M 34s
2777088K ........ ........ ........ ........ ........ ........ 71% 34.3M 34s
2780160K ........ ........ ........ ........ ........ ........ 71% 33.1M 34s
2783232K ........ ........ ........ ........ ........ ........ 71% 33.8M 34s
2786304K ........ ........ ........ ........ ........ ........ 71% 34.5M 34s
2789376K ........ ........ ........ ........ ........ ........ 71% 35.3M 34s
2792448K ........ ........ ........ ........ ........ ........ 72% 34.3M 33s
2795520K ........ ........ ........ ........ ........ ........ 72% 35.3M 33s
2798592K ........ ........ ........ ........ ........ ........ 72% 37.2M 33s
2801664K ........ ........ ........ ........ ........ ........ 72% 35.3M 33s
2804736K ........ ........ ........ ........ ........ ........ 72% 38.0M 33s
2807808K ........ ........ ........ ........ ........ ........ 72% 37.1M 33s
2810880K ........ ........ ........ ........ ........ ........ 72% 37.2M 33s
2813952K ........ ........ ........ ........ ........ ........ 72% 38.8M 33s
2817024K ........ ........ ........ ........ ........ ........ 72% 39.3M 33s
2820096K ........ ........ ........ ........ ........ ........ 72% 38.5M 33s
2823168K ........ ........ ........ ........ ........ ........ 72% 38.6M 32s
2826240K ........ ........ ........ ........ ........ ........ 72% 39.1M 32s
2829312K ........ ........ ........ ........ ........ ........ 73% 39.1M 32s
2832384K ........ ........ ........ ........ ........ ........ 73% 39.3M 32s
2835456K ........ ........ ........ ........ ........ ........ 73% 39.1M 32s
2838528K ........ ........ ........ ........ ........ ........ 73% 39.5M 32s
2841600K ........ ........ ........ ........ ........ ........ 73% 39.6M 32s
2844672K ........ ........ ........ ........ ........ ........ 73% 39.7M 32s
2847744K ........ ........ ........ ........ ........ ........ 73% 38.9M 32s
2850816K ........ ........ ........ ........ ........ ........ 73% 39.9M 32s
2853888K ........ ........ ........ ........ ........ ........ 73% 39.7M 31s
2856960K ........ ........ ........ ........ ........ ........ 73% 40.9M 31s
2860032K ........ ........ ........ ........ ........ ........ 73% 42.3M 31s
2863104K ........ ........ ........ ........ ........ ........ 73% 42.3M 31s
2866176K ........ ........ ........ ........ ........ ........ 73% 43.0M 31s
2869248K ........ ........ ........ ........ ........ ........ 74% 43.5M 31s
2872320K ........ ........ ........ ........ ........ ........ 74% 43.8M 31s
2875392K ........ ........ ........ ........ ........ ........ 74% 44.6M 31s
2878464K ........ ........ ........ ........ ........ ........ 74% 43.3M 31s
2881536K ........ ........ ........ ........ ........ ........ 74% 44.8M 31s
2884608K ........ ........ ........ ........ ........ ........ 74% 43.6M 30s
2887680K ........ ........ ........ ........ ........ ........ 74% 43.8M 30s
2890752K ........ ........ ........ ........ ........ ........ 74% 43.4M 30s
2893824K ........ ........ ........ ........ ........ ........ 74% 44.9M 30s
2896896K ........ ........ ........ ........ ........ ........ 74% 43.9M 30s
2899968K ........ ........ ........ ........ ........ ........ 74% 45.3M 30s
2903040K ........ ........ ........ ........ ........ ........ 74% 43.0M 30s
2906112K ........ ........ ........ ........ ........ ........ 74% 44.7M 30s
2909184K ........ ........ ........ ........ ........ ........ 75% 40.2M 30s
2912256K ........ ........ ........ ........ ........ ........ 75% 31.5M 30s
2915328K ........ ........ ........ ........ ........ ........ 75% 34.0M 29s
2918400K ........ ........ ........ ........ ........ ........ 75% 34.4M 29s
2921472K ........ ........ ........ ........ ........ ........ 75% 35.2M 29s
2924544K ........ ........ ........ ........ ........ ........ 75% 34.2M 29s
2927616K ........ ........ ........ ........ ........ ........ 75% 34.5M 29s
2930688K ........ ........ ........ ........ ........ ........ 75% 34.5M 29s
2933760K ........ ........ ........ ........ ........ ........ 75% 34.0M 29s
2936832K ........ ........ ........ ........ ........ ........ 75% 37.7M 29s
2939904K ........ ........ ........ ........ ........ ........ 75% 32.6M 29s
2942976K ........ ........ ........ ........ ........ ........ 75% 26.2M 29s
2946048K ........ ........ ........ ........ ........ ........ 76% 26.8M 28s
2949120K ........ ........ ........ ........ ........ ........ 76% 28.2M 28s
2952192K ........ ........ ........ ........ ........ ........ 76% 26.0M 28s
2955264K ........ ........ ........ ........ ........ ........ 76% 27.2M 28s
2958336K ........ ........ ........ ........ ........ ........ 76% 28.6M 28s
2961408K ........ ........ ........ ........ ........ ........ 76% 29.7M 28s
2964480K ........ ........ ........ ........ ........ ........ 76% 29.7M 28s
2967552K ........ ........ ........ ........ ........ ........ 76% 29.7M 28s
2970624K ........ ........ ........ ........ ........ ........ 76% 29.0M 28s
2973696K ........ ........ ........ ........ ........ ........ 76% 20.8M 28s
2976768K ........ ........ ........ ........ ........ ........ 76% 21.7M 28s
2979840K ........ ........ ........ ........ ........ ........ 76% 23.0M 28s
2982912K ........ ........ ........ ........ ........ ........ 76% 22.7M 27s
2985984K ........ ........ ........ ........ ........ ........ 77% 23.4M 27s
2989056K ........ ........ ........ ........ ........ ........ 77% 24.4M 27s
2992128K ........ ........ ........ ........ ........ ........ 77% 24.9M 27s
2995200K ........ ........ ........ ........ ........ ........ 77% 24.1M 27s
2998272K ........ ........ ........ ........ ........ ........ 77% 25.3M 27s
3001344K ........ ........ ........ ........ ........ ........ 77% 25.9M 27s
3004416K ........ ........ ........ ........ ........ ........ 77% 26.3M 27s
3007488K ........ ........ ........ ........ ........ ........ 77% 26.6M 27s
3010560K ........ ........ ........ ........ ........ ........ 77% 27.4M 27s
3013632K ........ ........ ........ ........ ........ ........ 77% 26.6M 27s
3016704K ........ ........ ........ ........ ........ ........ 77% 28.0M 26s
3019776K ........ ........ ........ ........ ........ ........ 77% 29.4M 26s
3022848K ........ ........ ........ ........ ........ ........ 78% 29.4M 26s
3025920K ........ ........ ........ ........ ........ ........ 78% 29.0M 26s
3028992K ........ ........ ........ ........ ........ ........ 78% 29.4M 26s
3032064K ........ ........ ........ ........ ........ ........ 78% 30.3M 26s
3035136K ........ ........ ........ ........ ........ ........ 78% 30.9M 26s
3038208K ........ ........ ........ ........ ........ ........ 78% 30.6M 26s
3041280K ........ ........ ........ ........ ........ ........ 78% 32.5M 26s
3044352K ........ ........ ........ ........ ........ ........ 78% 32.1M 26s
3047424K ........ ........ ........ ........ ........ ........ 78% 31.8M 26s
3050496K ........ ........ ........ ........ ........ ........ 78% 32.8M 25s
3053568K ........ ........ ........ ........ ........ ........ 78% 33.9M 25s
3056640K ........ ........ ........ ........ ........ ........ 78% 34.7M 25s
3059712K ........ ........ ........ ........ ........ ........ 78% 33.9M 25s
3062784K ........ ........ ........ ........ ........ ........ 79% 34.4M 25s
3065856K ........ ........ ........ ........ ........ ........ 79% 35.2M 25s
3068928K ........ ........ ........ ........ ........ ........ 79% 34.8M 25s
3072000K ........ ........ ........ ........ ........ ........ 79% 34.4M 25s
3075072K ........ ........ ........ ........ ........ ........ 79% 35.3M 25s
3078144K ........ ........ ........ ........ ........ ........ 79% 35.6M 25s
3081216K ........ ........ ........ ........ ........ ........ 79% 36.6M 24s
3084288K ........ ........ ........ ........ ........ ........ 79% 37.2M 24s
3087360K ........ ........ ........ ........ ........ ........ 79% 36.6M 24s
3090432K ........ ........ ........ ........ ........ ........ 79% 37.9M 24s
3093504K ........ ........ ........ ........ ........ ........ 79% 37.7M 24s
3096576K ........ ........ ........ ........ ........ ........ 79% 38.7M 24s
3099648K ........ ........ ........ ........ ........ ........ 79% 39.3M 24s
3102720K ........ ........ ........ ........ ........ ........ 80% 38.2M 24s
3105792K ........ ........ ........ ........ ........ ........ 80% 39.3M 24s
3108864K ........ ........ ........ ........ ........ ........ 80% 39.6M 24s
3111936K ........ ........ ........ ........ ........ ........ 80% 39.4M 23s
3115008K ........ ........ ........ ........ ........ ........ 80% 39.2M 23s
3118080K ........ ........ ........ ........ ........ ........ 80% 39.7M 23s
3121152K ........ ........ ........ ........ ........ ........ 80% 40.1M 23s
3124224K ........ ........ ........ ........ ........ ........ 80% 38.9M 23s
3127296K ........ ........ ........ ........ ........ ........ 80% 39.8M 23s
3130368K ........ ........ ........ ........ ........ ........ 80% 42.2M 23s
3133440K ........ ........ ........ ........ ........ ........ 80% 41.7M 23s
3136512K ........ ........ ........ ........ ........ ........ 80% 41.9M 23s
3139584K ........ ........ ........ ........ ........ ........ 81% 43.3M 23s
3142656K ........ ........ ........ ........ ........ ........ 81% 45.1M 22s
3145728K ........ ........ ........ ........ ........ ........ 81% 44.2M 22s
3148800K ........ ........ ........ ........ ........ ........ 81% 43.5M 22s
3151872K ........ ........ ........ ........ ........ ........ 81% 44.8M 22s
3154944K ........ ........ ........ ........ ........ ........ 81% 44.3M 22s
3158016K ........ ........ ........ ........ ........ ........ 81% 43.9M 22s
3161088K ........ ........ ........ ........ ........ ........ 81% 44.3M 22s
3164160K ........ ........ ........ ........ ........ ........ 81% 44.9M 22s
3167232K ........ ........ ........ ........ ........ ........ 81% 44.5M 22s
3170304K ........ ........ ........ ........ ........ ........ 81% 44.0M 22s
3173376K ........ ........ ........ ........ ........ ........ 81% 44.9M 21s
3176448K ........ ........ ........ ........ ........ ........ 81% 45.0M 21s
3179520K ........ ........ ........ ........ ........ ........ 82% 43.8M 21s
3182592K ........ ........ ........ ........ ........ ........ 82% 45.0M 21s
3185664K ........ ........ ........ ........ ........ ........ 82% 45.7M 21s
3188736K ........ ........ ........ ........ ........ ........ 82% 47.1M 21s
3191808K ........ ........ ........ ........ ........ ........ 82% 47.8M 21s
3194880K ........ ........ ........ ........ ........ ........ 82% 49.3M 21s
3197952K ........ ........ ........ ........ ........ ........ 82% 50.1M 21s
3201024K ........ ........ ........ ........ ........ ........ 82% 48.7M 21s
3204096K ........ ........ ........ ........ ........ ........ 82% 48.1M 20s
3207168K ........ ........ ........ ........ ........ ........ 82% 49.1M 20s
3210240K ........ ........ ........ ........ ........ ........ 82% 48.9M 20s
3213312K ........ ........ ........ ........ ........ ........ 82% 48.7M 20s
3216384K ........ ........ ........ ........ ........ ........ 82% 49.0M 20s
3219456K ........ ........ ........ ........ ........ ........ 83% 50.0M 20s
3222528K ........ ........ ........ ........ ........ ........ 83% 49.5M 20s
3225600K ........ ........ ........ ........ ........ ........ 83% 47.4M 20s
3228672K ........ ........ ........ ........ ........ ........ 83% 49.4M 20s
3231744K ........ ........ ........ ........ ........ ........ 83% 49.3M 20s
3234816K ........ ........ ........ ........ ........ ........ 83% 48.8M 19s
3237888K ........ ........ ........ ........ ........ ........ 83% 49.1M 19s
3240960K ........ ........ ........ ........ ........ ........ 83% 49.9M 19s
3244032K ........ ........ ........ ........ ........ ........ 83% 50.0M 19s
3247104K ........ ........ ........ ........ ........ ........ 83% 48.5M 19s
3250176K ........ ........ ........ ........ ........ ........ 83% 54.9M 19s
3253248K ........ ........ ........ ........ ........ ........ 83% 51.8M 19s
3256320K ........ ........ ........ ........ ........ ........ 84% 54.7M 19s
3259392K ........ ........ ........ ........ ........ ........ 84% 54.2M 19s
3262464K ........ ........ ........ ........ ........ ........ 84% 51.7M 19s
3265536K ........ ........ ........ ........ ........ ........ 84% 55.2M 18s
3268608K ........ ........ ........ ........ ........ ........ 84% 54.0M 18s
3271680K ........ ........ ........ ........ ........ ........ 84% 51.9M 18s
3274752K ........ ........ ........ ........ ........ ........ 84% 55.8M 18s
3277824K ........ ........ ........ ........ ........ ........ 84% 54.8M 18s
3280896K ........ ........ ........ ........ ........ ........ 84% 50.8M 18s
3283968K ........ ........ ........ ........ ........ ........ 84% 56.3M 18s
3287040K ........ ........ ........ ........ ........ ........ 84% 53.4M 18s
3290112K ........ ........ ........ ........ ........ ........ 84% 53.6M 18s
3293184K ........ ........ ........ ........ ........ ........ 84% 53.6M 18s
3296256K ........ ........ ........ ........ ........ ........ 85% 53.9M 17s
3299328K ........ ........ ........ ........ ........ ........ 85% 54.3M 17s
3302400K ........ ........ ........ ........ ........ ........ 85% 53.4M 17s
3305472K ........ ........ ........ ........ ........ ........ 85% 54.5M 17s
3308544K ........ ........ ........ ........ ........ ........ 85% 54.3M 17s
3311616K ........ ........ ........ ........ ........ ........ 85% 57.4M 17s
3314688K ........ ........ ........ ........ ........ ........ 85% 57.9M 17s
3317760K ........ ........ ........ ........ ........ ........ 85% 58.2M 17s
3320832K ........ ........ ........ ........ ........ ........ 85% 53.1M 17s
3323904K ........ ........ ........ ........ ........ ........ 85% 38.9M 17s
3326976K ........ ........ ........ ........ ........ ........ 85% 39.1M 16s
3330048K ........ ........ ........ ........ ........ ........ 85% 41.5M 16s
3333120K ........ ........ ........ ........ ........ ........ 86% 41.6M 16s
3336192K ........ ........ ........ ........ ........ ........ 86% 41.0M 16s
3339264K ........ ........ ........ ........ ........ ........ 86% 44.7M 16s
3342336K ........ ........ ........ ........ ........ ........ 86% 43.3M 16s
3345408K ........ ........ ........ ........ ........ ........ 86% 44.5M 16s
3348480K ........ ........ ........ ........ ........ ........ 86% 43.7M 16s
3351552K ........ ........ ........ ........ ........ ........ 86% 43.8M 16s
3354624K ........ ........ ........ ........ ........ ........ 86% 44.9M 16s
3357696K ........ ........ ........ ........ ........ ........ 86% 44.3M 16s
3360768K ........ ........ ........ ........ ........ ........ 86% 44.3M 15s
3363840K ........ ........ ........ ........ ........ ........ 86% 44.2M 15s
3366912K ........ ........ ........ ........ ........ ........ 86% 45.4M 15s
3369984K ........ ........ ........ ........ ........ ........ 86% 43.0M 15s
3373056K ........ ........ ........ ........ ........ ........ 87% 46.2M 15s
3376128K ........ ........ ........ ........ ........ ........ 87% 48.5M 15s
3379200K ........ ........ ........ ........ ........ ........ 87% 50.0M 15s
3382272K ........ ........ ........ ........ ........ ........ 87% 48.3M 15s
3385344K ........ ........ ........ ........ ........ ........ 87% 48.3M 15s
3388416K ........ ........ ........ ........ ........ ........ 87% 46.8M 15s
3391488K ........ ........ ........ ........ ........ ........ 87% 50.1M 14s
3394560K ........ ........ ........ ........ ........ ........ 87% 50.1M 14s
3397632K ........ ........ ........ ........ ........ ........ 87% 47.7M 14s
3400704K ........ ........ ........ ........ ........ ........ 87% 49.7M 14s
3403776K ........ ........ ........ ........ ........ ........ 87% 48.5M 14s
3406848K ........ ........ ........ ........ ........ ........ 87% 49.5M 14s
3409920K ........ ........ ........ ........ ........ ........ 87% 48.9M 14s
3412992K ........ ........ ........ ........ ........ ........ 88% 48.9M 14s
3416064K ........ ........ ........ ........ ........ ........ 88% 49.4M 14s
3419136K ........ ........ ........ ........ ........ ........ 88% 49.7M 14s
3422208K ........ ........ ........ ........ ........ ........ 88% 49.1M 14s
3425280K ........ ........ ........ ........ ........ ........ 88% 48.3M 13s
3428352K ........ ........ ........ ........ ........ ........ 88% 49.7M 13s
3431424K ........ ........ ........ ........ ........ ........ 88% 50.1M 13s
3434496K ........ ........ ........ ........ ........ ........ 88% 51.8M 13s
3437568K ........ ........ ........ ........ ........ ........ 88% 53.6M 13s
3440640K ........ ........ ........ ........ ........ ........ 88% 52.7M 13s
3443712K ........ ........ ........ ........ ........ ........ 88% 54.8M 13s
3446784K ........ ........ ........ ........ ........ ........ 88% 52.9M 13s
3449856K ........ ........ ........ ........ ........ ........ 89% 51.9M 13s
3452928K ........ ........ ........ ........ ........ ........ 89% 56.0M 13s
3456000K ........ ........ ........ ........ ........ ........ 89% 54.3M 12s
3459072K ........ ........ ........ ........ ........ ........ 89% 51.5M 12s
3462144K ........ ........ ........ ........ ........ ........ 89% 53.9M 12s
3465216K ........ ........ ........ ........ ........ ........ 89% 55.3M 12s
3468288K ........ ........ ........ ........ ........ ........ 89% 52.4M 12s
3471360K ........ ........ ........ ........ ........ ........ 89% 53.3M 12s
3474432K ........ ........ ........ ........ ........ ........ 89% 55.4M 12s
3477504K ........ ........ ........ ........ ........ ........ 89% 52.7M 12s
3480576K ........ ........ ........ ........ ........ ........ 89% 52.8M 12s
3483648K ........ ........ ........ ........ ........ ........ 89% 55.1M 12s
3486720K ........ ........ ........ ........ ........ ........ 89% 52.9M 12s
3489792K ........ ........ ........ ........ ........ ........ 90% 54.0M 11s
3492864K ........ ........ ........ ........ ........ ........ 90% 53.6M 11s
3495936K ........ ........ ........ ........ ........ ........ 90% 52.7M 11s
3499008K ........ ........ ........ ........ ........ ........ 90% 54.6M 11s
3502080K ........ ........ ........ ........ ........ ........ 90% 54.1M 11s
3505152K ........ ........ ........ ........ ........ ........ 90% 53.6M 11s
3508224K ........ ........ ........ ........ ........ ........ 90% 53.3M 11s
3511296K ........ ........ ........ ........ ........ ........ 90% 55.1M 11s
3514368K ........ ........ ........ ........ ........ ........ 90% 53.0M 11s
3517440K ........ ........ ........ ........ ........ ........ 90% 54.3M 11s
3520512K ........ ........ ........ ........ ........ ........ 90% 55.2M 10s
3523584K ........ ........ ........ ........ ........ ........ 90% 53.4M 10s
3526656K ........ ........ ........ ........ ........ ........ 90% 57.3M 10s
3529728K ........ ........ ........ ........ ........ ........ 91% 56.5M 10s
3532800K ........ ........ ........ ........ ........ ........ 91% 58.6M 10s
3535872K ........ ........ ........ ........ ........ ........ 91% 58.2M 10s
3538944K ........ ........ ........ ........ ........ ........ 91% 58.0M 10s
3542016K ........ ........ ........ ........ ........ ........ 91% 58.4M 10s
3545088K ........ ........ ........ ........ ........ ........ 91% 57.4M 10s
3548160K ........ ........ ........ ........ ........ ........ 91% 54.3M 10s
3551232K ........ ........ ........ ........ ........ ........ 91% 39.6M 10s
3554304K ........ ........ ........ ........ ........ ........ 91% 39.8M 9s
3557376K ........ ........ ........ ........ ........ ........ 91% 41.4M 9s
3560448K ........ ........ ........ ........ ........ ........ 91% 42.0M 9s
3563520K ........ ........ ........ ........ ........ ........ 91% 46.1M 9s
3566592K ........ ........ ........ ........ ........ ........ 92% 43.8M 9s
3569664K ........ ........ ........ ........ ........ ........ 92% 43.0M 9s
3572736K ........ ........ ........ ........ ........ ........ 92% 45.5M 9s
3575808K ........ ........ ........ ........ ........ ........ 92% 43.8M 9s
3578880K ........ ........ ........ ........ ........ ........ 92% 43.4M 9s
3581952K ........ ........ ........ ........ ........ ........ 92% 44.8M 9s
3585024K ........ ........ ........ ........ ........ ........ 92% 45.1M 9s
3588096K ........ ........ ........ ........ ........ ........ 92% 44.7M 8s
3591168K ........ ........ ........ ........ ........ ........ 92% 43.7M 8s
3594240K ........ ........ ........ ........ ........ ........ 92% 45.7M 8s
3597312K ........ ........ ........ ........ ........ ........ 92% 48.5M 8s
3600384K ........ ........ ........ ........ ........ ........ 92% 47.9M 8s
3603456K ........ ........ ........ ........ ........ ........ 92% 48.0M 8s
3606528K ........ ........ ........ ........ ........ ........ 93% 51.3M 8s
3609600K ........ ........ ........ ........ ........ ........ 93% 48.4M 8s
3612672K ........ ........ ........ ........ ........ ........ 93% 48.1M 8s
3615744K ........ ........ ........ ........ ........ ........ 93% 48.9M 8s
3618816K ........ ........ ........ ........ ........ ........ 93% 51.0M 8s
3621888K ........ ........ ........ ........ ........ ........ 93% 49.0M 7s
3624960K ........ ........ ........ ........ ........ ........ 93% 47.9M 7s
3628032K ........ ........ ........ ........ ........ ........ 93% 49.5M 7s
3631104K ........ ........ ........ ........ ........ ........ 93% 50.0M 7s
3634176K ........ ........ ........ ........ ........ ........ 93% 49.1M 7s
3637248K ........ ........ ........ ........ ........ ........ 93% 49.1M 7s
3640320K ........ ........ ........ ........ ........ ........ 93% 49.7M 7s
3643392K ........ ........ ........ ........ ........ ........ 94% 49.7M 7s
3646464K ........ ........ ........ ........ ........ ........ 94% 49.2M 7s
3649536K ........ ........ ........ ........ ........ ........ 94% 49.9M 7s
3652608K ........ ........ ........ ........ ........ ........ 94% 52.0M 7s
3655680K ........ ........ ........ ........ ........ ........ 94% 53.9M 6s
3658752K ........ ........ ........ ........ ........ ........ 94% 52.0M 6s
3661824K ........ ........ ........ ........ ........ ........ 94% 55.5M 6s
3664896K ........ ........ ........ ........ ........ ........ 94% 54.0M 6s
3667968K ........ ........ ........ ........ ........ ........ 94% 51.5M 6s
3671040K ........ ........ ........ ........ ........ ........ 94% 55.4M 6s
3674112K ........ ........ ........ ........ ........ ........ 94% 53.7M 6s
3677184K ........ ........ ........ ........ ........ ........ 94% 53.5M 6s
3680256K ........ ........ ........ ........ ........ ........ 94% 54.0M 6s
3683328K ........ ........ ........ ........ ........ ........ 95% 54.6M 6s
3686400K ........ ........ ........ ........ ........ ........ 95% 53.1M 6s
3689472K ........ ........ ........ ........ ........ ........ 95% 55.0M 5s
3692544K ........ ........ ........ ........ ........ ........ 95% 53.7M 5s
3695616K ........ ........ ........ ........ ........ ........ 95% 53.8M 5s
3698688K ........ ........ ........ ........ ........ ........ 95% 53.6M 5s
3701760K ........ ........ ........ ........ ........ ........ 95% 54.2M 5s
3704832K ........ ........ ........ ........ ........ ........ 95% 54.4M 5s
3707904K ........ ........ ........ ........ ........ ........ 95% 54.4M 5s
3710976K ........ ........ ........ ........ ........ ........ 95% 54.0M 5s
3714048K ........ ........ ........ ........ ........ ........ 95% 53.5M 5s
3717120K ........ ........ ........ ........ ........ ........ 95% 52.6M 5s
3720192K ........ ........ ........ ........ ........ ........ 95% 54.1M 5s
3723264K ........ ........ ........ ........ ........ ........ 96% 54.1M 4s
3726336K ........ ........ ........ ........ ........ ........ 96% 52.2M 4s
3729408K ........ ........ ........ ........ ........ ........ 96% 55.8M 4s
3732480K ........ ........ ........ ........ ........ ........ 96% 54.2M 4s
3735552K ........ ........ ........ ........ ........ ........ 96% 53.9M 4s
3738624K ........ ........ ........ ........ ........ ........ 96% 54.2M 4s
3741696K ........ ........ ........ ........ ........ ........ 96% 55.2M 4s
3744768K ........ ........ ........ ........ ........ ........ 96% 54.7M 4s
3747840K ........ ........ ........ ........ ........ ........ 96% 56.0M 4s
3750912K ........ ........ ........ ........ ........ ........ 96% 58.7M 4s
3753984K ........ ........ ........ ........ ........ ........ 96% 59.1M 4s
3757056K ........ ........ ........ ........ ........ ........ 96% 58.0M 3s
3760128K ........ ........ ........ ........ ........ ........ 97% 58.3M 3s
3763200K ........ ........ ........ ........ ........ ........ 97% 58.9M 3s
3766272K ........ ........ ........ ........ ........ ........ 97% 59.0M 3s
3769344K ........ ........ ........ ........ ........ ........ 97% 58.3M 3s
3772416K ........ ........ ........ ........ ........ ........ 97% 59.3M 3s
3775488K ........ ........ ........ ........ ........ ........ 97% 59.3M 3s
3778560K ........ ........ ........ ........ ........ ........ 97% 58.8M 3s
3781632K ........ ........ ........ ........ ........ ........ 97% 59.3M 3s
3784704K ........ ........ ........ ........ ........ ........ 97% 59.4M 3s
3787776K ........ ........ ........ ........ ........ ........ 97% 59.6M 3s
3790848K ........ ........ ........ ........ ........ ........ 97% 58.5M 2s
3793920K ........ ........ ........ ........ ........ ........ 97% 58.7M 2s
3796992K ........ ........ ........ ........ ........ ........ 97% 59.0M 2s
3800064K ........ ........ ........ ........ ........ ........ 98% 59.0M 2s
3803136K ........ ........ ........ ........ ........ ........ 98% 58.2M 2s
3806208K ........ ........ ........ ........ ........ ........ 98% 59.5M 2s
3809280K ........ ........ ........ ........ ........ ........ 98% 59.7M 2s
3812352K ........ ........ ........ ........ ........ ........ 98% 58.8M 2s
3815424K ........ ........ ........ ........ ........ ........ 98% 62.6M 2s
3818496K ........ ........ ........ ........ ........ ........ 98% 63.5M 2s
3821568K ........ ........ ........ ........ ........ ........ 98% 63.9M 2s
3824640K ........ ........ ........ ........ ........ ........ 98% 62.7M 1s
3827712K ........ ........ ........ ........ ........ ........ 98% 63.1M 1s
3830784K ........ ........ ........ ........ ........ ........ 98% 64.5M 1s
3833856K ........ ........ ........ ........ ........ ........ 98% 61.9M 1s
3836928K ........ ........ ........ ........ ........ ........ 98% 38.1M 1s
3840000K ........ ........ ........ ........ ........ ........ 99% 31.5M 1s
3843072K ........ ........ ........ ........ ........ ........ 99% 33.2M 1s
3846144K ........ ........ ........ ........ ........ ........ 99% 30.7M 1s
3849216K ........ ........ ........ ........ ........ ........ 99% 32.7M 1s
3852288K ........ ........ ........ ........ ........ ........ 99% 33.0M 1s
3855360K ........ ........ ........ ........ ........ ........ 99% 30.7M 1s
3858432K ........ ........ ........ ........ ........ ........ 99% 33.2M 1s
3861504K ........ ........ ........ ........ ........ ........ 99% 34.2M 0s
3864576K ........ ........ ........ ........ ........ ........ 99% 34.1M 0s
3867648K ........ ........ ........ ........ ........ ........ 99% 33.8M 0s
3870720K ........ ........ ........ ........ ........ ........ 99% 34.8M 0s
3873792K ........ ........ ........ ........ ........ ........ 99% 35.1M 0s
3876864K ........ ........ ........ ........ ....             100% 34.1M=1m51s

2021-04-25 23:21:12 (34.2 MB/s) - ‘/dev/null’ saved [3972317184/3972317184]

