--2021-04-25 22:27:38--  https://mirror.globo.com/centos/8/isos/x86_64/CentOS-8.3.2011-x86_64-dvd1.iso
Resolving mirror.globo.com (mirror.globo.com)... 131.0.25.51
Connecting to mirror.globo.com (mirror.globo.com)|131.0.25.51|:443... connected.
HTTP request sent, awaiting response... 200 OK
Length: 9264168960 (8.6G) [application/octet-stream]
Saving to: '/dev/null'

     0K ........ ........ ........ ........ ........ ........  0% 39.5M 3m43s
  3072K ........ ........ ........ ........ ........ ........  0% 90.0M 2m41s
  6144K ........ ........ ........ ........ ........ ........  0% 54.4M 2m41s
  9216K ........ ........ ........ ........ ........ ........  0% 54.6M 2m41s
 12288K ........ ........ ........ ........ ........ ........  0% 54.7M 2m41s
 15360K ........ ........ ........ ........ ........ ........  0% 54.7M 2m41s
 18432K ........ ........ ........ ........ ........ ........  0% 55.0M 2m41s
 21504K ........ ........ ........ ........ ........ ........  0% 55.1M 2m41s
 24576K ........ ........ ........ ........ ........ ........  0% 54.8M 2m41s
 27648K ........ ........ ........ ........ ........ ........  0% 55.2M 2m41s
 30720K ........ ........ ........ ........ ........ ........  0% 54.6M 2m41s
 33792K ........ ........ ........ ........ ........ ........  0% 55.0M 2m40s
 36864K ........ ........ ........ ........ ........ ........  0% 54.6M 2m40s
 39936K ........ ........ ........ ........ ........ ........  0% 54.3M 2m40s
 43008K ........ ........ ........ ........ ........ ........  0% 54.6M 2m40s
 46080K ........ ........ ........ ........ ........ ........  0% 54.0M 2m41s
 49152K ........ ........ ........ ........ ........ ........  0% 54.6M 2m41s
 52224K ........ ........ ........ ........ ........ ........  0% 54.8M 2m40s
 55296K ........ ........ ........ ........ ........ ........  0% 55.0M 2m40s
 58368K ........ ........ ........ ........ ........ ........  0% 54.5M 2m40s
 61440K ........ ........ ........ ........ ........ ........  0% 54.6M 2m40s
 64512K ........ ........ ........ ........ ........ ........  0% 54.7M 2m40s
 67584K ........ ........ ........ ........ ........ ........  0% 54.5M 2m40s
 70656K ........ ........ ........ ........ ........ ........  0% 54.8M 2m40s
 73728K ........ ........ ........ ........ ........ ........  0% 54.8M 2m40s
 76800K ........ ........ ........ ........ ........ ........  0% 54.6M 2m40s
 79872K ........ ........ ........ ........ ........ ........  0% 54.8M 2m40s
 82944K ........ ........ ........ ........ ........ ........  0% 54.5M 2m40s
 86016K ........ ........ ........ ........ ........ ........  0% 53.9M 2m40s
 89088K ........ ........ ........ ........ ........ ........  1% 54.2M 2m40s
 92160K ........ ........ ........ ........ ........ ........  1% 54.7M 2m40s
 95232K ........ ........ ........ ........ ........ ........  1% 54.1M 2m40s
 98304K ........ ........ ........ ........ ........ ........  1% 54.5M 2m40s
101376K ........ ........ ........ ........ ........ ........  1% 54.4M 2m40s
104448K ........ ........ ........ ........ ........ ........  1% 54.0M 2m40s
107520K ........ ........ ........ ........ ........ ........  1% 53.5M 2m40s
110592K ........ ........ ........ ........ ........ ........  1% 54.4M 2m40s
113664K ........ ........ ........ ........ ........ ........  1% 54.7M 2m40s
116736K ........ ........ ........ ........ ........ ........  1% 54.0M 2m40s
119808K ........ ........ ........ ........ ........ ........  1% 54.1M 2m40s
122880K ........ ........ ........ ........ ........ ........  1% 54.3M 2m40s
125952K ........ ........ ........ ........ ........ ........  1% 54.1M 2m40s
129024K ........ ........ ........ ........ ........ ........  1% 54.0M 2m40s
132096K ........ ........ ........ ........ ........ ........  1% 54.5M 2m40s
135168K ........ ........ ........ ........ ........ ........  1% 54.8M 2m40s
138240K ........ ........ ........ ........ ........ ........  1% 54.0M 2m40s
141312K ........ ........ ........ ........ ........ ........  1% 54.5M 2m39s
144384K ........ ........ ........ ........ ........ ........  1% 54.5M 2m39s
147456K ........ ........ ........ ........ ........ ........  1% 54.3M 2m39s
150528K ........ ........ ........ ........ ........ ........  1% 53.9M 2m39s
153600K ........ ........ ........ ........ ........ ........  1% 54.2M 2m39s
156672K ........ ........ ........ ........ ........ ........  1% 54.1M 2m39s
159744K ........ ........ ........ ........ ........ ........  1% 53.9M 2m39s
162816K ........ ........ ........ ........ ........ ........  1% 54.2M 2m39s
165888K ........ ........ ........ ........ ........ ........  1% 54.0M 2m39s
168960K ........ ........ ........ ........ ........ ........  1% 54.0M 2m39s
172032K ........ ........ ........ ........ ........ ........  1% 54.0M 2m39s
175104K ........ ........ ........ ........ ........ ........  1% 54.8M 2m39s
178176K ........ ........ ........ ........ ........ ........  2% 54.4M 2m39s
181248K ........ ........ ........ ........ ........ ........  2% 54.4M 2m39s
184320K ........ ........ ........ ........ ........ ........  2% 54.0M 2m39s
187392K ........ ........ ........ ........ ........ ........  2% 55.0M 2m39s
190464K ........ ........ ........ ........ ........ ........  2% 53.4M 2m39s
193536K ........ ........ ........ ........ ........ ........  2% 54.2M 2m39s
196608K ........ ........ ........ ........ ........ ........  2% 54.0M 2m39s
199680K ........ ........ ........ ........ ........ ........  2% 55.6M 2m39s
202752K ........ ........ ........ ........ ........ ........  2% 54.7M 2m39s
205824K ........ ........ ........ ........ ........ ........  2% 54.4M 2m39s
208896K ........ ........ ........ ........ ........ ........  2% 54.5M 2m38s
211968K ........ ........ ........ ........ ........ ........  2% 54.4M 2m38s
215040K ........ ........ ........ ........ ........ ........  2% 54.3M 2m38s
218112K ........ ........ ........ ........ ........ ........  2% 54.4M 2m38s
221184K ........ ........ ........ ........ ........ ........  2% 54.8M 2m38s
224256K ........ ........ ........ ........ ........ ........  2% 54.5M 2m38s
227328K ........ ........ ........ ........ ........ ........  2% 54.8M 2m38s
230400K ........ ........ ........ ........ ........ ........  2% 54.5M 2m38s
233472K ........ ........ ........ ........ ........ ........  2% 54.6M 2m38s
236544K ........ ........ ........ ........ ........ ........  2% 54.7M 2m38s
239616K ........ ........ ........ ........ ........ ........  2% 54.1M 2m38s
242688K ........ ........ ........ ........ ........ ........  2% 54.2M 2m38s
245760K ........ ........ ........ ........ ........ ........  2% 54.0M 2m38s
248832K ........ ........ ........ ........ ........ ........  2% 54.4M 2m38s
251904K ........ ........ ........ ........ ........ ........  2% 53.7M 2m38s
254976K ........ ........ ........ ........ ........ ........  2% 54.4M 2m38s
258048K ........ ........ ........ ........ ........ ........  2% 54.8M 2m38s
261120K ........ ........ ........ ........ ........ ........  2% 53.7M 2m38s
264192K ........ ........ ........ ........ ........ ........  2% 54.0M 2m38s
267264K ........ ........ ........ ........ ........ ........  2% 53.5M 2m38s
270336K ........ ........ ........ ........ ........ ........  3% 51.4M 2m38s
273408K ........ ........ ........ ........ ........ ........  3% 58.0M 2m37s
276480K ........ ........ ........ ........ ........ ........  3% 54.1M 2m37s
279552K ........ ........ ........ ........ ........ ........  3% 54.7M 2m37s
282624K ........ ........ ........ ........ ........ ........  3% 54.1M 2m37s
285696K ........ ........ ........ ........ ........ ........  3% 54.3M 2m37s
288768K ........ ........ ........ ........ ........ ........  3% 54.6M 2m37s
291840K ........ ........ ........ ........ ........ ........  3% 54.4M 2m37s
294912K ........ ........ ........ ........ ........ ........  3% 54.0M 2m37s
297984K ........ ........ ........ ........ ........ ........  3% 54.3M 2m37s
301056K ........ ........ ........ ........ ........ ........  3% 54.4M 2m37s
304128K ........ ........ ........ ........ ........ ........  3% 53.7M 2m37s
307200K ........ ........ ........ ........ ........ ........  3% 54.5M 2m37s
310272K ........ ........ ........ ........ ........ ........  3% 54.9M 2m37s
313344K ........ ........ ........ ........ ........ ........  3% 54.4M 2m37s
316416K ........ ........ ........ ........ ........ ........  3% 54.7M 2m37s
319488K ........ ........ ........ ........ ........ ........  3% 54.5M 2m37s
322560K ........ ........ ........ ........ ........ ........  3% 54.9M 2m37s
325632K ........ ........ ........ ........ ........ ........  3% 54.5M 2m36s
328704K ........ ........ ........ ........ ........ ........  3% 54.4M 2m36s
331776K ........ ........ ........ ........ ........ ........  3% 54.5M 2m36s
334848K ........ ........ ........ ........ ........ ........  3% 54.4M 2m36s
337920K ........ ........ ........ ........ ........ ........  3% 54.6M 2m36s
340992K ........ ........ ........ ........ ........ ........  3% 54.8M 2m36s
344064K ........ ........ ........ ........ ........ ........  3% 54.7M 2m36s
347136K ........ ........ ........ ........ ........ ........  3% 54.7M 2m36s
350208K ........ ........ ........ ........ ........ ........  3% 54.6M 2m36s
353280K ........ ........ ........ ........ ........ ........  3% 54.4M 2m36s
356352K ........ ........ ........ ........ ........ ........  3% 54.6M 2m36s
359424K ........ ........ ........ ........ ........ ........  4% 54.6M 2m36s
362496K ........ ........ ........ ........ ........ ........  4% 54.9M 2m36s
365568K ........ ........ ........ ........ ........ ........  4% 54.7M 2m36s
368640K ........ ........ ........ ........ ........ ........  4% 54.7M 2m36s
371712K ........ ........ ........ ........ ........ ........  4% 54.6M 2m36s
374784K ........ ........ ........ ........ ........ ........  4% 54.8M 2m35s
377856K ........ ........ ........ ........ ........ ........  4% 54.6M 2m35s
380928K ........ ........ ........ ........ ........ ........  4% 46.4M 2m36s
384000K ........ ........ ........ ........ ........ ........  4% 67.5M 2m35s
387072K ........ ........ ........ ........ ........ ........  4% 54.7M 2m35s
390144K ........ ........ ........ ........ ........ ........  4% 54.8M 2m35s
393216K ........ ........ ........ ........ ........ ........  4% 54.9M 2m35s
396288K ........ ........ ........ ........ ........ ........  4% 54.4M 2m35s
399360K ........ ........ ........ ........ ........ ........  4% 54.6M 2m35s
402432K ........ ........ ........ ........ ........ ........  4% 55.0M 2m35s
405504K ........ ........ ........ ........ ........ ........  4% 54.7M 2m35s
408576K ........ ........ ........ ........ ........ ........  4% 54.7M 2m35s
411648K ........ ........ ........ ........ ........ ........  4% 54.6M 2m35s
414720K ........ ........ ........ ........ ........ ........  4% 54.2M 2m35s
417792K ........ ........ ........ ........ ........ ........  4% 54.8M 2m35s
420864K ........ ........ ........ ........ ........ ........  4% 55.0M 2m35s
423936K ........ ........ ........ ........ ........ ........  4% 54.0M 2m35s
427008K ........ ........ ........ ........ ........ ........  4% 54.8M 2m34s
430080K ........ ........ ........ ........ ........ ........  4% 55.0M 2m34s
433152K ........ ........ ........ ........ ........ ........  4% 54.7M 2m34s
436224K ........ ........ ........ ........ ........ ........  4% 48.2M 2m34s
439296K ........ ........ ........ ........ ........ ........  4% 63.2M 2m34s
442368K ........ ........ ........ ........ ........ ........  4% 54.4M 2m34s
445440K ........ ........ ........ ........ ........ ........  4% 54.9M 2m34s
448512K ........ ........ ........ ........ ........ ........  4% 54.7M 2m34s
451584K ........ ........ ........ ........ ........ ........  5% 54.3M 2m34s
454656K ........ ........ ........ ........ ........ ........  5% 54.7M 2m34s
457728K ........ ........ ........ ........ ........ ........  5% 54.3M 2m34s
460800K ........ ........ ........ ........ ........ ........  5% 55.1M 2m34s
463872K ........ ........ ........ ........ ........ ........  5% 54.8M 2m34s
466944K ........ ........ ........ ........ ........ ........  5% 54.6M 2m34s
470016K ........ ........ ........ ........ ........ ........  5% 54.7M 2m34s
473088K ........ ........ ........ ........ ........ ........  5% 54.5M 2m34s
476160K ........ ........ ........ ........ ........ ........  5% 54.4M 2m34s
479232K ........ ........ ........ ........ ........ ........  5% 54.8M 2m33s
482304K ........ ........ ........ ........ ........ ........  5% 54.3M 2m33s
485376K ........ ........ ........ ........ ........ ........  5% 54.8M 2m33s
488448K ........ ........ ........ ........ ........ ........  5% 54.8M 2m33s
491520K ........ ........ ........ ........ ........ ........  5% 54.8M 2m33s
494592K ........ ........ ........ ........ ........ ........  5% 55.1M 2m33s
497664K ........ ........ ........ ........ ........ ........  5% 55.0M 2m33s
500736K ........ ........ ........ ........ ........ ........  5% 54.5M 2m33s
503808K ........ ........ ........ ........ ........ ........  5% 54.6M 2m33s
506880K ........ ........ ........ ........ ........ ........  5% 54.5M 2m33s
509952K ........ ........ ........ ........ ........ ........  5% 54.7M 2m33s
513024K ........ ........ ........ ........ ........ ........  5% 54.8M 2m33s
516096K ........ ........ ........ ........ ........ ........  5% 54.7M 2m33s
519168K ........ ........ ........ ........ ........ ........  5% 55.0M 2m33s
522240K ........ ........ ........ ........ ........ ........  5% 54.7M 2m33s
525312K ........ ........ ........ ........ ........ ........  5% 55.1M 2m33s
528384K ........ ........ ........ ........ ........ ........  5% 54.7M 2m33s
531456K ........ ........ ........ ........ ........ ........  5% 52.6M 2m33s
534528K ........ ........ ........ ........ ........ ........  5% 51.3M 2m33s
537600K ........ ........ ........ ........ ........ ........  5% 8.08M 2m37s
540672K ........ ........ ........ ........ ........ ........  6% 8.90M 2m42s
543744K ........ ........ ........ ........ ........ ........  6% 7.13M 2m47s
546816K ........ ........ ........ ........ ........ ........  6% 10.4M 2m51s
549888K ........ ........ ........ ........ ........ ........  6% 2.16M 3m11s
552960K ........ ........ ........ ........ ........ ........  6% 4.09M 3m21s
556032K ........ ........ ........ ........ ........ ........  6% 4.99M 3m29s
559104K ........ ........ ........ ........ ........ ........  6% 3.54M 3m41s
562176K ........ ........ ........ ........ ........ ........  6% 8.08M 3m45s
565248K ........ ........ ........ ........ ........ ........  6% 7.92M 3m49s
568320K ........ ........ ........ ........ ........ ........  6% 8.08M 3m54s
571392K ........ ........ ........ ........ ........ ........  6% 7.92M 3m58s
574464K ........ ........ ........ ........ ........ ........  6% 8.09M 4m2s
577536K ........ ........ ........ ........ ........ ........  6% 7.92M 4m6s
580608K ........ ........ ........ ........ ........ ........  6% 8.08M 4m10s
583680K ........ ........ ........ ........ ........ ........  6% 7.91M 4m14s
586752K ........ ........ ........ ........ ........ ........  6% 8.09M 4m18s
589824K ........ ........ ........ ........ ........ ........  6% 7.92M 4m22s
592896K ........ ........ ........ ........ ........ ........  6% 8.08M 4m26s
595968K ........ ........ ........ ........ ........ ........  6% 7.92M 4m30s
599040K ........ ........ ........ ........ ........ ........  6% 8.08M 4m33s
602112K ........ ........ ........ ........ ........ ........  6% 7.92M 4m37s
605184K ........ ........ ........ ........ ........ ........  6% 4.92M 4m44s
608256K ........ ........ ........ ........ ........ ........  6% 3.56M 4m54s
611328K ........ ........ ........ ........ ........ ........  6% 3.90M 5m3s
614400K ........ ........ ........ ........ ........ ........  6% 3.61M 5m13s
617472K ........ ........ ........ ........ ........ ........  6% 5.18M 5m19s
620544K ........ ........ ........ ........ ........ ........  6% 4.11M 5m27s
623616K ........ ........ ........ ........ ........ ........  6% 8.11M 5m31s
626688K ........ ........ ........ ........ ........ ........  6% 7.89M 5m34s
629760K ........ ........ ........ ........ ........ ........  6% 8.11M 5m37s
632832K ........ ........ ........ ........ ........ ........  7% 7.89M 5m40s
635904K ........ ........ ........ ........ ........ ........  7% 8.11M 5m43s
638976K ........ ........ ........ ........ ........ ........  7% 7.89M 5m47s
642048K ........ ........ ........ ........ ........ ........  7% 8.11M 5m50s
645120K ........ ........ ........ ........ ........ ........  7% 7.89M 5m53s
648192K ........ ........ ........ ........ ........ ........  7% 8.11M 5m56s
651264K ........ ........ ........ ........ ........ ........  7% 6.92M 6m0s
654336K ........ ........ ........ ........ ........ ........  7% 9.07M 6m2s
657408K ........ ........ ........ ........ ........ ........  7% 6.20M 6m6s
660480K ........ ........ ........ ........ ........ ........  7% 6.32M 6m11s
663552K ........ ........ ........ ........ ........ ........  7% 3.88M 6m18s
666624K ........ ........ ........ ........ ........ ........  7% 5.17M 6m24s
669696K ........ ........ ........ ........ ........ ........  7% 3.40M 6m33s
672768K ........ ........ ........ ........ ........ ........  7% 4.43M 6m39s
675840K ........ ........ ........ ........ ........ ........  7% 7.48M 6m42s
678912K ........ ........ ........ ........ ........ ........  7% 7.71M 6m45s
681984K ........ ........ ........ ........ ........ ........  7% 2.58M 6m57s
685056K ........ ........ ........ ........ ........ ........  7% 6.82M 7m1s
688128K ........ ........ ........ ........ ........ ........  7% 8.74M 7m3s
691200K ........ ........ ........ ........ ........ ........  7% 6.81M 7m6s
694272K ........ ........ ........ ........ ........ ........  7% 9.13M 7m8s
697344K ........ ........ ........ ........ ........ ........  7% 7.89M 7m10s
700416K ........ ........ ........ ........ ........ ........  7% 8.11M 7m13s
703488K ........ ........ ........ ........ ........ ........  7% 7.85M 7m15s
706560K ........ ........ ........ ........ ........ ........  7% 6.63M 7m19s
709632K ........ ........ ........ ........ ........ ........  7% 7.29M 7m21s
712704K ........ ........ ........ ........ ........ ........  7% 9.83M 7m23s
715776K ........ ........ ........ ........ ........ ........  7% 6.64M 7m26s
718848K ........ ........ ........ ........ ........ ........  7% 11.8M 7m27s
721920K ........ ........ ........ ........ ........ ........  8% 6.62M 7m30s
724992K ........ ........ ........ ........ ........ ........  8% 2.92M 7m40s
728064K ........ ........ ........ ........ ........ ........  8% 3.06M 7m49s
731136K ........ ........ ........ ........ ........ ........  8% 5.07M 7m53s
734208K ........ ........ ........ ........ ........ ........  8% 7.72M 7m56s
737280K ........ ........ ........ ........ ........ ........  8% 4.76M 8m0s
740352K ........ ........ ........ ........ ........ ........  8% 6.12M 8m4s
743424K ........ ........ ........ ........ ........ ........  8% 7.90M 8m6s
746496K ........ ........ ........ ........ ........ ........  8% 8.11M 8m8s
749568K ........ ........ ........ ........ ........ ........  8% 7.89M 8m10s
752640K ........ ........ ........ ........ ........ ........  8% 8.11M 8m12s
755712K ........ ........ ........ ........ ........ ........  8% 7.69M 8m14s
758784K ........ ........ ........ ........ ........ ........  8% 7.14M 8m16s
761856K ........ ........ ........ ........ ........ ........  8% 7.90M 8m18s
764928K ........ ........ ........ ........ ........ ........  8% 8.11M 8m20s
768000K ........ ........ ........ ........ ........ ........  8% 7.86M 8m22s
771072K ........ ........ ........ ........ ........ ........  8% 8.15M 8m24s
774144K ........ ........ ........ ........ ........ ........  8% 7.89M 8m25s
777216K ........ ........ ........ ........ ........ ........  8% 7.24M 8m28s
780288K ........ ........ ........ ........ ........ ........  8% 5.05M 8m32s
783360K ........ ........ ........ ........ ........ ........  8% 3.47M 8m39s
786432K ........ ........ ........ ........ ........ ........  8% 5.20M 8m42s
789504K ........ ........ ........ ........ ........ ........  8% 3.40M 8m49s
792576K ........ ........ ........ ........ ........ ........  8% 8.85M 8m51s
795648K ........ ........ ........ ........ ........ ........  8% 7.50M 8m53s
798720K ........ ........ ........ ........ ........ ........  8% 8.12M 8m54s
801792K ........ ........ ........ ........ ........ ........  8% 7.88M 8m56s
804864K ........ ........ ........ ........ ........ ........  8% 2.10M 9m8s
807936K ........ ........ ........ ........ ........ ........  8% 5.77M 9m11s
811008K ........ ........ ........ ........ ........ ........  8% 6.20M 9m14s
814080K ........ ........ ........ ........ ........ ........  9% 7.42M 9m16s
817152K ........ ........ ........ ........ ........ ........  9% 9.94M 9m16s
820224K ........ ........ ........ ........ ........ ........  9% 8.45M 9m18s
823296K ........ ........ ........ ........ ........ ........  9% 8.21M 9m19s
826368K ........ ........ ........ ........ ........ ........  9% 8.88M 9m20s
829440K ........ ........ ........ ........ ........ ........  9% 7.43M 9m22s
832512K ........ ........ ........ ........ ........ ........  9% 7.86M 9m23s
835584K ........ ........ ........ ........ ........ ........  9% 7.72M 9m25s
838656K ........ ........ ........ ........ ........ ........  9% 8.65M 9m26s
841728K ........ ........ ........ ........ ........ ........  9% 8.18M 9m27s
844800K ........ ........ ........ ........ ........ ........  9% 6.34M 9m29s
847872K ........ ........ ........ ........ ........ ........  9% 1.46M 9m47s
850944K ........ ........ ........ ........ ........ ........  9% 7.45M 9m48s
854016K ........ ........ ........ ........ ........ ........  9% 11.4M 9m49s
857088K ........ ........ ........ ........ ........ ........  9% 6.52M 9m51s
860160K ........ ........ ........ ........ ........ ........  9% 9.93M 9m51s
863232K ........ ........ ........ ........ ........ ........  9% 7.46M 9m53s
866304K ........ ........ ........ ........ ........ ........  9% 6.74M 9m55s
869376K ........ ........ ........ ........ ........ ........  9% 11.2M 9m55s
872448K ........ ........ ........ ........ ........ ........  9% 6.65M 9m57s
875520K ........ ........ ........ ........ ........ ........  9% 9.07M 9m57s
878592K ........ ........ ........ ........ ........ ........  9% 7.85M 9m59s
881664K ........ ........ ........ ........ ........ ........  9% 7.07M 10m0s
884736K ........ ........ ........ ........ ........ ........  9% 10.7M 10m1s
887808K ........ ........ ........ ........ ........ ........  9% 6.53M 10m2s
890880K ........ ........ ........ ........ ........ ........  9% 8.54M 10m3s
893952K ........ ........ ........ ........ ........ ........  9% 3.95M 10m8s
897024K ........ ........ ........ ........ ........ ........  9% 3.53M 10m13s
900096K ........ ........ ........ ........ ........ ........  9% 4.84M 10m17s
903168K ........ ........ ........ ........ ........ ........ 10% 4.96M 10m20s
906240K ........ ........ ........ ........ ........ ........ 10% 2.89M 10m27s
909312K ........ ........ ........ ........ ........ ........ 10% 7.48M 10m28s
912384K ........ ........ ........ ........ ........ ........ 10% 9.88M 10m28s
915456K ........ ........ ........ ........ ........ ........ 10% 6.64M 10m30s
918528K ........ ........ ........ ........ ........ ........ 10% 11.4M 10m30s
921600K ........ ........ ........ ........ ........ ........ 10% 6.66M 10m32s
924672K ........ ........ ........ ........ ........ ........ 10% 7.33M 10m33s
927744K ........ ........ ........ ........ ........ ........ 10% 9.79M 10m33s
930816K ........ ........ ........ ........ ........ ........ 10% 6.80M 10m35s
933888K ........ ........ ........ ........ ........ ........ 10% 11.4M 10m35s
936960K ........ ........ ........ ........ ........ ........ 10% 6.53M 10m36s
940032K ........ ........ ........ ........ ........ ........ 10% 7.35M 10m38s
943104K ........ ........ ........ ........ ........ ........ 10% 10.1M 10m38s
946176K ........ ........ ........ ........ ........ ........ 10% 6.65M 10m39s
949248K ........ ........ ........ ........ ........ ........ 10% 4.31M 10m43s
952320K ........ ........ ........ ........ ........ ........ 10% 3.00M 10m49s
955392K ........ ........ ........ ........ ........ ........ 10% 3.61M 10m54s
958464K ........ ........ ........ ........ ........ ........ 10% 4.92M 10m57s
961536K ........ ........ ........ ........ ........ ........ 10% 7.89M 10m57s
964608K ........ ........ ........ ........ ........ ........ 10% 6.21M 10m59s
967680K ........ ........ ........ ........ ........ ........ 10% 9.33M 10m59s
970752K ........ ........ ........ ........ ........ ........ 10% 7.84M 11m0s
973824K ........ ........ ........ ........ ........ ........ 10% 7.07M 11m1s
976896K ........ ........ ........ ........ ........ ........ 10% 10.7M 11m1s
979968K ........ ........ ........ ........ ........ ........ 10% 6.55M 11m3s
983040K ........ ........ ........ ........ ........ ........ 10% 11.1M 11m3s
986112K ........ ........ ........ ........ ........ ........ 10% 8.09M 11m3s
989184K ........ ........ ........ ........ ........ ........ 10% 7.07M 11m5s
992256K ........ ........ ........ ........ ........ ........ 11% 6.79M 11m6s
995328K ........ ........ ........ ........ ........ ........ 11% 10.9M 11m6s
998400K ........ ........ ........ ........ ........ ........ 11% 4.56M 11m9s
1001472K ........ ........ ........ ........ ........ ........ 11% 5.23M 11m11s
1004544K ........ ........ ........ ........ ........ ........ 11% 3.12M 11m16s
1007616K ........ ........ ........ ........ ........ ........ 11% 3.56M 11m21s
1010688K ........ ........ ........ ........ ........ ........ 11% 5.17M 11m23s
1013760K ........ ........ ........ ........ ........ ........ 11% 4.84M 11m26s
1016832K ........ ........ ........ ........ ........ ........ 11% 5.51M 11m28s
1019904K ........ ........ ........ ........ ........ ........ 11% 7.74M 11m28s
1022976K ........ ........ ........ ........ ........ ........ 11% 9.15M 11m29s
1026048K ........ ........ ........ ........ ........ ........ 11% 6.36M 11m30s
1029120K ........ ........ ........ ........ ........ ........ 11% 9.42M 11m30s
1032192K ........ ........ ........ ........ ........ ........ 11% 8.07M 11m31s
1035264K ........ ........ ........ ........ ........ ........ 11% 7.04M 11m32s
1038336K ........ ........ ........ ........ ........ ........ 11% 10.4M 11m32s
1041408K ........ ........ ........ ........ ........ ........ 11% 6.67M 11m33s
1044480K ........ ........ ........ ........ ........ ........ 11% 8.26M 11m33s
1047552K ........ ........ ........ ........ ........ ........ 11% 8.50M 11m34s
1050624K ........ ........ ........ ........ ........ ........ 11% 7.02M 11m35s
1053696K ........ ........ ........ ........ ........ ........ 11% 10.8M 11m34s
1056768K ........ ........ ........ ........ ........ ........ 11% 4.51M 11m37s
1059840K ........ ........ ........ ........ ........ ........ 11% 7.14M 11m38s
1062912K ........ ........ ........ ........ ........ ........ 11% 4.95M 11m40s
1065984K ........ ........ ........ ........ ........ ........ 11% 4.85M 11m43s
1069056K ........ ........ ........ ........ ........ ........ 11% 4.16M 11m46s
1072128K ........ ........ ........ ........ ........ ........ 11% 3.83M 11m49s
1075200K ........ ........ ........ ........ ........ ........ 11% 3.04M 11m54s
1078272K ........ ........ ........ ........ ........ ........ 11% 6.19M 11m55s
1081344K ........ ........ ........ ........ ........ ........ 11% 7.23M 11m56s
1084416K ........ ........ ........ ........ ........ ........ 12% 11.0M 11m56s
1087488K ........ ........ ........ ........ ........ ........ 12% 6.59M 11m57s
1090560K ........ ........ ........ ........ ........ ........ 12% 7.45M 11m58s
1093632K ........ ........ ........ ........ ........ ........ 12% 9.62M 11m58s
1096704K ........ ........ ........ ........ ........ ........ 12% 7.07M 11m58s
1099776K ........ ........ ........ ........ ........ ........ 12% 10.8M 11m58s
1102848K ........ ........ ........ ........ ........ ........ 12% 6.52M 11m59s
1105920K ........ ........ ........ ........ ........ ........ 12% 8.54M 11m59s
1108992K ........ ........ ........ ........ ........ ........ 12% 8.48M 12m0s
1112064K ........ ........ ........ ........ ........ ........ 12% 6.91M 12m0s
1115136K ........ ........ ........ ........ ........ ........ 12% 10.8M 12m0s
1118208K ........ ........ ........ ........ ........ ........ 12% 4.83M 12m2s
1121280K ........ ........ ........ ........ ........ ........ 12% 5.35M 12m4s
1124352K ........ ........ ........ ........ ........ ........ 12% 7.67M 12m4s
1127424K ........ ........ ........ ........ ........ ........ 12% 8.11M 12m5s
1130496K ........ ........ ........ ........ ........ ........ 12% 7.89M 12m5s
1133568K ........ ........ ........ ........ ........ ........ 12% 8.12M 12m6s
1136640K ........ ........ ........ ........ ........ ........ 12% 4.68M 12m8s
1139712K ........ ........ ........ ........ ........ ........ 12% 2.75M 12m13s
1142784K ........ ........ ........ ........ ........ ........ 12% 2.66M 12m19s
1145856K ........ ........ ........ ........ ........ ........ 12% 4.55M 12m21s
1148928K ........ ........ ........ ........ ........ ........ 12% 4.35M 12m23s
1152000K ........ ........ ........ ........ ........ ........ 12% 7.82M 12m24s
1155072K ........ ........ ........ ........ ........ ........ 12% 3.61M 12m27s
1158144K ........ ........ ........ ........ ........ ........ 12% 7.85M 12m27s
1161216K ........ ........ ........ ........ ........ ........ 12% 4.84M 12m29s
1164288K ........ ........ ........ ........ ........ ........ 12% 2.08M 12m37s
1167360K ........ ........ ........ ........ ........ ........ 12% 5.09M 12m39s
1170432K ........ ........ ........ ........ ........ ........ 12% 4.92M 12m40s
1173504K ........ ........ ........ ........ ........ ........ 13% 8.08M 12m41s
1176576K ........ ........ ........ ........ ........ ........ 13% 7.92M 12m41s
1179648K ........ ........ ........ ........ ........ ........ 13% 8.10M 12m41s
1182720K ........ ........ ........ ........ ........ ........ 13% 7.90M 12m41s
1185792K ........ ........ ........ ........ ........ ........ 13% 8.09M 12m41s
1188864K ........ ........ ........ ........ ........ ........ 13% 7.92M 12m42s
1191936K ........ ........ ........ ........ ........ ........ 13% 4.22M 12m44s
1195008K ........ ........ ........ ........ ........ ........ 13% 3.14M 12m48s
1198080K ........ ........ ........ ........ ........ ........ 13% 2.24M 12m55s
1201152K ........ ........ ........ ........ ........ ........ 13% 4.58M 12m57s
1204224K ........ ........ ........ ........ ........ ........ 13%  671K 13m24s
1207296K ........ ........ ........ ........ ........ ........ 13% 2.09M 13m31s
1210368K ........ ........ ........ ........ ........ ........ 13% 2.31M 13m37s
1213440K ........ ........ ........ ........ ........ ........ 13% 2.97M 13m41s
1216512K ........ ........ ........ ........ ........ ........ 13% 1.76M 13m50s
1219584K ........ ........ ........ ........ ........ ........ 13% 4.00M 13m52s
1222656K ........ ........ ........ ........ ........ ........ 13% 4.00M 13m54s
1225728K ........ ........ ........ ........ ........ ........ 13% 4.00M 13m57s
1228800K ........ ........ ........ ........ ........ ........ 13% 2.42M 14m2s
1231872K ........ ........ ........ ........ ........ ........ 13% 1.96M 14m9s
1234944K ........ ........ ........ ........ ........ ........ 13% 2.63M 14m14s
1238016K ........ ........ ........ ........ ........ ........ 13% 4.16M 14m16s
1241088K ........ ........ ........ ........ ........ ........ 13% 2.50M 14m21s
1244160K ........ ........ ........ ........ ........ ........ 13% 3.41M 14m24s
1247232K ........ ........ ........ ........ ........ ........ 13% 1.93M 14m32s
1250304K ........ ........ ........ ........ ........ ........ 13% 2.68M 14m36s
1253376K ........ ........ ........ ........ ........ ........ 13% 2.07M 14m43s
1256448K ........ ........ ........ ........ ........ ........ 13% 8.50M 14m42s
1259520K ........ ........ ........ ........ ........ ........ 13% 8.11M 14m42s
1262592K ........ ........ ........ ........ ........ ........ 13% 7.91M 14m42s
1265664K ........ ........ ........ ........ ........ ........ 14% 7.18M 14m42s
1268736K ........ ........ ........ ........ ........ ........ 14% 8.85M 14m42s
1271808K ........ ........ ........ ........ ........ ........ 14% 7.97M 14m41s
1274880K ........ ........ ........ ........ ........ ........ 14% 8.25M 14m41s
1277952K ........ ........ ........ ........ ........ ........ 14% 7.91M 14m41s
1281024K ........ ........ ........ ........ ........ ........ 14% 6.94M 14m41s
1284096K ........ ........ ........ ........ ........ ........ 14% 8.32M 14m41s
1287168K ........ ........ ........ ........ ........ ........ 14% 9.02M 14m40s
1290240K ........ ........ ........ ........ ........ ........ 14% 8.06M 14m40s
1293312K ........ ........ ........ ........ ........ ........ 14% 8.08M 14m40s
1296384K ........ ........ ........ ........ ........ ........ 14% 7.91M 14m40s
1299456K ........ ........ ........ ........ ........ ........ 14% 4.90M 14m41s
1302528K ........ ........ ........ ........ ........ ........ 14% 8.11M 14m41s
1305600K ........ ........ ........ ........ ........ ........ 14% 7.89M 14m41s
1308672K ........ ........ ........ ........ ........ ........ 14% 8.11M 14m40s
1311744K ........ ........ ........ ........ ........ ........ 14% 2.40M 14m45s
1314816K ........ ........ ........ ........ ........ ........ 14% 6.85M 14m45s
1317888K ........ ........ ........ ........ ........ ........ 14% 4.92M 14m47s
1320960K ........ ........ ........ ........ ........ ........ 14% 3.09M 14m50s
1324032K ........ ........ ........ ........ ........ ........ 14% 4.23M 14m52s
1327104K ........ ........ ........ ........ ........ ........ 14% 2.45M 14m56s
1330176K ........ ........ ........ ........ ........ ........ 14% 2.97M 15m0s
1333248K ........ ........ ........ ........ ........ ........ 14% 7.14M 15m0s
1336320K ........ ........ ........ ........ ........ ........ 14% 8.11M 14m59s
1339392K ........ ........ ........ ........ ........ ........ 14% 7.89M 14m59s
1342464K ........ ........ ........ ........ ........ ........ 14% 8.11M 14m59s
1345536K ........ ........ ........ ........ ........ ........ 14% 7.89M 14m59s
1348608K ........ ........ ........ ........ ........ ........ 14% 8.11M 14m58s
1351680K ........ ........ ........ ........ ........ ........ 14% 7.90M 14m58s
1354752K ........ ........ ........ ........ ........ ........ 15% 8.10M 14m58s
1357824K ........ ........ ........ ........ ........ ........ 15% 7.90M 14m58s
1360896K ........ ........ ........ ........ ........ ........ 15% 7.89M 14m57s
1363968K ........ ........ ........ ........ ........ ........ 15% 3.57M 15m0s
1367040K ........ ........ ........ ........ ........ ........ 15% 3.57M 15m2s
1370112K ........ ........ ........ ........ ........ ........ 15% 4.92M 15m3s
1373184K ........ ........ ........ ........ ........ ........ 15% 3.57M 15m5s
1376256K ........ ........ ........ ........ ........ ........ 15% 3.03M 15m9s
1379328K ........ ........ ........ ........ ........ ........ 15% 7.64M 15m8s
1382400K ........ ........ ........ ........ ........ ........ 15% 7.63M 15m8s
1385472K ........ ........ ........ ........ ........ ........ 15% 8.07M 15m8s
1388544K ........ ........ ........ ........ ........ ........ 15% 7.03M 15m8s
1391616K ........ ........ ........ ........ ........ ........ 15% 10.4M 15m7s
1394688K ........ ........ ........ ........ ........ ........ 15% 6.66M 15m7s
1397760K ........ ........ ........ ........ ........ ........ 15% 7.27M 15m7s
1400832K ........ ........ ........ ........ ........ ........ 15% 10.1M 15m6s
1403904K ........ ........ ........ ........ ........ ........ 15% 7.01M 15m6s
1406976K ........ ........ ........ ........ ........ ........ 15% 10.4M 15m5s
1410048K ........ ........ ........ ........ ........ ........ 15% 6.65M 15m6s
1413120K ........ ........ ........ ........ ........ ........ 15% 8.31M 15m5s
1416192K ........ ........ ........ ........ ........ ........ 15% 8.54M 15m5s
1419264K ........ ........ ........ ........ ........ ........ 15% 5.50M 15m5s
1422336K ........ ........ ........ ........ ........ ........ 15% 8.12M 15m5s
1425408K ........ ........ ........ ........ ........ ........ 15% 3.53M 15m7s
1428480K ........ ........ ........ ........ ........ ........ 15% 3.37M 15m10s
1431552K ........ ........ ........ ........ ........ ........ 15% 5.36M 15m10s
1434624K ........ ........ ........ ........ ........ ........ 15% 4.17M 15m12s
1437696K ........ ........ ........ ........ ........ ........ 15% 4.10M 15m13s
1440768K ........ ........ ........ ........ ........ ........ 15% 8.08M 15m13s
1443840K ........ ........ ........ ........ ........ ........ 15% 7.92M 15m13s
1446912K ........ ........ ........ ........ ........ ........ 16% 7.90M 15m12s
1449984K ........ ........ ........ ........ ........ ........ 16% 8.06M 15m12s
1453056K ........ ........ ........ ........ ........ ........ 16% 8.11M 15m12s
1456128K ........ ........ ........ ........ ........ ........ 16% 7.89M 15m11s
1459200K ........ ........ ........ ........ ........ ........ 16% 6.55M 15m11s
1462272K ........ ........ ........ ........ ........ ........ 16% 7.36M 15m11s
1465344K ........ ........ ........ ........ ........ ........ 16% 10.1M 15m11s
1468416K ........ ........ ........ ........ ........ ........ 16% 6.64M 15m11s
1471488K ........ ........ ........ ........ ........ ........ 16% 11.4M 15m10s
1474560K ........ ........ ........ ........ ........ ........ 16% 6.66M 15m10s
1477632K ........ ........ ........ ........ ........ ........ 16% 7.34M 15m10s
1480704K ........ ........ ........ ........ ........ ........ 16% 5.50M 15m10s
1483776K ........ ........ ........ ........ ........ ........ 16% 3.79M 15m12s
1486848K ........ ........ ........ ........ ........ ........ 16% 3.57M 15m14s
1489920K ........ ........ ........ ........ ........ ........ 16% 4.70M 15m15s
1492992K ........ ........ ........ ........ ........ ........ 16% 5.08M 15m16s
1496064K ........ ........ ........ ........ ........ ........ 16% 4.17M 15m17s
1499136K ........ ........ ........ ........ ........ ........ 16% 5.17M 15m18s
1502208K ........ ........ ........ ........ ........ ........ 16% 7.48M 15m17s
1505280K ........ ........ ........ ........ ........ ........ 16% 7.89M 15m17s
1508352K ........ ........ ........ ........ ........ ........ 16% 8.11M 15m17s
1511424K ........ ........ ........ ........ ........ ........ 16% 7.89M 15m16s
1514496K ........ ........ ........ ........ ........ ........ 16% 8.10M 15m16s
1517568K ........ ........ ........ ........ ........ ........ 16% 7.89M 15m16s
1520640K ........ ........ ........ ........ ........ ........ 16% 8.11M 15m15s
1523712K ........ ........ ........ ........ ........ ........ 16% 7.89M 15m15s
1526784K ........ ........ ........ ........ ........ ........ 16% 3.95M 15m16s
1529856K ........ ........ ........ ........ ........ ........ 16% 5.80M 15m17s
1532928K ........ ........ ........ ........ ........ ........ 16% 3.84M 15m18s
1536000K ........ ........ ........ ........ ........ ........ 17% 2.46M 15m22s
1539072K ........ ........ ........ ........ ........ ........ 17% 2.08M 15m27s
1542144K ........ ........ ........ ........ ........ ........ 17% 2.40M 15m31s
1545216K ........ ........ ........ ........ ........ ........ 17% 1.37M 15m39s
1548288K ........ ........ ........ ........ ........ ........ 17% 1.67M 15m46s
1551360K ........ ........ ........ ........ ........ ........ 17% 2.54M 15m49s
1554432K ........ ........ ........ ........ ........ ........ 17% 7.89M 15m49s
1557504K ........ ........ ........ ........ ........ ........ 17% 8.11M 15m48s
1560576K ........ ........ ........ ........ ........ ........ 17% 7.90M 15m48s
1563648K ........ ........ ........ ........ ........ ........ 17% 5.26M 15m48s
1566720K ........ ........ ........ ........ ........ ........ 17% 6.22M 15m48s
1569792K ........ ........ ........ ........ ........ ........ 17% 4.57M 15m49s
1572864K ........ ........ ........ ........ ........ ........ 17% 3.31M 15m51s
1575936K ........ ........ ........ ........ ........ ........ 17% 4.89M 15m52s
1579008K ........ ........ ........ ........ ........ ........ 17% 3.61M 15m53s
1582080K ........ ........ ........ ........ ........ ........ 17% 4.91M 15m54s
1585152K ........ ........ ........ ........ ........ ........ 17% 3.66M 15m56s
1588224K ........ ........ ........ ........ ........ ........ 17% 5.76M 15m56s
1591296K ........ ........ ........ ........ ........ ........ 17% 3.12M 15m58s
1594368K ........ ........ ........ ........ ........ ........ 17% 1.59M 16m5s
1597440K ........ ........ ........ ........ ........ ........ 17% 4.92M 16m5s
1600512K ........ ........ ........ ........ ........ ........ 17% 6.11M 16m5s
1603584K ........ ........ ........ ........ ........ ........ 17% 7.91M 16m5s
1606656K ........ ........ ........ ........ ........ ........ 17% 8.09M 16m4s
1609728K ........ ........ ........ ........ ........ ........ 17% 7.91M 16m4s
1612800K ........ ........ ........ ........ ........ ........ 17% 7.08M 16m4s
1615872K ........ ........ ........ ........ ........ ........ 17% 7.64M 16m3s
1618944K ........ ........ ........ ........ ........ ........ 17% 7.20M 16m3s
1622016K ........ ........ ........ ........ ........ ........ 17% 10.4M 16m2s
1625088K ........ ........ ........ ........ ........ ........ 17% 6.50M 16m2s
1628160K ........ ........ ........ ........ ........ ........ 18% 8.08M 16m1s
1631232K ........ ........ ........ ........ ........ ........ 18% 9.02M 16m1s
1634304K ........ ........ ........ ........ ........ ........ 18% 6.55M 16m0s
1637376K ........ ........ ........ ........ ........ ........ 18% 12.0M 15m59s
1640448K ........ ........ ........ ........ ........ ........ 18% 3.63M 16m1s
1643520K ........ ........ ........ ........ ........ ........ 18% 3.04M 16m3s
1646592K ........ ........ ........ ........ ........ ........ 18% 5.20M 16m4s
1649664K ........ ........ ........ ........ ........ ........ 18% 2.30M 16m7s
1652736K ........ ........ ........ ........ ........ ........ 18% 10.2M 16m6s
1655808K ........ ........ ........ ........ ........ ........ 18% 6.66M 16m6s
1658880K ........ ........ ........ ........ ........ ........ 18% 7.67M 16m6s
1661952K ........ ........ ........ ........ ........ ........ 18% 9.32M 16m5s
1665024K ........ ........ ........ ........ ........ ........ 18% 7.05M 16m5s
1668096K ........ ........ ........ ........ ........ ........ 18% 10.4M 16m4s
1671168K ........ ........ ........ ........ ........ ........ 18% 6.64M 16m4s
1674240K ........ ........ ........ ........ ........ ........ 18% 8.53M 16m3s
1677312K ........ ........ ........ ........ ........ ........ 18% 8.45M 16m2s
1680384K ........ ........ ........ ........ ........ ........ 18% 6.86M 16m2s
1683456K ........ ........ ........ ........ ........ ........ 18% 11.0M 16m1s
1686528K ........ ........ ........ ........ ........ ........ 18% 6.51M 16m1s
1689600K ........ ........ ........ ........ ........ ........ 18% 8.79M 16m0s
1692672K ........ ........ ........ ........ ........ ........ 18% 7.47M 16m0s
1695744K ........ ........ ........ ........ ........ ........ 18% 4.81M 16m0s
1698816K ........ ........ ........ ........ ........ ........ 18% 1.76M 16m6s
1701888K ........ ........ ........ ........ ........ ........ 18% 6.46M 16m6s
1704960K ........ ........ ........ ........ ........ ........ 18% 8.11M 16m5s
1708032K ........ ........ ........ ........ ........ ........ 18% 7.09M 16m5s
1711104K ........ ........ ........ ........ ........ ........ 18% 6.62M 16m5s
1714176K ........ ........ ........ ........ ........ ........ 18% 11.4M 16m3s
1717248K ........ ........ ........ ........ ........ ........ 19% 5.51M 16m4s
1720320K ........ ........ ........ ........ ........ ........ 19% 5.77M 16m4s
1723392K ........ ........ ........ ........ ........ ........ 19% 6.94M 16m3s
1726464K ........ ........ ........ ........ ........ ........ 19% 7.38M 16m3s
1729536K ........ ........ ........ ........ ........ ........ 19% 10.4M 16m2s
1732608K ........ ........ ........ ........ ........ ........ 19% 6.53M 16m2s
1735680K ........ ........ ........ ........ ........ ........ 19% 6.48M 16m2s
1738752K ........ ........ ........ ........ ........ ........ 19% 11.5M 16m1s
1741824K ........ ........ ........ ........ ........ ........ 19% 5.30M 16m1s
1744896K ........ ........ ........ ........ ........ ........ 19% 3.14M 16m3s
1747968K ........ ........ ........ ........ ........ ........ 19% 5.56M 16m3s
1751040K ........ ........ ........ ........ ........ ........ 19% 4.41M 16m4s
1754112K ........ ........ ........ ........ ........ ........ 19% 5.15M 16m4s
1757184K ........ ........ ........ ........ ........ ........ 19% 7.92M 16m4s
1760256K ........ ........ ........ ........ ........ ........ 19% 4.92M 16m4s
1763328K ........ ........ ........ ........ ........ ........ 19% 3.70M 16m5s
1766400K ........ ........ ........ ........ ........ ........ 19% 5.76M 16m6s
1769472K ........ ........ ........ ........ ........ ........ 19% 4.93M 16m6s
1772544K ........ ........ ........ ........ ........ ........ 19% 7.90M 16m5s
1775616K ........ ........ ........ ........ ........ ........ 19% 8.11M 16m5s
1778688K ........ ........ ........ ........ ........ ........ 19% 8.09M 16m4s
1781760K ........ ........ ........ ........ ........ ........ 19% 7.90M 16m4s
1784832K ........ ........ ........ ........ ........ ........ 19% 7.89M 16m3s
1787904K ........ ........ ........ ........ ........ ........ 19% 8.11M 16m3s
1790976K ........ ........ ........ ........ ........ ........ 19% 7.89M 16m2s
1794048K ........ ........ ........ ........ ........ ........ 19% 8.11M 16m2s
1797120K ........ ........ ........ ........ ........ ........ 19% 7.89M 16m1s
1800192K ........ ........ ........ ........ ........ ........ 19% 8.12M 16m1s
1803264K ........ ........ ........ ........ ........ ........ 19% 7.89M 16m0s
1806336K ........ ........ ........ ........ ........ ........ 20% 8.11M 15m59s
1809408K ........ ........ ........ ........ ........ ........ 20% 7.89M 15m59s
1812480K ........ ........ ........ ........ ........ ........ 20% 8.11M 15m58s
1815552K ........ ........ ........ ........ ........ ........ 20% 6.11M 15m58s
1818624K ........ ........ ........ ........ ........ ........ 20% 2.65M 16m1s
1821696K ........ ........ ........ ........ ........ ........ 20% 2.23M 16m4s
1824768K ........ ........ ........ ........ ........ ........ 20% 8.29M 16m3s
1827840K ........ ........ ........ ........ ........ ........ 20% 7.45M 16m3s
1830912K ........ ........ ........ ........ ........ ........ 20% 8.50M 16m2s
1833984K ........ ........ ........ ........ ........ ........ 20% 8.75M 16m2s
1837056K ........ ........ ........ ........ ........ ........ 20% 8.02M 16m1s
1840128K ........ ........ ........ ........ ........ ........ 20% 6.36M 16m1s
1843200K ........ ........ ........ ........ ........ ........ 20% 8.76M 16m0s
1846272K ........ ........ ........ ........ ........ ........ 20% 8.01M 16m0s
1849344K ........ ........ ........ ........ ........ ........ 20% 7.07M 15m59s
1852416K ........ ........ ........ ........ ........ ........ 20% 10.8M 15m59s
1855488K ........ ........ ........ ........ ........ ........ 20% 4.67M 15m59s
1858560K ........ ........ ........ ........ ........ ........ 20% 4.16M 16m0s
1861632K ........ ........ ........ ........ ........ ........ 20% 3.31M 16m1s
1864704K ........ ........ ........ ........ ........ ........ 20% 2.73M 16m4s
1867776K ........ ........ ........ ........ ........ ........ 20% 4.99M 16m4s
1870848K ........ ........ ........ ........ ........ ........ 20% 3.61M 16m5s
1873920K ........ ........ ........ ........ ........ ........ 20% 3.52M 16m6s
1876992K ........ ........ ........ ........ ........ ........ 20% 4.94M 16m7s
1880064K ........ ........ ........ ........ ........ ........ 20% 4.15M 16m7s
1883136K ........ ........ ........ ........ ........ ........ 20% 7.90M 16m7s
1886208K ........ ........ ........ ........ ........ ........ 20% 8.10M 16m6s
1889280K ........ ........ ........ ........ ........ ........ 20% 7.90M 16m6s
1892352K ........ ........ ........ ........ ........ ........ 20% 8.11M 16m5s
1895424K ........ ........ ........ ........ ........ ........ 20% 7.90M 16m5s
1898496K ........ ........ ........ ........ ........ ........ 21% 8.11M 16m4s
1901568K ........ ........ ........ ........ ........ ........ 21% 8.09M 16m3s
1904640K ........ ........ ........ ........ ........ ........ 21% 7.91M 16m3s
1907712K ........ ........ ........ ........ ........ ........ 21% 8.09M 16m2s
1910784K ........ ........ ........ ........ ........ ........ 21% 7.92M 16m2s
1913856K ........ ........ ........ ........ ........ ........ 21% 8.09M 16m1s
1916928K ........ ........ ........ ........ ........ ........ 21% 7.91M 16m1s
1920000K ........ ........ ........ ........ ........ ........ 21% 8.09M 16m0s
1923072K ........ ........ ........ ........ ........ ........ 21% 2.71M 16m2s
1926144K ........ ........ ........ ........ ........ ........ 21% 3.61M 16m3s
1929216K ........ ........ ........ ........ ........ ........ 21% 7.32M 16m3s
1932288K ........ ........ ........ ........ ........ ........ 21% 6.98M 16m3s
1935360K ........ ........ ........ ........ ........ ........ 21% 5.97M 16m2s
1938432K ........ ........ ........ ........ ........ ........ 21% 4.12M 16m3s
1941504K ........ ........ ........ ........ ........ ........ 21% 4.11M 16m4s
1944576K ........ ........ ........ ........ ........ ........ 21% 4.99M 16m4s
1947648K ........ ........ ........ ........ ........ ........ 21% 7.91M 16m4s
1950720K ........ ........ ........ ........ ........ ........ 21% 8.08M 16m3s
1953792K ........ ........ ........ ........ ........ ........ 21% 7.90M 16m2s
1956864K ........ ........ ........ ........ ........ ........ 21% 8.08M 16m2s
1959936K ........ ........ ........ ........ ........ ........ 21% 7.92M 16m1s
1963008K ........ ........ ........ ........ ........ ........ 21% 8.08M 16m1s
1966080K ........ ........ ........ ........ ........ ........ 21% 7.92M 16m0s
1969152K ........ ........ ........ ........ ........ ........ 21% 8.09M 16m0s
1972224K ........ ........ ........ ........ ........ ........ 21% 7.92M 15m59s
1975296K ........ ........ ........ ........ ........ ........ 21% 8.08M 15m58s
1978368K ........ ........ ........ ........ ........ ........ 21% 7.92M 15m58s
1981440K ........ ........ ........ ........ ........ ........ 21% 7.90M 15m57s
1984512K ........ ........ ........ ........ ........ ........ 21% 6.79M 15m57s
1987584K ........ ........ ........ ........ ........ ........ 22% 7.18M 15m57s
1990656K ........ ........ ........ ........ ........ ........ 22% 5.79M 15m57s
1993728K ........ ........ ........ ........ ........ ........ 22% 2.84M 15m58s
1996800K ........ ........ ........ ........ ........ ........ 22% 4.84M 15m59s
1999872K ........ ........ ........ ........ ........ ........ 22% 3.44M 16m0s
2002944K ........ ........ ........ ........ ........ ........ 22% 4.39M 16m0s
2006016K ........ ........ ........ ........ ........ ........ 22% 10.7M 15m59s
2009088K ........ ........ ........ ........ ........ ........ 22% 6.51M 15m59s
2012160K ........ ........ ........ ........ ........ ........ 22% 7.87M 15m59s
2015232K ........ ........ ........ ........ ........ ........ 22% 9.29M 15m58s
2018304K ........ ........ ........ ........ ........ ........ 22% 7.02M 15m58s
2021376K ........ ........ ........ ........ ........ ........ 22% 10.4M 15m57s
2024448K ........ ........ ........ ........ ........ ........ 22% 6.62M 15m56s
2027520K ........ ........ ........ ........ ........ ........ 22% 8.54M 15m56s
2030592K ........ ........ ........ ........ ........ ........ 22% 6.21M 15m56s
2033664K ........ ........ ........ ........ ........ ........ 22% 3.87M 15m56s
2036736K ........ ........ ........ ........ ........ ........ 22% 4.98M 15m57s
2039808K ........ ........ ........ ........ ........ ........ 22% 2.50M 15m59s
2042880K ........ ........ ........ ........ ........ ........ 22% 1.38M 16m4s
2045952K ........ ........ ........ ........ ........ ........ 22% 7.33M 16m4s
2049024K ........ ........ ........ ........ ........ ........ 22% 7.44M 16m3s
2052096K ........ ........ ........ ........ ........ ........ 22% 10.0M 16m3s
2055168K ........ ........ ........ ........ ........ ........ 22% 6.43M 16m2s
2058240K ........ ........ ........ ........ ........ ........ 22% 7.73M 16m2s
2061312K ........ ........ ........ ........ ........ ........ 22% 9.87M 16m1s
2064384K ........ ........ ........ ........ ........ ........ 22% 6.90M 16m1s
2067456K ........ ........ ........ ........ ........ ........ 22% 10.7M 16m0s
2070528K ........ ........ ........ ........ ........ ........ 22% 6.66M 15m59s
2073600K ........ ........ ........ ........ ........ ........ 22% 7.46M 15m59s
2076672K ........ ........ ........ ........ ........ ........ 22% 9.53M 15m58s
2079744K ........ ........ ........ ........ ........ ........ 23% 7.07M 15m58s
2082816K ........ ........ ........ ........ ........ ........ 23% 10.8M 15m57s
2085888K ........ ........ ........ ........ ........ ........ 23% 4.92M 15m57s
2088960K ........ ........ ........ ........ ........ ........ 23% 3.67M 15m58s
2092032K ........ ........ ........ ........ ........ ........ 23% 4.91M 15m58s
2095104K ........ ........ ........ ........ ........ ........ 23% 3.53M 15m59s
2098176K ........ ........ ........ ........ ........ ........ 23% 5.08M 15m59s
2101248K ........ ........ ........ ........ ........ ........ 23% 4.06M 16m0s
2104320K ........ ........ ........ ........ ........ ........ 23% 6.13M 16m0s
2107392K ........ ........ ........ ........ ........ ........ 23% 7.89M 15m59s
2110464K ........ ........ ........ ........ ........ ........ 23% 8.10M 15m58s
2113536K ........ ........ ........ ........ ........ ........ 23% 7.90M 15m58s
2116608K ........ ........ ........ ........ ........ ........ 23% 8.11M 15m57s
2119680K ........ ........ ........ ........ ........ ........ 23% 7.87M 15m57s
2122752K ........ ........ ........ ........ ........ ........ 23% 6.88M 15m56s
2125824K ........ ........ ........ ........ ........ ........ 23% 7.07M 15m56s
2128896K ........ ........ ........ ........ ........ ........ 23% 10.7M 15m55s
2131968K ........ ........ ........ ........ ........ ........ 23% 6.52M 15m55s
2135040K ........ ........ ........ ........ ........ ........ 23% 7.66M 15m54s
2138112K ........ ........ ........ ........ ........ ........ 23% 9.57M 15m53s
2141184K ........ ........ ........ ........ ........ ........ 23% 6.89M 15m53s
2144256K ........ ........ ........ ........ ........ ........ 23% 6.15M 15m53s
2147328K ........ ........ ........ ........ ........ ........ 23% 4.14M 15m53s
2150400K ........ ........ ........ ........ ........ ........ 23% 3.75M 15m54s
2153472K ........ ........ ........ ........ ........ ........ 23% 5.55M 15m54s
2156544K ........ ........ ........ ........ ........ ........ 23% 3.57M 15m55s
2159616K ........ ........ ........ ........ ........ ........ 23% 4.92M 15m55s
2162688K ........ ........ ........ ........ ........ ........ 23% 4.11M 15m56s
2165760K ........ ........ ........ ........ ........ ........ 23% 8.11M 15m55s
2168832K ........ ........ ........ ........ ........ ........ 24% 7.90M 15m54s
2171904K ........ ........ ........ ........ ........ ........ 24% 8.11M 15m54s
2174976K ........ ........ ........ ........ ........ ........ 24% 7.89M 15m53s
2178048K ........ ........ ........ ........ ........ ........ 24% 8.11M 15m53s
2181120K ........ ........ ........ ........ ........ ........ 24% 7.89M 15m52s
2184192K ........ ........ ........ ........ ........ ........ 24% 8.11M 15m51s
2187264K ........ ........ ........ ........ ........ ........ 24% 7.89M 15m51s
2190336K ........ ........ ........ ........ ........ ........ 24% 7.46M 15m50s
2193408K ........ ........ ........ ........ ........ ........ 24% 6.73M 15m50s
2196480K ........ ........ ........ ........ ........ ........ 24% 9.06M 15m49s
2199552K ........ ........ ........ ........ ........ ........ 24% 7.57M 15m49s
2202624K ........ ........ ........ ........ ........ ........ 24% 5.66M 15m49s
2205696K ........ ........ ........ ........ ........ ........ 24% 4.92M 15m49s
2208768K ........ ........ ........ ........ ........ ........ 24% 3.13M 15m50s
2211840K ........ ........ ........ ........ ........ ........ 24% 4.22M 15m50s
2214912K ........ ........ ........ ........ ........ ........ 24% 5.88M 15m50s
2217984K ........ ........ ........ ........ ........ ........ 24% 2.11M 15m53s
2221056K ........ ........ ........ ........ ........ ........ 24% 2.24M 15m55s
2224128K ........ ........ ........ ........ ........ ........ 24% 4.11M 15m56s
2227200K ........ ........ ........ ........ ........ ........ 24% 6.59M 15m55s
2230272K ........ ........ ........ ........ ........ ........ 24% 8.55M 15m55s
2233344K ........ ........ ........ ........ ........ ........ 24% 9.28M 15m54s
2236416K ........ ........ ........ ........ ........ ........ 24% 7.66M 15m53s
2239488K ........ ........ ........ ........ ........ ........ 24% 8.31M 15m53s
2242560K ........ ........ ........ ........ ........ ........ 24% 8.25M 15m52s
2245632K ........ ........ ........ ........ ........ ........ 24% 6.19M 15m52s
2248704K ........ ........ ........ ........ ........ ........ 24% 9.81M 15m51s
2251776K ........ ........ ........ ........ ........ ........ 24% 6.65M 15m51s
2254848K ........ ........ ........ ........ ........ ........ 24% 11.4M 15m50s
2257920K ........ ........ ........ ........ ........ ........ 24% 6.68M 15m49s
2260992K ........ ........ ........ ........ ........ ........ 25% 7.36M 15m49s
2264064K ........ ........ ........ ........ ........ ........ 25% 9.76M 15m48s
2267136K ........ ........ ........ ........ ........ ........ 25% 4.44M 15m48s
2270208K ........ ........ ........ ........ ........ ........ 25% 3.57M 15m49s
2273280K ........ ........ ........ ........ ........ ........ 25% 4.11M 15m50s
2276352K ........ ........ ........ ........ ........ ........ 25% 4.10M 15m50s
2279424K ........ ........ ........ ........ ........ ........ 25% 2.00M 15m53s
2282496K ........ ........ ........ ........ ........ ........ 25% 4.05M 15m53s
2285568K ........ ........ ........ ........ ........ ........ 25% 5.77M 15m53s
2288640K ........ ........ ........ ........ ........ ........ 25% 4.91M 15m53s
2291712K ........ ........ ........ ........ ........ ........ 25% 4.84M 15m53s
2294784K ........ ........ ........ ........ ........ ........ 25% 4.17M 15m54s
2297856K ........ ........ ........ ........ ........ ........ 25% 6.12M 15m54s
2300928K ........ ........ ........ ........ ........ ........ 25% 8.04M 15m53s
2304000K ........ ........ ........ ........ ........ ........ 25% 7.96M 15m52s
2307072K ........ ........ ........ ........ ........ ........ 25% 8.09M 15m52s
2310144K ........ ........ ........ ........ ........ ........ 25% 7.92M 15m51s
2313216K ........ ........ ........ ........ ........ ........ 25% 8.08M 15m50s
2316288K ........ ........ ........ ........ ........ ........ 25% 7.91M 15m50s
2319360K ........ ........ ........ ........ ........ ........ 25% 8.09M 15m49s
2322432K ........ ........ ........ ........ ........ ........ 25% 7.92M 15m49s
2325504K ........ ........ ........ ........ ........ ........ 25% 8.10M 15m48s
2328576K ........ ........ ........ ........ ........ ........ 25% 7.90M 15m47s
2331648K ........ ........ ........ ........ ........ ........ 25% 8.11M 15m47s
2334720K ........ ........ ........ ........ ........ ........ 25% 7.89M 15m46s
2337792K ........ ........ ........ ........ ........ ........ 25% 8.11M 15m46s
2340864K ........ ........ ........ ........ ........ ........ 25% 4.76M 15m46s
2343936K ........ ........ ........ ........ ........ ........ 25% 4.22M 15m46s
2347008K ........ ........ ........ ........ ........ ........ 25% 3.48M 15m47s
2350080K ........ ........ ........ ........ ........ ........ 26% 2.56M 15m49s
2353152K ........ ........ ........ ........ ........ ........ 26% 4.92M 15m49s
2356224K ........ ........ ........ ........ ........ ........ 26% 6.94M 15m48s
2359296K ........ ........ ........ ........ ........ ........ 26% 6.80M 15m48s
2362368K ........ ........ ........ ........ ........ ........ 26% 10.1M 15m47s
2365440K ........ ........ ........ ........ ........ ........ 26% 7.09M 15m46s
2368512K ........ ........ ........ ........ ........ ........ 26% 7.46M 15m46s
2371584K ........ ........ ........ ........ ........ ........ 26% 10.1M 15m45s
2374656K ........ ........ ........ ........ ........ ........ 26% 6.63M 15m45s
2377728K ........ ........ ........ ........ ........ ........ 26% 11.5M 15m44s
2380800K ........ ........ ........ ........ ........ ........ 26% 6.65M 15m43s
2383872K ........ ........ ........ ........ ........ ........ 26% 7.32M 15m43s
2386944K ........ ........ ........ ........ ........ ........ 26% 9.85M 15m42s
2390016K ........ ........ ........ ........ ........ ........ 26% 6.79M 15m42s
2393088K ........ ........ ........ ........ ........ ........ 26% 11.0M 15m41s
2396160K ........ ........ ........ ........ ........ ........ 26% 5.37M 15m41s
2399232K ........ ........ ........ ........ ........ ........ 26% 4.59M 15m41s
2402304K ........ ........ ........ ........ ........ ........ 26% 4.75M 15m41s
2405376K ........ ........ ........ ........ ........ ........ 26% 5.18M 15m41s
2408448K ........ ........ ........ ........ ........ ........ 26% 3.40M 15m42s
2411520K ........ ........ ........ ........ ........ ........ 26% 3.87M 15m42s
2414592K ........ ........ ........ ........ ........ ........ 26% 5.67M 15m42s
2417664K ........ ........ ........ ........ ........ ........ 26% 4.92M 15m42s
2420736K ........ ........ ........ ........ ........ ........ 26% 8.11M 15m41s
2423808K ........ ........ ........ ........ ........ ........ 26% 7.90M 15m41s
2426880K ........ ........ ........ ........ ........ ........ 26% 8.11M 15m40s
2429952K ........ ........ ........ ........ ........ ........ 26% 7.89M 15m40s
2433024K ........ ........ ........ ........ ........ ........ 26% 8.11M 15m39s
2436096K ........ ........ ........ ........ ........ ........ 26% 7.90M 15m38s
2439168K ........ ........ ........ ........ ........ ........ 26% 8.11M 15m38s
2442240K ........ ........ ........ ........ ........ ........ 27% 7.89M 15m37s
2445312K ........ ........ ........ ........ ........ ........ 27% 8.11M 15m37s
2448384K ........ ........ ........ ........ ........ ........ 27% 7.89M 15m36s
2451456K ........ ........ ........ ........ ........ ........ 27% 8.11M 15m35s
2454528K ........ ........ ........ ........ ........ ........ 27% 7.89M 15m35s
2457600K ........ ........ ........ ........ ........ ........ 27% 8.11M 15m34s
2460672K ........ ........ ........ ........ ........ ........ 27% 4.92M 15m34s
2463744K ........ ........ ........ ........ ........ ........ 27% 2.79M 15m36s
2466816K ........ ........ ........ ........ ........ ........ 27% 2.92M 15m37s
2469888K ........ ........ ........ ........ ........ ........ 27% 3.23M 15m38s
2472960K ........ ........ ........ ........ ........ ........ 27% 6.37M 15m37s
2476032K ........ ........ ........ ........ ........ ........ 27% 7.89M 15m37s
2479104K ........ ........ ........ ........ ........ ........ 27% 3.49M 15m37s
2482176K ........ ........ ........ ........ ........ ........ 27% 2.65M 15m39s
2485248K ........ ........ ........ ........ ........ ........ 27% 5.46M 15m39s
2488320K ........ ........ ........ ........ ........ ........ 27% 5.88M 15m38s
2491392K ........ ........ ........ ........ ........ ........ 27% 7.89M 15m38s
2494464K ........ ........ ........ ........ ........ ........ 27% 8.12M 15m37s
2497536K ........ ........ ........ ........ ........ ........ 27% 7.89M 15m36s
2500608K ........ ........ ........ ........ ........ ........ 27% 8.11M 15m36s
2503680K ........ ........ ........ ........ ........ ........ 27% 4.11M 15m36s
2506752K ........ ........ ........ ........ ........ ........ 27% 4.16M 15m36s
2509824K ........ ........ ........ ........ ........ ........ 27% 4.92M 15m36s
2512896K ........ ........ ........ ........ ........ ........ 27% 3.53M 15m37s
2515968K ........ ........ ........ ........ ........ ........ 27% 6.13M 15m37s
2519040K ........ ........ ........ ........ ........ ........ 27% 4.92M 15m37s
2522112K ........ ........ ........ ........ ........ ........ 27% 4.76M 15m37s
2525184K ........ ........ ........ ........ ........ ........ 27% 5.08M 15m37s
2528256K ........ ........ ........ ........ ........ ........ 27% 6.12M 15m36s
2531328K ........ ........ ........ ........ ........ ........ 28% 8.11M 15m36s
2534400K ........ ........ ........ ........ ........ ........ 28% 7.90M 15m35s
2537472K ........ ........ ........ ........ ........ ........ 28% 8.11M 15m35s
2540544K ........ ........ ........ ........ ........ ........ 28% 7.88M 15m34s
2543616K ........ ........ ........ ........ ........ ........ 28% 3.95M 15m34s
2546688K ........ ........ ........ ........ ........ ........ 28% 7.31M 15m34s
2549760K ........ ........ ........ ........ ........ ........ 28% 7.14M 15m33s
2552832K ........ ........ ........ ........ ........ ........ 28% 6.12M 15m33s
2555904K ........ ........ ........ ........ ........ ........ 28% 3.52M 15m34s
2558976K ........ ........ ........ ........ ........ ........ 28% 6.25M 15m33s
2562048K ........ ........ ........ ........ ........ ........ 28%  208K 16m9s
2565120K ........ ........ ........ ........ ........ ........ 28%  911K 16m16s
2568192K ........ ........ ........ ........ ........ ........ 28% 1.82M 16m18s
2571264K ........ ........ ........ ........ ........ ........ 28% 2.14M 16m20s
2574336K ........ ........ ........ ........ ........ ........ 28% 2.54M 16m22s
2577408K ........ ........ ........ ........ ........ ........ 28% 1.72M 16m24s
2580480K ........ ........ ........ ........ ........ ........ 28%  832K 16m32s
2583552K ........ ........ ........ ........ ........ ........ 28%  815K 16m40s
2586624K ........ ........ ........ ........ ........ ........ 28% 3.36M 16m40s
2589696K ........ ........ ........ ........ ........ ........ 28% 2.25M 16m42s
2592768K ........ ........ ........ ........ ........ ........ 28% 2.78M 16m43s
2595840K ........ ........ ........ ........ ........ ........ 28% 3.19M 16m44s
2598912K ........ ........ ........ ........ ........ ........ 28% 2.56M 16m45s
2601984K ........ ........ ........ ........ ........ ........ 28% 3.53M 16m45s
2605056K ........ ........ ........ ........ ........ ........ 28% 3.90M 16m46s
2608128K ........ ........ ........ ........ ........ ........ 28% 8.11M 16m45s
2611200K ........ ........ ........ ........ ........ ........ 28% 7.87M 16m44s
2614272K ........ ........ ........ ........ ........ ........ 28% 7.90M 16m43s
2617344K ........ ........ ........ ........ ........ ........ 28% 7.36M 16m43s
2620416K ........ ........ ........ ........ ........ ........ 28% 7.45M 16m42s
2623488K ........ ........ ........ ........ ........ ........ 29% 9.66M 16m41s
2626560K ........ ........ ........ ........ ........ ........ 29% 6.65M 16m41s
2629632K ........ ........ ........ ........ ........ ........ 29% 7.34M 16m40s
2632704K ........ ........ ........ ........ ........ ........ 29% 9.83M 16m39s
2635776K ........ ........ ........ ........ ........ ........ 29% 6.79M 16m38s
2638848K ........ ........ ........ ........ ........ ........ 29% 5.74M 16m38s
2641920K ........ ........ ........ ........ ........ ........ 29% 2.12M 16m40s
2644992K ........ ........ ........ ........ ........ ........ 29% 4.16M 16m40s
2648064K ........ ........ ........ ........ ........ ........ 29% 6.16M 16m40s
2651136K ........ ........ ........ ........ ........ ........ 29% 2.46M 16m41s
2654208K ........ ........ ........ ........ ........ ........ 29% 7.35M 16m40s
2657280K ........ ........ ........ ........ ........ ........ 29% 4.75M 16m40s
2660352K ........ ........ ........ ........ ........ ........ 29% 4.10M 16m40s
2663424K ........ ........ ........ ........ ........ ........ 29% 5.26M 16m40s
2666496K ........ ........ ........ ........ ........ ........ 29% 3.75M 16m40s
2669568K ........ ........ ........ ........ ........ ........ 29% 6.82M 16m40s
2672640K ........ ........ ........ ........ ........ ........ 29% 6.82M 16m39s
2675712K ........ ........ ........ ........ ........ ....