Adding local address: 172.31.10.26
Adding local address: fe80::86:bff:fec9:42f2
Ethernet link detected

Refreshing:
unknown TCP/0/0	0	0

Refreshing:
wget/2300/0	0.562305	46.6305
sshd: root@pts/0/1909/0	0	0.0386719
unknown TCP/0/0	0	0

Refreshing:
wget/2300/0	105.703	29986.5
sshd: root@pts/0/1909/0	0	0
unknown TCP/0/0	0	0

Refreshing:
wget/2300/0	54.4664	11451.8
sshd: root@pts/0/1909/0	0	0.0128906
unknown TCP/0/0	0	0

Refreshing:
wget/2300/0	42.9902	6674.17
sshd: root@pts/0/1909/0	0	0
unknown TCP/0/0	0	0

Refreshing:
wget/2300/0	43.4801	6627.29
sshd: root@pts/0/1909/0	0.0183594	0.0359375
unknown TCP/0/0	0	0

Refreshing:
wget/2300/0	41.727	6876.12
sshd: root@pts/0/1909/0	0	0
unknown TCP/0/0	0	0

Refreshing:
wget/2300/0	38.3883	6079.75
sshd: root@pts/0/1909/0	0.0183594	0.0359375
unknown TCP/0/0	0	0

Refreshing:
wget/2300/0	31.4402	4191.8
sshd: root@pts/0/1909/0	0	0
unknown TCP/0/0	0	0

Refreshing:
wget/2300/0	46.5996	6185.97
sshd: root@pts/0/1909/0	0.0367187	0.0511719
unknown TCP/0/0	0	0

Refreshing:
wget/2300/0	44.8078	6315.82
sshd: root@pts/0/1909/0	0	0
unknown TCP/0/0	0	0

Refreshing:
wget/2300/0	45.8648	6556.72
sshd: root@pts/0/1909/0	0.0183594	0.0359375
unknown TCP/0/0	0	0

Refreshing:
wget/2300/0	49.4613	6745.85
sshd: root@pts/0/1909/0	0	0
unknown TCP/0/0	0	0

Refreshing:
wget/2300/0	45.3879	6663.83
sshd: root@pts/0/1909/0	0.0183594	0.0359375
unknown TCP/0/0	0	0

Refreshing:
wget/2300/0	43.493	6370.76
sshd: root@pts/0/1909/0	0	0
unknown TCP/0/0	0	0

Refreshing:
wget/2300/0	43.3898	5924.5
sshd: root@pts/0/1909/0	0.0183594	0.0359375
unknown TCP/0/0	0	0

Refreshing:
wget/2300/0	51.7172	6706.08
sshd: root@pts/0/1909/0	0	0
unknown TCP/0/0	0	0

Refreshing:
wget/2300/0	54.682	6481.38
sshd: root@pts/0/1909/0	0.0183594	0.0359375
unknown TCP/0/0	0	0

Refreshing:
wget/2300/0	39.2133	4407.69
sshd: root@pts/0/1909/0	0	0
unknown TCP/0/0	0	0

Refreshing:
wget/2300/0	63.3059	6684.85
sshd: root@pts/0/1909/0	0.0183594	0.0359375
unknown TCP/0/0	0	0

Refreshing:
wget/2300/0	57.9047	6729.29
sshd: root@pts/0/1909/0	51.0563	1.86172
unknown TCP/0/0	0	0

Refreshing:
wget/2300/0	49.7941	5670.67
sshd: root@pts/0/1909/0	0	0
unknown TCP/0/0	0	0

Refreshing:
wget/2300/0	57.8016	6735.76
sshd: root@pts/0/1909/0	0.03125	0.0230469
unknown TCP/0/0	0	0

Refreshing:
wget/2300/0	40.0641	4515.34
sshd: root@pts/0/1909/0	0	0
unknown TCP/0/0	0	0

Refreshing:
wget/2300/0	57.0797	6770.99
sshd: root@pts/0/1909/0	0	0
unknown TCP/0/0	0	0

Refreshing:
wget/2300/0	55.4426	6583.46
sshd: root@pts/0/1909/0	0	0
unknown TCP/0/0	0	0

Refreshing:
wget/2300/0	69.8801	6951.83
sshd: root@pts/0/1909/0	0	0
unknown TCP/0/0	0	0

Refreshing:
wget/2300/0	59.2195	6949
sshd: root@pts/0/1909/0	0	0
unknown TCP/0/0	0	0

Refreshing:
wget/2300/0	60.5789	6822.07
sshd: root@pts/0/1909/0	0	0
unknown TCP/0/0	0	0

Refreshing:
wget/2300/0	64.35	6671.43
sshd: root@pts/0/1909/0	0	0
unknown TCP/0/0	0	0

Refreshing:
wget/2300/0	58.016	6662.21
sshd: root@pts/0/1909/0	0	0
unknown TCP/0/0	0	0

Refreshing:
wget/2300/0	42.7324	6708.23
sshd: root@pts/0/1909/0	0	0
unknown TCP/0/0	0	0

Refreshing:
wget/2300/0	44.2793	6804.95
sshd: root@pts/0/1909/0	0	0
unknown TCP/0/0	0	0

Refreshing:
wget/2300/0	47.0895	6677.2
sshd: root@pts/0/1909/0	0	0
unknown TCP/0/0	0	0

Refreshing:
wget/2300/0	42.9516	6541.77
sshd: root@pts/0/1909/0	0	0
unknown TCP/0/0	0	0

Refreshing:
wget/2300/0	45.5039	6675.77
sshd: root@pts/0/1909/0	0.0183594	0.028125
unknown TCP/0/0	0	0

Refreshing:
wget/2300/0	48.9844	6655.38
sshd: root@pts/0/1909/0	0	0
unknown TCP/0/0	0	0

Refreshing:
wget/2300/0	47.0895	6658.43
sshd: root@pts/0/1909/0	0	0
unknown TCP/0/0	0	0

Refreshing:
wget/2300/0	48.4043	6639.3
sshd: root@pts/0/1909/0	0	0
unknown TCP/0/0	0	0

Refreshing:
wget/2300/0	52.6453	6704.05
sshd: root@pts/0/1909/0	0	0.0128906
unknown TCP/0/0	0	0

Refreshing:
wget/2300/0	53.8699	6690.17
sshd: root@pts/0/1909/0	0	0
unknown TCP/0/0	0	0

Refreshing:
wget/2300/0	59.1809	6653.13
sshd: root@pts/0/1909/0	0.0183594	0.0359375
unknown TCP/0/0	0	0

Refreshing:
wget/2300/0	64.1051	6644.33
sshd: root@pts/0/1909/0	0	0
unknown TCP/0/0	0	0

Refreshing:
wget/2300/0	48.6492	5241.88
sshd: root@pts/0/1909/0	0.0183594	0.0359375
unknown TCP/0/0	0	0

Refreshing:
wget/2300/0	35.6039	3966.24
sshd: root@pts/0/1909/0	0	0
unknown TCP/0/0	0	0

Refreshing:
wget/2300/0	59.9672	6601.42
sshd: root@pts/0/1909/0	0.0183594	0.0359375
unknown TCP/0/0	0	0

Refreshing:
wget/2300/0	62.468	6713.88
sshd: root@pts/0/1909/0	0	0
unknown TCP/0/0	0	0

Refreshing:
wget/2300/0	77.4211	8462.21
sshd: root@pts/0/1909/0	0.0183594	0.0359375
unknown TCP/0/0	0	0

Refreshing:
wget/2300/0	60.0445	6689.64
sshd: root@pts/0/1909/0	0	0
unknown TCP/0/0	0	0

Refreshing:
wget/2300/0	59.5887	6718.32
sshd: root@pts/0/1909/0	0.463867	0.331445
unknown TCP/0/0	0	0

Refreshing:
wget/2300/0	55.2855	6624.18
sshd: root@pts/0/1909/0	0	0
unknown TCP/0/0	0	0

Refreshing:
wget/2300/0	54.7594	8231.2
sshd: root@pts/0/1909/0	0.0183594	0.0359375
unknown TCP/0/0	0	0

Refreshing:
wget/2300/0	54.8238	6565.69
sshd: root@pts/0/1909/0	0	0
unknown TCP/0/0	0	0

Refreshing:
wget/2300/0	54.4277	6273.84
sshd: root@pts/0/1909/0	0.0183594	0.0359375
unknown TCP/0/0	0	0

Refreshing:
wget/2300/0	59.5805	6773.87
sshd: root@pts/0/1909/0	0	0
unknown TCP/0/0	0	0

Refreshing:
wget/2300/0	59.4293	6677.55
sshd: root@pts/0/1909/0	0.0183594	0.0359375
unknown TCP/0/0	0	0

Refreshing:
wget/2300/0	45.3234	6727.89
sshd: root@pts/0/1909/0	0	0
unknown TCP/0/0	0	0

Refreshing:
wget/2300/0	43.8668	6636.57
sshd: root@pts/0/1909/0	0.0183594	0.0359375
unknown TCP/0/0	0	0

Refreshing:
wget/2300/0	43.377	5395.2
sshd: root@pts/0/1909/0	0	0
unknown TCP/0/0	0	0

Refreshing:
wget/2300/0	46.1309	6399.18
sshd: root@pts/0/1909/0	0.0183594	0.0359375
unknown TCP/0/0	0	0

Refreshing:
wget/2300/0	51.418	6679.13
sshd: root@pts/0/1909/0	0	0
unknown TCP/0/0	0	0

Refreshing:
wget/2300/0	56.4328	6701.23
sshd: root@pts/0/1909/0	0.0488281	0.0820312
unknown TCP/0/0	0	0

Refreshing:
wget/2300/0	43.384	6513.14
sshd: root@pts/0/1909/0	0	0
unknown TCP/0/0	0	0

Refreshing:
wget/2300/0	24.0539	3719.67
sshd: root@pts/0/1909/0	0.03125	0.0359375
unknown TCP/0/0	0	0

Refreshing:
wget/2300/0	40.5668	5153.14
sshd: root@pts/0/1909/0	0	0
unknown TCP/0/0	0	0

Refreshing:
wget/2300/0	22.2105	3177.41
sshd: root@pts/0/1909/0	0.03125	0.0359375
unknown TCP/0/0	0	0

Refreshing:
wget/2300/0	54.7207	6860.11
sshd: root@pts/0/1909/0	0	0
unknown TCP/0/0	0	0

Refreshing:
wget/2300/0	43.9055	6654.33
sshd: root@pts/0/1909/0	0.0183594	0.0359375
unknown TCP/0/0	0	0

Refreshing:
wget/2300/0	52.4391	8190.13
sshd: root@pts/0/1909/0	0	0
unknown TCP/0/0	0	0

Refreshing:
wget/2300/0	44.0355	6676.79
sshd: root@pts/0/1909/0	0.0550781	0.0664062
unknown TCP/0/0	0	0

Refreshing:
wget/2300/0	42.3199	6573.03
sshd: root@pts/0/1909/0	0	0
unknown TCP/0/0	0	0

Refreshing:
wget/2300/0	44.7398	6649.67
sshd: root@pts/0/1909/0	0.0183594	0.0359375
unknown TCP/0/0	0	0

Refreshing:
wget/2300/0	44.4961	6803.99
sshd: root@pts/0/1909/0	0	0
unknown TCP/0/0	0	0

Refreshing:
wget/2300/0	46.0453	6601.15
sshd: root@pts/0/1909/0	0.0183594	0.0359375
unknown TCP/0/0	0	0

Refreshing:
wget/2300/0	43.6348	6719.53
sshd: root@pts/0/1909/0	0	0
unknown TCP/0/0	0	0

Refreshing:
wget/2300/0	35.1141	5282.15
sshd: root@pts/0/1909/0	0.0183594	0.0359375
unknown TCP/0/0	0	0

Refreshing:
wget/2300/0	51.627	6658.42
sshd: root@pts/0/1909/0	0	0
unknown TCP/0/0	0	0

Refreshing:
wget/2300/0	57.3504	8195.17
sshd: root@pts/0/1909/0	0.0183594	0.0359375
unknown TCP/0/0	0	0

Refreshing:
wget/2300/0	48.1078	5812.78
sshd: root@pts/0/1909/0	0	0
unknown TCP/0/0	0	0

Refreshing:
wget/2300/0	67.3277	8347.47
sshd: root@pts/0/1909/0	0.0183594	0.0359375
unknown TCP/0/0	0	0

Refreshing:
wget/2300/0	53.9988	6694.52
sshd: root@pts/0/1909/0	0	0
unknown TCP/0/0	0	0

Refreshing:
wget/2300/0	57.9691	6690.79
sshd: root@pts/0/1909/0	0.0335938	0.0589844
unknown TCP/0/0	0	0

Refreshing:
wget/2300/0	56.6285	6895.97
sshd: root@pts/0/1909/0	0	0
unknown TCP/0/0	0	0

Refreshing:
wget/2300/0	58.0078	6681.92
172.31.10.26:42444-169.254.169.254:80/0/0	0.114453	0.168555
172.31.10.26:42442-169.254.169.254:80/0/0	0.114453	0.168555
172.31.10.26:42440-169.254.169.254:80/0/0	0.114453	0.168555
172.31.10.26:42438-169.254.169.254:80/0/0	0.105469	0.112305
sshd: root@pts/0/1909/0	0.03125	0.0359375
unknown TCP/0/0	0	0

Refreshing:
wget/2300/0	56.9637	6757.87
172.31.10.26:42444-169.254.169.254:80/0/0	0	0
172.31.10.26:42442-169.254.169.254:80/0/0	0	0
172.31.10.26:42440-169.254.169.254:80/0/0	0	0
172.31.10.26:42438-169.254.169.254:80/0/0	0	0
sshd: root@pts/0/1909/0	0	0
unknown TCP/0/0	0	0

Refreshing:
wget/2300/0	57.6598	6689.86
sshd: root@pts/0/1909/0	0.03125	0.0230469
172.31.10.26:42444-169.254.169.254:80/0/0	0	0
172.31.10.26:42442-169.254.169.254:80/0/0	0	0
172.31.10.26:42440-169.254.169.254:80/0/0	0	0
172.31.10.26:42438-169.254.169.254:80/0/0	0	0
unknown TCP/0/0	0	0

Experiment parameters:
pid_wget=2300
stats_interval=5
