--2021-04-24 18:28:22--  https://releases.ubuntu.com/20.04.2.0/ubuntu-20.04.2.0-desktop-amd64.iso
Resolving releases.ubuntu.com (releases.ubuntu.com)... 91.189.91.123, 91.189.88.248, 91.189.88.247, ...
Connecting to releases.ubuntu.com (releases.ubuntu.com)|91.189.91.123|:443... connected.
HTTP request sent, awaiting response... 200 OK
Length: 2877227008 (2,7G) [application/x-iso9660-image]
Saving to: ‘/dev/null’

     0K ........ ........ ........ ........ ........ ........  0% 1,69M 27m2s
  3072K ........ ........ ........ ........ ........ ........  0% 4,44M 18m38s
  6144K ........ ........ ........ ........ ........ ........  0% 6,81M 14m39s
  9216K ........ ........ ........ ........ ........ ........  0% 5,69M 12m58s
 12288K ........ ........ ........ ........ ........ ........  0% 4,21M 12m32s
 15360K ........ ........ ........ ........ ........ ........  0% 8,32M 11m20s
 18432K ........ ........ ........ ........ ........ ........  0% 5,68M 10m51s
 21504K ........ ........ ........ ........ ........ ........  0% 3,94M 10m55s
 24576K ........ ........ ........ ........ ........ ........  0% 7,90M 10m20s
 27648K ........ ........ ........ ........ ........ ........  1% 5,66M 10m5s
 30720K ........ ........ ........ ........ ........ ........  1% 5,46M 9m55s
 33792K ........ ........ ........ ........ ........ ........  1% 5,66M 9m45s
 36864K ........ ........ ........ ........ ........ ........  1% 5,12M 9m40s
 39936K ........ ........ ........ ........ ........ ........  1% 3,87M 9m48s
 43008K ........ ........ ........ ........ ........ ........  1% 8,77M 9m28s
 46080K ........ ........ ........ ........ ........ ........  1% 5,68M 9m22s
 49152K ........ ........ ........ ........ ........ ........  1% 4,05M 9m27s
 52224K ........ ........ ........ ........ ........ ........  1% 5,53M 9m22s
 55296K ........ ........ ........ ........ ........ ........  2% 5,17M 9m19s
 58368K ........ ........ ........ ........ ........ ........  2% 8,33M 9m7s
 61440K ........ ........ ........ ........ ........ ........  2% 3,00M 9m23s
 64512K ........ ........ ........ ........ ........ ........  2% 5,11M 9m21s
 67584K ........ ........ ........ ........ ........ ........  2% 6,30M 9m14s
 70656K ........ ........ ........ ........ ........ ........  2% 5,67M 9m10s
 73728K ........ ........ ........ ........ ........ ........  2% 4,66M 9m10s
 76800K ........ ........ ........ ........ ........ ........  2% 4,80M 9m10s
 79872K ........ ........ ........ ........ ........ ........  2% 9,35M 8m59s
 82944K ........ ........ ........ ........ ........ ........  3% 3,80M 9m5s
 86016K ........ ........ ........ ........ ........ ........  3% 9,47M 8m55s
 89088K ........ ........ ........ ........ ........ ........  3% 5,66M 8m52s
 92160K ........ ........ ........ ........ ........ ........  3% 5,52M 8m50s
 95232K ........ ........ ........ ........ ........ ........  3% 5,16M 8m49s
 98304K ........ ........ ........ ........ ........ ........  3% 6,29M 8m45s
101376K ........ ........ ........ ........ ........ ........  3% 5,67M 8m43s
104448K ........ ........ ........ ........ ........ ........  3% 5,66M 8m40s
107520K ........ ........ ........ ........ ........ ........  3% 5,68M 8m38s
110592K ........ ........ ........ ........ ........ ........  4% 4,53M 8m39s
113664K ........ ........ ........ ........ ........ ........  4% 6,41M 8m36s
116736K ........ ........ ........ ........ ........ ........  4% 6,59M 8m32s
119808K ........ ........ ........ ........ ........ ........  4% 5,68M 8m31s
122880K ........ ........ ........ ........ ........ ........  4% 5,68M 8m29s
125952K ........ ........ ........ ........ ........ ........  4% 5,65M 8m27s
129024K ........ ........ ........ ........ ........ ........  4% 3,86M 8m31s
132096K ........ ........ ........ ........ ........ ........  4% 6,09M 8m28s
135168K ........ ........ ........ ........ ........ ........  4% 9,50M 8m22s
138240K ........ ........ ........ ........ ........ ........  5% 4,16M 8m25s
141312K ........ ........ ........ ........ ........ ........  5% 5,65M 8m23s
144384K ........ ........ ........ ........ ........ ........  5% 5,53M 8m22s
147456K ........ ........ ........ ........ ........ ........  5% 4,26M 8m23s
150528K ........ ........ ........ ........ ........ ........  5% 8,49M 8m19s
153600K ........ ........ ........ ........ ........ ........  5% 5,60M 8m18s
156672K ........ ........ ........ ........ ........ ........  5% 5,68M 8m16s
159744K ........ ........ ........ ........ ........ ........  5% 5,68M 8m15s
162816K ........ ........ ........ ........ ........ ........  5% 4,26M 8m16s
165888K ........ ........ ........ ........ ........ ........  6% 8,42M 8m12s
168960K ........ ........ ........ ........ ........ ........  6% 4,52M 8m13s
172032K ........ ........ ........ ........ ........ ........  6% 7,54M 8m10s
175104K ........ ........ ........ ........ ........ ........  6% 3,58M 8m13s
178176K ........ ........ ........ ........ ........ ........  6% 8,92M 8m9s
181248K ........ ........ ........ ........ ........ ........  6% 4,16M 8m11s
184320K ........ ........ ........ ........ ........ ........  6% 8,28M 8m7s
187392K ........ ........ ........ ........ ........ ........  6% 5,67M 8m6s
190464K ........ ........ ........ ........ ........ ........  6% 5,65M 8m5s
193536K ........ ........ ........ ........ ........ ........  6% 5,53M 8m4s
196608K ........ ........ ........ ........ ........ ........  7% 4,22M 8m5s
199680K ........ ........ ........ ........ ........ ........  7% 2,96M 8m10s
202752K ........ ........ ........ ........ ........ ........  7% 8,13M 8m7s
205824K ........ ........ ........ ........ ........ ........  7% 5,63M 8m6s
208896K ........ ........ ........ ........ ........ ........  7% 3,85M 8m8s
211968K ........ ........ ........ ........ ........ ........  7% 9,52M 8m4s
215040K ........ ........ ........ ........ ........ ........  7% 5,83M 8m3s
218112K ........ ........ ........ ........ ........ ........  7% 4,94M 8m3s
221184K ........ ........ ........ ........ ........ ........  7% 4,41M 8m4s
224256K ........ ........ ........ ........ ........ ........  8% 5,37M 8m3s
227328K ........ ........ ........ ........ ........ ........  8% 10,6M 7m59s
230400K ........ ........ ........ ........ ........ ........  8% 5,60M 7m58s
233472K ........ ........ ........ ........ ........ ........  8% 4,37M 7m59s
236544K ........ ........ ........ ........ ........ ........  8% 5,97M 7m57s
239616K ........ ........ ........ ........ ........ ........  8% 4,12M 7m59s
242688K ........ ........ ........ ........ ........ ........  8% 9,15M 7m55s
245760K ........ ........ ........ ........ ........ ........  8% 3,30M 7m58s
248832K ........ ........ ........ ........ ........ ........  8% 13,8M 7m54s
251904K ........ ........ ........ ........ ........ ........  9% 5,63M 7m53s
254976K ........ ........ ........ ........ ........ ........  9% 5,33M 7m53s
258048K ........ ........ ........ ........ ........ ........  9% 5,54M 7m52s
261120K ........ ........ ........ ........ ........ ........  9% 4,02M 7m53s
264192K ........ ........ ........ ........ ........ ........  9% 9,66M 7m50s
267264K ........ ........ ........ ........ ........ ........  9% 3,86M 7m51s
270336K ........ ........ ........ ........ ........ ........  9% 3,90M 7m52s
273408K ........ ........ ........ ........ ........ ........  9% 5,61M 7m52s
276480K ........ ........ ........ ........ ........ ........  9% 4,33M 7m52s
279552K ........ ........ ........ ........ ........ ........ 10% 7,65M 7m50s
282624K ........ ........ ........ ........ ........ ........ 10% 5,15M 7m49s
285696K ........ ........ ........ ........ ........ ........ 10% 6,10M 7m48s
288768K ........ ........ ........ ........ ........ ........ 10% 5,67M 7m47s
291840K ........ ........ ........ ........ ........ ........ 10% 3,99M 7m48s
294912K ........ ........ ........ ........ ........ ........ 10% 6,40M 7m47s
297984K ........ ........ ........ ........ ........ ........ 10% 5,67M 7m46s
301056K ........ ........ ........ ........ ........ ........ 10% 5,46M 7m45s
304128K ........ ........ ........ ........ ........ ........ 10% 4,12M 7m46s
307200K ........ ........ ........ ........ ........ ........ 11% 9,12M 7m43s
310272K ........ ........ ........ ........ ........ ........ 11% 4,81M 7m43s
313344K ........ ........ ........ ........ ........ ........ 11% 4,97M 7m43s
316416K ........ ........ ........ ........ ........ ........ 11% 8,23M 7m41s
319488K ........ ........ ........ ........ ........ ........ 11% 3,93M 7m42s
322560K ........ ........ ........ ........ ........ ........ 11% 10,0M 7m39s
325632K ........ ........ ........ ........ ........ ........ 11% 5,68M 7m38s
328704K ........ ........ ........ ........ ........ ........ 11% 3,16M 7m40s
331776K ........ ........ ........ ........ ........ ........ 11% 5,68M 7m40s
334848K ........ ........ ........ ........ ........ ........ 12% 5,69M 7m39s
337920K ........ ........ ........ ........ ........ ........ 12% 5,67M 7m38s
340992K ........ ........ ........ ........ ........ ........ 12% 5,68M 7m37s
344064K ........ ........ ........ ........ ........ ........ 12% 3,28M 7m39s
347136K ........ ........ ........ ........ ........ ........ 12% 10,1M 7m36s
350208K ........ ........ ........ ........ ........ ........ 12% 5,68M 7m35s
353280K ........ ........ ........ ........ ........ ........ 12% 4,53M 7m36s
356352K ........ ........ ........ ........ ........ ........ 12% 7,32M 7m34s
359424K ........ ........ ........ ........ ........ ........ 12% 5,38M 7m33s
362496K ........ ........ ........ ........ ........ ........ 13% 4,15M 7m34s
365568K ........ ........ ........ ........ ........ ........ 13% 5,54M 7m33s
368640K ........ ........ ........ ........ ........ ........ 13% 8,83M 7m31s
371712K ........ ........ ........ ........ ........ ........ 13% 4,07M 7m31s
374784K ........ ........ ........ ........ ........ ........ 13% 9,33M 7m29s
377856K ........ ........ ........ ........ ........ ........ 13% 4,69M 7m29s
380928K ........ ........ ........ ........ ........ ........ 13% 4,79M 7m29s
384000K ........ ........ ........ ........ ........ ........ 13% 4,69M 7m29s
387072K ........ ........ ........ ........ ........ ........ 13% 8,36M 7m27s
390144K ........ ........ ........ ........ ........ ........ 13% 5,69M 7m26s
393216K ........ ........ ........ ........ ........ ........ 14% 5,13M 7m26s
396288K ........ ........ ........ ........ ........ ........ 14% 4,86M 7m25s
399360K ........ ........ ........ ........ ........ ........ 14% 7,73M 7m24s
402432K ........ ........ ........ ........ ........ ........ 14% 4,35M 7m24s
405504K ........ ........ ........ ........ ........ ........ 14% 1,89M 7m29s
408576K ........ ........ ........ ........ ........ ........ 14% 11,0M 7m27s
411648K ........ ........ ........ ........ ........ ........ 14% 3,82M 7m28s
414720K ........ ........ ........ ........ ........ ........ 14% 4,60M 7m27s
417792K ........ ........ ........ ........ ........ ........ 14% 5,52M 7m27s
420864K ........ ........ ........ ........ ........ ........ 15% 7,07M 7m25s
423936K ........ ........ ........ ........ ........ ........ 15% 5,23M 7m25s
427008K ........ ........ ........ ........ ........ ........ 15% 7,22M 7m23s
430080K ........ ........ ........ ........ ........ ........ 15% 3,68M 7m24s
433152K ........ ........ ........ ........ ........ ........ 15% 5,54M 7m23s
436224K ........ ........ ........ ........ ........ ........ 15% 8,26M 7m22s
439296K ........ ........ ........ ........ ........ ........ 15% 4,36M 7m22s
442368K ........ ........ ........ ........ ........ ........ 15% 7,86M 7m20s
445440K ........ ........ ........ ........ ........ ........ 15% 4,00M 7m20s
448512K ........ ........ ........ ........ ........ ........ 16% 6,84M 7m19s
451584K ........ ........ ........ ........ ........ ........ 16% 4,23M 7m19s
454656K ........ ........ ........ ........ ........ ........ 16% 4,46M 7m19s
457728K ........ ........ ........ ........ ........ ........ 16% 2,67M 7m21s
460800K ........ ........ ........ ........ ........ ........ 16% 4,45M 7m21s
463872K ........ ........ ........ ........ ........ ........ 16% 4,70M 7m21s
466944K ........ ........ ........ ........ ........ ........ 16% 6,93M 7m20s
470016K ........ ........ ........ ........ ........ ........ 16% 5,67M 7m19s
473088K ........ ........ ........ ........ ........ ........ 16% 4,65M 7m19s
476160K ........ ........ ........ ........ ........ ........ 17% 4,87M 7m18s
479232K ........ ........ ........ ........ ........ ........ 17% 3,34M 7m19s
482304K ........ ........ ........ ........ ........ ........ 17% 12,3M 7m17s
485376K ........ ........ ........ ........ ........ ........ 17% 4,15M 7m17s
488448K ........ ........ ........ ........ ........ ........ 17% 5,05M 7m17s
491520K ........ ........ ........ ........ ........ ........ 17% 3,13M 7m18s
494592K ........ ........ ........ ........ ........ ........ 17% 9,41M 7m16s
497664K ........ ........ ........ ........ ........ ........ 17% 3,18M 7m17s
500736K ........ ........ ........ ........ ........ ........ 17% 10,0M 7m15s
503808K ........ ........ ........ ........ ........ ........ 18% 3,84M 7m16s
506880K ........ ........ ........ ........ ........ ........ 18% 9,50M 7m14s
509952K ........ ........ ........ ........ ........ ........ 18% 2,50M 7m16s
513024K ........ ........ ........ ........ ........ ........ 18% 9,49M 7m14s
516096K ........ ........ ........ ........ ........ ........ 18% 3,52M 7m15s
519168K ........ ........ ........ ........ ........ ........ 18% 3,65M 7m15s
522240K ........ ........ ........ ........ ........ ........ 18% 8,81M 7m14s
525312K ........ ........ ........ ........ ........ ........ 18% 4,43M 7m14s
528384K ........ ........ ........ ........ ........ ........ 18% 4,09M 7m14s
531456K ........ ........ ........ ........ ........ ........ 19% 6,55M 7m13s
534528K ........ ........ ........ ........ ........ ........ 19% 6,70M 7m11s
537600K ........ ........ ........ ........ ........ ........ 19% 5,65M 7m11s
540672K ........ ........ ........ ........ ........ ........ 19% 3,65M 7m11s
543744K ........ ........ ........ ........ ........ ........ 19% 7,85M 7m10s
546816K ........ ........ ........ ........ ........ ........ 19% 5,48M 7m9s
549888K ........ ........ ........ ........ ........ ........ 19% 5,20M 7m8s
552960K ........ ........ ........ ........ ........ ........ 19% 5,09M 7m8s
556032K ........ ........ ........ ........ ........ ........ 19% 3,66M 7m8s
559104K ........ ........ ........ ........ ........ ........ 20% 9,55M 7m6s
562176K ........ ........ ........ ........ ........ ........ 20% 2,99M 7m7s
565248K ........ ........ ........ ........ ........ ........ 20% 5,67M 7m7s
568320K ........ ........ ........ ........ ........ ........ 20% 4,08M 7m7s
571392K ........ ........ ........ ........ ........ ........ 20% 9,03M 7m5s
574464K ........ ........ ........ ........ ........ ........ 20% 4,07M 7m5s
577536K ........ ........ ........ ........ ........ ........ 20% 8,81M 7m4s
580608K ........ ........ ........ ........ ........ ........ 20% 5,30M 7m3s
583680K ........ ........ ........ ........ ........ ........ 20% 2,91M 7m4s
586752K ........ ........ ........ ........ ........ ........ 20% 6,82M 7m3s
589824K ........ ........ ........ ........ ........ ........ 21% 3,90M 7m3s
592896K ........ ........ ........ ........ ........ ........ 21% 4,01M 7m3s
595968K ........ ........ ........ ........ ........ ........ 21% 4,46M 7m3s
599040K ........ ........ ........ ........ ........ ........ 21% 3,55M 7m3s
602112K ........ ........ ........ ........ ........ ........ 21% 13,7M 7m1s
605184K ........ ........ ........ ........ ........ ........ 21% 4,31M 7m1s
608256K ........ ........ ........ ........ ........ ........ 21% 3,89M 7m1s
611328K ........ ........ ........ ........ ........ ........ 21% 6,05M 7m0s
614400K ........ ........ ........ ........ ........ ........ 21% 4,40M 7m0s
617472K ........ ........ ........ ........ ........ ........ 22% 5,10M 6m59s
620544K ........ ........ ........ ........ ........ ........ 22% 5,24M 6m59s
623616K ........ ........ ........ ........ ........ ........ 22% 4,15M 6m58s
626688K ........ ........ ........ ........ ........ ........ 22% 8,50M 6m57s
629760K ........ ........ ........ ........ ........ ........ 22% 4,54M 6m57s
632832K ........ ........ ........ ........ ........ ........ 22% 4,57M 6m56s
635904K ........ ........ ........ ........ ........ ........ 22% 3,52M 6m57s
638976K ........ ........ ........ ........ ........ ........ 22% 5,75M 6m56s
642048K ........ ........ ........ ........ ........ ........ 22% 3,81M 6m56s
645120K ........ ........ ........ ........ ........ ........ 23% 7,31M 6m55s
648192K ........ ........ ........ ........ ........ ........ 23% 4,95M 6m54s
651264K ........ ........ ........ ........ ........ ........ 23% 6,65M 6m53s
654336K ........ ........ ........ ........ ........ ........ 23% 4,34M 6m53s
657408K ........ ........ ........ ........ ........ ........ 23% 3,89M 6m53s
660480K ........ ........ ........ ........ ........ ........ 23% 10,8M 6m51s
663552K ........ ........ ........ ........ ........ ........ 23% 4,09M 6m51s
666624K ........ ........ ........ ........ ........ ........ 23% 3,25M 6m52s
669696K ........ ........ ........ ........ ........ ........ 23% 8,39M 6m50s
672768K ........ ........ ........ ........ ........ ........ 24% 4,80M 6m50s
675840K ........ ........ ........ ........ ........ ........ 24% 2,96M 6m51s
678912K ........ ........ ........ ........ ........ ........ 24% 9,34M 6m49s
681984K ........ ........ ........ ........ ........ ........ 24% 4,69M 6m49s
685056K ........ ........ ........ ........ ........ ........ 24% 5,41M 6m48s
688128K ........ ........ ........ ........ ........ ........ 24% 3,56M 6m48s
691200K ........ ........ ........ ........ ........ ........ 24% 4,54M 6m48s
694272K ........ ........ ........ ........ ........ ........ 24% 4,57M 6m47s
697344K ........ ........ ........ ........ ........ ........ 24% 6,38M 6m46s
700416K ........ ........ ........ ........ ........ ........ 25% 5,97M 6m46s
703488K ........ ........ ........ ........ ........ ........ 25% 6,72M 6m45s
706560K ........ ........ ........ ........ ........ ........ 25% 5,57M 6m44s
709632K ........ ........ ........ ........ ........ ........ 25% 4,13M 6m44s
712704K ........ ........ ........ ........ ........ ........ 25% 4,93M 6m43s
715776K ........ ........ ........ ........ ........ ........ 25% 4,47M 6m43s
718848K ........ ........ ........ ........ ........ ........ 25% 6,35M 6m42s
721920K ........ ........ ........ ........ ........ ........ 25% 4,28M 6m42s
724992K ........ ........ ........ ........ ........ ........ 25% 5,46M 6m41s
728064K ........ ........ ........ ........ ........ ........ 26% 3,84M 6m41s
731136K ........ ........ ........ ........ ........ ........ 26% 9,73M 6m39s
734208K ........ ........ ........ ........ ........ ........ 26% 5,16M 6m39s
737280K ........ ........ ........ ........ ........ ........ 26% 3,10M 6m39s
740352K ........ ........ ........ ........ ........ ........ 26% 9,70M 6m38s
743424K ........ ........ ........ ........ ........ ........ 26% 2,46M 6m39s
746496K ........ ........ ........ ........ ........ ........ 26% 3,75M 6m39s
749568K ........ ........ ........ ........ ........ ........ 26% 8,43M 6m38s
752640K ........ ........ ........ ........ ........ ........ 26% 5,67M 6m37s
755712K ........ ........ ........ ........ ........ ........ 27% 5,66M 6m36s
758784K ........ ........ ........ ........ ........ ........ 27% 4,61M 6m36s
761856K ........ ........ ........ ........ ........ ........ 27% 3,14M 6m36s
764928K ........ ........ ........ ........ ........ ........ 27% 5,85M 6m35s
768000K ........ ........ ........ ........ ........ ........ 27% 9,87M 6m34s
771072K ........ ........ ........ ........ ........ ........ 27% 4,10M 6m34s
774144K ........ ........ ........ ........ ........ ........ 27% 5,17M 6m33s
777216K ........ ........ ........ ........ ........ ........ 27% 5,68M 6m32s
780288K ........ ........ ........ ........ ........ ........ 27% 4,07M 6m32s
783360K ........ ........ ........ ........ ........ ........ 27% 8,24M 6m31s
786432K ........ ........ ........ ........ ........ ........ 28% 4,93M 6m30s
789504K ........ ........ ........ ........ ........ ........ 28% 4,83M 6m30s
792576K ........ ........ ........ ........ ........ ........ 28% 4,21M 6m30s
795648K ........ ........ ........ ........ ........ ........ 28% 4,13M 6m29s
798720K ........ ........ ........ ........ ........ ........ 28% 4,15M 6m29s
801792K ........ ........ ........ ........ ........ ........ 28% 7,06M 6m28s
804864K ........ ........ ........ ........ ........ ........ 28% 5,13M 6m27s
807936K ........ ........ ........ ........ ........ ........ 28% 4,44M 6m27s
811008K ........ ........ ........ ........ ........ ........ 28% 3,93M 6m27s
814080K ........ ........ ........ ........ ........ ........ 29% 6,70M 6m26s
817152K ........ ........ ........ ........ ........ ........ 29% 3,83M 6m26s
820224K ........ ........ ........ ........ ........ ........ 29% 8,36M 6m25s
823296K ........ ........ ........ ........ ........ ........ 29% 3,74M 6m24s
826368K ........ ........ ........ ........ ........ ........ 29% 3,91M 6m24s
829440K ........ ........ ........ ........ ........ ........ 29% 5,76M 6m23s
832512K ........ ........ ........ ........ ........ ........ 29% 4,79M 6m23s
835584K ........ ........ ........ ........ ........ ........ 29% 10,0M 6m22s
838656K ........ ........ ........ ........ ........ ........ 29% 2,95M 6m22s
841728K ........ ........ ........ ........ ........ ........ 30% 11,9M 6m21s
844800K ........ ........ ........ ........ ........ ........ 30% 5,67M 6m20s
847872K ........ ........ ........ ........ ........ ........ 30% 4,56M 6m19s
850944K ........ ........ ........ ........ ........ ........ 30% 5,06M 6m19s
854016K ........ ........ ........ ........ ........ ........ 30% 4,49M 6m18s
857088K ........ ........ ........ ........ ........ ........ 30% 3,09M 6m19s
860160K ........ ........ ........ ........ ........ ........ 30% 5,12M 6m18s
863232K ........ ........ ........ ........ ........ ........ 30% 3,92M 6m18s
866304K ........ ........ ........ ........ ........ ........ 30% 7,40M 6m17s
869376K ........ ........ ........ ........ ........ ........ 31% 3,28M 6m17s
872448K ........ ........ ........ ........ ........ ........ 31% 9,11M 6m16s
875520K ........ ........ ........ ........ ........ ........ 31% 3,84M 6m16s
878592K ........ ........ ........ ........ ........ ........ 31% 6,49M 6m15s
881664K ........ ........ ........ ........ ........ ........ 31% 3,88M 6m14s
884736K ........ ........ ........ ........ ........ ........ 31% 6,68M 6m14s
887808K ........ ........ ........ ........ ........ ........ 31% 4,79M 6m13s
890880K ........ ........ ........ ........ ........ ........ 31% 4,17M 6m13s
893952K ........ ........ ........ ........ ........ ........ 31% 8,81M 6m12s
897024K ........ ........ ........ ........ ........ ........ 32% 3,30M 6m12s
900096K ........ ........ ........ ........ ........ ........ 32% 7,81M 6m11s
903168K ........ ........ ........ ........ ........ ........ 32% 3,03M 6m11s
906240K ........ ........ ........ ........ ........ ........ 32% 13,4M 6m9s
909312K ........ ........ ........ ........ ........ ........ 32% 5,49M 6m9s
912384K ........ ........ ........ ........ ........ ........ 32% 3,39M 6m9s
915456K ........ ........ ........ ........ ........ ........ 32% 3,55M 6m9s
918528K ........ ........ ........ ........ ........ ........ 32% 8,18M 6m7s
921600K ........ ........ ........ ........ ........ ........ 32% 5,68M 6m7s
924672K ........ ........ ........ ........ ........ ........ 33% 2,16M 6m8s
927744K ........ ........ ........ ........ ........ ........ 33% 3,46M 6m8s
930816K ........ ........ ........ ........ ........ ........ 33% 12,2M 6m6s
933888K ........ ........ ........ ........ ........ ........ 33% 5,31M 6m6s
936960K ........ ........ ........ ........ ........ ........ 33% 3,79M 6m6s
940032K ........ ........ ........ ........ ........ ........ 33% 2,79M 6m6s
943104K ........ ........ ........ ........ ........ ........ 33% 17,3M 6m4s
946176K ........ ........ ........ ........ ........ ........ 33% 3,92M 6m4s
949248K ........ ........ ........ ........ ........ ........ 33% 8,34M 6m3s
952320K ........ ........ ........ ........ ........ ........ 34% 3,77M 6m3s
955392K ........ ........ ........ ........ ........ ........ 34% 9,88M 6m2s
958464K ........ ........ ........ ........ ........ ........ 34% 5,65M 6m1s
961536K ........ ........ ........ ........ ........ ........ 34% 4,58M 6m0s
964608K ........ ........ ........ ........ ........ ........ 34% 5,05M 6m0s
967680K ........ ........ ........ ........ ........ ........ 34% 4,21M 5m59s
970752K ........ ........ ........ ........ ........ ........ 34% 7,39M 5m58s
973824K ........ ........ ........ ........ ........ ........ 34% 3,36M 5m58s
976896K ........ ........ ........ ........ ........ ........ 34% 10,6M 5m57s
979968K ........ ........ ........ ........ ........ ........ 34% 5,68M 5m56s
983040K ........ ........ ........ ........ ........ ........ 35% 2,96M 5m57s
986112K ........ ........ ........ ........ ........ ........ 35% 3,03M 5m57s
989184K ........ ........ ........ ........ ........ ........ 35% 9,62M 5m56s
992256K ........ ........ ........ ........ ........ ........ 35% 4,09M 5m55s
995328K ........ ........ ........ ........ ........ ........ 35% 2,92M 5m55s
998400K ........ ........ ........ ........ ........ ........ 35% 12,4M 5m54s
1001472K ........ ........ ........ ........ ........ ........ 35% 3,78M 5m54s
1004544K ........ ........ ........ ........ ........ ........ 35% 6,87M 5m53s
1007616K ........ ........ ........ ........ ........ ........ 35% 2,88M 5m53s
1010688K ........ ........ ........ ........ ........ ........ 36% 15,9M 5m52s
1013760K ........ ........ ........ ........ ........ ........ 36% 5,68M 5m51s
1016832K ........ ........ ........ ........ ........ ........ 36% 3,02M 5m51s
1019904K ........ ........ ........ ........ ........ ........ 36% 5,43M 5m51s
1022976K ........ ........ ........ ........ ........ ........ 36% 7,81M 5m50s
1026048K ........ ........ ........ ........ ........ ........ 36% 6,40M 5m49s
1029120K ........ ........ ........ ........ ........ ........ 36% 3,50M 5m49s
1032192K ........ ........ ........ ........ ........ ........ 36% 8,55M 5m48s
1035264K ........ ........ ........ ........ ........ ........ 36% 2,17M 5m48s
1038336K ........ ........ ........ ........ ........ ........ 37% 9,81M 5m47s
1041408K ........ ........ ........ ........ ........ ........ 37% 3,84M 5m47s
1044480K ........ ........ ........ ........ ........ ........ 37% 4,49M 5m46s
1047552K ........ ........ ........ ........ ........ ........ 37% 6,86M 5m45s
1050624K ........ ........ ........ ........ ........ ........ 37% 3,94M 5m45s
1053696K ........ ........ ........ ........ ........ ........ 37% 6,42M 5m44s
1056768K ........ ........ ........ ........ ........ ........ 37% 4,92M 5m44s
1059840K ........ ........ ........ ........ ........ ........ 37% 4,48M 5m43s
1062912K ........ ........ ........ ........ ........ ........ 37% 3,86M 5m43s
1065984K ........ ........ ........ ........ ........ ........ 38% 3,65M 5m43s
1069056K ........ ........ ........ ........ ........ ........ 38% 8,61M 5m42s
1072128K ........ ........ ........ ........ ........ ........ 38% 5,65M 5m41s
1075200K ........ ........ ........ ........ ........ ........ 38% 3,29M 5m41s
1078272K ........ ........ ........ ........ ........ ........ 38% 4,86M 5m40s
1081344K ........ ........ ........ ........ ........ ........ 38% 6,84M 5m39s
1084416K ........ ........ ........ ........ ........ ........ 38% 5,68M 5m39s
1087488K ........ ........ ........ ........ ........ ........ 38% 4,51M 5m38s
1090560K ........ ........ ........ ........ ........ ........ 38% 6,13M 5m37s
1093632K ........ ........ ........ ........ ........ ........ 39% 4,07M 5m37s
1096704K ........ ........ ........ ........ ........ ........ 39% 4,70M 5m36s
1099776K ........ ........ ........ ........ ........ ........ 39% 3,76M 5m36s
1102848K ........ ........ ........ ........ ........ ........ 39% 7,77M 5m35s
1105920K ........ ........ ........ ........ ........ ........ 39% 3,73M 5m35s
1108992K ........ ........ ........ ........ ........ ........ 39% 3,15M 5m35s
1112064K ........ ........ ........ ........ ........ ........ 39% 4,64M 5m34s
1115136K ........ ........ ........ ........ ........ ........ 39% 3,30M 5m34s
1118208K ........ ........ ........ ........ ........ ........ 39% 13,4M 5m33s
1121280K ........ ........ ........ ........ ........ ........ 40% 5,67M 5m32s
1124352K ........ ........ ........ ........ ........ ........ 40% 4,01M 5m32s
1127424K ........ ........ ........ ........ ........ ........ 40% 3,76M 5m31s
1130496K ........ ........ ........ ........ ........ ........ 40% 5,10M 5m31s
1133568K ........ ........ ........ ........ ........ ........ 40% 7,11M 5m30s
1136640K ........ ........ ........ ........ ........ ........ 40% 3,80M 5m30s
1139712K ........ ........ ........ ........ ........ ........ 40% 9,02M 5m29s
1142784K ........ ........ ........ ........ ........ ........ 40% 3,78M 5m28s
1145856K ........ ........ ........ ........ ........ ........ 40% 10,0M 5m27s
1148928K ........ ........ ........ ........ ........ ........ 40% 5,65M 5m27s
1152000K ........ ........ ........ ........ ........ ........ 41% 5,56M 5m26s
1155072K ........ ........ ........ ........ ........ ........ 41% 5,67M 5m25s
1158144K ........ ........ ........ ........ ........ ........ 41% 4,02M 5m25s
1161216K ........ ........ ........ ........ ........ ........ 41% 3,42M 5m24s
1164288K ........ ........ ........ ........ ........ ........ 41% 3,42M 5m24s
1167360K ........ ........ ........ ........ ........ ........ 41% 9,30M 5m23s
1170432K ........ ........ ........ ........ ........ ........ 41% 4,25M 5m23s
1173504K ........ ........ ........ ........ ........ ........ 41% 3,82M 5m22s
1176576K ........ ........ ........ ........ ........ ........ 41% 14,6M 5m21s
1179648K ........ ........ ........ ........ ........ ........ 42% 3,52M 5m21s
1182720K ........ ........ ........ ........ ........ ........ 42% 8,23M 5m20s
1185792K ........ ........ ........ ........ ........ ........ 42% 3,03M 5m20s
1188864K ........ ........ ........ ........ ........ ........ 42% 11,0M 5m19s
1191936K ........ ........ ........ ........ ........ ........ 42% 3,00M 5m19s
1195008K ........ ........ ........ ........ ........ ........ 42% 9,84M 5m18s
1198080K ........ ........ ........ ........ ........ ........ 42% 5,46M 5m17s
1201152K ........ ........ ........ ........ ........ ........ 42% 3,22M 5m17s
1204224K ........ ........ ........ ........ ........ ........ 42% 10,1M 5m16s
1207296K ........ ........ ........ ........ ........ ........ 43% 4,07M 5m16s
1210368K ........ ........ ........ ........ ........ ........ 43% 7,73M 5m15s
1213440K ........ ........ ........ ........ ........ ........ 43% 4,35M 5m14s
1216512K ........ ........ ........ ........ ........ ........ 43% 7,60M 5m13s
1219584K ........ ........ ........ ........ ........ ........ 43% 2,98M 5m13s
1222656K ........ ........ ........ ........ ........ ........ 43% 4,35M 5m13s
1225728K ........ ........ ........ ........ ........ ........ 43% 5,36M 5m12s
1228800K ........ ........ ........ ........ ........ ........ 43% 6,07M 5m11s
1231872K ........ ........ ........ ........ ........ ........ 43% 4,43M 5m11s
1234944K ........ ........ ........ ........ ........ ........ 44% 6,34M 5m10s
1238016K ........ ........ ........ ........ ........ ........ 44% 4,64M 5m9s
1241088K ........ ........ ........ ........ ........ ........ 44% 5,77M 5m9s
1244160K ........ ........ ........ ........ ........ ........ 44% 4,03M 5m8s
1247232K ........ ........ ........ ........ ........ ........ 44% 9,51M 5m7s
1250304K ........ ........ ........ ........ ........ ........ 44% 5,68M 5m7s
1253376K ........ ........ ........ ........ ........ ........ 44% 4,17M 5m6s
1256448K ........ ........ ........ ........ ........ ........ 44% 6,07M 5m5s
1259520K ........ ........ ........ ........ ........ ........ 44% 3,59M 5m5s
1262592K ........ ........ ........ ........ ........ ........ 45% 7,36M 5m4s
1265664K ........ ........ ........ ........ ........ ........ 45% 5,64M 5m4s
1268736K ........ ........ ........ ........ ........ ........ 45% 5,37M 5m3s
1271808K ........ ........ ........ ........ ........ ........ 45% 4,54M 5m2s
1274880K ........ ........ ........ ........ ........ ........ 45% 3,16M 5m2s
1277952K ........ ........ ........ ........ ........ ........ 45% 8,65M 5m1s
1281024K ........ ........ ........ ........ ........ ........ 45% 2,26M 5m1s
1284096K ........ ........ ........ ........ ........ ........ 45% 5,39M 5m1s
1287168K ........ ........ ........ ........ ........ ........ 45% 4,18M 5m0s
1290240K ........ ........ ........ ........ ........ ........ 46% 8,25M 4m59s
1293312K ........ ........ ........ ........ ........ ........ 46% 4,11M 4m59s
1296384K ........ ........ ........ ........ ........ ........ 46% 5,65M 4m58s
1299456K ........ ........ ........ ........ ........ ........ 46% 3,21M 4m58s
1302528K ........ ........ ........ ........ ........ ........ 46% 7,65M 4m57s
1305600K ........ ........ ........ ........ ........ ........ 46% 3,05M 4m57s
1308672K ........ ........ ........ ........ ........ ........ 46% 9,05M 4m56s
1311744K ........ ........ ........ ........ ........ ........ 46% 3,81M 4m56s
1314816K ........ ........ ........ ........ ........ ........ 46% 5,73M 4m55s
1317888K ........ ........ ........ ........ ........ ........ 47% 3,65M 4m55s
1320960K ........ ........ ........ ........ ........ ........ 47% 4,71M 4m54s
1324032K ........ ........ ........ ........ ........ ........ 47% 7,72M 4m53s
1327104K ........ ........ ........ ........ ........ ........ 47% 3,41M 4m53s
1330176K ........ ........ ........ ........ ........ ........ 47% 2,73M 4m53s
1333248K ........ ........ ........ ........ ........ ........ 47% 16,2M 4m52s
1336320K ........ ........ ........ ........ ........ ........ 47% 4,06M 4m51s
1339392K ........ ........ ........ ........ ........ ........ 47% 5,06M 4m51s
1342464K ........ ........ ........ ........ ........ ........ 47% 3,89M 4m50s
1345536K ........ ........ ........ ........ ........ ........ 47% 8,39M 4m49s
1348608K ........ ........ ........ ........ ........ ........ 48% 5,61M 4m49s
1351680K ........ ........ ........ ........ ........ ........ 48% 3,48M 4m48s
1354752K ........ ........ ........ ........ ........ ........ 48% 7,76M 4m47s
1357824K ........ ........ ........ ........ ........ ........ 48% 4,19M 4m47s
1360896K ........ ........ ........ ........ ........ ........ 48% 4,98M 4m46s
1363968K ........ ........ ........ ........ ........ ........ 48% 3,97M 4m46s
1367040K ........ ........ ........ ........ ........ ........ 48% 4,86M 4m45s
1370112K ........ ........ ........ ........ ........ ........ 48% 3,62M 4m45s
1373184K ........ ........ ........ ........ ........ ........ 48% 8,58M 4m44s
1376256K ........ ........ ........ ........ ........ ........ 49% 5,64M 4m43s
1379328K ........ ........ ........ ........ ........ ........ 49% 2,92M 4m43s
1382400K ........ ........ ........ ........ ........ ........ 49% 3,47M 4m43s
1385472K ........ ........ ........ ........ ........ ........ 49% 7,67M 4m42s
1388544K ........ ........ ........ ........ ........ ........ 49% 4,48M 4m41s
1391616K ........ ........ ........ ........ ........ ........ 49% 7,45M 4m41s
1394688K ........ ........ ........ ........ ........ ........ 49% 4,48M 4m40s
1397760K ........ ........ ........ ........ ........ ........ 49% 4,72M 4m40s
1400832K ........ ........ ........ ........ ........ ........ 49% 3,38M 4m39s
1403904K ........ ........ ........ ........ ........ ........ 50% 12,2M 4m38s
1406976K ........ ........ ........ ........ ........ ........ 50% 3,37M 4m38s
1410048K ........ ........ ........ ........ ........ ........ 50% 6,93M 4m37s
1413120K ........ ........ ........ ........ ........ ........ 50% 4,40M 4m37s
1416192K ........ ........ ........ ........ ........ ........ 50% 8,90M 4m36s
1419264K ........ ........ ........ ........ ........ ........ 50% 5,54M 4m35s
1422336K ........ ........ ........ ........ ........ ........ 50% 3,99M 4m35s
1425408K ........ ........ ........ ........ ........ ........ 50% 6,58M 4m34s
1428480K ........ ........ ........ ........ ........ ........ 50% 3,37M 4m33s
1431552K ........ ........ ........ ........ ........ ........ 51% 3,86M 4m33s
1434624K ........ ........ ........ ........ ........ ........ 51% 3,02M 4m33s
1437696K ........ ........ ........ ........ ........ ........ 51% 12,6M 4m32s
1440768K ........ ........ ........ ........ ........ ........ 51% 5,65M 4m31s
1443840K ........ ........ ........ ........ ........ ........ 51% 5,05M 4m30s
1446912K ........ ........ ........ ........ ........ ........ 51% 5,46M 4m30s
1449984K ........ ........ ........ ........ ........ ........ 51% 2,97M 4m30s
1453056K ........ ........ ........ ........ ........ ........ 51% 10,2M 4m29s
1456128K ........ ........ ........ ........ ........ ........ 51% 4,16M 4m28s
1459200K ........ ........ ........ ........ ........ ........ 52% 7,48M 4m27s
1462272K ........ ........ ........ ........ ........ ........ 52% 4,09M 4m27s
1465344K ........ ........ ........ ........ ........ ........ 52% 5,49M 4m26s
1468416K ........ ........ ........ ........ ........ ........ 52% 8,81M 4m25s
1471488K ........ ........ ........ ........ ........ ........ 52% 4,14M 4m25s
1474560K ........ ........ ........ ........ ........ ........ 52% 5,25M 4m24s
1477632K ........ ........ ........ ........ ........ ........ 52% 3,97M 4m24s
1480704K ........ ........ ........ ........ ........ ........ 52% 6,58M 4m23s
1483776K ........ ........ ........ ........ ........ ........ 52% 4,01M 4m22s
1486848K ........ ........ ........ ........ ........ ........ 53% 9,35M 4m22s
1489920K ........ ........ ........ ........ ........ ........ 53% 2,86M 4m21s
1492992K ........ ........ ........ ........ ........ ........ 53% 3,30M 4m21s
1496064K ........ ........ ........ ........ ........ ........ 53% 6,15M 4m20s
1499136K ........ ........ ........ ........ ........ ........ 53% 4,93M 4m20s
1502208K ........ ........ ........ ........ ........ ........ 53% 8,40M 4m19s
1505280K ........ ........ ........ ........ ........ ........ 53% 4,39M 4m18s
1508352K ........ ........ ........ ........ ........ ........ 53% 4,92M 4m18s
1511424K ........ ........ ........ ........ ........ ........ 53% 9,59M 4m17s
1514496K ........ ........ ........ ........ ........ ........ 54% 3,87M 4m16s
1517568K ........ ........ ........ ........ ........ ........ 54% 6,97M 4m16s
1520640K ........ ........ ........ ........ ........ ........ 54% 4,37M 4m15s
1523712K ........ ........ ........ ........ ........ ........ 54% 4,73M 4m15s
1526784K ........ ........ ........ ........ ........ ........ 54% 3,72M 4m14s
1529856K ........ ........ ........ ........ ........ ........ 54% 6,43M 4m13s
1532928K ........ ........ ........ ........ ........ ........ 54% 3,75M 4m13s
1536000K ........ ........ ........ ........ ........ ........ 54% 5,47M 4m12s
1539072K ........ ........ ........ ........ ........ ........ 54% 3,52M 4m12s
1542144K ........ ........ ........ ........ ........ ........ 54% 7,56M 4m11s
1545216K ........ ........ ........ ........ ........ ........ 55% 3,87M 4m11s
1548288K ........ ........ ........ ........ ........ ........ 55% 3,25M 4m10s
1551360K ........ ........ ........ ........ ........ ........ 55% 3,32M 4m10s
1554432K ........ ........ ........ ........ ........ ........ 55% 11,1M 4m9s
1557504K ........ ........ ........ ........ ........ ........ 55% 3,47M 4m9s
1560576K ........ ........ ........ ........ ........ ........ 55% 3,26M 4m8s
1563648K ........ ........ ........ ........ ........ ........ 55% 10,9M 4m7s
1566720K ........ ........ ........ ........ ........ ........ 55% 3,78M 4m7s
1569792K ........ ........ ........ ........ ........ ........ 55% 6,12M 4m6s
1572864K ........ ........ ........ ........ ........ ........ 56% 5,68M 4m5s
1575936K ........ ........ ........ ........ ........ ........ 56% 4,83M 4m5s
1579008K ........ ........ ........ ........ ........ ........ 56% 6,44M 4m4s
1582080K ........ ........ ........ ........ ........ ........ 56% 3,56M 4m4s
1585152K ........ ........ ........ ........ ........ ........ 56% 7,78M 4m3s
1588224K ........ ........ ........ ........ ........ ........ 56% 5,63M 4m2s
1591296K ........ ........ ........ ........ ........ ........ 56% 4,80M 4m2s
1594368K ........ ........ ........ ........ ........ ........ 56% 4,85M 4m1s
1597440K ........ ........ ........ ........ ........ ........ 56% 4,52M 4m0s
1600512K ........ ........ ........ ........ ........ ........ 57% 4,86M 4m0s
1603584K ........ ........ ........ ........ ........ ........ 57% 6,68M 3m59s
1606656K ........ ........ ........ ........ ........ ........ 57% 4,15M 3m59s
1609728K ........ ........ ........ ........ ........ ........ 57% 4,26M 3m58s
1612800K ........ ........ ........ ........ ........ ........ 57% 4,96M 3m57s
1615872K ........ ........ ........ ........ ........ ........ 57% 3,42M 3m57s
1618944K ........ ........ ........ ........ ........ ........ 57% 3,72M 3m57s
1622016K ........ ........ ........ ........ ........ ........ 57% 7,37M 3m56s
1625088K ........ ........ ........ ........ ........ ........ 57% 3,33M 3m55s
1628160K ........ ........ ........ ........ ........ ........ 58% 10,2M 3m55s
1631232K ........ ........ ........ ........ ........ ........ 58% 3,84M 3m54s
1634304K ........ ........ ........ ........ ........ ........ 58% 5,74M 3m53s
1637376K ........ ........ ........ ........ ........ ........ 58% 3,75M 3m53s
1640448K ........ ........ ........ ........ ........ ........ 58% 6,79M 3m52s
1643520K ........ ........ ........ ........ ........ ........ 58% 5,89M 3m51s
1646592K ........ ........ ........ ........ ........ ........ 58% 5,28M 3m51s
1649664K ........ ........ ........ ........ ........ ........ 58% 3,63M 3m50s
1652736K ........ ........ ........ ........ ........ ........ 58% 8,19M 3m50s
1655808K ........ ........ ........ ........ ........ ........ 59% 4,42M 3m49s
1658880K ........ ........ ........ ........ ........ ........ 59% 5,36M 3m48s
1661952K ........ ........ ........ ........ ........ ........ 59% 4,19M 3m48s
1665024K ........ ........ ........ ........ ........ ........ 59% 4,70M 3m47s
1668096K ........ ........ ........ ........ ........ ........ 59% 3,92M 3m47s
1671168K ........ ........ ........ ........ ........ ........ 59% 4,70M 3m46s
1674240K ........ ........ ........ ........ ........ ........ 59% 8,93M 3m45s
1677312K ........ ........ ........ ........ ........ ........ 59% 5,66M 3m45s
1680384K ........ ........ ........ ........ ........ ........ 59% 6,63M 3m44s
1683456K ........ ........ ........ ........ ........ ........ 60% 2,92M 3m44s
1686528K ........ ........ ........ ........ ........ ........ 60% 12,1M 3m43s
1689600K ........ ........ ........ ........ ........ ........ 60% 3,48M 3m42s
1692672K ........ ........ ........ ........ ........ ........ 60% 7,36M 3m42s
1695744K ........ ........ ........ ........ ........ ........ 60% 4,06M 3m41s
1698816K ........ ........ ........ ........ ........ ........ 60% 7,46M 3m40s
1701888K ........ ........ ........ ........ ........ ........ 60% 4,36M 3m40s
1704960K ........ ........ ........ ........ ........ ........ 60% 5,79M 3m39s
1708032K ........ ........ ........ ........ ........ ........ 60% 8,47M 3m38s
1711104K ........ ........ ........ ........ ........ ........ 61% 4,39M 3m38s
1714176K ........ ........ ........ ........ ........ ........ 61% 4,61M 3m37s
1717248K ........ ........ ........ ........ ........ ........ 61% 3,29M 3m37s
1720320K ........ ........ ........ ........ ........ ........ 61% 3,92M 3m36s
1723392K ........ ........ ........ ........ ........ ........ 61% 10,2M 3m35s
1726464K ........ ........ ........ ........ ........ ........ 61% 5,66M 3m35s
1729536K ........ ........ ........ ........ ........ ........ 61% 3,77M 3m34s
1732608K ........ ........ ........ ........ ........ ........ 61% 5,85M 3m34s
1735680K ........ ........ ........ ........ ........ ........ 61% 4,12M 3m33s
1738752K ........ ........ ........ ........ ........ ........ 61% 7,58M 3m32s
1741824K ........ ........ ........ ........ ........ ........ 62% 3,48M 3m32s
1744896K ........ ........ ........ ........ ........ ........ 62% 8,07M 3m31s
1747968K ........ ........ ........ ........ ........ ........ 62% 4,79M 3m30s
1751040K ........ ........ ........ ........ ........ ........ 62% 2,94M 3m30s
1754112K ........ ........ ........ ........ ........ ........ 62% 11,7M 3m29s
1757184K ........ ........ ........ ........ ........ ........ 62% 4,32M 3m29s
1760256K ........ ........ ........ ........ ........ ........ 62% 8,26M 3m28s
1763328K ........ ........ ........ ........ ........ ........ 62% 4,95M 3m27s
1766400K ........ ........ ........ ........ ........ ........ 62% 5,31M 3m27s
1769472K ........ ........ ........ ........ ........ ........ 63% 3,07M 3m26s
1772544K ........ ........ ........ ........ ........ ........ 63% 2,99M 3m26s
1775616K ........ ........ ........ ........ ........ ........ 63% 6,10M 3m25s
1778688K ........ ........ ........ ........ ........ ........ 63% 8,51M 3m25s
1781760K ........ ........ ........ ........ ........ ........ 63% 4,37M 3m24s
1784832K ........ ........ ........ ........ ........ ........ 63% 6,01M 3m23s
1787904K ........ ........ ........ ........ ........ ........ 63% 4,85M 3m23s
1790976K ........ ........ ........ ........ ........ ........ 63% 5,34M 3m22s
1794048K ........ ........ ........ ........ ........ ........ 63% 3,23M 3m22s
1797120K ........ ........ ........ ........ ........ ........ 64% 6,93M 3m21s
1800192K ........ ........ ........ ........ ........ ........ 64% 4,00M 3m20s
1803264K ........ ........ ........ ........ ........ ........ 64% 5,83M 3m20s
1806336K ........ ........ ........ ........ ........ ........ 64% 4,64M 3m19s
1809408K ........ ........ ........ ........ ........ ........ 64% 6,07M 3m18s
1812480K ........ ........ ........ ........ ........ ........ 64% 5,68M 3m18s
1815552K ........ ........ ........ ........ ........ ........ 64% 4,37M 3m17s
1818624K ........ ........ ........ ........ ........ ........ 64% 5,46M 3m17s
1821696K ........ ........ ........ ........ ........ ........ 64% 4,07M 3m16s
1824768K ........ ........ ........ ........ ........ ........ 65% 4,84M 3m15s
1827840K ........ ........ ........ ........ ........ ........ 65% 9,91M 3m15s
1830912K ........ ........ ........ ........ ........ ........ 65% 4,15M 3m14s
1833984K ........ ........ ........ ........ ........ ........ 65% 4,82M 3m13s
1837056K ........ ........ ........ ........ ........ ........ 65% 8,80M 3m13s
1840128K ........ ........ ........ ........ ........ ........ 65% 5,67M 3m12s
1843200K ........ ........ ........ ........ ........ ........ 65% 4,04M 3m12s
1846272K ........ ........ ........ ........ ........ ........ 65% 6,31M 3m11s
1849344K ........ ........ ........ ........ ........ ........ 65% 2,38M 3m11s
1852416K ........ ........ ........ ........ ........ ........ 66% 3,31M 3m10s
1855488K ........ ........ ........ ........ ........ ........ 66% 5,86M 3m9s
1858560K ........ ........ ........ ........ ........ ........ 66% 9,13M 3m9s
1861632K ........ ........ ........ ........ ........ ........ 66% 4,99M 3m8s
1864704K ........ ........ ........ ........ ........ ........ 66% 3,94M 3m8s
1867776K ........ ........ ........ ........ ........ ........ 66% 5,90M 3m7s
1870848K ........ ........ ........ ........ ........ ........ 66% 3,39M 3m6s
1873920K ........ ........ ........ ........ ........ ........ 66% 7,44M 3m6s
1876992K ........ ........ ........ ........ ........ ........ 66% 4,29M 3m5s
1880064K ........ ........ ........ ........ ........ ........ 67% 5,51M 3m4s
1883136K ........ ........ ........ ........ ........ ........ 67% 3,86M 3m4s
1886208K ........ ........ ........ ........ ........ ........ 67% 8,83M 3m3s
1889280K ........ ........ ........ ........ ........ ........ 67% 4,21M 3m3s
1892352K ........ ........ ........ ........ ........ ........ 67% 4,79M 3m2s
1895424K ........ ........ ........ ........ ........ ........ 67% 4,06M 3m1s
1898496K ........ ........ ........ ........ ........ ........ 67% 7,86M 3m1s
1901568K ........ ........ ........ ........ ........ ........ 67% 3,13M 3m0s
1904640K ........ ........ ........ ........ ........ ........ 67% 4,12M 3m0s
1907712K ........ ........ ........ ........ ........ ........ 68% 6,98M 2m59s
1910784K ........ ........ ........ ........ ........ ........ 68% 4,77M 2m58s
1913856K ........ ........ ........ ........ ........ ........ 68% 5,19M 2m58s
1916928K ........ ........ ........ ........ ........ ........ 68% 3,25M 2m57s
1920000K ........ ........ ........ ........ ........ ........ 68% 4,45M 2m57s
1923072K ........ ........ ........ ........ ........ ........ 68% 5,72M 2m56s
1926144K ........ ........ ........ ........ ........ ........ 68% 8,77M 2m55s
1929216K ........ ........ ........ ........ ........ ........ 68% 5,67M 2m55s
1932288K ........ ........ ........ ........ ........ ........ 68% 4,24M 2m54s
1935360K ........ ........ ........ ........ ........ ........ 68% 6,00M 2m53s
1938432K ........ ........ ........ ........ ........ ........ 69% 3,61M 2m53s
1941504K ........ ........ ........ ........ ........ ........ 69% 5,55M 2m52s
1944576K ........ ........ ........ ........ ........ ........ 69% 3,42M 2m52s
1947648K ........ ........ ........ ........ ........ ........ 69% 9,22M 2m51s
1950720K ........ ........ ........ ........ ........ ........ 69% 5,67M 2m50s
1953792K ........ ........ ........ ........ ........ ........ 69% 5,18M 2m50s
1956864K ........ ........ ........ ........ ........ ........ 69% 4,82M 2m49s
1959936K ........ ........ ........ ........ ........ ........ 69% 2,19M 2m49s
1963008K ........ ........ ........ ........ ........ ........ 69% 6,16M 2m48s
1966080K ........ ........ ........ ........ ........ ........ 70% 8,12M 2m48s
1969152K ........ ........ ........ ........ ........ ........ 70% 4,78M 2m47s
1972224K ........ ........ ........ ........ ........ ........ 70% 6,63M 2m46s
1975296K ........ ........ ........ ........ ........ ........ 70% 4,87M 2m46s
1978368K ........ ........ ........ ........ ........ ........ 70% 5,46M 2m45s
1981440K ........ ........ ........ ........ ........ ........ 70% 3,50M 2m45s
1984512K ........ ........ ........ ........ ........ ........ 70% 7,66M 2m44s
1987584K ........ ........ ........ ........ ........ ........ 70% 2,73M 2m43s
1990656K ........ ........ ........ ........ ........ ........ 70% 11,9M 2m43s
1993728K ........ ........ ........ ........ ........ ........ 71% 5,67M 2m42s
1996800K ........ ........ ........ ........ ........ ........ 71% 5,46M 2m41s
1999872K ........ ........ ........ ........ ........ ........ 71% 4,68M 2m41s
2002944K ........ ........ ........ ........ ........ ........ 71% 4,48M 2m40s
2006016K ........ ........ ........ ........ ........ ........ 71% 5,54M 2m40s
2009088K ........ ........ ........ ........ ........ ........ 71% 3,28M 2m39s
2012160K ........ ........ ........ ........ ........ ........ 71% 7,42M 2m38s
2015232K ........ ........ ........ ........ ........ ........ 71% 3,58M 2m38s
2018304K ........ ........ ........ ........ ........ ........ 71% 7,98M 2m37s
2021376K ........ ........ ........ ........ ........ ........ 72% 4,19M 2m37s
2024448K ........ ........ ........ ........ ........ ........ 72% 5,89M 2m36s
2027520K ........ ........ ........ ........ ........ ........ 72% 5,39M 2m35s
2030592K ........ ........ ........ ........ ........ ........ 72% 4,59M 2m35s
2033664K ........ ........ ........ ........ ........ ........ 72% 4,52M 2m34s
2036736K ........ ........ ........ ........ ........ ........ 72% 6,26M 2m33s
2039808K ........ ........ ........ ........ ........ ........ 72% 4,20M 2m33s
2042880K ........ ........ ........ ........ ........ ........ 72% 8,43M 2m32s
2045952K ........ ........ ........ ........ ........ ........ 72% 5,33M 2m31s
2049024K ........ ........ ........ ........ ........ ........ 73% 4,49M 2m31s
2052096K ........ ........ ........ ........ ........ ........ 73% 4,06M 2m30s
2055168K ........ ........ ........ ........ ........ ........ 73% 8,17M 2m30s
2058240K ........ ........ ........ ........ ........ ........ 73% 2,97M 2m29s
2061312K ........ ........ ........ ........ ........ ........ 73% 9,36M 2m28s
2064384K ........ ........ ........ ........ ........ ........ 73% 2,94M 2m28s
2067456K ........ ........ ........ ........ ........ ........ 73% 14,1M 2m27s
2070528K ........ ........ ........ ........ ........ ........ 73% 3,73M 2m27s
2073600K ........ ........ ........ ........ ........ ........ 73% 9,15M 2m26s
2076672K ........ ........ ........ ........ ........ ........ 74% 4,49M 2m25s
2079744K ........ ........ ........ ........ ........ ........ 74% 7,68M 2m25s
2082816K ........ ........ ........ ........ ........ ........ 74% 4,18M 2m24s
2085888K ........ ........ ........ ........ ........ ........ 74% 3,88M 2m24s
2088960K ........ ........ ........ ........ ........ ........ 74% 9,33M 2m23s
2092032K ........ ........ ........ ........ ........ ........ 74% 5,66M 2m22s
2095104K ........ ........ ........ ........ ........ ........ 74% 3,81M 2m22s
2098176K ........ ........ ........ ........ ........ ........ 74% 3,18M 2m21s
2101248K ........ ........ ........ ........ ........ ........ 74% 4,45M 2m21s
2104320K ........ ........ ........ ........ ........ ........ 75% 5,25M 2m20s
2107392K ........ ........ ........ ........ ........ ........ 75% 6,47M 2m19s
2110464K ........ ........ ........ ........ ........ ........ 75% 4,11M 2m19s
2113536K ........ ........ ........ ........ ........ ........ 75% 7,88M 2m18s
2116608K ........ ........ ........ ........ ........ ........ 75% 5,00M 2m17s
2119680K ........ ........ ........ ........ ........ ........ 75% 4,45M 2m17s
2122752K ........ ........ .......