--2021-04-24 20:11:58--  https://releases.ubuntu.com/20.04.2.0/ubuntu-20.04.2.0-desktop-amd64.iso
Resolving releases.ubuntu.com (releases.ubuntu.com)... 2001:67c:1360:8001::33, 2001:67c:1562::25, 2001:67c:1360:8001::34, ...
Connecting to releases.ubuntu.com (releases.ubuntu.com)|2001:67c:1360:8001::33|:443... connected.
HTTP request sent, awaiting response... 200 OK
Length: 2877227008 (2,7G) [application/x-iso9660-image]
Saving to: ‘/dev/null’

     0K ........ ........ ........ ........ ........ ........  0%  529K 88m30s
  3072K ........ ........ ........ ........ ........ ........  0% 1,36M 60m56s
  6144K ........ ........ ........ ........ ........ ........  0% 1,18M 53m24s
  9216K ........ ........ ........ ........ ........ ........  0% 1,68M 46m48s
 12288K ........ ........ ........ ........ ........ ........  0% 2,22M 41m30s
 15360K ........ ........ ........ ........ ........ ........  0% 1,70M 39m0s
 18432K ........ ........ ........ ........ ........ ........  0% 1,75M 37m6s
 21504K ........ ........ ........ ........ ........ ........  0% 2,03M 35m13s
 24576K ........ ........ ........ ........ ........ ........  0% 1,56M 34m30s
 27648K ........ ........ ........ ........ ........ ........  1% 1,24M 34m40s
 30720K ........ ........ ........ ........ ........ ........  1% 1,99M 33m33s
 33792K ........ ........ ........ ........ ........ ........  1% 1,46M 33m17s
 36864K ........ ........ ........ ........ ........ ........  1% 1,16M 33m42s
 39936K ........ ........ ........ ........ ........ ........  1% 1,04M 34m21s
 43008K ........ ........ ........ ........ ........ ........  1%  997K 35m6s
 46080K ........ ........ ........ ........ ........ ........  1% 1,79M 34m26s
 49152K ........ ........ ........ ........ ........ ........  1% 1,32M 34m22s
 52224K ........ ........ ........ ........ ........ ........  1% 1,35M 34m17s
 55296K ........ ........ ........ ........ ........ ........  2% 1,16M 34m28s
 58368K ........ ........ ........ ........ ........ ........  2%  846K 35m25s
 61440K ........ ........ ........ ........ ........ ........  2% 1,29M 35m21s
 64512K ........ ........ ........ ........ ........ ........  2%  956K 35m53s
 67584K ........ ........ ........ ........ ........ ........  2% 1,39M 35m40s
 70656K ........ ........ ........ ........ ........ ........  2%  981K 36m5s
 73728K ........ ........ ........ ........ ........ ........  2% 1,48M 35m48s
 76800K ........ ........ ........ ........ ........ ........  2%  849K 36m27s
 79872K ........ ........ ........ ........ ........ ........  2% 1,19M 36m27s
 82944K ........ ........ ........ ........ ........ ........  3% 1,03M 36m39s
 86016K ........ ........ ........ ........ ........ ........  3% 1,16M 36m40s
 89088K ........ ........ ........ ........ ........ ........  3%  871K 37m8s
 92160K ........ ........ ........ ........ ........ ........  3%  885K 37m33s
 95232K ........ ........ ........ ........ ........ ........  3% 1,19M 37m30s
 98304K ........ ........ ........ ........ ........ ........  3%  787K 38m3s
101376K ........ ........ ........ ........ ........ ........  3%  842K 38m28s
104448K ........ ........ ........ ........ ........ ........  3% 1,29M 38m18s
107520K ........ ........ ........ ........ ........ ........  3% 1005K 38m26s
110592K ........ ........ ........ ........ ........ ........  4%  914K 38m41s
113664K ........ ........ ........ ........ ........ ........  4%  910K 38m55s
116736K ........ ........ ........ ........ ........ ........  4% 1021K 39m1s
119808K ........ ........ ........ ........ ........ ........  4%  669K 39m40s
122880K ........ ........ ........ ........ ........ ........  4%  900K 39m52s
125952K ........ ........ ........ ........ ........ ........  4%  859K 40m7s
129024K ........ ........ ........ ........ ........ ........  4%  860K 40m20s
132096K ........ ........ ........ ........ ........ ........  4% 1019K 40m22s
135168K ........ ........ ........ ........ ........ ........  4% 1016K 40m24s
138240K ........ ........ ........ ........ ........ ........  5% 1,01M 40m25s
141312K ........ ........ ........ ........ ........ ........  5% 1,15M 40m19s
144384K ........ ........ ........ ........ ........ ........  5%  999K 40m21s
147456K ........ ........ ........ ........ ........ ........  5% 1,03M 40m20s
150528K ........ ........ ........ ........ ........ ........  5%  837K 40m33s
153600K ........ ........ ........ ........ ........ ........  5% 1013K 40m34s
156672K ........ ........ ........ ........ ........ ........  5%  908K 40m40s
159744K ........ ........ ........ ........ ........ ........  5%  983K 40m42s
162816K ........ ........ ........ ........ ........ ........  5%  934K 40m47s
165888K ........ ........ ........ ........ ........ ........  6% 1,00M 40m46s
168960K ........ ........ ........ ........ ........ ........  6% 1,78M 40m25s
172032K ........ ........ ........ ........ ........ ........  6% 1,13M 40m20s
175104K ........ ........ ........ ........ ........ ........  6%  995K 40m21s
178176K ........ ........ ........ ........ ........ ........  6% 1,02M 40m20s
181248K ........ ........ ........ ........ ........ ........  6% 1,19M 40m12s
184320K ........ ........ ........ ........ ........ ........  6%  941K 40m16s
187392K ........ ........ ........ ........ ........ ........  6% 1,05M 40m13s
190464K ........ ........ ........ ........ ........ ........  6% 1,07M 40m10s
193536K ........ ........ ........ ........ ........ ........  6%  848K 40m18s
196608K ........ ........ ........ ........ ........ ........  7%  883K 40m23s
199680K ........ ........ ........ ........ ........ ........  7%  707K 40m39s
202752K ........ ........ ........ ........ ........ ........  7%  851K 40m46s
205824K ........ ........ ........ ........ ........ ........  7%  711K 41m1s
208896K ........ ........ ........ ........ ........ ........  7%  788K 41m10s
211968K ........ ........ ........ ........ ........ ........  7%  904K 41m13s
215040K ........ ........ ........ ........ ........ ........  7%  708K 41m27s
218112K ........ ........ ........ ........ ........ ........  7% 1,06M 41m22s
221184K ........ ........ ........ ........ ........ ........  7%  934K 41m23s
224256K ........ ........ ........ ........ ........ ........  8% 1,10M 41m18s
227328K ........ ........ ........ ........ ........ ........  8%  947K 41m18s
230400K ........ ........ ........ ........ ........ ........  8%  955K 41m18s
233472K ........ ........ ........ ........ ........ ........  8%  665K 41m33s
236544K ........ ........ ........ ........ ........ ........  8%  801K 41m40s
239616K ........ ........ ........ ........ ........ ........  8%  857K 41m43s
242688K ........ ........ ........ ........ ........ ........  8%  487K 42m15s
245760K ........ ........ ........ ........ ........ ........  8%  700K 42m25s
248832K ........ ........ ........ ........ ........ ........  8%  546K 42m48s
251904K ........ ........ ........ ........ ........ ........  9%  806K 42m53s
254976K ........ ........ ........ ........ ........ ........  9%  746K 43m0s
258048K ........ ........ ........ ........ ........ ........  9%  886K 43m0s
261120K ........ ........ ........ ........ ........ ........  9% 1003K 42m57s
264192K ........ ........ ........ ........ ........ ........  9%  985K 42m54s
267264K ........ ........ ........ ........ ........ ........  9%  830K 42m56s
270336K ........ ........ ........ ........ ........ ........  9% 1,32M 42m45s
273408K ........ ........ ........ ........ ........ ........  9% 1,28M 42m35s
276480K ........ ........ ........ ........ ........ ........  9% 1,37M 42m24s
279552K ........ ........ ........ ........ ........ ........ 10% 1,09M 42m17s
282624K ........ ........ ........ ........ ........ ........ 10% 1,13M 42m11s
285696K ........ ........ ........ ........ ........ ........ 10%  957K 42m9s
288768K ........ ........ ........ ........ ........ ........ 10% 1,06M 42m3s
291840K ........ ........ ........ ........ ........ ........ 10%  880K 42m4s
294912K ........ ........ ........ ........ ........ ........ 10% 1,04M 41m59s
297984K ........ ........ ........ ........ ........ ........ 10%  916K 41m58s
301056K ........ ........ ........ ........ ........ ........ 10% 1,28M 41m49s
304128K ........ ........ ........ ........ ........ ........ 10%  950K 41m47s
307200K ........ ........ ........ ........ ........ ........ 11% 1,31M 41m38s
310272K ........ ........ ........ ........ ........ ........ 11% 1,23M 41m30s
313344K ........ ........ ........ ........ ........ ........ 11% 1,44M 41m19s
316416K ........ ........ ........ ........ ........ ........ 11% 1,30M 41m10s
319488K ........ ........ ........ ........ ........ ........ 11% 1,73M 40m57s
322560K ........ ........ ........ ........ ........ ........ 11% 1,14M 40m51s
325632K ........ ........ ........ ........ ........ ........ 11% 1,11M 40m45s
328704K ........ ........ ........ ........ ........ ........ 11% 1,04M 40m41s
331776K ........ ........ ........ ........ ........ ........ 11% 1004K 40m38s
334848K ........ ........ ........ ........ ........ ........ 12% 1,40M 40m29s
337920K ........ ........ ........ ........ ........ ........ 12%  865K 40m30s
340992K ........ ........ ........ ........ ........ ........ 12% 1,77M 40m17s
344064K ........ ........ ........ ........ ........ ........ 12% 1,17M 40m11s
347136K ........ ........ ........ ........ ........ ........ 12%  919K 40m10s
350208K ........ ........ ........ ........ ........ ........ 12% 1,21M 40m4s
353280K ........ ........ ........ ........ ........ ........ 12%  955K 40m2s
356352K ........ ........ ........ ........ ........ ........ 12%  624K 40m12s
359424K ........ ........ ........ ........ ........ ........ 12% 1,15M 40m6s
362496K ........ ........ ........ ........ ........ ........ 13%  810K 40m9s
365568K ........ ........ ........ ........ ........ ........ 13%  870K 40m9s
368640K ........ ........ ........ ........ ........ ........ 13% 1,04M 40m5s
371712K ........ ........ ........ ........ ........ ........ 13%  697K 40m11s
374784K ........ ........ ........ ........ ........ ........ 13% 1,16M 40m5s
377856K ........ ........ ........ ........ ........ ........ 13% 1,05M 40m1s
380928K ........ ........ ........ ........ ........ ........ 13% 1,31M 39m53s
384000K ........ ........ ........ ........ ........ ........ 13% 1,04M 39m49s
387072K ........ ........ ........ ........ ........ ........ 13% 1,10M 39m44s
390144K ........ ........ ........ ........ ........ ........ 13% 1,12M 39m39s
393216K ........ ........ ........ ........ ........ ........ 14%  845K 39m40s
396288K ........ ........ ........ ........ ........ ........ 14% 1,35M 39m32s
399360K ........ ........ ........ ........ ........ ........ 14%  841K 39m32s
402432K ........ ........ ........ ........ ........ ........ 14%  854K 39m33s
405504K ........ ........ ........ ........ ........ ........ 14%  723K 39m37s
408576K ........ ........ ........ ........ ........ ........ 14%  837K 39m38s
411648K ........ ........ ........ ........ ........ ........ 14%  741K 39m41s
414720K ........ ........ ........ ........ ........ ........ 14%  561K 39m52s
417792K ......