Adding local address: 172.25.2.250
Adding local address: 2804:d59:5102:2502:2c6f:8af6:2046:d00c
Adding local address: fe80::c435:ff80:c2d8:35d6
Ethernet link detected

Refreshing:
unknown TCP/0/0	0	0

Refreshing:
sshd: alange@pts/0/667047/1000	0.161328	0.137109
wget/674092/1000	0.0144531	0
unknown TCP/0/0	0	0

Refreshing:
wget/674092/1000	63.0324	3309.72
sshd: alange@pts/0/667047/1000	0	0
unknown TCP/0/0	0	0

Refreshing:
wget/674092/1000	81.1105	4763.19
sshd: alange@pts/0/667047/1000	0.358984	0.221484
unknown TCP/0/0	0	0

Refreshing:
wget/674092/1000	63.9859	4179.74
sshd: alange@pts/0/667047/1000	5.57852	3.17109
unknown TCP/0/0	0	0

Refreshing:
wget/674092/1000	87.2164	4864.52
sshd: alange@pts/0/667047/1000	5.85469	3.3668
unknown TCP/0/0	0	0

Refreshing:
wget/674092/1000	81.1805	4860.23
sshd: alange@pts/0/667047/1000	1.25234	0.912891
unknown TCP/0/0	0	0

Refreshing:
wget/674092/1000	73.032	4611.24
sshd: alange@pts/0/667047/1000	0.0199219	0.0328125
unknown TCP/0/0	0	0

Refreshing:
wget/674092/1000	83.7812	4729.39
sshd: alange@pts/0/667047/1000	0.298828	0.492188
unknown TCP/0/0	0	0

Refreshing:
wget/674092/1000	79.9555	4235.97
sshd: alange@pts/0/667047/1000	0.508984	0.767578
unknown TCP/0/0	0	0

Refreshing:
wget/674092/1000	84.1348	4971.3
sshd: alange@pts/0/667047/1000	0.176563	0.137109
/usr/sbin/NetworkManager/761/0	0.0958984	0.0949219
unknown TCP/0/0	0	0

Refreshing:
wget/674092/1000	76.2605	4724.87
sshd: alange@pts/0/667047/1000	0.0460938	0.065625
/usr/sbin/NetworkManager/761/0	0	0
unknown TCP/0/0	0	0

Refreshing:
wget/674092/1000	72.1945	4255.21
sshd: alange@pts/0/667047/1000	0.0800781	0.0855469
/usr/sbin/NetworkManager/761/0	0	0
unknown TCP/0/0	0	0

Refreshing:
wget/674092/1000	76.3418	4624.28
sshd: alange@pts/0/667047/1000	0.444141	0.516797
/usr/sbin/NetworkManager/761/0	0	0
unknown TCP/0/0	0	0

Refreshing:
wget/674092/1000	87.9379	4372.9
/usr/sbin/NetworkManager/761/0	0	0
sshd: alange@pts/0/667047/1000	0	0
unknown TCP/0/0	0	0

Refreshing:
wget/674092/1000	80.307	4802.36
/usr/sbin/NetworkManager/761/0	0	0
sshd: alange@pts/0/667047/1000	0	0
unknown TCP/0/0	0	0

Refreshing:
wget/674092/1000	69.6512	4691.37
/usr/sbin/NetworkManager/761/0	0	0
sshd: alange@pts/0/667047/1000	0	0
unknown TCP/0/0	0	0

Refreshing:
wget/674092/1000	57.5613	3671.77
/usr/sbin/NetworkManager/761/0	0	0
sshd: alange@pts/0/667047/1000	0	0
unknown TCP/0/0	0	0

Refreshing:
wget/674092/1000	78.2051	4508.83
/usr/sbin/NetworkManager/761/0	0	0
sshd: alange@pts/0/667047/1000	0	0
unknown TCP/0/0	0	0

Refreshing:
wget/674092/1000	61.1922	3876.58
sshd: alange@pts/0/667047/1000	0.141797	0.157031
/usr/sbin/NetworkManager/761/0	0	0
unknown TCP/0/0	0	0

Refreshing:
wget/674092/1000	64.0441	4116.25
sshd: alange@pts/0/667047/1000	0.205078	0.295312
/usr/sbin/NetworkManager/761/0	0	0
unknown TCP/0/0	0	0

Refreshing:
wget/674092/1000	61.5203	3915.62
sshd: alange@pts/0/667047/1000	0.0199219	0.0328125
unknown TCP/0/0	0	0

Refreshing:
wget/674092/1000	66.8641	4409.07
sshd: alange@pts/0/667047/1000	0.119531	0.203906
unknown TCP/0/0	0	0

Refreshing:
wget/674092/1000	64.1199	4092.4
sshd: alange@pts/0/667047/1000	0.0796875	0.13125
unknown TCP/0/0	0	0

Refreshing:
wget/674092/1000	68.2648	3874.06
sshd: alange@pts/0/667047/1000	0.119531	0.196875
unknown TCP/0/0	0	0

Refreshing:
wget/674092/1000	59.5836	4286.2
sshd: alange@pts/0/667047/1000	0.0597656	0.0984375
unknown TCP/0/0	0	0

Refreshing:
wget/674092/1000	66.9633	5024.17
sshd: alange@pts/0/667047/1000	0.328125	0.485156
unknown TCP/0/0	0	0

Refreshing:
wget/674092/1000	66.741	4175.08
sshd: alange@pts/0/667047/1000	0	0
unknown TCP/0/0	0	0

Refreshing:
wget/674092/1000	75.4801	4264.77
sshd: alange@pts/0/667047/1000	0.0183594	0.0328125
unknown TCP/0/0	0	0

Refreshing:
wget/674092/1000	65.4027	4381.3
sshd: alange@pts/0/667047/1000	0	0
unknown TCP/0/0	0	0

Refreshing:
wget/674092/1000	54.4547	3537.48
sshd: alange@pts/0/667047/1000	0.0199219	0.0328125
unknown TCP/0/0	0	0

Refreshing:
wget/674092/1000	68.1676	4336.88
sshd: alange@pts/0/667047/1000	0	0
unknown TCP/0/0	0	0

Refreshing:
wget/674092/1000	71.7582	4584.45
sshd: alange@pts/0/667047/1000	0.0183594	0.0328125
unknown TCP/0/0	0	0

Refreshing:
wget/674092/1000	63.982	4334.73
sshd: alange@pts/0/667047/1000	0	0
unknown TCP/0/0	0	0

Refreshing:
wget/674092/1000	63.2184	4171.17
sshd: alange@pts/0/667047/1000	0.0199219	0.0328125
unknown TCP/0/0	0	0

Refreshing:
wget/674092/1000	59.3312	3937.71
sshd: alange@pts/0/667047/1000	0	0
unknown TCP/0/0	0	0

Refreshing:
wget/674092/1000	71.1477	4335.43
sshd: alange@pts/0/667047/1000	0.0183594	0.0328125
unknown TCP/0/0	0	0

Refreshing:
wget/674092/1000	66.2996	4018.48
sshd: alange@pts/0/667047/1000	0	0
unknown TCP/0/0	0	0

Refreshing:
wget/674092/1000	58.2867	3504.21
sshd: alange@pts/0/667047/1000	0.0199219	0.0328125
unknown TCP/0/0	0	0

Refreshing:
wget/674092/1000	68.1352	4491.94
sshd: alange@pts/0/667047/1000	0	0
unknown TCP/0/0	0	0

Refreshing:
wget/674092/1000	63.3016	3840.78
sshd: alange@pts/0/667047/1000	0.0183594	0.0328125
unknown TCP/0/0	0	0

Refreshing:
wget/674092/1000	64.0094	4172.81
sshd: alange@pts/0/667047/1000	0	0
unknown TCP/0/0	0	0

Refreshing:
wget/674092/1000	61.7402	3850.81
sshd: alange@pts/0/667047/1000	0	0
unknown TCP/0/0	0	0

Refreshing:
wget/674092/1000	66.2359	4082.27
sshd: alange@pts/0/667047/1000	0	0
unknown TCP/0/0	0	0

Refreshing:
wget/674092/1000	64.4258	4199.06
sshd: alange@pts/0/667047/1000	0	0
unknown TCP/0/0	0	0

Refreshing:
wget/674092/1000	48.4629	3526.17
sshd: alange@pts/0/667047/1000	0	0
unknown TCP/0/0	0	0

Refreshing:
wget/674092/1000	61.3223	4111.97
sshd: alange@pts/0/667047/1000	0	0
unknown TCP/0/0	0	0

Refreshing:
wget/674092/1000	78.002	4642.29
sshd: alange@pts/0/667047/1000	0	0
unknown TCP/0/0	0	0

Refreshing:
wget/674092/1000	58.7641	4289.73
sshd: alange@pts/0/667047/1000	0	0
unknown TCP/0/0	0	0

Refreshing:
wget/674092/1000	65.1586	4234.91
sshd: alange@pts/0/667047/1000	0	0
unknown TCP/0/0	0	0

Refreshing:
wget/674092/1000	58.9258	4004.5
sshd: alange@pts/0/667047/1000	0	0
unknown TCP/0/0	0	0

Refreshing:
wget/674092/1000	87.3289	5553.32
sshd: alange@pts/0/667047/1000	0.0199219	0.0328125
unknown TCP/0/0	0	0

Refreshing:
wget/674092/1000	51.1191	3505.13
sshd: alange@pts/0/667047/1000	0	0
unknown TCP/0/0	0	0

Refreshing:
wget/674092/1000	68.407	4076.88
sshd: alange@pts/0/667047/1000	0	0
unknown TCP/0/0	0	0

Refreshing:
wget/674092/1000	59.5516	3775.47
sshd: alange@pts/0/667047/1000	0	0
unknown TCP/0/0	0	0

Refreshing:
wget/674092/1000	63.877	4233.37
sshd: alange@pts/0/667047/1000	0	0
unknown TCP/0/0	0	0

Refreshing:
wget/674092/1000	75.2207	4785.71
sshd: alange@pts/0/667047/1000	0	0
unknown TCP/0/0	0	0

Refreshing:
wget/674092/1000	73.2746	4256.98
sshd: alange@pts/0/667047/1000	0.0183594	0.0328125
unknown TCP/0/0	0	0

Refreshing:
wget/674092/1000	74.7723	4524.63
sshd: alange@pts/0/667047/1000	0	0
unknown TCP/0/0	0	0

Refreshing:
wget/674092/1000	59.6437	4236.97
sshd: alange@pts/0/667047/1000	0.0199219	0.0328125
unknown TCP/0/0	0	0

Refreshing:
wget/674092/1000	64.4957	4375.05
sshd: alange@pts/0/667047/1000	0	0
unknown TCP/0/0	0	0

Refreshing:
wget/674092/1000	81.4871	3952.83
sshd: alange@pts/0/667047/1000	0.0183594	0.0328125
unknown TCP/0/0	0	0

Refreshing:
wget/674092/1000	63.2406	4254.41
sshd: alange@pts/0/667047/1000	0	0
unknown TCP/0/0	0	0

Refreshing:
wget/674092/1000	56.8332	3523.56
sshd: alange@pts/0/667047/1000	0.0199219	0.0328125
unknown TCP/0/0	0	0

Refreshing:
wget/674092/1000	56.3883	4004.54
sshd: alange@pts/0/667047/1000	0	0
unknown TCP/0/0	0	0

Refreshing:
wget/674092/1000	60.5633	4262.95
sshd: alange@pts/0/667047/1000	0.0183594	0.0328125
unknown TCP/0/0	0	0

Refreshing:
wget/674092/1000	56.1625	3701.64
sshd: alange@pts/0/667047/1000	0	0
unknown TCP/0/0	0	0

Refreshing:
wget/674092/1000	65.0922	4156.69
sshd: alange@pts/0/667047/1000	0.0199219	0.0328125
unknown TCP/0/0	0	0

Refreshing:
wget/674092/1000	58.768	4208.03
sshd: alange@pts/0/667047/1000	0	0
unknown TCP/0/0	0	0

Refreshing:
wget/674092/1000	72.3234	4357.51
sshd: alange@pts/0/667047/1000	0.0183594	0.0328125
unknown TCP/0/0	0	0

Refreshing:
wget/674092/1000	61.6699	4043.85
/usr/sbin/NetworkManager/761/0	0.146875	0.0144531
sshd: alange@pts/0/667047/1000	0	0
unknown TCP/0/0	0	0

Refreshing:
wget/674092/1000	69.0508	4303.12
sshd: alange@pts/0/667047/1000	0.0199219	0.0328125
/usr/sbin/NetworkManager/761/0	0.0298828	0
unknown TCP/0/0	0	0

Refreshing:
wget/674092/1000	62.4805	3873.86
/usr/sbin/NetworkManager/761/0	0.0298828	0
sshd: alange@pts/0/667047/1000	0	0
unknown TCP/0/0	0	0

Refreshing:
wget/674092/1000	69.9449	4273.68
sshd: alange@pts/0/667047/1000	0.0183594	0.0328125
/usr/sbin/NetworkManager/761/0	0	0
unknown TCP/0/0	0	0

Refreshing:
wget/674092/1000	76.4164	4271.19
/usr/sbin/NetworkManager/761/0	0.0958984	0.106641
sshd: alange@pts/0/667047/1000	0	0
unknown TCP/0/0	0	0

Refreshing:
wget/674092/1000	68.2887	3828.17
sshd: alange@pts/0/667047/1000	0.0199219	0.0328125
/usr/sbin/NetworkManager/761/0	0	0
unknown TCP/0/0	0	0

Refreshing:
wget/674092/1000	63.1086	4208.93
/usr/sbin/NetworkManager/761/0	0	0
sshd: alange@pts/0/667047/1000	0	0
unknown TCP/0/0	0	0

Refreshing:
wget/674092/1000	70.1543	4255.18
sshd: alange@pts/0/667047/1000	0.0183594	0.0328125
/usr/sbin/NetworkManager/761/0	0	0
unknown TCP/0/0	0	0

Refreshing:
wget/674092/1000	65.3187	4165.97
/usr/sbin/NetworkManager/761/0	0	0
sshd: alange@pts/0/667047/1000	0	0
unknown TCP/0/0	0	0

Refreshing:
wget/674092/1000	66.641	4129.54
sshd: alange@pts/0/667047/1000	0.0199219	0.0328125
/usr/sbin/NetworkManager/761/0	0	0
unknown TCP/0/0	0	0

Refreshing:
wget/674092/1000	59.6027	4023.78
/usr/sbin/NetworkManager/761/0	0	0
sshd: alange@pts/0/667047/1000	0	0
unknown TCP/0/0	0	0

Refreshing:
wget/674092/1000	62.0168	4080.3
sshd: alange@pts/0/667047/1000	0.0183594	0.0328125
/usr/sbin/NetworkManager/761/0	0	0
unknown TCP/0/0	0	0

Refreshing:
wget/674092/1000	71.9645	5173.7
/usr/sbin/NetworkManager/761/0	0	0
sshd: alange@pts/0/667047/1000	0	0
unknown TCP/0/0	0	0

Refreshing:
wget/674092/1000	69.0215	4377.83
sshd: alange@pts/0/667047/1000	0.0199219	0.0328125
/usr/sbin/NetworkManager/761/0	0	0
unknown TCP/0/0	0	0

Refreshing:
wget/674092/1000	56.4898	4222.56
/usr/sbin/NetworkManager/761/0	0	0
sshd: alange@pts/0/667047/1000	0	0
unknown TCP/0/0	0	0

Refreshing:
wget/674092/1000	61.7078	3718.74
sshd: alange@pts/0/667047/1000	0.0183594	0.0328125
unknown TCP/0/0	0	0
