Adding local address: 172.25.2.250
Adding local address: 2804:d59:5102:2502:2c6f:8af6:2046:d00c
Adding local address: fe80::c435:ff80:c2d8:35d6
Ethernet link detected

Refreshing:
unknown TCP/0/0	0	0

Refreshing:
172.25.2.250:43760-91.189.88.247:443/0/0	3.06914	92.6059
sshd: alange@pts/0/667047/1000	0.0808594	0.0128906
unknown TCP/0/0	0	0

Refreshing:
wget/675953/0	2.27012	53.1846
172.25.2.250:43760-91.189.88.247:443/0/0	0	0
sshd: alange@pts/0/667047/1000	0	0
unknown TCP/0/0	0	0

Refreshing:
wget/675953/0	23.5668	1125.54
sshd: alange@pts/0/667047/1000	0.0640625	0.0855469
172.25.2.250:43760-91.189.88.247:443/0/0	0	0
unknown TCP/0/0	0	0

Refreshing:
wget/675953/0	21.0949	1231.95
172.25.2.250:43760-91.189.88.247:443/0/0	0	0
sshd: alange@pts/0/667047/1000	0	0
unknown TCP/0/0	0	0

Refreshing:
wget/675953/0	29.025	1570.42
sshd: alange@pts/0/667047/1000	0.0328125	0.0328125
172.25.2.250:43760-91.189.88.247:443/0/0	0	0
unknown TCP/0/0	0	0

Refreshing:
wget/675953/0	41.6145	1356.64
172.25.2.250:43760-91.189.88.247:443/0/0	0	0
sshd: alange@pts/0/667047/1000	0	0
unknown TCP/0/0	0	0

Refreshing:
wget/675953/0	38.475	1292.4
sshd: alange@pts/0/667047/1000	0.03125	0.0328125
172.25.2.250:43760-91.189.88.247:443/0/0	0	0
unknown TCP/0/0	0	0

Refreshing:
wget/675953/0	25.5832	1119.5
172.25.2.250:43760-91.189.88.247:443/0/0	0	0
sshd: alange@pts/0/667047/1000	0	0
unknown TCP/0/0	0	0

Refreshing:
wget/675953/0	31.35	1150.39
sshd: alange@pts/0/667047/1000	0.0199219	0.0328125
172.25.2.250:43760-91.189.88.247:443/0/0	0	0
unknown TCP/0/0	0	0

Refreshing:
wget/675953/0	27.409	1082.05
172.25.2.250:43760-91.189.88.247:443/0/0	0	0
sshd: alange@pts/0/667047/1000	0	0
unknown TCP/0/0	0	0

Refreshing:
wget/675953/0	32.1707	973.193
sshd: alange@pts/0/667047/1000	0.0183594	0.0328125
172.25.2.250:43760-91.189.88.247:443/0/0	0	0
unknown TCP/0/0	0	0

Refreshing:
wget/675953/0	26.318	765.749
sshd: alange@pts/0/667047/1000	0	0
unknown TCP/0/0	0	0

Refreshing:
wget/675953/0	36.2867	992.081
sshd: alange@pts/0/667047/1000	0.0199219	0.0328125
unknown TCP/0/0	0	0

Refreshing:
wget/675953/0	24.8484	765.517
sshd: alange@pts/0/667047/1000	0	0
unknown TCP/0/0	0	0

Refreshing:
wget/675953/0	33.9105	1052.07
sshd: alange@pts/0/667047/1000	0.0183594	0.0328125
unknown TCP/0/0	0	0

Refreshing:
wget/675953/0	30.9336	891.864
sshd: alange@pts/0/667047/1000	0	0
unknown TCP/0/0	0	0

Refreshing:
wget/675953/0	25.2535	753.581
sshd: alange@pts/0/667047/1000	0.0199219	0.0328125
unknown TCP/0/0	0	0

Refreshing:
wget/675953/0	33.0199	873.016
sshd: alange@pts/0/667047/1000	0	0
unknown TCP/0/0	0	0

Refreshing:
wget/675953/0	21.9438	611.045
sshd: alange@pts/0/667047/1000	0.0183594	0.0328125
unknown TCP/0/0	0	0

Refreshing:
wget/675953/0	32.0402	909.136
sshd: alange@pts/0/667047/1000	0	0
unknown TCP/0/0	0	0

Refreshing:
wget/675953/0	25.5832	787.06
sshd: alange@pts/0/667047/1000	0.0199219	0.0328125
unknown TCP/0/0	0	0

Refreshing:
wget/675953/0	25.4941	768.588
sshd: alange@pts/0/667047/1000	0	0
unknown TCP/0/0	0	0

Refreshing:
wget/675953/0	17.0508	575.97
sshd: alange@pts/0/667047/1000	0.0183594	0.0328125
unknown TCP/0/0	0	0

Refreshing:
wget/675953/0	26.8223	764.304
sshd: alange@pts/0/667047/1000	0	0
unknown TCP/0/0	0	0

Refreshing:
wget/675953/0	22.2211	673.7
sshd: alange@pts/0/667047/1000	0.0199219	0.0328125
unknown TCP/0/0	0	0

Refreshing:
wget/675953/0	28.4555	849.705
sshd: alange@pts/0/667047/1000	0	0
unknown TCP/0/0	0	0

Refreshing:
wget/675953/0	39.7477	1108.76
sshd: alange@pts/0/667047/1000	0.0183594	0.0328125
unknown TCP/0/0	0	0

Refreshing:
wget/675953/0	34.3781	969.389
sshd: alange@pts/0/667047/1000	0	0
unknown TCP/0/0	0	0

Refreshing:
wget/675953/0	31.6617	866.766
sshd: alange@pts/0/667047/1000	0.0199219	0.0328125
unknown TCP/0/0	0	0

Refreshing:
wget/675953/0	23.7129	773.746
sshd: alange@pts/0/667047/1000	0	0
unknown TCP/0/0	0	0

Refreshing:
wget/675953/0	25.8285	860.684
sshd: alange@pts/0/667047/1000	0.0183594	0.0328125
/usr/sbin/NetworkManager/761/0	0	0
unknown TCP/0/0	0	0

Refreshing:
wget/675953/0	27.9211	783.541
/usr/sbin/NetworkManager/761/0	0	0
sshd: alange@pts/0/667047/1000	0	0
unknown TCP/0/0	0	0

Refreshing:
wget/675953/0	27.2309	993.149
sshd: alange@pts/0/667047/1000	0.0199219	0.0328125
/usr/sbin/NetworkManager/761/0	0	0
unknown TCP/0/0	0	0

Refreshing:
wget/675953/0	35.5359	1030.56
/usr/sbin/NetworkManager/761/0	0	0
sshd: alange@pts/0/667047/1000	0	0
unknown TCP/0/0	0	0

Refreshing:
wget/675953/0	25.2715	787.08
sshd: alange@pts/0/667047/1000	0.0183594	0.0328125
/usr/sbin/NetworkManager/761/0	0	0
unknown TCP/0/0	0	0

Refreshing:
wget/675953/0	29.1441	896.114
/usr/sbin/NetworkManager/761/0	0	0
sshd: alange@pts/0/667047/1000	0	0
unknown TCP/0/0	0	0

Refreshing:
wget/675953/0	28.6559	893.974
/usr/sbin/NetworkManager/761/0	0	0
sshd: alange@pts/0/667047/1000	0	0
unknown TCP/0/0	0	0

Refreshing:
wget/675953/0	27.2309	768.961
/usr/sbin/NetworkManager/761/0	0	0
sshd: alange@pts/0/667047/1000	0	0
unknown TCP/0/0	0	0

Refreshing:
wget/675953/0	18.2547	559.925
/usr/sbin/NetworkManager/761/0	0	0
sshd: alange@pts/0/667047/1000	0	0
unknown TCP/0/0	0	0

Refreshing:
wget/675953/0	22.7223	709.152
/usr/sbin/NetworkManager/761/0	0	0
sshd: alange@pts/0/667047/1000	0	0
unknown TCP/0/0	0	0

Refreshing:
wget/675953/0	16.9562	550.301
sshd: alange@pts/0/667047/1000	0	0
unknown TCP/0/0	0	0

Refreshing:
wget/675953/0	27.3199	725.224
sshd: alange@pts/0/667047/1000	0	0
unknown TCP/0/0	0	0

Refreshing:
wget/675953/0	31.3359	901.273
sshd: alange@pts/0/667047/1000	0	0
unknown TCP/0/0	0	0

Refreshing:
wget/675953/0	29.3906	850.388
sshd: alange@pts/0/667047/1000	0	0
unknown TCP/0/0	0	0

Refreshing:
wget/675953/0	24.6035	847.239
sshd: alange@pts/0/667047/1000	0	0
unknown TCP/0/0	0	0

Refreshing:
wget/675953/0	28.2773	765.319
sshd: alange@pts/0/667047/1000	0	0
unknown TCP/0/0	0	0

Refreshing:
wget/675953/0	29.925	874.172
sshd: alange@pts/0/667047/1000	0	0
unknown TCP/0/0	0	0

Refreshing:
wget/675953/0	25.6945	719.39
sshd: alange@pts/0/667047/1000	0	0
unknown TCP/0/0	0	0

Refreshing:
wget/675953/0	20.4621	589.052
sshd: alange@pts/0/667047/1000	0	0
unknown TCP/0/0	0	0

Refreshing:
wget/675953/0	14.918	381.722
sshd: alange@pts/0/667047/1000	0	0
unknown TCP/0/0	0	0

Refreshing:
wget/675953/0	21.3066	577.324
sshd: alange@pts/0/667047/1000	0	0
unknown TCP/0/0	0	0

Refreshing:
wget/675953/0	16.8551	451.401
sshd: alange@pts/0/667047/1000	0	0
unknown TCP/0/0	0	0

Refreshing:
wget/675953/0	21.7195	641.351
/usr/local/bin/warsaw/core/36166/1000	0.416016	3.12266
sshd: alange@pts/0/667047/1000	0	0
unknown TCP/0/0	0	0

Refreshing:
wget/675953/0	23.3125	610.295
/usr/local/bin/warsaw/core/36166/1000	1.14141	6.10273
sshd: alange@pts/0/667047/1000	0.0199219	0.0328125
unknown TCP/0/0	0	0

Refreshing:
wget/675953/0	28.2773	861.141
/usr/local/bin/warsaw/core/36166/1000	0.486914	2.51992
sshd: alange@pts/0/667047/1000	0	0
unknown TCP/0/0	0	0

Refreshing:
wget/675953/0	29.6992	903.961
sshd: alange@pts/0/667047/1000	0.0183594	0.0328125
/usr/local/bin/warsaw/core/36166/1000	0	0
unknown TCP/0/0	0	0

Refreshing:
wget/675953/0	35.0223	1065.62
/usr/local/bin/warsaw/core/36166/1000	0	0
sshd: alange@pts/0/667047/1000	0	0
unknown TCP/0/0	0	0

Refreshing:
wget/675953/0	36.1594	1079.1
sshd: alange@pts/0/667047/1000	0.0199219	0.0328125
/usr/local/bin/warsaw/core/36166/1000	0	0
unknown TCP/0/0	0	0

Refreshing:
wget/675953/0	31.5871	884.384
/usr/local/bin/warsaw/core/36166/1000	0	0
sshd: alange@pts/0/667047/1000	0	0
unknown TCP/0/0	0	0

Refreshing:
wget/675953/0	32.4855	888.328
sshd: alange@pts/0/667047/1000	0.0183594	0.0328125
/usr/local/bin/warsaw/core/36166/1000	0	0
unknown TCP/0/0	0	0

Refreshing:
wget/675953/0	23.8293	697.918
/usr/local/bin/warsaw/core/36166/1000	0	0
sshd: alange@pts/0/667047/1000	0	0
unknown TCP/0/0	0	0

Refreshing:
wget/675953/0	33.027	889.464
sshd: alange@pts/0/667047/1000	0.0199219	0.0328125
/usr/local/bin/warsaw/core/36166/1000	0	0
unknown TCP/0/0	0	0

Refreshing:
wget/675953/0	27.3199	836.184
/usr/local/bin/warsaw/core/36166/1000	0	0
sshd: alange@pts/0/667047/1000	0	0
unknown TCP/0/0	0	0

Refreshing:
wget/675953/0	39.5215	1228.97
sshd: alange@pts/0/667047/1000	0.0183594	0.0328125
/usr/local/bin/warsaw/core/36166/1000	0	0
unknown TCP/0/0	0	0

Refreshing:
wget/675953/0	35.7586	1167.59
/usr/local/bin/warsaw/core/36166/1000	0	0
sshd: alange@pts/0/667047/1000	0	0
unknown TCP/0/0	0	0

Refreshing:
wget/675953/0	25.8535	1026.54
sshd: alange@pts/0/667047/1000	0.0199219	0.0328125
unknown TCP/0/0	0	0

Refreshing:
wget/675953/0	19.3934	770.957
sshd: alange@pts/0/667047/1000	0	0
unknown TCP/0/0	0	0

Refreshing:
wget/675953/0	26.6965	962.248
sshd: alange@pts/0/667047/1000	0.0183594	0.0328125
unknown TCP/0/0	0	0

Refreshing:
wget/675953/0	33.109	983.038
sshd: alange@pts/0/667047/1000	0	0
unknown TCP/0/0	0	0

Refreshing:
wget/675953/0	32.4969	993.549
sshd: alange@pts/0/667047/1000	0.0199219	0.0328125
unknown TCP/0/0	0	0

Refreshing:
wget/675953/0	29.9695	833.129
sshd: alange@pts/0/667047/1000	0	0
unknown TCP/0/0	0	0

Refreshing:
wget/675953/0	20.3285	582.596
sshd: alange@pts/0/667047/1000	0.0183594	0.0328125
unknown TCP/0/0	0	0

Refreshing:
wget/675953/0	27.084	746.367
sshd: alange@pts/0/667047/1000	0	0
unknown TCP/0/0	0	0

Refreshing:
wget/675953/0	26.8605	724.79
sshd: alange@pts/0/667047/1000	0.0199219	0.0328125
unknown TCP/0/0	0	0

Refreshing:
wget/675953/0	27.282	753.464
sshd: alange@pts/0/667047/1000	0	0
unknown TCP/0/0	0	0

Refreshing:
wget/675953/0	24.2918	706.688
sshd: alange@pts/0/667047/1000	0.0183594	0.0328125
unknown TCP/0/0	0	0

Refreshing:
wget/675953/0	29.6801	1039.84
sshd: alange@pts/0/667047/1000	0	0
unknown TCP/0/0	0	0

Refreshing:
wget/675953/0	22.7332	829.167
sshd: alange@pts/0/667047/1000	0.0199219	0.0328125
unknown TCP/0/0	0	0

Refreshing:
wget/675953/0	30.5262	944.95
sshd: alange@pts/0/667047/1000	0	0
unknown TCP/0/0	0	0

Refreshing:
wget/675953/0	27.6652	832.128
sshd: alange@pts/0/667047/1000	0.0183594	0.0328125
unknown TCP/0/0	0	0

Refreshing:
wget/675953/0	24.7371	716.554
sshd: alange@pts/0/667047/1000	0	0
unknown TCP/0/0	0	0

Refreshing:
wget/675953/0	24.6035	717.431
sshd: alange@pts/0/667047/1000	0.0199219	0.0328125
unknown TCP/0/0	0	0

Refreshing:
wget/675953/0	20.7961	547.942
sshd: alange@pts/0/667047/1000	0	0
unknown TCP/0/0	0	0

Refreshing:
wget/675953/0	25.332	675.021
sshd: alange@pts/0/667047/1000	0.0183594	0.0328125
unknown TCP/0/0	0	0

Refreshing:
wget/675953/0	17.768	479.59
sshd: alange@pts/0/667047/1000	0	0
unknown TCP/0/0	0	0
